2022-07-21 06:56:58.262 [restartedMain] INFO  com.max.back.BackApplication -
				Starting BackApplication on LAPTOP-IMQHF2DI with PID 15088 (started by 86155 in E:\我的桌面\donruan\neusoft-java\springbootapi\springbootapi)
2022-07-21 06:56:58.270 [restartedMain] INFO  com.max.back.BackApplication -
				The following profiles are active: test
2022-07-21 06:56:58.462 [restartedMain] INFO  o.s.b.d.env.DevToolsPropertyDefaultsPostProcessor -
				Devtools property defaults active! Set 'spring.devtools.add-properties' to 'false' to disable
2022-07-21 06:56:58.462 [restartedMain] INFO  o.s.b.d.env.DevToolsPropertyDefaultsPostProcessor -
				For additional web related logging consider setting the 'logging.level.web' property to 'DEBUG'
2022-07-21 06:57:00.482 [restartedMain] INFO  o.s.d.r.config.RepositoryConfigurationDelegate -
				Multiple Spring Data modules found, entering strict repository configuration mode!
2022-07-21 06:57:00.483 [restartedMain] INFO  o.s.d.r.config.RepositoryConfigurationDelegate -
				Bootstrapping Spring Data repositories in DEFAULT mode.
2022-07-21 06:57:00.536 [restartedMain] INFO  o.s.d.r.config.RepositoryConfigurationDelegate -
				Finished Spring Data repository scanning in 46ms. Found 0 repository interfaces.
2022-07-21 06:57:00.557 [restartedMain] INFO  o.s.d.r.config.RepositoryConfigurationDelegate -
				Multiple Spring Data modules found, entering strict repository configuration mode!
2022-07-21 06:57:00.559 [restartedMain] INFO  o.s.d.r.config.RepositoryConfigurationDelegate -
				Bootstrapping Spring Data repositories in DEFAULT mode.
2022-07-21 06:57:00.585 [restartedMain] INFO  o.s.d.r.config.RepositoryConfigurationDelegate -
				Finished Spring Data repository scanning in 13ms. Found 0 repository interfaces.
2022-07-21 06:57:01.249 [restartedMain] INFO  o.s.c.s.PostProcessorRegistrationDelegate$BeanPostProcessorChecker -
				Bean 'org.springframework.transaction.annotation.ProxyTransactionManagementConfiguration' of type [org.springframework.transaction.annotation.ProxyTransactionManagementConfiguration$$EnhancerBySpringCGLIB$$b00492e6] is not eligible for getting processed by all BeanPostProcessors (for example: not eligible for auto-proxying)
2022-07-21 06:57:01.299 [restartedMain] INFO  o.s.c.s.PostProcessorRegistrationDelegate$BeanPostProcessorChecker -
				Bean 'redisConfig' of type [com.max.back.common.config.RedisConfig$$EnhancerBySpringCGLIB$$6d590a8f] is not eligible for getting processed by all BeanPostProcessors (for example: not eligible for auto-proxying)
2022-07-21 06:57:02.122 [restartedMain] INFO  o.s.boot.web.embedded.tomcat.TomcatWebServer -
				Tomcat initialized with port(s): 8000 (http)
2022-07-21 06:57:02.151 [restartedMain] INFO  org.apache.coyote.http11.Http11NioProtocol -
				Initializing ProtocolHandler ["http-nio-8000"]
2022-07-21 06:57:02.169 [restartedMain] INFO  org.apache.catalina.core.StandardService -
				Starting service [Tomcat]
2022-07-21 06:57:02.169 [restartedMain] INFO  org.apache.catalina.core.StandardEngine -
				Starting Servlet engine: [Apache Tomcat/9.0.24]
2022-07-21 06:57:03.333 [restartedMain] INFO  o.a.c.c.C.[Tomcat].[localhost].[/hospital] -
				Initializing Spring embedded WebApplicationContext
2022-07-21 06:57:03.334 [restartedMain] INFO  org.springframework.web.context.ContextLoader -
				Root WebApplicationContext: initialization completed in 4872 ms
2022-07-21 06:57:06.890 [restartedMain] INFO  s.d.s.w.PropertySourcedRequestMappingHandlerMapping -
				Mapped URL path [/v2/api-docs] onto method [public org.springframework.http.ResponseEntity<springfox.documentation.spring.web.json.Json> springfox.documentation.swagger2.web.Swagger2Controller.getDocumentation(java.lang.String,javax.servlet.http.HttpServletRequest)]
2022-07-21 06:57:07.126 [restartedMain] INFO  o.s.scheduling.concurrent.ThreadPoolTaskExecutor -
				Initializing ExecutorService 'applicationTaskExecutor'
2022-07-21 06:57:07.212 [restartedMain] INFO  o.s.b.d.autoconfigure.OptionalLiveReloadServer -
				LiveReload server is running on port 35729
2022-07-21 06:57:07.703 [restartedMain] INFO  s.d.s.web.plugins.DocumentationPluginsBootstrapper -
				Context refreshed
2022-07-21 06:57:07.730 [restartedMain] INFO  s.d.s.web.plugins.DocumentationPluginsBootstrapper -
				Found 1 custom documentation plugin(s)
2022-07-21 06:57:07.770 [restartedMain] INFO  s.d.spring.web.scanners.ApiListingReferenceScanner -
				Scanning for api listing references
2022-07-21 06:57:08.053 [restartedMain] INFO  s.d.s.w.r.operation.CachingOperationNameGenerator -
				Generating unique operation named: avatarUsingPOST_1
2022-07-21 06:57:08.056 [restartedMain] INFO  s.d.s.w.r.operation.CachingOperationNameGenerator -
				Generating unique operation named: dataRecoveryUsingPOST_1
2022-07-21 06:57:08.058 [restartedMain] INFO  s.d.s.w.r.operation.CachingOperationNameGenerator -
				Generating unique operation named: deleteByIdUsingPOST_1
2022-07-21 06:57:08.059 [restartedMain] INFO  s.d.s.w.r.operation.CachingOperationNameGenerator -
				Generating unique operation named: deletePermanentlyUsingPOST_1
2022-07-21 06:57:08.098 [restartedMain] INFO  s.d.s.w.r.operation.CachingOperationNameGenerator -
				Generating unique operation named: avatarUsingPOST_2
2022-07-21 06:57:08.144 [restartedMain] INFO  s.d.s.w.r.operation.CachingOperationNameGenerator -
				Generating unique operation named: analyseFileUsingGET_1
2022-07-21 06:57:08.146 [restartedMain] INFO  s.d.s.w.r.operation.CachingOperationNameGenerator -
				Generating unique operation named: avatarUsingPOST_3
2022-07-21 06:57:08.146 [restartedMain] INFO  s.d.s.w.r.operation.CachingOperationNameGenerator -
				Generating unique operation named: dataRecoveryUsingPOST_2
2022-07-21 06:57:08.149 [restartedMain] INFO  s.d.s.w.r.operation.CachingOperationNameGenerator -
				Generating unique operation named: deleteByIdUsingPOST_2
2022-07-21 06:57:08.150 [restartedMain] INFO  s.d.s.w.r.operation.CachingOperationNameGenerator -
				Generating unique operation named: deletePermanentlyUsingPOST_2
2022-07-21 06:57:08.150 [restartedMain] INFO  s.d.s.w.r.operation.CachingOperationNameGenerator -
				Generating unique operation named: exportDataUserUsingPOST_1
2022-07-21 06:57:08.154 [restartedMain] INFO  s.d.s.w.r.operation.CachingOperationNameGenerator -
				Generating unique operation named: getDeletesUsingGET_1
2022-07-21 06:57:08.155 [restartedMain] INFO  s.d.s.w.r.operation.CachingOperationNameGenerator -
				Generating unique operation named: updateUserUsingPOST_1
2022-07-21 06:57:08.158 [restartedMain] INFO  s.d.s.w.r.operation.CachingOperationNameGenerator -
				Generating unique operation named: uploadToServerUsingPOST_1
2022-07-21 06:57:08.159 [restartedMain] INFO  s.d.s.w.r.operation.CachingOperationNameGenerator -
				Generating unique operation named: userTemplateDownloadUsingPOST_1
2022-07-21 06:57:08.181 [restartedMain] INFO  org.apache.coyote.http11.Http11NioProtocol -
				Starting ProtocolHandler ["http-nio-8000"]
2022-07-21 06:57:08.207 [restartedMain] INFO  o.s.boot.web.embedded.tomcat.TomcatWebServer -
				Tomcat started on port(s): 8000 (http) with context path '/hospital'
2022-07-21 06:57:08.212 [restartedMain] INFO  com.max.back.BackApplication -
				Started BackApplication in 10.736 seconds (JVM running for 12.895)
2022-07-21 06:57:26.663 [http-nio-8000-exec-1] INFO  o.a.c.c.C.[Tomcat].[localhost].[/hospital] -
				Initializing Spring DispatcherServlet 'dispatcherServlet'
2022-07-21 06:57:26.664 [http-nio-8000-exec-1] INFO  org.springframework.web.servlet.DispatcherServlet -
				Initializing Servlet 'dispatcherServlet'
2022-07-21 06:57:26.679 [http-nio-8000-exec-1] INFO  org.springframework.web.servlet.DispatcherServlet -
				Completed initialization in 15 ms
2022-07-21 06:57:26.893 [http-nio-8000-exec-1] INFO  com.zaxxer.hikari.HikariDataSource -
				HikariPool-1 - Starting...
2022-07-21 06:57:27.450 [http-nio-8000-exec-1] INFO  com.zaxxer.hikari.HikariDataSource -
				HikariPool-1 - Start completed.
2022-07-21 06:57:35.215 [http-nio-8000-exec-1] INFO  io.lettuce.core.EpollProvider -
				Starting without optional epoll library
2022-07-21 06:57:35.222 [http-nio-8000-exec-1] INFO  io.lettuce.core.KqueueProvider -
				Starting without optional kqueue library
2022-07-21 07:00:39.263 [Thread-24] INFO  o.s.scheduling.concurrent.ThreadPoolTaskExecutor -
				Shutting down ExecutorService 'applicationTaskExecutor'
2022-07-21 07:00:39.265 [Thread-24] INFO  com.zaxxer.hikari.HikariDataSource -
				HikariPool-1 - Shutdown initiated...
2022-07-21 07:00:39.271 [Thread-24] INFO  com.zaxxer.hikari.HikariDataSource -
				HikariPool-1 - Shutdown completed.
2022-07-21 07:00:45.596 [restartedMain] INFO  com.max.back.BackApplication -
				Starting BackApplication on LAPTOP-IMQHF2DI with PID 40344 (started by 86155 in E:\我的桌面\donruan\neusoft-java\springbootapi\springbootapi)
2022-07-21 07:00:45.598 [restartedMain] INFO  com.max.back.BackApplication -
				The following profiles are active: test
2022-07-21 07:00:45.640 [restartedMain] INFO  o.s.b.d.env.DevToolsPropertyDefaultsPostProcessor -
				Devtools property defaults active! Set 'spring.devtools.add-properties' to 'false' to disable
2022-07-21 07:00:45.641 [restartedMain] INFO  o.s.b.d.env.DevToolsPropertyDefaultsPostProcessor -
				For additional web related logging consider setting the 'logging.level.web' property to 'DEBUG'
2022-07-21 07:00:46.499 [restartedMain] INFO  o.s.d.r.config.RepositoryConfigurationDelegate -
				Multiple Spring Data modules found, entering strict repository configuration mode!
2022-07-21 07:00:46.504 [restartedMain] INFO  o.s.d.r.config.RepositoryConfigurationDelegate -
				Bootstrapping Spring Data repositories in DEFAULT mode.
2022-07-21 07:00:46.523 [restartedMain] INFO  o.s.d.r.config.RepositoryConfigurationDelegate -
				Finished Spring Data repository scanning in 17ms. Found 0 repository interfaces.
2022-07-21 07:00:46.536 [restartedMain] INFO  o.s.d.r.config.RepositoryConfigurationDelegate -
				Multiple Spring Data modules found, entering strict repository configuration mode!
2022-07-21 07:00:46.539 [restartedMain] INFO  o.s.d.r.config.RepositoryConfigurationDelegate -
				Bootstrapping Spring Data repositories in DEFAULT mode.
2022-07-21 07:00:46.553 [restartedMain] INFO  o.s.d.r.config.RepositoryConfigurationDelegate -
				Finished Spring Data repository scanning in 8ms. Found 0 repository interfaces.
2022-07-21 07:00:46.822 [restartedMain] INFO  o.s.c.s.PostProcessorRegistrationDelegate$BeanPostProcessorChecker -
				Bean 'org.springframework.transaction.annotation.ProxyTransactionManagementConfiguration' of type [org.springframework.transaction.annotation.ProxyTransactionManagementConfiguration$$EnhancerBySpringCGLIB$$66448b02] is not eligible for getting processed by all BeanPostProcessors (for example: not eligible for auto-proxying)
2022-07-21 07:00:46.841 [restartedMain] INFO  o.s.c.s.PostProcessorRegistrationDelegate$BeanPostProcessorChecker -
				Bean 'redisConfig' of type [com.max.back.common.config.RedisConfig$$EnhancerBySpringCGLIB$$239902ab] is not eligible for getting processed by all BeanPostProcessors (for example: not eligible for auto-proxying)
2022-07-21 07:00:47.216 [restartedMain] INFO  o.s.boot.web.embedded.tomcat.TomcatWebServer -
				Tomcat initialized with port(s): 8000 (http)
2022-07-21 07:00:47.233 [restartedMain] INFO  org.apache.coyote.http11.Http11NioProtocol -
				Initializing ProtocolHandler ["http-nio-8000"]
2022-07-21 07:00:47.240 [restartedMain] INFO  org.apache.catalina.core.StandardService -
				Starting service [Tomcat]
2022-07-21 07:00:47.241 [restartedMain] INFO  org.apache.catalina.core.StandardEngine -
				Starting Servlet engine: [Apache Tomcat/9.0.24]
2022-07-21 07:00:47.648 [restartedMain] INFO  o.a.c.c.C.[Tomcat].[localhost].[/hospital] -
				Initializing Spring embedded WebApplicationContext
2022-07-21 07:00:47.648 [restartedMain] INFO  org.springframework.web.context.ContextLoader -
				Root WebApplicationContext: initialization completed in 2007 ms
2022-07-21 07:00:48.857 [restartedMain] INFO  s.d.s.w.PropertySourcedRequestMappingHandlerMapping -
				Mapped URL path [/v2/api-docs] onto method [public org.springframework.http.ResponseEntity<springfox.documentation.spring.web.json.Json> springfox.documentation.swagger2.web.Swagger2Controller.getDocumentation(java.lang.String,javax.servlet.http.HttpServletRequest)]
2022-07-21 07:00:48.971 [restartedMain] INFO  o.s.scheduling.concurrent.ThreadPoolTaskExecutor -
				Initializing ExecutorService 'applicationTaskExecutor'
2022-07-21 07:00:49.016 [restartedMain] INFO  o.s.b.d.autoconfigure.OptionalLiveReloadServer -
				LiveReload server is running on port 35729
2022-07-21 07:00:49.295 [restartedMain] INFO  s.d.s.web.plugins.DocumentationPluginsBootstrapper -
				Context refreshed
2022-07-21 07:00:49.315 [restartedMain] INFO  s.d.s.web.plugins.DocumentationPluginsBootstrapper -
				Found 1 custom documentation plugin(s)
2022-07-21 07:00:49.345 [restartedMain] INFO  s.d.spring.web.scanners.ApiListingReferenceScanner -
				Scanning for api listing references
2022-07-21 07:00:49.533 [restartedMain] INFO  s.d.s.w.r.operation.CachingOperationNameGenerator -
				Generating unique operation named: avatarUsingPOST_1
2022-07-21 07:00:49.535 [restartedMain] INFO  s.d.s.w.r.operation.CachingOperationNameGenerator -
				Generating unique operation named: dataRecoveryUsingPOST_1
2022-07-21 07:00:49.537 [restartedMain] INFO  s.d.s.w.r.operation.CachingOperationNameGenerator -
				Generating unique operation named: deleteByIdUsingPOST_1
2022-07-21 07:00:49.539 [restartedMain] INFO  s.d.s.w.r.operation.CachingOperationNameGenerator -
				Generating unique operation named: deletePermanentlyUsingPOST_1
2022-07-21 07:00:49.560 [restartedMain] INFO  s.d.s.w.r.operation.CachingOperationNameGenerator -
				Generating unique operation named: avatarUsingPOST_2
2022-07-21 07:00:49.587 [restartedMain] INFO  s.d.s.w.r.operation.CachingOperationNameGenerator -
				Generating unique operation named: analyseFileUsingGET_1
2022-07-21 07:00:49.588 [restartedMain] INFO  s.d.s.w.r.operation.CachingOperationNameGenerator -
				Generating unique operation named: avatarUsingPOST_3
2022-07-21 07:00:49.589 [restartedMain] INFO  s.d.s.w.r.operation.CachingOperationNameGenerator -
				Generating unique operation named: dataRecoveryUsingPOST_2
2022-07-21 07:00:49.590 [restartedMain] INFO  s.d.s.w.r.operation.CachingOperationNameGenerator -
				Generating unique operation named: deleteByIdUsingPOST_2
2022-07-21 07:00:49.591 [restartedMain] INFO  s.d.s.w.r.operation.CachingOperationNameGenerator -
				Generating unique operation named: deletePermanentlyUsingPOST_2
2022-07-21 07:00:49.592 [restartedMain] INFO  s.d.s.w.r.operation.CachingOperationNameGenerator -
				Generating unique operation named: exportDataUserUsingPOST_1
2022-07-21 07:00:49.594 [restartedMain] INFO  s.d.s.w.r.operation.CachingOperationNameGenerator -
				Generating unique operation named: getDeletesUsingGET_1
2022-07-21 07:00:49.596 [restartedMain] INFO  s.d.s.w.r.operation.CachingOperationNameGenerator -
				Generating unique operation named: updateUserUsingPOST_1
2022-07-21 07:00:49.597 [restartedMain] INFO  s.d.s.w.r.operation.CachingOperationNameGenerator -
				Generating unique operation named: uploadToServerUsingPOST_1
2022-07-21 07:00:49.598 [restartedMain] INFO  s.d.s.w.r.operation.CachingOperationNameGenerator -
				Generating unique operation named: userTemplateDownloadUsingPOST_1
2022-07-21 07:00:49.611 [restartedMain] INFO  org.apache.coyote.http11.Http11NioProtocol -
				Starting ProtocolHandler ["http-nio-8000"]
2022-07-21 07:00:49.633 [restartedMain] INFO  o.s.boot.web.embedded.tomcat.TomcatWebServer -
				Tomcat started on port(s): 8000 (http) with context path '/hospital'
2022-07-21 07:00:49.635 [restartedMain] INFO  com.max.back.BackApplication -
				Started BackApplication in 4.512 seconds (JVM running for 5.83)
2022-07-21 07:00:54.461 [http-nio-8000-exec-5] INFO  o.a.c.c.C.[Tomcat].[localhost].[/hospital] -
				Initializing Spring DispatcherServlet 'dispatcherServlet'
2022-07-21 07:00:54.461 [http-nio-8000-exec-5] INFO  org.springframework.web.servlet.DispatcherServlet -
				Initializing Servlet 'dispatcherServlet'
2022-07-21 07:00:54.469 [http-nio-8000-exec-5] INFO  org.springframework.web.servlet.DispatcherServlet -
				Completed initialization in 7 ms
2022-07-21 07:00:54.611 [http-nio-8000-exec-3] INFO  io.lettuce.core.EpollProvider -
				Starting without optional epoll library
2022-07-21 07:00:54.613 [http-nio-8000-exec-3] INFO  io.lettuce.core.KqueueProvider -
				Starting without optional kqueue library
2022-07-21 07:00:54.991 [http-nio-8000-exec-3] INFO  com.zaxxer.hikari.HikariDataSource -
				HikariPool-1 - Starting...
2022-07-21 07:00:55.355 [http-nio-8000-exec-3] INFO  com.zaxxer.hikari.HikariDataSource -
				HikariPool-1 - Start completed.
2022-07-21 07:01:05.455 [Thread-17] INFO  o.s.scheduling.concurrent.ThreadPoolTaskExecutor -
				Shutting down ExecutorService 'applicationTaskExecutor'
2022-07-21 07:01:05.458 [Thread-17] INFO  com.zaxxer.hikari.HikariDataSource -
				HikariPool-1 - Shutdown initiated...
2022-07-21 07:01:05.465 [Thread-17] INFO  com.zaxxer.hikari.HikariDataSource -
				HikariPool-1 - Shutdown completed.
2022-07-21 07:01:11.405 [restartedMain] INFO  com.max.back.BackApplication -
				Starting BackApplication on LAPTOP-IMQHF2DI with PID 28960 (started by 86155 in E:\我的桌面\donruan\neusoft-java\springbootapi\springbootapi)
2022-07-21 07:01:11.408 [restartedMain] INFO  com.max.back.BackApplication -
				The following profiles are active: test
2022-07-21 07:01:11.450 [restartedMain] INFO  o.s.b.d.env.DevToolsPropertyDefaultsPostProcessor -
				Devtools property defaults active! Set 'spring.devtools.add-properties' to 'false' to disable
2022-07-21 07:01:11.451 [restartedMain] INFO  o.s.b.d.env.DevToolsPropertyDefaultsPostProcessor -
				For additional web related logging consider setting the 'logging.level.web' property to 'DEBUG'
2022-07-21 07:01:12.389 [restartedMain] INFO  o.s.d.r.config.RepositoryConfigurationDelegate -
				Multiple Spring Data modules found, entering strict repository configuration mode!
2022-07-21 07:01:12.390 [restartedMain] INFO  o.s.d.r.config.RepositoryConfigurationDelegate -
				Bootstrapping Spring Data repositories in DEFAULT mode.
2022-07-21 07:01:12.418 [restartedMain] INFO  o.s.d.r.config.RepositoryConfigurationDelegate -
				Finished Spring Data repository scanning in 25ms. Found 0 repository interfaces.
2022-07-21 07:01:12.427 [restartedMain] INFO  o.s.d.r.config.RepositoryConfigurationDelegate -
				Multiple Spring Data modules found, entering strict repository configuration mode!
2022-07-21 07:01:12.428 [restartedMain] INFO  o.s.d.r.config.RepositoryConfigurationDelegate -
				Bootstrapping Spring Data repositories in DEFAULT mode.
2022-07-21 07:01:12.442 [restartedMain] INFO  o.s.d.r.config.RepositoryConfigurationDelegate -
				Finished Spring Data repository scanning in 11ms. Found 0 repository interfaces.
2022-07-21 07:01:12.721 [restartedMain] INFO  o.s.c.s.PostProcessorRegistrationDelegate$BeanPostProcessorChecker -
				Bean 'org.springframework.transaction.annotation.ProxyTransactionManagementConfiguration' of type [org.springframework.transaction.annotation.ProxyTransactionManagementConfiguration$$EnhancerBySpringCGLIB$$a15e7efb] is not eligible for getting processed by all BeanPostProcessors (for example: not eligible for auto-proxying)
2022-07-21 07:01:12.740 [restartedMain] INFO  o.s.c.s.PostProcessorRegistrationDelegate$BeanPostProcessorChecker -
				Bean 'redisConfig' of type [com.max.back.common.config.RedisConfig$$EnhancerBySpringCGLIB$$5eb2f6a4] is not eligible for getting processed by all BeanPostProcessors (for example: not eligible for auto-proxying)
2022-07-21 07:01:13.104 [restartedMain] INFO  o.s.boot.web.embedded.tomcat.TomcatWebServer -
				Tomcat initialized with port(s): 8000 (http)
2022-07-21 07:01:13.115 [restartedMain] INFO  org.apache.coyote.http11.Http11NioProtocol -
				Initializing ProtocolHandler ["http-nio-8000"]
2022-07-21 07:01:13.124 [restartedMain] INFO  org.apache.catalina.core.StandardService -
				Starting service [Tomcat]
2022-07-21 07:01:13.124 [restartedMain] INFO  org.apache.catalina.core.StandardEngine -
				Starting Servlet engine: [Apache Tomcat/9.0.24]
2022-07-21 07:01:13.556 [restartedMain] INFO  o.a.c.c.C.[Tomcat].[localhost].[/hospital] -
				Initializing Spring embedded WebApplicationContext
2022-07-21 07:01:13.556 [restartedMain] INFO  org.springframework.web.context.ContextLoader -
				Root WebApplicationContext: initialization completed in 2104 ms
2022-07-21 07:01:14.682 [restartedMain] INFO  s.d.s.w.PropertySourcedRequestMappingHandlerMapping -
				Mapped URL path [/v2/api-docs] onto method [public org.springframework.http.ResponseEntity<springfox.documentation.spring.web.json.Json> springfox.documentation.swagger2.web.Swagger2Controller.getDocumentation(java.lang.String,javax.servlet.http.HttpServletRequest)]
2022-07-21 07:01:14.797 [restartedMain] INFO  o.s.scheduling.concurrent.ThreadPoolTaskExecutor -
				Initializing ExecutorService 'applicationTaskExecutor'
2022-07-21 07:01:14.839 [restartedMain] INFO  o.s.b.d.autoconfigure.OptionalLiveReloadServer -
				LiveReload server is running on port 35729
2022-07-21 07:01:15.120 [restartedMain] INFO  s.d.s.web.plugins.DocumentationPluginsBootstrapper -
				Context refreshed
2022-07-21 07:01:15.136 [restartedMain] INFO  s.d.s.web.plugins.DocumentationPluginsBootstrapper -
				Found 1 custom documentation plugin(s)
2022-07-21 07:01:15.173 [restartedMain] INFO  s.d.spring.web.scanners.ApiListingReferenceScanner -
				Scanning for api listing references
2022-07-21 07:01:15.325 [restartedMain] INFO  s.d.s.w.r.operation.CachingOperationNameGenerator -
				Generating unique operation named: avatarUsingPOST_1
2022-07-21 07:01:15.327 [restartedMain] INFO  s.d.s.w.r.operation.CachingOperationNameGenerator -
				Generating unique operation named: dataRecoveryUsingPOST_1
2022-07-21 07:01:15.328 [restartedMain] INFO  s.d.s.w.r.operation.CachingOperationNameGenerator -
				Generating unique operation named: deleteByIdUsingPOST_1
2022-07-21 07:01:15.328 [restartedMain] INFO  s.d.s.w.r.operation.CachingOperationNameGenerator -
				Generating unique operation named: deletePermanentlyUsingPOST_1
2022-07-21 07:01:15.346 [restartedMain] INFO  s.d.s.w.r.operation.CachingOperationNameGenerator -
				Generating unique operation named: avatarUsingPOST_2
2022-07-21 07:01:15.370 [restartedMain] INFO  s.d.s.w.r.operation.CachingOperationNameGenerator -
				Generating unique operation named: analyseFileUsingGET_1
2022-07-21 07:01:15.372 [restartedMain] INFO  s.d.s.w.r.operation.CachingOperationNameGenerator -
				Generating unique operation named: avatarUsingPOST_3
2022-07-21 07:01:15.373 [restartedMain] INFO  s.d.s.w.r.operation.CachingOperationNameGenerator -
				Generating unique operation named: dataRecoveryUsingPOST_2
2022-07-21 07:01:15.374 [restartedMain] INFO  s.d.s.w.r.operation.CachingOperationNameGenerator -
				Generating unique operation named: deleteByIdUsingPOST_2
2022-07-21 07:01:15.375 [restartedMain] INFO  s.d.s.w.r.operation.CachingOperationNameGenerator -
				Generating unique operation named: deletePermanentlyUsingPOST_2
2022-07-21 07:01:15.375 [restartedMain] INFO  s.d.s.w.r.operation.CachingOperationNameGenerator -
				Generating unique operation named: exportDataUserUsingPOST_1
2022-07-21 07:01:15.378 [restartedMain] INFO  s.d.s.w.r.operation.CachingOperationNameGenerator -
				Generating unique operation named: getDeletesUsingGET_1
2022-07-21 07:01:15.380 [restartedMain] INFO  s.d.s.w.r.operation.CachingOperationNameGenerator -
				Generating unique operation named: updateUserUsingPOST_1
2022-07-21 07:01:15.382 [restartedMain] INFO  s.d.s.w.r.operation.CachingOperationNameGenerator -
				Generating unique operation named: uploadToServerUsingPOST_1
2022-07-21 07:01:15.382 [restartedMain] INFO  s.d.s.w.r.operation.CachingOperationNameGenerator -
				Generating unique operation named: userTemplateDownloadUsingPOST_1
2022-07-21 07:01:15.397 [restartedMain] INFO  org.apache.coyote.http11.Http11NioProtocol -
				Starting ProtocolHandler ["http-nio-8000"]
2022-07-21 07:01:15.419 [restartedMain] INFO  o.s.boot.web.embedded.tomcat.TomcatWebServer -
				Tomcat started on port(s): 8000 (http) with context path '/hospital'
2022-07-21 07:01:15.419 [restartedMain] INFO  com.max.back.BackApplication -
				Started BackApplication in 4.451 seconds (JVM running for 5.661)
2022-07-21 07:01:19.913 [http-nio-8000-exec-3] INFO  o.a.c.c.C.[Tomcat].[localhost].[/hospital] -
				Initializing Spring DispatcherServlet 'dispatcherServlet'
2022-07-21 07:01:19.913 [http-nio-8000-exec-3] INFO  org.springframework.web.servlet.DispatcherServlet -
				Initializing Servlet 'dispatcherServlet'
2022-07-21 07:01:19.920 [http-nio-8000-exec-3] INFO  org.springframework.web.servlet.DispatcherServlet -
				Completed initialization in 7 ms
2022-07-21 07:01:20.047 [http-nio-8000-exec-1] INFO  com.zaxxer.hikari.HikariDataSource -
				HikariPool-1 - Starting...
2022-07-21 07:01:20.433 [http-nio-8000-exec-1] INFO  com.zaxxer.hikari.HikariDataSource -
				HikariPool-1 - Start completed.
2022-07-21 07:01:28.021 [http-nio-8000-exec-5] INFO  io.lettuce.core.EpollProvider -
				Starting without optional epoll library
2022-07-21 07:01:28.024 [http-nio-8000-exec-5] INFO  io.lettuce.core.KqueueProvider -
				Starting without optional kqueue library
2022-07-21 07:03:24.637 [Thread-12] INFO  o.s.scheduling.concurrent.ThreadPoolTaskExecutor -
				Shutting down ExecutorService 'applicationTaskExecutor'
2022-07-21 07:03:24.640 [Thread-12] INFO  com.zaxxer.hikari.HikariDataSource -
				HikariPool-1 - Shutdown initiated...
2022-07-21 07:03:24.646 [Thread-12] INFO  com.zaxxer.hikari.HikariDataSource -
				HikariPool-1 - Shutdown completed.
2022-07-21 07:03:26.165 [restartedMain] INFO  com.max.back.BackApplication -
				Starting BackApplication on LAPTOP-IMQHF2DI with PID 28960 (started by 86155 in E:\我的桌面\donruan\neusoft-java\springbootapi\springbootapi)
2022-07-21 07:03:26.166 [restartedMain] INFO  com.max.back.BackApplication -
				The following profiles are active: test
2022-07-21 07:03:26.828 [restartedMain] INFO  o.s.d.r.config.RepositoryConfigurationDelegate -
				Multiple Spring Data modules found, entering strict repository configuration mode!
2022-07-21 07:03:26.828 [restartedMain] INFO  o.s.d.r.config.RepositoryConfigurationDelegate -
				Bootstrapping Spring Data repositories in DEFAULT mode.
2022-07-21 07:03:26.842 [restartedMain] INFO  o.s.d.r.config.RepositoryConfigurationDelegate -
				Finished Spring Data repository scanning in 14ms. Found 0 repository interfaces.
2022-07-21 07:03:26.845 [restartedMain] INFO  o.s.d.r.config.RepositoryConfigurationDelegate -
				Multiple Spring Data modules found, entering strict repository configuration mode!
2022-07-21 07:03:26.845 [restartedMain] INFO  o.s.d.r.config.RepositoryConfigurationDelegate -
				Bootstrapping Spring Data repositories in DEFAULT mode.
2022-07-21 07:03:26.852 [restartedMain] INFO  o.s.d.r.config.RepositoryConfigurationDelegate -
				Finished Spring Data repository scanning in 7ms. Found 0 repository interfaces.
2022-07-21 07:03:26.914 [restartedMain] INFO  o.s.c.s.PostProcessorRegistrationDelegate$BeanPostProcessorChecker -
				Bean 'org.springframework.transaction.annotation.ProxyTransactionManagementConfiguration' of type [org.springframework.transaction.annotation.ProxyTransactionManagementConfiguration$$EnhancerBySpringCGLIB$$a15e7efb] is not eligible for getting processed by all BeanPostProcessors (for example: not eligible for auto-proxying)
2022-07-21 07:03:26.917 [restartedMain] INFO  o.s.c.s.PostProcessorRegistrationDelegate$BeanPostProcessorChecker -
				Bean 'redisConfig' of type [com.max.back.common.config.RedisConfig$$EnhancerBySpringCGLIB$$5eb2f6a4] is not eligible for getting processed by all BeanPostProcessors (for example: not eligible for auto-proxying)
2022-07-21 07:03:27.104 [restartedMain] INFO  o.s.boot.web.embedded.tomcat.TomcatWebServer -
				Tomcat initialized with port(s): 8000 (http)
2022-07-21 07:03:27.105 [restartedMain] INFO  org.apache.coyote.http11.Http11NioProtocol -
				Initializing ProtocolHandler ["http-nio-8000"]
2022-07-21 07:03:27.106 [restartedMain] INFO  org.apache.catalina.core.StandardService -
				Starting service [Tomcat]
2022-07-21 07:03:27.106 [restartedMain] INFO  org.apache.catalina.core.StandardEngine -
				Starting Servlet engine: [Apache Tomcat/9.0.24]
2022-07-21 07:03:27.162 [restartedMain] INFO  o.a.c.c.C.[Tomcat].[localhost].[/hospital] -
				Initializing Spring embedded WebApplicationContext
2022-07-21 07:03:27.162 [restartedMain] INFO  org.springframework.web.context.ContextLoader -
				Root WebApplicationContext: initialization completed in 995 ms
2022-07-21 07:03:27.732 [restartedMain] INFO  org.apache.catalina.core.StandardService -
				Stopping service [Tomcat]
2022-07-21 07:03:27.738 [restartedMain] INFO  o.s.b.a.l.ConditionEvaluationReportLoggingListener -
				

Error starting ApplicationContext. To display the conditions report re-run your application with 'debug' enabled.
2022-07-21 07:05:14.737 [restartedMain] INFO  com.max.back.BackApplication -
				Starting BackApplication on LAPTOP-IMQHF2DI with PID 32320 (started by 86155 in E:\我的桌面\donruan\neusoft-java\springbootapi\springbootapi)
2022-07-21 07:05:14.740 [restartedMain] INFO  com.max.back.BackApplication -
				The following profiles are active: test
2022-07-21 07:05:14.782 [restartedMain] INFO  o.s.b.d.env.DevToolsPropertyDefaultsPostProcessor -
				Devtools property defaults active! Set 'spring.devtools.add-properties' to 'false' to disable
2022-07-21 07:05:14.783 [restartedMain] INFO  o.s.b.d.env.DevToolsPropertyDefaultsPostProcessor -
				For additional web related logging consider setting the 'logging.level.web' property to 'DEBUG'
2022-07-21 07:05:15.848 [restartedMain] INFO  o.s.d.r.config.RepositoryConfigurationDelegate -
				Multiple Spring Data modules found, entering strict repository configuration mode!
2022-07-21 07:05:15.848 [restartedMain] INFO  o.s.d.r.config.RepositoryConfigurationDelegate -
				Bootstrapping Spring Data repositories in DEFAULT mode.
2022-07-21 07:05:15.869 [restartedMain] INFO  o.s.d.r.config.RepositoryConfigurationDelegate -
				Finished Spring Data repository scanning in 19ms. Found 0 repository interfaces.
2022-07-21 07:05:15.879 [restartedMain] INFO  o.s.d.r.config.RepositoryConfigurationDelegate -
				Multiple Spring Data modules found, entering strict repository configuration mode!
2022-07-21 07:05:15.879 [restartedMain] INFO  o.s.d.r.config.RepositoryConfigurationDelegate -
				Bootstrapping Spring Data repositories in DEFAULT mode.
2022-07-21 07:05:15.898 [restartedMain] INFO  o.s.d.r.config.RepositoryConfigurationDelegate -
				Finished Spring Data repository scanning in 9ms. Found 0 repository interfaces.
2022-07-21 07:05:16.257 [restartedMain] INFO  o.s.c.s.PostProcessorRegistrationDelegate$BeanPostProcessorChecker -
				Bean 'org.springframework.transaction.annotation.ProxyTransactionManagementConfiguration' of type [org.springframework.transaction.annotation.ProxyTransactionManagementConfiguration$$EnhancerBySpringCGLIB$$83091e2d] is not eligible for getting processed by all BeanPostProcessors (for example: not eligible for auto-proxying)
2022-07-21 07:05:16.280 [restartedMain] INFO  o.s.c.s.PostProcessorRegistrationDelegate$BeanPostProcessorChecker -
				Bean 'redisConfig' of type [com.max.back.common.config.RedisConfig$$EnhancerBySpringCGLIB$$405d95d6] is not eligible for getting processed by all BeanPostProcessors (for example: not eligible for auto-proxying)
2022-07-21 07:05:16.678 [restartedMain] INFO  o.s.boot.web.embedded.tomcat.TomcatWebServer -
				Tomcat initialized with port(s): 8000 (http)
2022-07-21 07:05:16.691 [restartedMain] INFO  org.apache.coyote.http11.Http11NioProtocol -
				Initializing ProtocolHandler ["http-nio-8000"]
2022-07-21 07:05:16.701 [restartedMain] INFO  org.apache.catalina.core.StandardService -
				Starting service [Tomcat]
2022-07-21 07:05:16.701 [restartedMain] INFO  org.apache.catalina.core.StandardEngine -
				Starting Servlet engine: [Apache Tomcat/9.0.24]
2022-07-21 07:05:17.188 [restartedMain] INFO  o.a.c.c.C.[Tomcat].[localhost].[/hospital] -
				Initializing Spring embedded WebApplicationContext
2022-07-21 07:05:17.188 [restartedMain] INFO  org.springframework.web.context.ContextLoader -
				Root WebApplicationContext: initialization completed in 2405 ms
2022-07-21 07:05:18.519 [restartedMain] INFO  s.d.s.w.PropertySourcedRequestMappingHandlerMapping -
				Mapped URL path [/v2/api-docs] onto method [public org.springframework.http.ResponseEntity<springfox.documentation.spring.web.json.Json> springfox.documentation.swagger2.web.Swagger2Controller.getDocumentation(java.lang.String,javax.servlet.http.HttpServletRequest)]
2022-07-21 07:05:18.630 [restartedMain] INFO  o.s.scheduling.concurrent.ThreadPoolTaskExecutor -
				Initializing ExecutorService 'applicationTaskExecutor'
2022-07-21 07:05:18.674 [restartedMain] INFO  o.s.b.d.autoconfigure.OptionalLiveReloadServer -
				LiveReload server is running on port 35729
2022-07-21 07:05:19.003 [restartedMain] INFO  s.d.s.web.plugins.DocumentationPluginsBootstrapper -
				Context refreshed
2022-07-21 07:05:19.033 [restartedMain] INFO  s.d.s.web.plugins.DocumentationPluginsBootstrapper -
				Found 1 custom documentation plugin(s)
2022-07-21 07:05:19.067 [restartedMain] INFO  s.d.spring.web.scanners.ApiListingReferenceScanner -
				Scanning for api listing references
2022-07-21 07:05:19.267 [restartedMain] INFO  s.d.s.w.r.operation.CachingOperationNameGenerator -
				Generating unique operation named: avatarUsingPOST_1
2022-07-21 07:05:19.268 [restartedMain] INFO  s.d.s.w.r.operation.CachingOperationNameGenerator -
				Generating unique operation named: dataRecoveryUsingPOST_1
2022-07-21 07:05:19.269 [restartedMain] INFO  s.d.s.w.r.operation.CachingOperationNameGenerator -
				Generating unique operation named: deleteByIdUsingPOST_1
2022-07-21 07:05:19.270 [restartedMain] INFO  s.d.s.w.r.operation.CachingOperationNameGenerator -
				Generating unique operation named: deletePermanentlyUsingPOST_1
2022-07-21 07:05:19.286 [restartedMain] INFO  s.d.s.w.r.operation.CachingOperationNameGenerator -
				Generating unique operation named: avatarUsingPOST_2
2022-07-21 07:05:19.308 [restartedMain] INFO  s.d.s.w.r.operation.CachingOperationNameGenerator -
				Generating unique operation named: analyseFileUsingGET_1
2022-07-21 07:05:19.309 [restartedMain] INFO  s.d.s.w.r.operation.CachingOperationNameGenerator -
				Generating unique operation named: avatarUsingPOST_3
2022-07-21 07:05:19.309 [restartedMain] INFO  s.d.s.w.r.operation.CachingOperationNameGenerator -
				Generating unique operation named: dataRecoveryUsingPOST_2
2022-07-21 07:05:19.311 [restartedMain] INFO  s.d.s.w.r.operation.CachingOperationNameGenerator -
				Generating unique operation named: deleteByIdUsingPOST_2
2022-07-21 07:05:19.311 [restartedMain] INFO  s.d.s.w.r.operation.CachingOperationNameGenerator -
				Generating unique operation named: deletePermanentlyUsingPOST_2
2022-07-21 07:05:19.312 [restartedMain] INFO  s.d.s.w.r.operation.CachingOperationNameGenerator -
				Generating unique operation named: exportDataUserUsingPOST_1
2022-07-21 07:05:19.313 [restartedMain] INFO  s.d.s.w.r.operation.CachingOperationNameGenerator -
				Generating unique operation named: getDeletesUsingGET_1
2022-07-21 07:05:19.314 [restartedMain] INFO  s.d.s.w.r.operation.CachingOperationNameGenerator -
				Generating unique operation named: updateUserUsingPOST_1
2022-07-21 07:05:19.315 [restartedMain] INFO  s.d.s.w.r.operation.CachingOperationNameGenerator -
				Generating unique operation named: uploadToServerUsingPOST_1
2022-07-21 07:05:19.316 [restartedMain] INFO  s.d.s.w.r.operation.CachingOperationNameGenerator -
				Generating unique operation named: userTemplateDownloadUsingPOST_1
2022-07-21 07:05:19.331 [restartedMain] INFO  org.apache.coyote.http11.Http11NioProtocol -
				Starting ProtocolHandler ["http-nio-8000"]
2022-07-21 07:05:19.351 [restartedMain] INFO  o.s.boot.web.embedded.tomcat.TomcatWebServer -
				Tomcat started on port(s): 8000 (http) with context path '/hospital'
2022-07-21 07:05:19.351 [restartedMain] INFO  com.max.back.BackApplication -
				Started BackApplication in 5.136 seconds (JVM running for 6.821)
2022-07-21 07:06:35.322 [http-nio-8000-exec-3] INFO  o.a.c.c.C.[Tomcat].[localhost].[/hospital] -
				Initializing Spring DispatcherServlet 'dispatcherServlet'
2022-07-21 07:06:35.323 [http-nio-8000-exec-3] INFO  org.springframework.web.servlet.DispatcherServlet -
				Initializing Servlet 'dispatcherServlet'
2022-07-21 07:06:35.339 [http-nio-8000-exec-3] INFO  org.springframework.web.servlet.DispatcherServlet -
				Completed initialization in 15 ms
2022-07-21 07:06:35.565 [http-nio-8000-exec-3] INFO  io.lettuce.core.EpollProvider -
				Starting without optional epoll library
2022-07-21 07:06:35.568 [http-nio-8000-exec-3] INFO  io.lettuce.core.KqueueProvider -
				Starting without optional kqueue library
2022-07-21 07:06:36.216 [http-nio-8000-exec-3] INFO  com.zaxxer.hikari.HikariDataSource -
				HikariPool-1 - Starting...
2022-07-21 07:06:36.578 [http-nio-8000-exec-3] INFO  com.zaxxer.hikari.HikariDataSource -
				HikariPool-1 - Start completed.
2022-07-21 07:16:12.008 [Thread-20] INFO  o.s.scheduling.concurrent.ThreadPoolTaskExecutor -
				Shutting down ExecutorService 'applicationTaskExecutor'
2022-07-21 07:16:12.010 [Thread-20] INFO  com.zaxxer.hikari.HikariDataSource -
				HikariPool-1 - Shutdown initiated...
2022-07-21 07:16:12.016 [Thread-20] INFO  com.zaxxer.hikari.HikariDataSource -
				HikariPool-1 - Shutdown completed.
2022-07-21 07:16:21.797 [restartedMain] INFO  com.max.back.BackApplication -
				Starting BackApplication on LAPTOP-IMQHF2DI with PID 5708 (started by 86155 in E:\我的桌面\donruan\neusoft-java\springbootapi\springbootapi)
2022-07-21 07:16:21.799 [restartedMain] INFO  com.max.back.BackApplication -
				The following profiles are active: test
2022-07-21 07:16:21.839 [restartedMain] INFO  o.s.b.d.env.DevToolsPropertyDefaultsPostProcessor -
				Devtools property defaults active! Set 'spring.devtools.add-properties' to 'false' to disable
2022-07-21 07:16:21.840 [restartedMain] INFO  o.s.b.d.env.DevToolsPropertyDefaultsPostProcessor -
				For additional web related logging consider setting the 'logging.level.web' property to 'DEBUG'
2022-07-21 07:16:22.745 [restartedMain] INFO  o.s.d.r.config.RepositoryConfigurationDelegate -
				Multiple Spring Data modules found, entering strict repository configuration mode!
2022-07-21 07:16:22.746 [restartedMain] INFO  o.s.d.r.config.RepositoryConfigurationDelegate -
				Bootstrapping Spring Data repositories in DEFAULT mode.
2022-07-21 07:16:22.773 [restartedMain] INFO  o.s.d.r.config.RepositoryConfigurationDelegate -
				Finished Spring Data repository scanning in 24ms. Found 0 repository interfaces.
2022-07-21 07:16:22.782 [restartedMain] INFO  o.s.d.r.config.RepositoryConfigurationDelegate -
				Multiple Spring Data modules found, entering strict repository configuration mode!
2022-07-21 07:16:22.782 [restartedMain] INFO  o.s.d.r.config.RepositoryConfigurationDelegate -
				Bootstrapping Spring Data repositories in DEFAULT mode.
2022-07-21 07:16:22.797 [restartedMain] INFO  o.s.d.r.config.RepositoryConfigurationDelegate -
				Finished Spring Data repository scanning in 15ms. Found 0 repository interfaces.
2022-07-21 07:16:23.074 [restartedMain] INFO  o.s.c.s.PostProcessorRegistrationDelegate$BeanPostProcessorChecker -
				Bean 'org.springframework.transaction.annotation.ProxyTransactionManagementConfiguration' of type [org.springframework.transaction.annotation.ProxyTransactionManagementConfiguration$$EnhancerBySpringCGLIB$$e1d9e34e] is not eligible for getting processed by all BeanPostProcessors (for example: not eligible for auto-proxying)
2022-07-21 07:16:23.090 [restartedMain] INFO  o.s.c.s.PostProcessorRegistrationDelegate$BeanPostProcessorChecker -
				Bean 'redisConfig' of type [com.max.back.common.config.RedisConfig$$EnhancerBySpringCGLIB$$9f2e5af7] is not eligible for getting processed by all BeanPostProcessors (for example: not eligible for auto-proxying)
2022-07-21 07:16:23.432 [restartedMain] INFO  o.s.boot.web.embedded.tomcat.TomcatWebServer -
				Tomcat initialized with port(s): 8000 (http)
2022-07-21 07:16:23.458 [restartedMain] INFO  org.apache.coyote.http11.Http11NioProtocol -
				Initializing ProtocolHandler ["http-nio-8000"]
2022-07-21 07:16:23.466 [restartedMain] INFO  org.apache.catalina.core.StandardService -
				Starting service [Tomcat]
2022-07-21 07:16:23.466 [restartedMain] INFO  org.apache.catalina.core.StandardEngine -
				Starting Servlet engine: [Apache Tomcat/9.0.24]
2022-07-21 07:16:23.905 [restartedMain] INFO  o.a.c.c.C.[Tomcat].[localhost].[/hospital] -
				Initializing Spring embedded WebApplicationContext
2022-07-21 07:16:23.905 [restartedMain] INFO  org.springframework.web.context.ContextLoader -
				Root WebApplicationContext: initialization completed in 2065 ms
2022-07-21 07:16:25.065 [restartedMain] INFO  s.d.s.w.PropertySourcedRequestMappingHandlerMapping -
				Mapped URL path [/v2/api-docs] onto method [public org.springframework.http.ResponseEntity<springfox.documentation.spring.web.json.Json> springfox.documentation.swagger2.web.Swagger2Controller.getDocumentation(java.lang.String,javax.servlet.http.HttpServletRequest)]
2022-07-21 07:16:25.182 [restartedMain] INFO  o.s.scheduling.concurrent.ThreadPoolTaskExecutor -
				Initializing ExecutorService 'applicationTaskExecutor'
2022-07-21 07:16:25.231 [restartedMain] INFO  o.s.b.d.autoconfigure.OptionalLiveReloadServer -
				LiveReload server is running on port 35729
2022-07-21 07:16:25.505 [restartedMain] INFO  s.d.s.web.plugins.DocumentationPluginsBootstrapper -
				Context refreshed
2022-07-21 07:16:25.531 [restartedMain] INFO  s.d.s.web.plugins.DocumentationPluginsBootstrapper -
				Found 1 custom documentation plugin(s)
2022-07-21 07:16:25.576 [restartedMain] INFO  s.d.spring.web.scanners.ApiListingReferenceScanner -
				Scanning for api listing references
2022-07-21 07:16:25.792 [restartedMain] INFO  s.d.s.w.r.operation.CachingOperationNameGenerator -
				Generating unique operation named: avatarUsingPOST_1
2022-07-21 07:16:25.794 [restartedMain] INFO  s.d.s.w.r.operation.CachingOperationNameGenerator -
				Generating unique operation named: dataRecoveryUsingPOST_1
2022-07-21 07:16:25.794 [restartedMain] INFO  s.d.s.w.r.operation.CachingOperationNameGenerator -
				Generating unique operation named: deleteByIdUsingPOST_1
2022-07-21 07:16:25.796 [restartedMain] INFO  s.d.s.w.r.operation.CachingOperationNameGenerator -
				Generating unique operation named: deletePermanentlyUsingPOST_1
2022-07-21 07:16:25.815 [restartedMain] INFO  s.d.s.w.r.operation.CachingOperationNameGenerator -
				Generating unique operation named: avatarUsingPOST_2
2022-07-21 07:16:25.838 [restartedMain] INFO  s.d.s.w.r.operation.CachingOperationNameGenerator -
				Generating unique operation named: analyseFileUsingGET_1
2022-07-21 07:16:25.840 [restartedMain] INFO  s.d.s.w.r.operation.CachingOperationNameGenerator -
				Generating unique operation named: avatarUsingPOST_3
2022-07-21 07:16:25.841 [restartedMain] INFO  s.d.s.w.r.operation.CachingOperationNameGenerator -
				Generating unique operation named: dataRecoveryUsingPOST_2
2022-07-21 07:16:25.841 [restartedMain] INFO  s.d.s.w.r.operation.CachingOperationNameGenerator -
				Generating unique operation named: deleteByIdUsingPOST_2
2022-07-21 07:16:25.842 [restartedMain] INFO  s.d.s.w.r.operation.CachingOperationNameGenerator -
				Generating unique operation named: deletePermanentlyUsingPOST_2
2022-07-21 07:16:25.843 [restartedMain] INFO  s.d.s.w.r.operation.CachingOperationNameGenerator -
				Generating unique operation named: exportDataUserUsingPOST_1
2022-07-21 07:16:25.846 [restartedMain] INFO  s.d.s.w.r.operation.CachingOperationNameGenerator -
				Generating unique operation named: getDeletesUsingGET_1
2022-07-21 07:16:25.847 [restartedMain] INFO  s.d.s.w.r.operation.CachingOperationNameGenerator -
				Generating unique operation named: updateUserUsingPOST_1
2022-07-21 07:16:25.848 [restartedMain] INFO  s.d.s.w.r.operation.CachingOperationNameGenerator -
				Generating unique operation named: uploadToServerUsingPOST_1
2022-07-21 07:16:25.848 [restartedMain] INFO  s.d.s.w.r.operation.CachingOperationNameGenerator -
				Generating unique operation named: userTemplateDownloadUsingPOST_1
2022-07-21 07:16:25.865 [restartedMain] INFO  org.apache.coyote.http11.Http11NioProtocol -
				Starting ProtocolHandler ["http-nio-8000"]
2022-07-21 07:16:25.883 [restartedMain] INFO  o.s.boot.web.embedded.tomcat.TomcatWebServer -
				Tomcat started on port(s): 8000 (http) with context path '/hospital'
2022-07-21 07:16:25.886 [restartedMain] INFO  com.max.back.BackApplication -
				Started BackApplication in 4.512 seconds (JVM running for 5.693)
2022-07-21 07:16:30.904 [http-nio-8000-exec-5] INFO  o.a.c.c.C.[Tomcat].[localhost].[/hospital] -
				Initializing Spring DispatcherServlet 'dispatcherServlet'
2022-07-21 07:16:30.905 [http-nio-8000-exec-5] INFO  org.springframework.web.servlet.DispatcherServlet -
				Initializing Servlet 'dispatcherServlet'
2022-07-21 07:16:30.916 [http-nio-8000-exec-5] INFO  org.springframework.web.servlet.DispatcherServlet -
				Completed initialization in 11 ms
2022-07-21 07:16:31.039 [http-nio-8000-exec-2] INFO  io.lettuce.core.EpollProvider -
				Starting without optional epoll library
2022-07-21 07:16:31.040 [http-nio-8000-exec-2] INFO  io.lettuce.core.KqueueProvider -
				Starting without optional kqueue library
2022-07-21 07:16:31.423 [http-nio-8000-exec-2] INFO  com.zaxxer.hikari.HikariDataSource -
				HikariPool-1 - Starting...
2022-07-21 07:16:31.814 [http-nio-8000-exec-2] INFO  com.zaxxer.hikari.HikariDataSource -
				HikariPool-1 - Start completed.
2022-07-21 07:18:28.779 [Thread-17] INFO  o.s.scheduling.concurrent.ThreadPoolTaskExecutor -
				Shutting down ExecutorService 'applicationTaskExecutor'
2022-07-21 07:18:28.781 [Thread-17] INFO  com.zaxxer.hikari.HikariDataSource -
				HikariPool-1 - Shutdown initiated...
2022-07-21 07:18:28.789 [Thread-17] INFO  com.zaxxer.hikari.HikariDataSource -
				HikariPool-1 - Shutdown completed.
2022-07-21 07:18:34.197 [restartedMain] INFO  com.max.back.BackApplication -
				Starting BackApplication on LAPTOP-IMQHF2DI with PID 14176 (started by 86155 in E:\我的桌面\donruan\neusoft-java\springbootapi\springbootapi)
2022-07-21 07:18:34.199 [restartedMain] INFO  com.max.back.BackApplication -
				The following profiles are active: test
2022-07-21 07:18:34.260 [restartedMain] INFO  o.s.b.d.env.DevToolsPropertyDefaultsPostProcessor -
				Devtools property defaults active! Set 'spring.devtools.add-properties' to 'false' to disable
2022-07-21 07:18:34.260 [restartedMain] INFO  o.s.b.d.env.DevToolsPropertyDefaultsPostProcessor -
				For additional web related logging consider setting the 'logging.level.web' property to 'DEBUG'
2022-07-21 07:18:35.150 [restartedMain] INFO  o.s.d.r.config.RepositoryConfigurationDelegate -
				Multiple Spring Data modules found, entering strict repository configuration mode!
2022-07-21 07:18:35.162 [restartedMain] INFO  o.s.d.r.config.RepositoryConfigurationDelegate -
				Bootstrapping Spring Data repositories in DEFAULT mode.
2022-07-21 07:18:35.190 [restartedMain] INFO  o.s.d.r.config.RepositoryConfigurationDelegate -
				Finished Spring Data repository scanning in 25ms. Found 0 repository interfaces.
2022-07-21 07:18:35.193 [restartedMain] INFO  o.s.d.r.config.RepositoryConfigurationDelegate -
				Multiple Spring Data modules found, entering strict repository configuration mode!
2022-07-21 07:18:35.200 [restartedMain] INFO  o.s.d.r.config.RepositoryConfigurationDelegate -
				Bootstrapping Spring Data repositories in DEFAULT mode.
2022-07-21 07:18:35.213 [restartedMain] INFO  o.s.d.r.config.RepositoryConfigurationDelegate -
				Finished Spring Data repository scanning in 10ms. Found 0 repository interfaces.
2022-07-21 07:18:35.476 [restartedMain] INFO  o.s.c.s.PostProcessorRegistrationDelegate$BeanPostProcessorChecker -
				Bean 'org.springframework.transaction.annotation.ProxyTransactionManagementConfiguration' of type [org.springframework.transaction.annotation.ProxyTransactionManagementConfiguration$$EnhancerBySpringCGLIB$$a827ee16] is not eligible for getting processed by all BeanPostProcessors (for example: not eligible for auto-proxying)
2022-07-21 07:18:35.496 [restartedMain] INFO  o.s.c.s.PostProcessorRegistrationDelegate$BeanPostProcessorChecker -
				Bean 'redisConfig' of type [com.max.back.common.config.RedisConfig$$EnhancerBySpringCGLIB$$657c65bf] is not eligible for getting processed by all BeanPostProcessors (for example: not eligible for auto-proxying)
2022-07-21 07:18:35.950 [restartedMain] INFO  o.s.boot.web.embedded.tomcat.TomcatWebServer -
				Tomcat initialized with port(s): 8000 (http)
2022-07-21 07:18:35.960 [restartedMain] INFO  org.apache.coyote.http11.Http11NioProtocol -
				Initializing ProtocolHandler ["http-nio-8000"]
2022-07-21 07:18:35.968 [restartedMain] INFO  org.apache.catalina.core.StandardService -
				Starting service [Tomcat]
2022-07-21 07:18:35.968 [restartedMain] INFO  org.apache.catalina.core.StandardEngine -
				Starting Servlet engine: [Apache Tomcat/9.0.24]
2022-07-21 07:18:36.438 [restartedMain] INFO  o.a.c.c.C.[Tomcat].[localhost].[/hospital] -
				Initializing Spring embedded WebApplicationContext
2022-07-21 07:18:36.438 [restartedMain] INFO  org.springframework.web.context.ContextLoader -
				Root WebApplicationContext: initialization completed in 2177 ms
2022-07-21 07:18:37.544 [restartedMain] INFO  s.d.s.w.PropertySourcedRequestMappingHandlerMapping -
				Mapped URL path [/v2/api-docs] onto method [public org.springframework.http.ResponseEntity<springfox.documentation.spring.web.json.Json> springfox.documentation.swagger2.web.Swagger2Controller.getDocumentation(java.lang.String,javax.servlet.http.HttpServletRequest)]
2022-07-21 07:18:37.661 [restartedMain] INFO  o.s.scheduling.concurrent.ThreadPoolTaskExecutor -
				Initializing ExecutorService 'applicationTaskExecutor'
2022-07-21 07:18:37.701 [restartedMain] INFO  o.s.b.d.autoconfigure.OptionalLiveReloadServer -
				LiveReload server is running on port 35729
2022-07-21 07:18:37.981 [restartedMain] INFO  s.d.s.web.plugins.DocumentationPluginsBootstrapper -
				Context refreshed
2022-07-21 07:18:37.989 [restartedMain] INFO  s.d.s.web.plugins.DocumentationPluginsBootstrapper -
				Found 1 custom documentation plugin(s)
2022-07-21 07:18:38.034 [restartedMain] INFO  s.d.spring.web.scanners.ApiListingReferenceScanner -
				Scanning for api listing references
2022-07-21 07:18:38.190 [restartedMain] INFO  s.d.s.w.r.operation.CachingOperationNameGenerator -
				Generating unique operation named: avatarUsingPOST_1
2022-07-21 07:18:38.191 [restartedMain] INFO  s.d.s.w.r.operation.CachingOperationNameGenerator -
				Generating unique operation named: dataRecoveryUsingPOST_1
2022-07-21 07:18:38.192 [restartedMain] INFO  s.d.s.w.r.operation.CachingOperationNameGenerator -
				Generating unique operation named: deleteByIdUsingPOST_1
2022-07-21 07:18:38.194 [restartedMain] INFO  s.d.s.w.r.operation.CachingOperationNameGenerator -
				Generating unique operation named: deletePermanentlyUsingPOST_1
2022-07-21 07:18:38.210 [restartedMain] INFO  s.d.s.w.r.operation.CachingOperationNameGenerator -
				Generating unique operation named: avatarUsingPOST_2
2022-07-21 07:18:38.234 [restartedMain] INFO  s.d.s.w.r.operation.CachingOperationNameGenerator -
				Generating unique operation named: analyseFileUsingGET_1
2022-07-21 07:18:38.235 [restartedMain] INFO  s.d.s.w.r.operation.CachingOperationNameGenerator -
				Generating unique operation named: avatarUsingPOST_3
2022-07-21 07:18:38.235 [restartedMain] INFO  s.d.s.w.r.operation.CachingOperationNameGenerator -
				Generating unique operation named: dataRecoveryUsingPOST_2
2022-07-21 07:18:38.237 [restartedMain] INFO  s.d.s.w.r.operation.CachingOperationNameGenerator -
				Generating unique operation named: deleteByIdUsingPOST_2
2022-07-21 07:18:38.238 [restartedMain] INFO  s.d.s.w.r.operation.CachingOperationNameGenerator -
				Generating unique operation named: deletePermanentlyUsingPOST_2
2022-07-21 07:18:38.239 [restartedMain] INFO  s.d.s.w.r.operation.CachingOperationNameGenerator -
				Generating unique operation named: exportDataUserUsingPOST_1
2022-07-21 07:18:38.242 [restartedMain] INFO  s.d.s.w.r.operation.CachingOperationNameGenerator -
				Generating unique operation named: getDeletesUsingGET_1
2022-07-21 07:18:38.244 [restartedMain] INFO  s.d.s.w.r.operation.CachingOperationNameGenerator -
				Generating unique operation named: updateUserUsingPOST_1
2022-07-21 07:18:38.245 [restartedMain] INFO  s.d.s.w.r.operation.CachingOperationNameGenerator -
				Generating unique operation named: uploadToServerUsingPOST_1
2022-07-21 07:18:38.246 [restartedMain] INFO  s.d.s.w.r.operation.CachingOperationNameGenerator -
				Generating unique operation named: userTemplateDownloadUsingPOST_1
2022-07-21 07:18:38.261 [restartedMain] INFO  org.apache.coyote.http11.Http11NioProtocol -
				Starting ProtocolHandler ["http-nio-8000"]
2022-07-21 07:18:38.280 [restartedMain] INFO  o.s.boot.web.embedded.tomcat.TomcatWebServer -
				Tomcat started on port(s): 8000 (http) with context path '/hospital'
2022-07-21 07:18:38.281 [restartedMain] INFO  com.max.back.BackApplication -
				Started BackApplication in 4.49 seconds (JVM running for 5.726)
2022-07-21 07:18:43.746 [http-nio-8000-exec-2] INFO  o.a.c.c.C.[Tomcat].[localhost].[/hospital] -
				Initializing Spring DispatcherServlet 'dispatcherServlet'
2022-07-21 07:18:43.747 [http-nio-8000-exec-2] INFO  org.springframework.web.servlet.DispatcherServlet -
				Initializing Servlet 'dispatcherServlet'
2022-07-21 07:18:43.753 [http-nio-8000-exec-2] INFO  org.springframework.web.servlet.DispatcherServlet -
				Completed initialization in 6 ms
2022-07-21 07:18:43.907 [http-nio-8000-exec-5] INFO  io.lettuce.core.EpollProvider -
				Starting without optional epoll library
2022-07-21 07:18:43.911 [http-nio-8000-exec-5] INFO  io.lettuce.core.KqueueProvider -
				Starting without optional kqueue library
2022-07-21 07:18:44.401 [http-nio-8000-exec-6] INFO  com.zaxxer.hikari.HikariDataSource -
				HikariPool-1 - Starting...
2022-07-21 07:18:44.761 [http-nio-8000-exec-6] INFO  com.zaxxer.hikari.HikariDataSource -
				HikariPool-1 - Start completed.
2022-07-21 08:51:01.223 [restartedMain] INFO  com.max.back.BackApplication -
				Starting BackApplication on LAPTOP-IMQHF2DI with PID 16200 (started by 86155 in E:\我的桌面\donruan\neusoft-java\springbootapi\springbootapi)
2022-07-21 08:51:01.227 [restartedMain] INFO  com.max.back.BackApplication -
				The following profiles are active: test
2022-07-21 08:51:01.325 [restartedMain] INFO  o.s.b.d.env.DevToolsPropertyDefaultsPostProcessor -
				Devtools property defaults active! Set 'spring.devtools.add-properties' to 'false' to disable
2022-07-21 08:51:01.325 [restartedMain] INFO  o.s.b.d.env.DevToolsPropertyDefaultsPostProcessor -
				For additional web related logging consider setting the 'logging.level.web' property to 'DEBUG'
2022-07-21 08:51:03.269 [restartedMain] INFO  o.s.d.r.config.RepositoryConfigurationDelegate -
				Multiple Spring Data modules found, entering strict repository configuration mode!
2022-07-21 08:51:03.269 [restartedMain] INFO  o.s.d.r.config.RepositoryConfigurationDelegate -
				Bootstrapping Spring Data repositories in DEFAULT mode.
2022-07-21 08:51:03.300 [restartedMain] INFO  o.s.d.r.config.RepositoryConfigurationDelegate -
				Finished Spring Data repository scanning in 25ms. Found 0 repository interfaces.
2022-07-21 08:51:03.317 [restartedMain] INFO  o.s.d.r.config.RepositoryConfigurationDelegate -
				Multiple Spring Data modules found, entering strict repository configuration mode!
2022-07-21 08:51:03.319 [restartedMain] INFO  o.s.d.r.config.RepositoryConfigurationDelegate -
				Bootstrapping Spring Data repositories in DEFAULT mode.
2022-07-21 08:51:03.341 [restartedMain] INFO  o.s.d.r.config.RepositoryConfigurationDelegate -
				Finished Spring Data repository scanning in 12ms. Found 0 repository interfaces.
2022-07-21 08:51:03.761 [restartedMain] INFO  o.s.c.s.PostProcessorRegistrationDelegate$BeanPostProcessorChecker -
				Bean 'org.springframework.transaction.annotation.ProxyTransactionManagementConfiguration' of type [org.springframework.transaction.annotation.ProxyTransactionManagementConfiguration$$EnhancerBySpringCGLIB$$cd55f153] is not eligible for getting processed by all BeanPostProcessors (for example: not eligible for auto-proxying)
2022-07-21 08:51:03.796 [restartedMain] INFO  o.s.c.s.PostProcessorRegistrationDelegate$BeanPostProcessorChecker -
				Bean 'redisConfig' of type [com.max.back.common.config.RedisConfig$$EnhancerBySpringCGLIB$$8aaa68fc] is not eligible for getting processed by all BeanPostProcessors (for example: not eligible for auto-proxying)
2022-07-21 08:51:04.359 [restartedMain] INFO  o.s.boot.web.embedded.tomcat.TomcatWebServer -
				Tomcat initialized with port(s): 8000 (http)
2022-07-21 08:51:04.384 [restartedMain] INFO  org.apache.coyote.http11.Http11NioProtocol -
				Initializing ProtocolHandler ["http-nio-8000"]
2022-07-21 08:51:04.403 [restartedMain] INFO  org.apache.catalina.core.StandardService -
				Starting service [Tomcat]
2022-07-21 08:51:04.403 [restartedMain] INFO  org.apache.catalina.core.StandardEngine -
				Starting Servlet engine: [Apache Tomcat/9.0.24]
2022-07-21 08:51:05.690 [restartedMain] INFO  o.a.c.c.C.[Tomcat].[localhost].[/hospital] -
				Initializing Spring embedded WebApplicationContext
2022-07-21 08:51:05.691 [restartedMain] INFO  org.springframework.web.context.ContextLoader -
				Root WebApplicationContext: initialization completed in 4365 ms
2022-07-21 08:51:08.924 [restartedMain] INFO  s.d.s.w.PropertySourcedRequestMappingHandlerMapping -
				Mapped URL path [/v2/api-docs] onto method [public org.springframework.http.ResponseEntity<springfox.documentation.spring.web.json.Json> springfox.documentation.swagger2.web.Swagger2Controller.getDocumentation(java.lang.String,javax.servlet.http.HttpServletRequest)]
2022-07-21 08:51:09.124 [restartedMain] INFO  o.s.scheduling.concurrent.ThreadPoolTaskExecutor -
				Initializing ExecutorService 'applicationTaskExecutor'
2022-07-21 08:51:09.210 [restartedMain] INFO  o.s.b.d.autoconfigure.OptionalLiveReloadServer -
				LiveReload server is running on port 35729
2022-07-21 08:51:09.691 [restartedMain] INFO  s.d.s.web.plugins.DocumentationPluginsBootstrapper -
				Context refreshed
2022-07-21 08:51:09.725 [restartedMain] INFO  s.d.s.web.plugins.DocumentationPluginsBootstrapper -
				Found 1 custom documentation plugin(s)
2022-07-21 08:51:09.797 [restartedMain] INFO  s.d.spring.web.scanners.ApiListingReferenceScanner -
				Scanning for api listing references
2022-07-21 08:51:10.109 [restartedMain] INFO  s.d.s.w.r.operation.CachingOperationNameGenerator -
				Generating unique operation named: avatarUsingPOST_1
2022-07-21 08:51:10.110 [restartedMain] INFO  s.d.s.w.r.operation.CachingOperationNameGenerator -
				Generating unique operation named: dataRecoveryUsingPOST_1
2022-07-21 08:51:10.113 [restartedMain] INFO  s.d.s.w.r.operation.CachingOperationNameGenerator -
				Generating unique operation named: deleteByIdUsingPOST_1
2022-07-21 08:51:10.115 [restartedMain] INFO  s.d.s.w.r.operation.CachingOperationNameGenerator -
				Generating unique operation named: deletePermanentlyUsingPOST_1
2022-07-21 08:51:10.138 [restartedMain] INFO  s.d.s.w.r.operation.CachingOperationNameGenerator -
				Generating unique operation named: avatarUsingPOST_2
2022-07-21 08:51:10.190 [restartedMain] INFO  s.d.s.w.r.operation.CachingOperationNameGenerator -
				Generating unique operation named: analyseFileUsingGET_1
2022-07-21 08:51:10.191 [restartedMain] INFO  s.d.s.w.r.operation.CachingOperationNameGenerator -
				Generating unique operation named: avatarUsingPOST_3
2022-07-21 08:51:10.193 [restartedMain] INFO  s.d.s.w.r.operation.CachingOperationNameGenerator -
				Generating unique operation named: dataRecoveryUsingPOST_2
2022-07-21 08:51:10.195 [restartedMain] INFO  s.d.s.w.r.operation.CachingOperationNameGenerator -
				Generating unique operation named: deleteByIdUsingPOST_2
2022-07-21 08:51:10.196 [restartedMain] INFO  s.d.s.w.r.operation.CachingOperationNameGenerator -
				Generating unique operation named: deletePermanentlyUsingPOST_2
2022-07-21 08:51:10.197 [restartedMain] INFO  s.d.s.w.r.operation.CachingOperationNameGenerator -
				Generating unique operation named: exportDataUserUsingPOST_1
2022-07-21 08:51:10.201 [restartedMain] INFO  s.d.s.w.r.operation.CachingOperationNameGenerator -
				Generating unique operation named: getDeletesUsingGET_1
2022-07-21 08:51:10.203 [restartedMain] INFO  s.d.s.w.r.operation.CachingOperationNameGenerator -
				Generating unique operation named: updateUserUsingPOST_1
2022-07-21 08:51:10.204 [restartedMain] INFO  s.d.s.w.r.operation.CachingOperationNameGenerator -
				Generating unique operation named: uploadToServerUsingPOST_1
2022-07-21 08:51:10.205 [restartedMain] INFO  s.d.s.w.r.operation.CachingOperationNameGenerator -
				Generating unique operation named: userTemplateDownloadUsingPOST_1
2022-07-21 08:51:10.229 [restartedMain] INFO  org.apache.coyote.http11.Http11NioProtocol -
				Starting ProtocolHandler ["http-nio-8000"]
2022-07-21 08:51:10.256 [restartedMain] INFO  o.s.boot.web.embedded.tomcat.TomcatWebServer -
				Tomcat started on port(s): 8000 (http) with context path '/hospital'
2022-07-21 08:51:10.261 [restartedMain] INFO  com.max.back.BackApplication -
				Started BackApplication in 10.033 seconds (JVM running for 13.597)
2022-07-21 08:51:12.041 [http-nio-8000-exec-2] INFO  o.a.c.c.C.[Tomcat].[localhost].[/hospital] -
				Initializing Spring DispatcherServlet 'dispatcherServlet'
2022-07-21 08:51:12.041 [http-nio-8000-exec-2] INFO  org.springframework.web.servlet.DispatcherServlet -
				Initializing Servlet 'dispatcherServlet'
2022-07-21 08:51:12.068 [http-nio-8000-exec-2] INFO  org.springframework.web.servlet.DispatcherServlet -
				Completed initialization in 27 ms
2022-07-21 08:51:12.218 [http-nio-8000-exec-1] INFO  com.zaxxer.hikari.HikariDataSource -
				HikariPool-1 - Starting...
2022-07-21 08:51:12.656 [http-nio-8000-exec-1] INFO  com.zaxxer.hikari.HikariDataSource -
				HikariPool-1 - Start completed.
2022-07-21 09:08:13.785 [http-nio-8000-exec-6] INFO  io.lettuce.core.EpollProvider -
				Starting without optional epoll library
2022-07-21 09:08:13.786 [http-nio-8000-exec-6] INFO  io.lettuce.core.KqueueProvider -
				Starting without optional kqueue library
2022-07-21 13:31:04.256 [Thread-26] INFO  o.s.scheduling.concurrent.ThreadPoolTaskExecutor -
				Shutting down ExecutorService 'applicationTaskExecutor'
2022-07-21 13:31:04.263 [Thread-26] INFO  com.zaxxer.hikari.HikariDataSource -
				HikariPool-1 - Shutdown initiated...
2022-07-21 13:31:04.273 [Thread-26] INFO  com.zaxxer.hikari.HikariDataSource -
				HikariPool-1 - Shutdown completed.
2022-07-21 13:31:54.734 [restartedMain] INFO  com.max.back.BackApplication -
				Starting BackApplication on LAPTOP-IMQHF2DI with PID 9180 (started by 86155 in E:\我的桌面\donruan\neusoft-java\springbootapi\springbootapi)
2022-07-21 13:31:54.737 [restartedMain] INFO  com.max.back.BackApplication -
				The following profiles are active: test
2022-07-21 13:31:54.771 [restartedMain] INFO  o.s.b.d.env.DevToolsPropertyDefaultsPostProcessor -
				Devtools property defaults active! Set 'spring.devtools.add-properties' to 'false' to disable
2022-07-21 13:31:54.772 [restartedMain] INFO  o.s.b.d.env.DevToolsPropertyDefaultsPostProcessor -
				For additional web related logging consider setting the 'logging.level.web' property to 'DEBUG'
2022-07-21 13:31:55.690 [restartedMain] INFO  o.s.d.r.config.RepositoryConfigurationDelegate -
				Multiple Spring Data modules found, entering strict repository configuration mode!
2022-07-21 13:31:55.691 [restartedMain] INFO  o.s.d.r.config.RepositoryConfigurationDelegate -
				Bootstrapping Spring Data repositories in DEFAULT mode.
2022-07-21 13:31:55.711 [restartedMain] INFO  o.s.d.r.config.RepositoryConfigurationDelegate -
				Finished Spring Data repository scanning in 17ms. Found 0 repository interfaces.
2022-07-21 13:31:55.711 [restartedMain] INFO  o.s.d.r.config.RepositoryConfigurationDelegate -
				Multiple Spring Data modules found, entering strict repository configuration mode!
2022-07-21 13:31:55.721 [restartedMain] INFO  o.s.d.r.config.RepositoryConfigurationDelegate -
				Bootstrapping Spring Data repositories in DEFAULT mode.
2022-07-21 13:31:55.736 [restartedMain] INFO  o.s.d.r.config.RepositoryConfigurationDelegate -
				Finished Spring Data repository scanning in 10ms. Found 0 repository interfaces.
2022-07-21 13:31:56.019 [restartedMain] INFO  o.s.c.s.PostProcessorRegistrationDelegate$BeanPostProcessorChecker -
				Bean 'org.springframework.transaction.annotation.ProxyTransactionManagementConfiguration' of type [org.springframework.transaction.annotation.ProxyTransactionManagementConfiguration$$EnhancerBySpringCGLIB$$e717f752] is not eligible for getting processed by all BeanPostProcessors (for example: not eligible for auto-proxying)
2022-07-21 13:31:56.038 [restartedMain] INFO  o.s.c.s.PostProcessorRegistrationDelegate$BeanPostProcessorChecker -
				Bean 'redisConfig' of type [com.max.back.common.config.RedisConfig$$EnhancerBySpringCGLIB$$a46c6efb] is not eligible for getting processed by all BeanPostProcessors (for example: not eligible for auto-proxying)
2022-07-21 13:31:56.407 [restartedMain] INFO  o.s.boot.web.embedded.tomcat.TomcatWebServer -
				Tomcat initialized with port(s): 8000 (http)
2022-07-21 13:31:56.422 [restartedMain] INFO  org.apache.coyote.http11.Http11NioProtocol -
				Initializing ProtocolHandler ["http-nio-8000"]
2022-07-21 13:31:56.430 [restartedMain] INFO  org.apache.catalina.core.StandardService -
				Starting service [Tomcat]
2022-07-21 13:31:56.430 [restartedMain] INFO  org.apache.catalina.core.StandardEngine -
				Starting Servlet engine: [Apache Tomcat/9.0.24]
2022-07-21 13:31:56.863 [restartedMain] INFO  o.a.c.c.C.[Tomcat].[localhost].[/hospital] -
				Initializing Spring embedded WebApplicationContext
2022-07-21 13:31:56.863 [restartedMain] INFO  org.springframework.web.context.ContextLoader -
				Root WebApplicationContext: initialization completed in 2091 ms
2022-07-21 13:31:58.075 [restartedMain] INFO  s.d.s.w.PropertySourcedRequestMappingHandlerMapping -
				Mapped URL path [/v2/api-docs] onto method [public org.springframework.http.ResponseEntity<springfox.documentation.spring.web.json.Json> springfox.documentation.swagger2.web.Swagger2Controller.getDocumentation(java.lang.String,javax.servlet.http.HttpServletRequest)]
2022-07-21 13:31:58.189 [restartedMain] INFO  o.s.scheduling.concurrent.ThreadPoolTaskExecutor -
				Initializing ExecutorService 'applicationTaskExecutor'
2022-07-21 13:31:58.232 [restartedMain] INFO  o.s.b.d.autoconfigure.OptionalLiveReloadServer -
				LiveReload server is running on port 35729
2022-07-21 13:31:58.506 [restartedMain] INFO  s.d.s.web.plugins.DocumentationPluginsBootstrapper -
				Context refreshed
2022-07-21 13:31:58.526 [restartedMain] INFO  s.d.s.web.plugins.DocumentationPluginsBootstrapper -
				Found 1 custom documentation plugin(s)
2022-07-21 13:31:58.556 [restartedMain] INFO  s.d.spring.web.scanners.ApiListingReferenceScanner -
				Scanning for api listing references
2022-07-21 13:31:58.759 [restartedMain] INFO  s.d.s.w.r.operation.CachingOperationNameGenerator -
				Generating unique operation named: avatarUsingPOST_1
2022-07-21 13:31:58.760 [restartedMain] INFO  s.d.s.w.r.operation.CachingOperationNameGenerator -
				Generating unique operation named: dataRecoveryUsingPOST_1
2022-07-21 13:31:58.761 [restartedMain] INFO  s.d.s.w.r.operation.CachingOperationNameGenerator -
				Generating unique operation named: deleteByIdUsingPOST_1
2022-07-21 13:31:58.762 [restartedMain] INFO  s.d.s.w.r.operation.CachingOperationNameGenerator -
				Generating unique operation named: deletePermanentlyUsingPOST_1
2022-07-21 13:31:58.777 [restartedMain] INFO  s.d.s.w.r.operation.CachingOperationNameGenerator -
				Generating unique operation named: avatarUsingPOST_2
2022-07-21 13:31:58.799 [restartedMain] INFO  s.d.s.w.r.operation.CachingOperationNameGenerator -
				Generating unique operation named: analyseFileUsingGET_1
2022-07-21 13:31:58.800 [restartedMain] INFO  s.d.s.w.r.operation.CachingOperationNameGenerator -
				Generating unique operation named: avatarUsingPOST_3
2022-07-21 13:31:58.801 [restartedMain] INFO  s.d.s.w.r.operation.CachingOperationNameGenerator -
				Generating unique operation named: dataRecoveryUsingPOST_2
2022-07-21 13:31:58.803 [restartedMain] INFO  s.d.s.w.r.operation.CachingOperationNameGenerator -
				Generating unique operation named: deleteByIdUsingPOST_2
2022-07-21 13:31:58.803 [restartedMain] INFO  s.d.s.w.r.operation.CachingOperationNameGenerator -
				Generating unique operation named: deletePermanentlyUsingPOST_2
2022-07-21 13:31:58.804 [restartedMain] INFO  s.d.s.w.r.operation.CachingOperationNameGenerator -
				Generating unique operation named: exportDataUserUsingPOST_1
2022-07-21 13:31:58.806 [restartedMain] INFO  s.d.s.w.r.operation.CachingOperationNameGenerator -
				Generating unique operation named: getDeletesUsingGET_1
2022-07-21 13:31:58.807 [restartedMain] INFO  s.d.s.w.r.operation.CachingOperationNameGenerator -
				Generating unique operation named: updateUserUsingPOST_1
2022-07-21 13:31:58.807 [restartedMain] INFO  s.d.s.w.r.operation.CachingOperationNameGenerator -
				Generating unique operation named: uploadToServerUsingPOST_1
2022-07-21 13:31:58.808 [restartedMain] INFO  s.d.s.w.r.operation.CachingOperationNameGenerator -
				Generating unique operation named: userTemplateDownloadUsingPOST_1
2022-07-21 13:31:58.821 [restartedMain] INFO  org.apache.coyote.http11.Http11NioProtocol -
				Starting ProtocolHandler ["http-nio-8000"]
2022-07-21 13:31:58.842 [restartedMain] INFO  o.s.boot.web.embedded.tomcat.TomcatWebServer -
				Tomcat started on port(s): 8000 (http) with context path '/hospital'
2022-07-21 13:31:58.845 [restartedMain] INFO  com.max.back.BackApplication -
				Started BackApplication in 4.608 seconds (JVM running for 5.903)
2022-07-21 13:32:07.240 [http-nio-8000-exec-1] INFO  o.a.c.c.C.[Tomcat].[localhost].[/hospital] -
				Initializing Spring DispatcherServlet 'dispatcherServlet'
2022-07-21 13:32:07.241 [http-nio-8000-exec-1] INFO  org.springframework.web.servlet.DispatcherServlet -
				Initializing Servlet 'dispatcherServlet'
2022-07-21 13:32:07.261 [http-nio-8000-exec-1] INFO  org.springframework.web.servlet.DispatcherServlet -
				Completed initialization in 16 ms
2022-07-21 13:32:07.416 [http-nio-8000-exec-1] INFO  com.zaxxer.hikari.HikariDataSource -
				HikariPool-1 - Starting...
2022-07-21 13:32:07.836 [http-nio-8000-exec-1] INFO  com.zaxxer.hikari.HikariDataSource -
				HikariPool-1 - Start completed.
2022-07-21 13:32:15.821 [http-nio-8000-exec-1] INFO  io.lettuce.core.EpollProvider -
				Starting without optional epoll library
2022-07-21 13:32:15.823 [http-nio-8000-exec-1] INFO  io.lettuce.core.KqueueProvider -
				Starting without optional kqueue library
2022-07-21 13:32:51.262 [Thread-18] INFO  o.s.scheduling.concurrent.ThreadPoolTaskExecutor -
				Shutting down ExecutorService 'applicationTaskExecutor'
2022-07-21 13:32:51.265 [Thread-18] INFO  com.zaxxer.hikari.HikariDataSource -
				HikariPool-1 - Shutdown initiated...
2022-07-21 13:32:51.270 [Thread-18] INFO  com.zaxxer.hikari.HikariDataSource -
				HikariPool-1 - Shutdown completed.
2022-07-21 14:35:42.145 [restartedMain] INFO  com.max.back.BackApplication -
				Starting BackApplication on LAPTOP-IMQHF2DI with PID 6008 (started by 86155 in E:\我的桌面\donruan\neusoft-java\springbootapi\springbootapi)
2022-07-21 14:35:42.151 [restartedMain] INFO  com.max.back.BackApplication -
				The following profiles are active: test
2022-07-21 14:35:42.237 [restartedMain] INFO  o.s.b.d.env.DevToolsPropertyDefaultsPostProcessor -
				Devtools property defaults active! Set 'spring.devtools.add-properties' to 'false' to disable
2022-07-21 14:35:42.237 [restartedMain] INFO  o.s.b.d.env.DevToolsPropertyDefaultsPostProcessor -
				For additional web related logging consider setting the 'logging.level.web' property to 'DEBUG'
2022-07-21 14:35:43.476 [restartedMain] INFO  o.s.d.r.config.RepositoryConfigurationDelegate -
				Multiple Spring Data modules found, entering strict repository configuration mode!
2022-07-21 14:35:43.477 [restartedMain] INFO  o.s.d.r.config.RepositoryConfigurationDelegate -
				Bootstrapping Spring Data repositories in DEFAULT mode.
2022-07-21 14:35:43.506 [restartedMain] INFO  o.s.d.r.config.RepositoryConfigurationDelegate -
				Finished Spring Data repository scanning in 23ms. Found 0 repository interfaces.
2022-07-21 14:35:43.519 [restartedMain] INFO  o.s.d.r.config.RepositoryConfigurationDelegate -
				Multiple Spring Data modules found, entering strict repository configuration mode!
2022-07-21 14:35:43.520 [restartedMain] INFO  o.s.d.r.config.RepositoryConfigurationDelegate -
				Bootstrapping Spring Data repositories in DEFAULT mode.
2022-07-21 14:35:43.537 [restartedMain] INFO  o.s.d.r.config.RepositoryConfigurationDelegate -
				Finished Spring Data repository scanning in 9ms. Found 0 repository interfaces.
2022-07-21 14:35:43.860 [restartedMain] INFO  o.s.c.s.PostProcessorRegistrationDelegate$BeanPostProcessorChecker -
				Bean 'org.springframework.transaction.annotation.ProxyTransactionManagementConfiguration' of type [org.springframework.transaction.annotation.ProxyTransactionManagementConfiguration$$EnhancerBySpringCGLIB$$6d521e82] is not eligible for getting processed by all BeanPostProcessors (for example: not eligible for auto-proxying)
2022-07-21 14:35:43.883 [restartedMain] INFO  o.s.c.s.PostProcessorRegistrationDelegate$BeanPostProcessorChecker -
				Bean 'redisConfig' of type [com.max.back.common.config.RedisConfig$$EnhancerBySpringCGLIB$$2aa6962b] is not eligible for getting processed by all BeanPostProcessors (for example: not eligible for auto-proxying)
2022-07-21 14:35:44.262 [restartedMain] INFO  o.s.boot.web.embedded.tomcat.TomcatWebServer -
				Tomcat initialized with port(s): 8000 (http)
2022-07-21 14:35:44.276 [restartedMain] INFO  org.apache.coyote.http11.Http11NioProtocol -
				Initializing ProtocolHandler ["http-nio-8000"]
2022-07-21 14:35:44.286 [restartedMain] INFO  org.apache.catalina.core.StandardService -
				Starting service [Tomcat]
2022-07-21 14:35:44.286 [restartedMain] INFO  org.apache.catalina.core.StandardEngine -
				Starting Servlet engine: [Apache Tomcat/9.0.24]
2022-07-21 14:35:44.745 [restartedMain] INFO  o.a.c.c.C.[Tomcat].[localhost].[/hospital] -
				Initializing Spring embedded WebApplicationContext
2022-07-21 14:35:44.746 [restartedMain] INFO  org.springframework.web.context.ContextLoader -
				Root WebApplicationContext: initialization completed in 2508 ms
2022-07-21 14:35:46.167 [restartedMain] INFO  s.d.s.w.PropertySourcedRequestMappingHandlerMapping -
				Mapped URL path [/v2/api-docs] onto method [public org.springframework.http.ResponseEntity<springfox.documentation.spring.web.json.Json> springfox.documentation.swagger2.web.Swagger2Controller.getDocumentation(java.lang.String,javax.servlet.http.HttpServletRequest)]
2022-07-21 14:35:46.310 [restartedMain] INFO  o.s.scheduling.concurrent.ThreadPoolTaskExecutor -
				Initializing ExecutorService 'applicationTaskExecutor'
2022-07-21 14:35:46.375 [restartedMain] INFO  o.s.b.d.autoconfigure.OptionalLiveReloadServer -
				LiveReload server is running on port 35729
2022-07-21 14:35:46.686 [restartedMain] INFO  s.d.s.web.plugins.DocumentationPluginsBootstrapper -
				Context refreshed
2022-07-21 14:35:46.708 [restartedMain] INFO  s.d.s.web.plugins.DocumentationPluginsBootstrapper -
				Found 1 custom documentation plugin(s)
2022-07-21 14:35:46.744 [restartedMain] INFO  s.d.spring.web.scanners.ApiListingReferenceScanner -
				Scanning for api listing references
2022-07-21 14:35:46.937 [restartedMain] INFO  s.d.s.w.r.operation.CachingOperationNameGenerator -
				Generating unique operation named: avatarUsingPOST_1
2022-07-21 14:35:46.938 [restartedMain] INFO  s.d.s.w.r.operation.CachingOperationNameGenerator -
				Generating unique operation named: dataRecoveryUsingPOST_1
2022-07-21 14:35:46.939 [restartedMain] INFO  s.d.s.w.r.operation.CachingOperationNameGenerator -
				Generating unique operation named: deleteByIdUsingPOST_1
2022-07-21 14:35:46.940 [restartedMain] INFO  s.d.s.w.r.operation.CachingOperationNameGenerator -
				Generating unique operation named: deletePermanentlyUsingPOST_1
2022-07-21 14:35:46.958 [restartedMain] INFO  s.d.s.w.r.operation.CachingOperationNameGenerator -
				Generating unique operation named: avatarUsingPOST_2
2022-07-21 14:35:46.981 [restartedMain] INFO  s.d.s.w.r.operation.CachingOperationNameGenerator -
				Generating unique operation named: analyseFileUsingGET_1
2022-07-21 14:35:46.982 [restartedMain] INFO  s.d.s.w.r.operation.CachingOperationNameGenerator -
				Generating unique operation named: avatarUsingPOST_3
2022-07-21 14:35:46.983 [restartedMain] INFO  s.d.s.w.r.operation.CachingOperationNameGenerator -
				Generating unique operation named: dataRecoveryUsingPOST_2
2022-07-21 14:35:46.984 [restartedMain] INFO  s.d.s.w.r.operation.CachingOperationNameGenerator -
				Generating unique operation named: deleteByIdUsingPOST_2
2022-07-21 14:35:46.985 [restartedMain] INFO  s.d.s.w.r.operation.CachingOperationNameGenerator -
				Generating unique operation named: deletePermanentlyUsingPOST_2
2022-07-21 14:35:46.985 [restartedMain] INFO  s.d.s.w.r.operation.CachingOperationNameGenerator -
				Generating unique operation named: exportDataUserUsingPOST_1
2022-07-21 14:35:46.988 [restartedMain] INFO  s.d.s.w.r.operation.CachingOperationNameGenerator -
				Generating unique operation named: getDeletesUsingGET_1
2022-07-21 14:35:46.989 [restartedMain] INFO  s.d.s.w.r.operation.CachingOperationNameGenerator -
				Generating unique operation named: updateUserUsingPOST_1
2022-07-21 14:35:46.990 [restartedMain] INFO  s.d.s.w.r.operation.CachingOperationNameGenerator -
				Generating unique operation named: uploadToServerUsingPOST_1
2022-07-21 14:35:46.990 [restartedMain] INFO  s.d.s.w.r.operation.CachingOperationNameGenerator -
				Generating unique operation named: userTemplateDownloadUsingPOST_1
2022-07-21 14:35:47.006 [restartedMain] INFO  org.apache.coyote.http11.Http11NioProtocol -
				Starting ProtocolHandler ["http-nio-8000"]
2022-07-21 14:35:47.024 [restartedMain] INFO  o.s.boot.web.embedded.tomcat.TomcatWebServer -
				Tomcat started on port(s): 8000 (http) with context path '/hospital'
2022-07-21 14:35:47.027 [restartedMain] INFO  com.max.back.BackApplication -
				Started BackApplication in 5.983 seconds (JVM running for 7.747)
2022-07-21 14:36:09.048 [http-nio-8000-exec-1] INFO  o.a.c.c.C.[Tomcat].[localhost].[/hospital] -
				Initializing Spring DispatcherServlet 'dispatcherServlet'
2022-07-21 14:36:09.048 [http-nio-8000-exec-1] INFO  org.springframework.web.servlet.DispatcherServlet -
				Initializing Servlet 'dispatcherServlet'
2022-07-21 14:36:09.057 [http-nio-8000-exec-1] INFO  org.springframework.web.servlet.DispatcherServlet -
				Completed initialization in 9 ms
2022-07-21 14:36:09.229 [http-nio-8000-exec-1] INFO  com.zaxxer.hikari.HikariDataSource -
				HikariPool-1 - Starting...
2022-07-21 14:36:09.607 [http-nio-8000-exec-1] INFO  com.zaxxer.hikari.HikariDataSource -
				HikariPool-1 - Start completed.
2022-07-21 14:36:09.781 [http-nio-8000-exec-1] INFO  io.lettuce.core.EpollProvider -
				Starting without optional epoll library
2022-07-21 14:36:09.782 [http-nio-8000-exec-1] INFO  io.lettuce.core.KqueueProvider -
				Starting without optional kqueue library
