2022-07-22 14:14:24.896 [Thread-21] INFO  o.s.scheduling.concurrent.ThreadPoolTaskExecutor -
				Shutting down ExecutorService 'applicationTaskExecutor'
2022-07-22 14:14:24.905 [Thread-21] INFO  com.zaxxer.hikari.HikariDataSource -
				HikariPool-1 - Shutdown initiated...
2022-07-22 14:14:24.910 [Thread-21] INFO  com.zaxxer.hikari.HikariDataSource -
				HikariPool-1 - Shutdown completed.
2022-07-22 14:14:36.352 [restartedMain] INFO  com.max.back.BackApplication -
				Starting BackApplication on LAPTOP-IMQHF2DI with PID 18440 (started by 86155 in E:\我的桌面\donruan\neusoft-java\springbootapi\springbootapi)
2022-07-22 14:14:36.354 [restartedMain] INFO  com.max.back.BackApplication -
				The following profiles are active: test
2022-07-22 14:14:36.420 [restartedMain] INFO  o.s.b.d.env.DevToolsPropertyDefaultsPostProcessor -
				Devtools property defaults active! Set 'spring.devtools.add-properties' to 'false' to disable
2022-07-22 14:14:36.420 [restartedMain] INFO  o.s.b.d.env.DevToolsPropertyDefaultsPostProcessor -
				For additional web related logging consider setting the 'logging.level.web' property to 'DEBUG'
2022-07-22 14:14:37.472 [restartedMain] INFO  o.s.d.r.config.RepositoryConfigurationDelegate -
				Multiple Spring Data modules found, entering strict repository configuration mode!
2022-07-22 14:14:37.473 [restartedMain] INFO  o.s.d.r.config.RepositoryConfigurationDelegate -
				Bootstrapping Spring Data repositories in DEFAULT mode.
2022-07-22 14:14:37.506 [restartedMain] INFO  o.s.d.r.config.RepositoryConfigurationDelegate -
				Finished Spring Data repository scanning in 27ms. Found 0 repository interfaces.
2022-07-22 14:14:37.517 [restartedMain] INFO  o.s.d.r.config.RepositoryConfigurationDelegate -
				Multiple Spring Data modules found, entering strict repository configuration mode!
2022-07-22 14:14:37.519 [restartedMain] INFO  o.s.d.r.config.RepositoryConfigurationDelegate -
				Bootstrapping Spring Data repositories in DEFAULT mode.
2022-07-22 14:14:37.537 [restartedMain] INFO  o.s.d.r.config.RepositoryConfigurationDelegate -
				Finished Spring Data repository scanning in 10ms. Found 0 repository interfaces.
2022-07-22 14:14:37.860 [restartedMain] INFO  o.s.c.s.PostProcessorRegistrationDelegate$BeanPostProcessorChecker -
				Bean 'org.springframework.transaction.annotation.ProxyTransactionManagementConfiguration' of type [org.springframework.transaction.annotation.ProxyTransactionManagementConfiguration$$EnhancerBySpringCGLIB$$1d39715e] is not eligible for getting processed by all BeanPostProcessors (for example: not eligible for auto-proxying)
2022-07-22 14:14:37.885 [restartedMain] INFO  o.s.c.s.PostProcessorRegistrationDelegate$BeanPostProcessorChecker -
				Bean 'redisConfig' of type [com.max.back.common.config.RedisConfig$$EnhancerBySpringCGLIB$$da8de907] is not eligible for getting processed by all BeanPostProcessors (for example: not eligible for auto-proxying)
2022-07-22 14:14:38.419 [restartedMain] INFO  o.s.boot.web.embedded.tomcat.TomcatWebServer -
				Tomcat initialized with port(s): 8000 (http)
2022-07-22 14:14:38.444 [restartedMain] INFO  org.apache.coyote.http11.Http11NioProtocol -
				Initializing ProtocolHandler ["http-nio-8000"]
2022-07-22 14:14:38.455 [restartedMain] INFO  org.apache.catalina.core.StandardService -
				Starting service [Tomcat]
2022-07-22 14:14:38.455 [restartedMain] INFO  org.apache.catalina.core.StandardEngine -
				Starting Servlet engine: [Apache Tomcat/9.0.24]
2022-07-22 14:14:39.001 [restartedMain] INFO  o.a.c.c.C.[Tomcat].[localhost].[/hospital] -
				Initializing Spring embedded WebApplicationContext
2022-07-22 14:14:39.002 [restartedMain] INFO  org.springframework.web.context.ContextLoader -
				Root WebApplicationContext: initialization completed in 2581 ms
2022-07-22 14:14:40.633 [restartedMain] INFO  s.d.s.w.PropertySourcedRequestMappingHandlerMapping -
				Mapped URL path [/v2/api-docs] onto method [public org.springframework.http.ResponseEntity<springfox.documentation.spring.web.json.Json> springfox.documentation.swagger2.web.Swagger2Controller.getDocumentation(java.lang.String,javax.servlet.http.HttpServletRequest)]
2022-07-22 14:14:40.768 [restartedMain] INFO  o.s.scheduling.concurrent.ThreadPoolTaskExecutor -
				Initializing ExecutorService 'applicationTaskExecutor'
2022-07-22 14:14:40.818 [restartedMain] INFO  o.s.b.d.autoconfigure.OptionalLiveReloadServer -
				LiveReload server is running on port 35729
2022-07-22 14:14:41.121 [restartedMain] INFO  s.d.s.web.plugins.DocumentationPluginsBootstrapper -
				Context refreshed
2022-07-22 14:14:41.155 [restartedMain] INFO  s.d.s.web.plugins.DocumentationPluginsBootstrapper -
				Found 1 custom documentation plugin(s)
2022-07-22 14:14:41.184 [restartedMain] INFO  s.d.spring.web.scanners.ApiListingReferenceScanner -
				Scanning for api listing references
2022-07-22 14:14:41.361 [restartedMain] INFO  s.d.s.w.r.operation.CachingOperationNameGenerator -
				Generating unique operation named: avatarUsingPOST_1
2022-07-22 14:14:41.362 [restartedMain] INFO  s.d.s.w.r.operation.CachingOperationNameGenerator -
				Generating unique operation named: dataRecoveryUsingPOST_1
2022-07-22 14:14:41.363 [restartedMain] INFO  s.d.s.w.r.operation.CachingOperationNameGenerator -
				Generating unique operation named: deleteByIdUsingPOST_1
2022-07-22 14:14:41.364 [restartedMain] INFO  s.d.s.w.r.operation.CachingOperationNameGenerator -
				Generating unique operation named: deletePermanentlyUsingPOST_1
2022-07-22 14:14:41.383 [restartedMain] INFO  s.d.s.w.r.operation.CachingOperationNameGenerator -
				Generating unique operation named: avatarUsingPOST_2
2022-07-22 14:14:41.410 [restartedMain] INFO  s.d.s.w.r.operation.CachingOperationNameGenerator -
				Generating unique operation named: analyseFileUsingGET_1
2022-07-22 14:14:41.411 [restartedMain] INFO  s.d.s.w.r.operation.CachingOperationNameGenerator -
				Generating unique operation named: avatarUsingPOST_3
2022-07-22 14:14:41.412 [restartedMain] INFO  s.d.s.w.r.operation.CachingOperationNameGenerator -
				Generating unique operation named: dataRecoveryUsingPOST_2
2022-07-22 14:14:41.413 [restartedMain] INFO  s.d.s.w.r.operation.CachingOperationNameGenerator -
				Generating unique operation named: deleteByIdUsingPOST_2
2022-07-22 14:14:41.414 [restartedMain] INFO  s.d.s.w.r.operation.CachingOperationNameGenerator -
				Generating unique operation named: deletePermanentlyUsingPOST_2
2022-07-22 14:14:41.414 [restartedMain] INFO  s.d.s.w.r.operation.CachingOperationNameGenerator -
				Generating unique operation named: exportDataUserUsingPOST_1
2022-07-22 14:14:41.416 [restartedMain] INFO  s.d.s.w.r.operation.CachingOperationNameGenerator -
				Generating unique operation named: getDeletesUsingGET_1
2022-07-22 14:14:41.417 [restartedMain] INFO  s.d.s.w.r.operation.CachingOperationNameGenerator -
				Generating unique operation named: updateUserUsingPOST_1
2022-07-22 14:14:41.418 [restartedMain] INFO  s.d.s.w.r.operation.CachingOperationNameGenerator -
				Generating unique operation named: uploadToServerUsingPOST_1
2022-07-22 14:14:41.419 [restartedMain] INFO  s.d.s.w.r.operation.CachingOperationNameGenerator -
				Generating unique operation named: userTemplateDownloadUsingPOST_1
2022-07-22 14:14:41.435 [restartedMain] INFO  org.apache.coyote.http11.Http11NioProtocol -
				Starting ProtocolHandler ["http-nio-8000"]
2022-07-22 14:14:41.453 [restartedMain] INFO  o.s.boot.web.embedded.tomcat.TomcatWebServer -
				Tomcat started on port(s): 8000 (http) with context path '/hospital'
2022-07-22 14:14:41.455 [restartedMain] INFO  com.max.back.BackApplication -
				Started BackApplication in 5.584 seconds (JVM running for 6.955)
2022-07-22 14:14:41.585 [http-nio-8000-exec-1] INFO  o.a.c.c.C.[Tomcat].[localhost].[/hospital] -
				Initializing Spring DispatcherServlet 'dispatcherServlet'
2022-07-22 14:14:41.586 [http-nio-8000-exec-1] INFO  org.springframework.web.servlet.DispatcherServlet -
				Initializing Servlet 'dispatcherServlet'
2022-07-22 14:14:41.596 [http-nio-8000-exec-1] INFO  org.springframework.web.servlet.DispatcherServlet -
				Completed initialization in 10 ms
2022-07-22 14:14:41.706 [http-nio-8000-exec-1] INFO  com.zaxxer.hikari.HikariDataSource -
				HikariPool-1 - Starting...
2022-07-22 14:14:42.116 [http-nio-8000-exec-1] INFO  com.zaxxer.hikari.HikariDataSource -
				HikariPool-1 - Start completed.
2022-07-22 14:14:50.438 [http-nio-8000-exec-5] INFO  io.lettuce.core.EpollProvider -
				Starting without optional epoll library
2022-07-22 14:14:50.441 [http-nio-8000-exec-5] INFO  io.lettuce.core.KqueueProvider -
				Starting without optional kqueue library
2022-07-22 14:49:51.254 [Thread-19] INFO  o.s.scheduling.concurrent.ThreadPoolTaskExecutor -
				Shutting down ExecutorService 'applicationTaskExecutor'
2022-07-22 14:49:51.257 [Thread-19] INFO  com.zaxxer.hikari.HikariDataSource -
				HikariPool-1 - Shutdown initiated...
2022-07-22 14:49:51.262 [Thread-19] INFO  com.zaxxer.hikari.HikariDataSource -
				HikariPool-1 - Shutdown completed.
2022-07-22 14:50:01.697 [restartedMain] INFO  com.max.back.BackApplication -
				Starting BackApplication on LAPTOP-IMQHF2DI with PID 24136 (started by 86155 in E:\我的桌面\donruan\neusoft-java\springbootapi\springbootapi)
2022-07-22 14:50:01.698 [restartedMain] INFO  com.max.back.BackApplication -
				The following profiles are active: test
2022-07-22 14:50:01.731 [restartedMain] INFO  o.s.b.d.env.DevToolsPropertyDefaultsPostProcessor -
				Devtools property defaults active! Set 'spring.devtools.add-properties' to 'false' to disable
2022-07-22 14:50:01.731 [restartedMain] INFO  o.s.b.d.env.DevToolsPropertyDefaultsPostProcessor -
				For additional web related logging consider setting the 'logging.level.web' property to 'DEBUG'
2022-07-22 14:50:02.694 [restartedMain] INFO  o.s.d.r.config.RepositoryConfigurationDelegate -
				Multiple Spring Data modules found, entering strict repository configuration mode!
2022-07-22 14:50:02.695 [restartedMain] INFO  o.s.d.r.config.RepositoryConfigurationDelegate -
				Bootstrapping Spring Data repositories in DEFAULT mode.
2022-07-22 14:50:02.725 [restartedMain] INFO  o.s.d.r.config.RepositoryConfigurationDelegate -
				Finished Spring Data repository scanning in 18ms. Found 0 repository interfaces.
2022-07-22 14:50:02.732 [restartedMain] INFO  o.s.d.r.config.RepositoryConfigurationDelegate -
				Multiple Spring Data modules found, entering strict repository configuration mode!
2022-07-22 14:50:02.736 [restartedMain] INFO  o.s.d.r.config.RepositoryConfigurationDelegate -
				Bootstrapping Spring Data repositories in DEFAULT mode.
2022-07-22 14:50:02.751 [restartedMain] INFO  o.s.d.r.config.RepositoryConfigurationDelegate -
				Finished Spring Data repository scanning in 11ms. Found 0 repository interfaces.
2022-07-22 14:50:03.041 [restartedMain] INFO  o.s.c.s.PostProcessorRegistrationDelegate$BeanPostProcessorChecker -
				Bean 'org.springframework.transaction.annotation.ProxyTransactionManagementConfiguration' of type [org.springframework.transaction.annotation.ProxyTransactionManagementConfiguration$$EnhancerBySpringCGLIB$$64f8daa4] is not eligible for getting processed by all BeanPostProcessors (for example: not eligible for auto-proxying)
2022-07-22 14:50:03.061 [restartedMain] INFO  o.s.c.s.PostProcessorRegistrationDelegate$BeanPostProcessorChecker -
				Bean 'redisConfig' of type [com.max.back.common.config.RedisConfig$$EnhancerBySpringCGLIB$$224d524d] is not eligible for getting processed by all BeanPostProcessors (for example: not eligible for auto-proxying)
2022-07-22 14:50:03.418 [restartedMain] INFO  o.s.boot.web.embedded.tomcat.TomcatWebServer -
				Tomcat initialized with port(s): 8000 (http)
2022-07-22 14:50:03.430 [restartedMain] INFO  org.apache.coyote.http11.Http11NioProtocol -
				Initializing ProtocolHandler ["http-nio-8000"]
2022-07-22 14:50:03.438 [restartedMain] INFO  org.apache.catalina.core.StandardService -
				Starting service [Tomcat]
2022-07-22 14:50:03.438 [restartedMain] INFO  org.apache.catalina.core.StandardEngine -
				Starting Servlet engine: [Apache Tomcat/9.0.24]
2022-07-22 14:50:03.886 [restartedMain] INFO  o.a.c.c.C.[Tomcat].[localhost].[/hospital] -
				Initializing Spring embedded WebApplicationContext
2022-07-22 14:50:03.886 [restartedMain] INFO  org.springframework.web.context.ContextLoader -
				Root WebApplicationContext: initialization completed in 2154 ms
2022-07-22 14:50:05.020 [restartedMain] INFO  s.d.s.w.PropertySourcedRequestMappingHandlerMapping -
				Mapped URL path [/v2/api-docs] onto method [public org.springframework.http.ResponseEntity<springfox.documentation.spring.web.json.Json> springfox.documentation.swagger2.web.Swagger2Controller.getDocumentation(java.lang.String,javax.servlet.http.HttpServletRequest)]
2022-07-22 14:50:05.126 [restartedMain] INFO  o.s.scheduling.concurrent.ThreadPoolTaskExecutor -
				Initializing ExecutorService 'applicationTaskExecutor'
2022-07-22 14:50:05.168 [restartedMain] INFO  o.s.b.d.autoconfigure.OptionalLiveReloadServer -
				LiveReload server is running on port 35729
2022-07-22 14:50:05.439 [restartedMain] INFO  s.d.s.web.plugins.DocumentationPluginsBootstrapper -
				Context refreshed
2022-07-22 14:50:05.464 [restartedMain] INFO  s.d.s.web.plugins.DocumentationPluginsBootstrapper -
				Found 1 custom documentation plugin(s)
2022-07-22 14:50:05.495 [restartedMain] INFO  s.d.spring.web.scanners.ApiListingReferenceScanner -
				Scanning for api listing references
2022-07-22 14:50:05.674 [restartedMain] INFO  s.d.s.w.r.operation.CachingOperationNameGenerator -
				Generating unique operation named: avatarUsingPOST_1
2022-07-22 14:50:05.675 [restartedMain] INFO  s.d.s.w.r.operation.CachingOperationNameGenerator -
				Generating unique operation named: dataRecoveryUsingPOST_1
2022-07-22 14:50:05.676 [restartedMain] INFO  s.d.s.w.r.operation.CachingOperationNameGenerator -
				Generating unique operation named: deleteByIdUsingPOST_1
2022-07-22 14:50:05.677 [restartedMain] INFO  s.d.s.w.r.operation.CachingOperationNameGenerator -
				Generating unique operation named: deletePermanentlyUsingPOST_1
2022-07-22 14:50:05.694 [restartedMain] INFO  s.d.s.w.r.operation.CachingOperationNameGenerator -
				Generating unique operation named: avatarUsingPOST_2
2022-07-22 14:50:05.719 [restartedMain] INFO  s.d.s.w.r.operation.CachingOperationNameGenerator -
				Generating unique operation named: analyseFileUsingGET_1
2022-07-22 14:50:05.721 [restartedMain] INFO  s.d.s.w.r.operation.CachingOperationNameGenerator -
				Generating unique operation named: avatarUsingPOST_3
2022-07-22 14:50:05.721 [restartedMain] INFO  s.d.s.w.r.operation.CachingOperationNameGenerator -
				Generating unique operation named: dataRecoveryUsingPOST_2
2022-07-22 14:50:05.723 [restartedMain] INFO  s.d.s.w.r.operation.CachingOperationNameGenerator -
				Generating unique operation named: deleteByIdUsingPOST_2
2022-07-22 14:50:05.724 [restartedMain] INFO  s.d.s.w.r.operation.CachingOperationNameGenerator -
				Generating unique operation named: deletePermanentlyUsingPOST_2
2022-07-22 14:50:05.724 [restartedMain] INFO  s.d.s.w.r.operation.CachingOperationNameGenerator -
				Generating unique operation named: exportDataUserUsingPOST_1
2022-07-22 14:50:05.726 [restartedMain] INFO  s.d.s.w.r.operation.CachingOperationNameGenerator -
				Generating unique operation named: getDeletesUsingGET_1
2022-07-22 14:50:05.727 [restartedMain] INFO  s.d.s.w.r.operation.CachingOperationNameGenerator -
				Generating unique operation named: updateUserUsingPOST_1
2022-07-22 14:50:05.728 [restartedMain] INFO  s.d.s.w.r.operation.CachingOperationNameGenerator -
				Generating unique operation named: uploadToServerUsingPOST_1
2022-07-22 14:50:05.729 [restartedMain] INFO  s.d.s.w.r.operation.CachingOperationNameGenerator -
				Generating unique operation named: userTemplateDownloadUsingPOST_1
2022-07-22 14:50:05.745 [restartedMain] INFO  org.apache.coyote.http11.Http11NioProtocol -
				Starting ProtocolHandler ["http-nio-8000"]
2022-07-22 14:50:05.765 [restartedMain] INFO  o.s.boot.web.embedded.tomcat.TomcatWebServer -
				Tomcat started on port(s): 8000 (http) with context path '/hospital'
2022-07-22 14:50:05.767 [restartedMain] INFO  com.max.back.BackApplication -
				Started BackApplication in 4.51 seconds (JVM running for 5.675)
2022-07-22 14:50:24.400 [http-nio-8000-exec-1] INFO  o.a.c.c.C.[Tomcat].[localhost].[/hospital] -
				Initializing Spring DispatcherServlet 'dispatcherServlet'
2022-07-22 14:50:24.401 [http-nio-8000-exec-1] INFO  org.springframework.web.servlet.DispatcherServlet -
				Initializing Servlet 'dispatcherServlet'
2022-07-22 14:50:24.412 [http-nio-8000-exec-1] INFO  org.springframework.web.servlet.DispatcherServlet -
				Completed initialization in 11 ms
2022-07-22 14:50:24.549 [http-nio-8000-exec-1] INFO  io.lettuce.core.EpollProvider -
				Starting without optional epoll library
2022-07-22 14:50:24.551 [http-nio-8000-exec-1] INFO  io.lettuce.core.KqueueProvider -
				Starting without optional kqueue library
2022-07-22 14:50:25.105 [http-nio-8000-exec-1] INFO  com.zaxxer.hikari.HikariDataSource -
				HikariPool-1 - Starting...
2022-07-22 14:50:25.562 [http-nio-8000-exec-1] INFO  com.zaxxer.hikari.HikariDataSource -
				HikariPool-1 - Start completed.
2022-07-22 14:51:32.758 [Thread-18] INFO  o.s.scheduling.concurrent.ThreadPoolTaskExecutor -
				Shutting down ExecutorService 'applicationTaskExecutor'
2022-07-22 14:51:32.760 [Thread-18] INFO  com.zaxxer.hikari.HikariDataSource -
				HikariPool-1 - Shutdown initiated...
2022-07-22 14:51:32.766 [Thread-18] INFO  com.zaxxer.hikari.HikariDataSource -
				HikariPool-1 - Shutdown completed.
2022-07-22 14:51:44.936 [restartedMain] INFO  com.max.back.BackApplication -
				Starting BackApplication on LAPTOP-IMQHF2DI with PID 7708 (started by 86155 in E:\我的桌面\donruan\neusoft-java\springbootapi\springbootapi)
2022-07-22 14:51:44.939 [restartedMain] INFO  com.max.back.BackApplication -
				The following profiles are active: test
2022-07-22 14:51:44.982 [restartedMain] INFO  o.s.b.d.env.DevToolsPropertyDefaultsPostProcessor -
				Devtools property defaults active! Set 'spring.devtools.add-properties' to 'false' to disable
2022-07-22 14:51:44.982 [restartedMain] INFO  o.s.b.d.env.DevToolsPropertyDefaultsPostProcessor -
				For additional web related logging consider setting the 'logging.level.web' property to 'DEBUG'
2022-07-22 14:51:45.995 [restartedMain] INFO  o.s.d.r.config.RepositoryConfigurationDelegate -
				Multiple Spring Data modules found, entering strict repository configuration mode!
2022-07-22 14:51:45.996 [restartedMain] INFO  o.s.d.r.config.RepositoryConfigurationDelegate -
				Bootstrapping Spring Data repositories in DEFAULT mode.
2022-07-22 14:51:46.017 [restartedMain] INFO  o.s.d.r.config.RepositoryConfigurationDelegate -
				Finished Spring Data repository scanning in 19ms. Found 0 repository interfaces.
2022-07-22 14:51:46.025 [restartedMain] INFO  o.s.d.r.config.RepositoryConfigurationDelegate -
				Multiple Spring Data modules found, entering strict repository configuration mode!
2022-07-22 14:51:46.026 [restartedMain] INFO  o.s.d.r.config.RepositoryConfigurationDelegate -
				Bootstrapping Spring Data repositories in DEFAULT mode.
2022-07-22 14:51:46.041 [restartedMain] INFO  o.s.d.r.config.RepositoryConfigurationDelegate -
				Finished Spring Data repository scanning in 9ms. Found 0 repository interfaces.
2022-07-22 14:51:46.303 [restartedMain] INFO  o.s.c.s.PostProcessorRegistrationDelegate$BeanPostProcessorChecker -
				Bean 'org.springframework.transaction.annotation.ProxyTransactionManagementConfiguration' of type [org.springframework.transaction.annotation.ProxyTransactionManagementConfiguration$$EnhancerBySpringCGLIB$$e99543b2] is not eligible for getting processed by all BeanPostProcessors (for example: not eligible for auto-proxying)
2022-07-22 14:51:46.322 [restartedMain] INFO  o.s.c.s.PostProcessorRegistrationDelegate$BeanPostProcessorChecker -
				Bean 'redisConfig' of type [com.max.back.common.config.RedisConfig$$EnhancerBySpringCGLIB$$a6e9bb5b] is not eligible for getting processed by all BeanPostProcessors (for example: not eligible for auto-proxying)
2022-07-22 14:51:46.637 [restartedMain] INFO  o.s.boot.web.embedded.tomcat.TomcatWebServer -
				Tomcat initialized with port(s): 8000 (http)
2022-07-22 14:51:46.648 [restartedMain] INFO  org.apache.coyote.http11.Http11NioProtocol -
				Initializing ProtocolHandler ["http-nio-8000"]
2022-07-22 14:51:46.656 [restartedMain] INFO  org.apache.catalina.core.StandardService -
				Starting service [Tomcat]
2022-07-22 14:51:46.656 [restartedMain] INFO  org.apache.catalina.core.StandardEngine -
				Starting Servlet engine: [Apache Tomcat/9.0.24]
2022-07-22 14:51:47.163 [restartedMain] INFO  o.a.c.c.C.[Tomcat].[localhost].[/hospital] -
				Initializing Spring embedded WebApplicationContext
2022-07-22 14:51:47.164 [restartedMain] INFO  org.springframework.web.context.ContextLoader -
				Root WebApplicationContext: initialization completed in 2181 ms
2022-07-22 14:51:48.339 [restartedMain] INFO  s.d.s.w.PropertySourcedRequestMappingHandlerMapping -
				Mapped URL path [/v2/api-docs] onto method [public org.springframework.http.ResponseEntity<springfox.documentation.spring.web.json.Json> springfox.documentation.swagger2.web.Swagger2Controller.getDocumentation(java.lang.String,javax.servlet.http.HttpServletRequest)]
2022-07-22 14:51:48.459 [restartedMain] INFO  o.s.scheduling.concurrent.ThreadPoolTaskExecutor -
				Initializing ExecutorService 'applicationTaskExecutor'
2022-07-22 14:51:48.504 [restartedMain] INFO  o.s.b.d.autoconfigure.OptionalLiveReloadServer -
				LiveReload server is running on port 35729
2022-07-22 14:51:48.839 [restartedMain] INFO  s.d.s.web.plugins.DocumentationPluginsBootstrapper -
				Context refreshed
2022-07-22 14:51:48.853 [restartedMain] INFO  s.d.s.web.plugins.DocumentationPluginsBootstrapper -
				Found 1 custom documentation plugin(s)
2022-07-22 14:51:48.878 [restartedMain] INFO  s.d.spring.web.scanners.ApiListingReferenceScanner -
				Scanning for api listing references
2022-07-22 14:51:49.035 [restartedMain] INFO  s.d.s.w.r.operation.CachingOperationNameGenerator -
				Generating unique operation named: avatarUsingPOST_1
2022-07-22 14:51:49.036 [restartedMain] INFO  s.d.s.w.r.operation.CachingOperationNameGenerator -
				Generating unique operation named: dataRecoveryUsingPOST_1
2022-07-22 14:51:49.037 [restartedMain] INFO  s.d.s.w.r.operation.CachingOperationNameGenerator -
				Generating unique operation named: deleteByIdUsingPOST_1
2022-07-22 14:51:49.038 [restartedMain] INFO  s.d.s.w.r.operation.CachingOperationNameGenerator -
				Generating unique operation named: deletePermanentlyUsingPOST_1
2022-07-22 14:51:49.058 [restartedMain] INFO  s.d.s.w.r.operation.CachingOperationNameGenerator -
				Generating unique operation named: avatarUsingPOST_2
2022-07-22 14:51:49.084 [restartedMain] INFO  s.d.s.w.r.operation.CachingOperationNameGenerator -
				Generating unique operation named: analyseFileUsingGET_1
2022-07-22 14:51:49.086 [restartedMain] INFO  s.d.s.w.r.operation.CachingOperationNameGenerator -
				Generating unique operation named: avatarUsingPOST_3
2022-07-22 14:51:49.087 [restartedMain] INFO  s.d.s.w.r.operation.CachingOperationNameGenerator -
				Generating unique operation named: dataRecoveryUsingPOST_2
2022-07-22 14:51:49.088 [restartedMain] INFO  s.d.s.w.r.operation.CachingOperationNameGenerator -
				Generating unique operation named: deleteByIdUsingPOST_2
2022-07-22 14:51:49.089 [restartedMain] INFO  s.d.s.w.r.operation.CachingOperationNameGenerator -
				Generating unique operation named: deletePermanentlyUsingPOST_2
2022-07-22 14:51:49.089 [restartedMain] INFO  s.d.s.w.r.operation.CachingOperationNameGenerator -
				Generating unique operation named: exportDataUserUsingPOST_1
2022-07-22 14:51:49.091 [restartedMain] INFO  s.d.s.w.r.operation.CachingOperationNameGenerator -
				Generating unique operation named: getDeletesUsingGET_1
2022-07-22 14:51:49.093 [restartedMain] INFO  s.d.s.w.r.operation.CachingOperationNameGenerator -
				Generating unique operation named: updateUserUsingPOST_1
2022-07-22 14:51:49.094 [restartedMain] INFO  s.d.s.w.r.operation.CachingOperationNameGenerator -
				Generating unique operation named: uploadToServerUsingPOST_1
2022-07-22 14:51:49.095 [restartedMain] INFO  s.d.s.w.r.operation.CachingOperationNameGenerator -
				Generating unique operation named: userTemplateDownloadUsingPOST_1
2022-07-22 14:51:49.110 [restartedMain] INFO  org.apache.coyote.http11.Http11NioProtocol -
				Starting ProtocolHandler ["http-nio-8000"]
2022-07-22 14:51:49.129 [restartedMain] INFO  o.s.boot.web.embedded.tomcat.TomcatWebServer -
				Tomcat started on port(s): 8000 (http) with context path '/hospital'
2022-07-22 14:51:49.131 [restartedMain] INFO  com.max.back.BackApplication -
				Started BackApplication in 4.722 seconds (JVM running for 6.193)
2022-07-22 14:51:49.205 [http-nio-8000-exec-1] INFO  o.a.c.c.C.[Tomcat].[localhost].[/hospital] -
				Initializing Spring DispatcherServlet 'dispatcherServlet'
2022-07-22 14:51:49.206 [http-nio-8000-exec-1] INFO  org.springframework.web.servlet.DispatcherServlet -
				Initializing Servlet 'dispatcherServlet'
2022-07-22 14:51:49.215 [http-nio-8000-exec-1] INFO  org.springframework.web.servlet.DispatcherServlet -
				Completed initialization in 9 ms
2022-07-22 14:51:49.303 [http-nio-8000-exec-1] INFO  io.lettuce.core.EpollProvider -
				Starting without optional epoll library
2022-07-22 14:51:49.304 [http-nio-8000-exec-1] INFO  io.lettuce.core.KqueueProvider -
				Starting without optional kqueue library
2022-07-22 14:51:49.698 [http-nio-8000-exec-1] INFO  com.zaxxer.hikari.HikariDataSource -
				HikariPool-1 - Starting...
2022-07-22 14:51:50.099 [http-nio-8000-exec-1] INFO  com.zaxxer.hikari.HikariDataSource -
				HikariPool-1 - Start completed.
2022-07-22 14:52:55.824 [Thread-19] INFO  o.s.scheduling.concurrent.ThreadPoolTaskExecutor -
				Shutting down ExecutorService 'applicationTaskExecutor'
2022-07-22 14:52:55.826 [Thread-19] INFO  com.zaxxer.hikari.HikariDataSource -
				HikariPool-1 - Shutdown initiated...
2022-07-22 14:52:55.832 [Thread-19] INFO  com.zaxxer.hikari.HikariDataSource -
				HikariPool-1 - Shutdown completed.
2022-07-22 14:53:02.232 [restartedMain] INFO  com.max.back.BackApplication -
				Starting BackApplication on LAPTOP-IMQHF2DI with PID 17792 (started by 86155 in E:\我的桌面\donruan\neusoft-java\springbootapi\springbootapi)
2022-07-22 14:53:02.235 [restartedMain] INFO  com.max.back.BackApplication -
				The following profiles are active: test
2022-07-22 14:53:02.266 [restartedMain] INFO  o.s.b.d.env.DevToolsPropertyDefaultsPostProcessor -
				Devtools property defaults active! Set 'spring.devtools.add-properties' to 'false' to disable
2022-07-22 14:53:02.266 [restartedMain] INFO  o.s.b.d.env.DevToolsPropertyDefaultsPostProcessor -
				For additional web related logging consider setting the 'logging.level.web' property to 'DEBUG'
2022-07-22 14:53:03.128 [restartedMain] INFO  o.s.d.r.config.RepositoryConfigurationDelegate -
				Multiple Spring Data modules found, entering strict repository configuration mode!
2022-07-22 14:53:03.128 [restartedMain] INFO  o.s.d.r.config.RepositoryConfigurationDelegate -
				Bootstrapping Spring Data repositories in DEFAULT mode.
2022-07-22 14:53:03.148 [restartedMain] INFO  o.s.d.r.config.RepositoryConfigurationDelegate -
				Finished Spring Data repository scanning in 20ms. Found 0 repository interfaces.
2022-07-22 14:53:03.157 [restartedMain] INFO  o.s.d.r.config.RepositoryConfigurationDelegate -
				Multiple Spring Data modules found, entering strict repository configuration mode!
2022-07-22 14:53:03.158 [restartedMain] INFO  o.s.d.r.config.RepositoryConfigurationDelegate -
				Bootstrapping Spring Data repositories in DEFAULT mode.
2022-07-22 14:53:03.172 [restartedMain] INFO  o.s.d.r.config.RepositoryConfigurationDelegate -
				Finished Spring Data repository scanning in 10ms. Found 0 repository interfaces.
2022-07-22 14:53:03.433 [restartedMain] INFO  o.s.c.s.PostProcessorRegistrationDelegate$BeanPostProcessorChecker -
				Bean 'org.springframework.transaction.annotation.ProxyTransactionManagementConfiguration' of type [org.springframework.transaction.annotation.ProxyTransactionManagementConfiguration$$EnhancerBySpringCGLIB$$1cc80c9d] is not eligible for getting processed by all BeanPostProcessors (for example: not eligible for auto-proxying)
2022-07-22 14:53:03.453 [restartedMain] INFO  o.s.c.s.PostProcessorRegistrationDelegate$BeanPostProcessorChecker -
				Bean 'redisConfig' of type [com.max.back.common.config.RedisConfig$$EnhancerBySpringCGLIB$$da1c8446] is not eligible for getting processed by all BeanPostProcessors (for example: not eligible for auto-proxying)
2022-07-22 14:53:03.762 [restartedMain] INFO  o.s.boot.web.embedded.tomcat.TomcatWebServer -
				Tomcat initialized with port(s): 8000 (http)
2022-07-22 14:53:03.774 [restartedMain] INFO  org.apache.coyote.http11.Http11NioProtocol -
				Initializing ProtocolHandler ["http-nio-8000"]
2022-07-22 14:53:03.783 [restartedMain] INFO  org.apache.catalina.core.StandardService -
				Starting service [Tomcat]
2022-07-22 14:53:03.784 [restartedMain] INFO  org.apache.catalina.core.StandardEngine -
				Starting Servlet engine: [Apache Tomcat/9.0.24]
2022-07-22 14:53:04.242 [restartedMain] INFO  o.a.c.c.C.[Tomcat].[localhost].[/hospital] -
				Initializing Spring embedded WebApplicationContext
2022-07-22 14:53:04.243 [restartedMain] INFO  org.springframework.web.context.ContextLoader -
				Root WebApplicationContext: initialization completed in 1975 ms
2022-07-22 14:53:05.331 [restartedMain] INFO  s.d.s.w.PropertySourcedRequestMappingHandlerMapping -
				Mapped URL path [/v2/api-docs] onto method [public org.springframework.http.ResponseEntity<springfox.documentation.spring.web.json.Json> springfox.documentation.swagger2.web.Swagger2Controller.getDocumentation(java.lang.String,javax.servlet.http.HttpServletRequest)]
2022-07-22 14:53:05.437 [restartedMain] INFO  o.s.scheduling.concurrent.ThreadPoolTaskExecutor -
				Initializing ExecutorService 'applicationTaskExecutor'
2022-07-22 14:53:05.474 [restartedMain] INFO  o.s.b.d.autoconfigure.OptionalLiveReloadServer -
				LiveReload server is running on port 35729
2022-07-22 14:53:05.770 [restartedMain] INFO  s.d.s.web.plugins.DocumentationPluginsBootstrapper -
				Context refreshed
2022-07-22 14:53:05.784 [restartedMain] INFO  s.d.s.web.plugins.DocumentationPluginsBootstrapper -
				Found 1 custom documentation plugin(s)
2022-07-22 14:53:05.810 [restartedMain] INFO  s.d.spring.web.scanners.ApiListingReferenceScanner -
				Scanning for api listing references
2022-07-22 14:53:05.988 [restartedMain] INFO  s.d.s.w.r.operation.CachingOperationNameGenerator -
				Generating unique operation named: avatarUsingPOST_1
2022-07-22 14:53:05.989 [restartedMain] INFO  s.d.s.w.r.operation.CachingOperationNameGenerator -
				Generating unique operation named: dataRecoveryUsingPOST_1
2022-07-22 14:53:05.990 [restartedMain] INFO  s.d.s.w.r.operation.CachingOperationNameGenerator -
				Generating unique operation named: deleteByIdUsingPOST_1
2022-07-22 14:53:05.992 [restartedMain] INFO  s.d.s.w.r.operation.CachingOperationNameGenerator -
				Generating unique operation named: deletePermanentlyUsingPOST_1
2022-07-22 14:53:06.009 [restartedMain] INFO  s.d.s.w.r.operation.CachingOperationNameGenerator -
				Generating unique operation named: avatarUsingPOST_2
2022-07-22 14:53:06.032 [restartedMain] INFO  s.d.s.w.r.operation.CachingOperationNameGenerator -
				Generating unique operation named: analyseFileUsingGET_1
2022-07-22 14:53:06.034 [restartedMain] INFO  s.d.s.w.r.operation.CachingOperationNameGenerator -
				Generating unique operation named: avatarUsingPOST_3
2022-07-22 14:53:06.036 [restartedMain] INFO  s.d.s.w.r.operation.CachingOperationNameGenerator -
				Generating unique operation named: dataRecoveryUsingPOST_2
2022-07-22 14:53:06.037 [restartedMain] INFO  s.d.s.w.r.operation.CachingOperationNameGenerator -
				Generating unique operation named: deleteByIdUsingPOST_2
2022-07-22 14:53:06.038 [restartedMain] INFO  s.d.s.w.r.operation.CachingOperationNameGenerator -
				Generating unique operation named: deletePermanentlyUsingPOST_2
2022-07-22 14:53:06.038 [restartedMain] INFO  s.d.s.w.r.operation.CachingOperationNameGenerator -
				Generating unique operation named: exportDataUserUsingPOST_1
2022-07-22 14:53:06.040 [restartedMain] INFO  s.d.s.w.r.operation.CachingOperationNameGenerator -
				Generating unique operation named: getDeletesUsingGET_1
2022-07-22 14:53:06.041 [restartedMain] INFO  s.d.s.w.r.operation.CachingOperationNameGenerator -
				Generating unique operation named: updateUserUsingPOST_1
2022-07-22 14:53:06.043 [restartedMain] INFO  s.d.s.w.r.operation.CachingOperationNameGenerator -
				Generating unique operation named: uploadToServerUsingPOST_1
2022-07-22 14:53:06.044 [restartedMain] INFO  s.d.s.w.r.operation.CachingOperationNameGenerator -
				Generating unique operation named: userTemplateDownloadUsingPOST_1
2022-07-22 14:53:06.058 [restartedMain] INFO  org.apache.coyote.http11.Http11NioProtocol -
				Starting ProtocolHandler ["http-nio-8000"]
2022-07-22 14:53:06.078 [restartedMain] INFO  o.s.boot.web.embedded.tomcat.TomcatWebServer -
				Tomcat started on port(s): 8000 (http) with context path '/hospital'
2022-07-22 14:53:06.080 [restartedMain] INFO  com.max.back.BackApplication -
				Started BackApplication in 4.278 seconds (JVM running for 5.436)
2022-07-22 14:53:12.300 [http-nio-8000-exec-1] INFO  o.a.c.c.C.[Tomcat].[localhost].[/hospital] -
				Initializing Spring DispatcherServlet 'dispatcherServlet'
2022-07-22 14:53:12.300 [http-nio-8000-exec-1] INFO  org.springframework.web.servlet.DispatcherServlet -
				Initializing Servlet 'dispatcherServlet'
2022-07-22 14:53:12.310 [http-nio-8000-exec-1] INFO  org.springframework.web.servlet.DispatcherServlet -
				Completed initialization in 10 ms
2022-07-22 14:53:12.416 [http-nio-8000-exec-1] INFO  io.lettuce.core.EpollProvider -
				Starting without optional epoll library
2022-07-22 14:53:12.417 [http-nio-8000-exec-1] INFO  io.lettuce.core.KqueueProvider -
				Starting without optional kqueue library
2022-07-22 14:53:12.809 [http-nio-8000-exec-1] INFO  com.zaxxer.hikari.HikariDataSource -
				HikariPool-1 - Starting...
2022-07-22 14:53:13.576 [http-nio-8000-exec-1] INFO  com.zaxxer.hikari.HikariDataSource -
				HikariPool-1 - Start completed.
2022-07-22 14:55:51.640 [Thread-17] INFO  o.s.scheduling.concurrent.ThreadPoolTaskExecutor -
				Shutting down ExecutorService 'applicationTaskExecutor'
2022-07-22 14:55:51.642 [Thread-17] INFO  com.zaxxer.hikari.HikariDataSource -
				HikariPool-1 - Shutdown initiated...
2022-07-22 14:55:51.646 [Thread-17] INFO  com.zaxxer.hikari.HikariDataSource -
				HikariPool-1 - Shutdown completed.
2022-07-22 14:56:02.306 [restartedMain] INFO  com.max.back.BackApplication -
				Starting BackApplication on LAPTOP-IMQHF2DI with PID 27704 (started by 86155 in E:\我的桌面\donruan\neusoft-java\springbootapi\springbootapi)
2022-07-22 14:56:02.309 [restartedMain] INFO  com.max.back.BackApplication -
				The following profiles are active: test
2022-07-22 14:56:02.339 [restartedMain] INFO  o.s.b.d.env.DevToolsPropertyDefaultsPostProcessor -
				Devtools property defaults active! Set 'spring.devtools.add-properties' to 'false' to disable
2022-07-22 14:56:02.340 [restartedMain] INFO  o.s.b.d.env.DevToolsPropertyDefaultsPostProcessor -
				For additional web related logging consider setting the 'logging.level.web' property to 'DEBUG'
2022-07-22 14:56:03.188 [restartedMain] INFO  o.s.d.r.config.RepositoryConfigurationDelegate -
				Multiple Spring Data modules found, entering strict repository configuration mode!
2022-07-22 14:56:03.188 [restartedMain] INFO  o.s.d.r.config.RepositoryConfigurationDelegate -
				Bootstrapping Spring Data repositories in DEFAULT mode.
2022-07-22 14:56:03.209 [restartedMain] INFO  o.s.d.r.config.RepositoryConfigurationDelegate -
				Finished Spring Data repository scanning in 21ms. Found 0 repository interfaces.
2022-07-22 14:56:03.213 [restartedMain] INFO  o.s.d.r.config.RepositoryConfigurationDelegate -
				Multiple Spring Data modules found, entering strict repository configuration mode!
2022-07-22 14:56:03.218 [restartedMain] INFO  o.s.d.r.config.RepositoryConfigurationDelegate -
				Bootstrapping Spring Data repositories in DEFAULT mode.
2022-07-22 14:56:03.232 [restartedMain] INFO  o.s.d.r.config.RepositoryConfigurationDelegate -
				Finished Spring Data repository scanning in 10ms. Found 0 repository interfaces.
2022-07-22 14:56:03.487 [restartedMain] INFO  o.s.c.s.PostProcessorRegistrationDelegate$BeanPostProcessorChecker -
				Bean 'org.springframework.transaction.annotation.ProxyTransactionManagementConfiguration' of type [org.springframework.transaction.annotation.ProxyTransactionManagementConfiguration$$EnhancerBySpringCGLIB$$f842629] is not eligible for getting processed by all BeanPostProcessors (for example: not eligible for auto-proxying)
2022-07-22 14:56:03.505 [restartedMain] INFO  o.s.c.s.PostProcessorRegistrationDelegate$BeanPostProcessorChecker -
				Bean 'redisConfig' of type [com.max.back.common.config.RedisConfig$$EnhancerBySpringCGLIB$$ccd89dd2] is not eligible for getting processed by all BeanPostProcessors (for example: not eligible for auto-proxying)
2022-07-22 14:56:03.812 [restartedMain] INFO  o.s.boot.web.embedded.tomcat.TomcatWebServer -
				Tomcat initialized with port(s): 8000 (http)
2022-07-22 14:56:03.833 [restartedMain] INFO  org.apache.coyote.http11.Http11NioProtocol -
				Initializing ProtocolHandler ["http-nio-8000"]
2022-07-22 14:56:03.842 [restartedMain] INFO  org.apache.catalina.core.StandardService -
				Starting service [Tomcat]
2022-07-22 14:56:03.842 [restartedMain] INFO  org.apache.catalina.core.StandardEngine -
				Starting Servlet engine: [Apache Tomcat/9.0.24]
2022-07-22 14:56:04.273 [restartedMain] INFO  o.a.c.c.C.[Tomcat].[localhost].[/hospital] -
				Initializing Spring embedded WebApplicationContext
2022-07-22 14:56:04.276 [restartedMain] INFO  org.springframework.web.context.ContextLoader -
				Root WebApplicationContext: initialization completed in 1933 ms
2022-07-22 14:56:05.351 [restartedMain] INFO  s.d.s.w.PropertySourcedRequestMappingHandlerMapping -
				Mapped URL path [/v2/api-docs] onto method [public org.springframework.http.ResponseEntity<springfox.documentation.spring.web.json.Json> springfox.documentation.swagger2.web.Swagger2Controller.getDocumentation(java.lang.String,javax.servlet.http.HttpServletRequest)]
2022-07-22 14:56:05.459 [restartedMain] INFO  o.s.scheduling.concurrent.ThreadPoolTaskExecutor -
				Initializing ExecutorService 'applicationTaskExecutor'
2022-07-22 14:56:05.498 [restartedMain] INFO  o.s.b.d.autoconfigure.OptionalLiveReloadServer -
				LiveReload server is running on port 35729
2022-07-22 14:56:05.758 [restartedMain] INFO  s.d.s.web.plugins.DocumentationPluginsBootstrapper -
				Context refreshed
2022-07-22 14:56:05.760 [restartedMain] INFO  s.d.s.web.plugins.DocumentationPluginsBootstrapper -
				Found 1 custom documentation plugin(s)
2022-07-22 14:56:05.801 [restartedMain] INFO  s.d.spring.web.scanners.ApiListingReferenceScanner -
				Scanning for api listing references
2022-07-22 14:56:05.963 [restartedMain] INFO  s.d.s.w.r.operation.CachingOperationNameGenerator -
				Generating unique operation named: avatarUsingPOST_1
2022-07-22 14:56:05.964 [restartedMain] INFO  s.d.s.w.r.operation.CachingOperationNameGenerator -
				Generating unique operation named: dataRecoveryUsingPOST_1
2022-07-22 14:56:05.965 [restartedMain] INFO  s.d.s.w.r.operation.CachingOperationNameGenerator -
				Generating unique operation named: deleteByIdUsingPOST_1
2022-07-22 14:56:05.966 [restartedMain] INFO  s.d.s.w.r.operation.CachingOperationNameGenerator -
				Generating unique operation named: deletePermanentlyUsingPOST_1
2022-07-22 14:56:05.987 [restartedMain] INFO  s.d.s.w.r.operation.CachingOperationNameGenerator -
				Generating unique operation named: avatarUsingPOST_2
2022-07-22 14:56:06.012 [restartedMain] INFO  s.d.s.w.r.operation.CachingOperationNameGenerator -
				Generating unique operation named: analyseFileUsingGET_1
2022-07-22 14:56:06.013 [restartedMain] INFO  s.d.s.w.r.operation.CachingOperationNameGenerator -
				Generating unique operation named: avatarUsingPOST_3
2022-07-22 14:56:06.013 [restartedMain] INFO  s.d.s.w.r.operation.CachingOperationNameGenerator -
				Generating unique operation named: dataRecoveryUsingPOST_2
2022-07-22 14:56:06.014 [restartedMain] INFO  s.d.s.w.r.operation.CachingOperationNameGenerator -
				Generating unique operation named: deleteByIdUsingPOST_2
2022-07-22 14:56:06.015 [restartedMain] INFO  s.d.s.w.r.operation.CachingOperationNameGenerator -
				Generating unique operation named: deletePermanentlyUsingPOST_2
2022-07-22 14:56:06.016 [restartedMain] INFO  s.d.s.w.r.operation.CachingOperationNameGenerator -
				Generating unique operation named: exportDataUserUsingPOST_1
2022-07-22 14:56:06.018 [restartedMain] INFO  s.d.s.w.r.operation.CachingOperationNameGenerator -
				Generating unique operation named: getDeletesUsingGET_1
2022-07-22 14:56:06.020 [restartedMain] INFO  s.d.s.w.r.operation.CachingOperationNameGenerator -
				Generating unique operation named: updateUserUsingPOST_1
2022-07-22 14:56:06.021 [restartedMain] INFO  s.d.s.w.r.operation.CachingOperationNameGenerator -
				Generating unique operation named: uploadToServerUsingPOST_1
2022-07-22 14:56:06.022 [restartedMain] INFO  s.d.s.w.r.operation.CachingOperationNameGenerator -
				Generating unique operation named: userTemplateDownloadUsingPOST_1
2022-07-22 14:56:06.037 [restartedMain] INFO  org.apache.coyote.http11.Http11NioProtocol -
				Starting ProtocolHandler ["http-nio-8000"]
2022-07-22 14:56:06.067 [restartedMain] INFO  o.s.boot.web.embedded.tomcat.TomcatWebServer -
				Tomcat started on port(s): 8000 (http) with context path '/hospital'
2022-07-22 14:56:06.068 [restartedMain] INFO  com.max.back.BackApplication -
				Started BackApplication in 4.213 seconds (JVM running for 5.495)
2022-07-22 14:56:11.478 [http-nio-8000-exec-1] INFO  o.a.c.c.C.[Tomcat].[localhost].[/hospital] -
				Initializing Spring DispatcherServlet 'dispatcherServlet'
2022-07-22 14:56:11.479 [http-nio-8000-exec-1] INFO  org.springframework.web.servlet.DispatcherServlet -
				Initializing Servlet 'dispatcherServlet'
2022-07-22 14:56:11.490 [http-nio-8000-exec-1] INFO  org.springframework.web.servlet.DispatcherServlet -
				Completed initialization in 11 ms
2022-07-22 14:56:11.609 [http-nio-8000-exec-1] INFO  io.lettuce.core.EpollProvider -
				Starting without optional epoll library
2022-07-22 14:56:11.610 [http-nio-8000-exec-1] INFO  io.lettuce.core.KqueueProvider -
				Starting without optional kqueue library
2022-07-22 14:56:12.039 [http-nio-8000-exec-1] INFO  com.zaxxer.hikari.HikariDataSource -
				HikariPool-1 - Starting...
2022-07-22 14:56:12.798 [http-nio-8000-exec-1] INFO  com.zaxxer.hikari.HikariDataSource -
				HikariPool-1 - Start completed.
