2022-07-08 10:41:54.124 [restartedMain] INFO  com.max.back.BackApplication -
				Starting BackApplication on LAPTOP-1GNNC3O9 with PID 19224 (C:\eclipse-workspace\springbootapi\target\classes started by chenh in C:\eclipse-workspace\springbootapi)
2022-07-08 10:41:54.168 [restartedMain] INFO  com.max.back.BackApplication -
				The following profiles are active: test
2022-07-08 10:41:54.444 [restartedMain] INFO  o.s.b.d.env.DevToolsPropertyDefaultsPostProcessor -
				Devtools property defaults active! Set 'spring.devtools.add-properties' to 'false' to disable
2022-07-08 10:41:54.449 [restartedMain] INFO  o.s.b.d.env.DevToolsPropertyDefaultsPostProcessor -
				For additional web related logging consider setting the 'logging.level.web' property to 'DEBUG'
2022-07-08 10:42:00.507 [restartedMain] INFO  o.s.d.r.config.RepositoryConfigurationDelegate -
				Multiple Spring Data modules found, entering strict repository configuration mode!
2022-07-08 10:42:00.511 [restartedMain] INFO  o.s.d.r.config.RepositoryConfigurationDelegate -
				Bootstrapping Spring Data repositories in DEFAULT mode.
2022-07-08 10:42:00.940 [restartedMain] INFO  o.s.d.r.config.RepositoryConfigurationDelegate -
				Finished Spring Data repository scanning in 401ms. Found 0 repository interfaces.
2022-07-08 10:42:01.034 [restartedMain] INFO  o.s.d.r.config.RepositoryConfigurationDelegate -
				Multiple Spring Data modules found, entering strict repository configuration mode!
2022-07-08 10:42:01.040 [restartedMain] INFO  o.s.d.r.config.RepositoryConfigurationDelegate -
				Bootstrapping Spring Data repositories in DEFAULT mode.
2022-07-08 10:42:01.234 [restartedMain] INFO  o.s.d.r.config.RepositoryConfigurationDelegate -
				Finished Spring Data repository scanning in 154ms. Found 0 repository interfaces.
2022-07-08 10:42:02.724 [restartedMain] INFO  o.s.c.s.PostProcessorRegistrationDelegate$BeanPostProcessorChecker -
				Bean 'org.springframework.transaction.annotation.ProxyTransactionManagementConfiguration' of type [org.springframework.transaction.annotation.ProxyTransactionManagementConfiguration$$EnhancerBySpringCGLIB$$e395baaf] is not eligible for getting processed by all BeanPostProcessors (for example: not eligible for auto-proxying)
2022-07-08 10:42:02.852 [restartedMain] INFO  o.s.c.s.PostProcessorRegistrationDelegate$BeanPostProcessorChecker -
				Bean 'redisConfig' of type [com.max.back.common.config.RedisConfig$$EnhancerBySpringCGLIB$$a0ea3258] is not eligible for getting processed by all BeanPostProcessors (for example: not eligible for auto-proxying)
2022-07-08 10:42:04.119 [restartedMain] INFO  o.s.boot.web.embedded.tomcat.TomcatWebServer -
				Tomcat initialized with port(s): 8443 (http)
2022-07-08 10:42:04.197 [restartedMain] INFO  org.apache.coyote.http11.Http11NioProtocol -
				Initializing ProtocolHandler ["http-nio-8443"]
2022-07-08 10:42:04.235 [restartedMain] INFO  org.apache.catalina.core.StandardService -
				Starting service [Tomcat]
2022-07-08 10:42:04.237 [restartedMain] INFO  org.apache.catalina.core.StandardEngine -
				Starting Servlet engine: [Apache Tomcat/9.0.24]
2022-07-08 10:42:05.044 [restartedMain] INFO  o.a.c.c.C.[Tomcat].[localhost].[/mystu] -
				Initializing Spring embedded WebApplicationContext
2022-07-08 10:42:05.049 [restartedMain] INFO  org.springframework.web.context.ContextLoader -
				Root WebApplicationContext: initialization completed in 10587 ms
2022-07-08 10:42:09.283 [restartedMain] INFO  s.d.s.w.PropertySourcedRequestMappingHandlerMapping -
				Mapped URL path [/v2/api-docs] onto method [public org.springframework.http.ResponseEntity<springfox.documentation.spring.web.json.Json> springfox.documentation.swagger2.web.Swagger2Controller.getDocumentation(java.lang.String,javax.servlet.http.HttpServletRequest)]
2022-07-08 10:42:10.021 [restartedMain] INFO  o.s.scheduling.concurrent.ThreadPoolTaskExecutor -
				Initializing ExecutorService 'applicationTaskExecutor'
2022-07-08 10:42:10.143 [restartedMain] INFO  o.s.b.d.autoconfigure.OptionalLiveReloadServer -
				LiveReload server is running on port 35729
2022-07-08 10:42:11.481 [restartedMain] INFO  s.d.s.web.plugins.DocumentationPluginsBootstrapper -
				Context refreshed
2022-07-08 10:42:11.546 [restartedMain] INFO  s.d.s.web.plugins.DocumentationPluginsBootstrapper -
				Found 1 custom documentation plugin(s)
2022-07-08 10:42:11.620 [restartedMain] INFO  s.d.spring.web.scanners.ApiListingReferenceScanner -
				Scanning for api listing references
2022-07-08 10:42:12.537 [restartedMain] INFO  org.apache.coyote.http11.Http11NioProtocol -
				Starting ProtocolHandler ["http-nio-8443"]
2022-07-08 10:42:12.677 [restartedMain] INFO  o.s.boot.web.embedded.tomcat.TomcatWebServer -
				Tomcat started on port(s): 8443 (http) with context path '/mystu'
2022-07-08 10:42:12.685 [restartedMain] INFO  com.max.back.BackApplication -
				Started BackApplication in 21.664 seconds (JVM running for 26.205)
2022-07-08 11:17:58.793 [Thread-8] INFO  o.s.scheduling.concurrent.ThreadPoolTaskExecutor -
				Shutting down ExecutorService 'applicationTaskExecutor'
2022-07-08 11:18:13.194 [restartedMain] INFO  com.max.back.BackApplication -
				Starting BackApplication on LAPTOP-1GNNC3O9 with PID 16468 (C:\eclipse-workspace\springbootapi\target\classes started by chenh in C:\eclipse-workspace\springbootapi)
2022-07-08 11:18:13.201 [restartedMain] INFO  com.max.back.BackApplication -
				The following profiles are active: test
2022-07-08 11:18:13.380 [restartedMain] INFO  o.s.b.d.env.DevToolsPropertyDefaultsPostProcessor -
				Devtools property defaults active! Set 'spring.devtools.add-properties' to 'false' to disable
2022-07-08 11:18:13.382 [restartedMain] INFO  o.s.b.d.env.DevToolsPropertyDefaultsPostProcessor -
				For additional web related logging consider setting the 'logging.level.web' property to 'DEBUG'
2022-07-08 11:18:18.761 [restartedMain] INFO  o.s.d.r.config.RepositoryConfigurationDelegate -
				Multiple Spring Data modules found, entering strict repository configuration mode!
2022-07-08 11:18:18.763 [restartedMain] INFO  o.s.d.r.config.RepositoryConfigurationDelegate -
				Bootstrapping Spring Data repositories in DEFAULT mode.
2022-07-08 11:18:19.499 [restartedMain] INFO  o.s.d.r.config.RepositoryConfigurationDelegate -
				Finished Spring Data repository scanning in 566ms. Found 0 repository interfaces.
2022-07-08 11:18:19.969 [restartedMain] INFO  o.s.d.r.config.RepositoryConfigurationDelegate -
				Multiple Spring Data modules found, entering strict repository configuration mode!
2022-07-08 11:18:19.975 [restartedMain] INFO  o.s.d.r.config.RepositoryConfigurationDelegate -
				Bootstrapping Spring Data repositories in DEFAULT mode.
2022-07-08 11:18:20.569 [restartedMain] INFO  o.s.d.r.config.RepositoryConfigurationDelegate -
				Finished Spring Data repository scanning in 172ms. Found 0 repository interfaces.
2022-07-08 11:18:23.225 [restartedMain] INFO  o.s.c.s.PostProcessorRegistrationDelegate$BeanPostProcessorChecker -
				Bean 'org.springframework.transaction.annotation.ProxyTransactionManagementConfiguration' of type [org.springframework.transaction.annotation.ProxyTransactionManagementConfiguration$$EnhancerBySpringCGLIB$$cb3d77b7] is not eligible for getting processed by all BeanPostProcessors (for example: not eligible for auto-proxying)
2022-07-08 11:18:23.323 [restartedMain] INFO  o.s.c.s.PostProcessorRegistrationDelegate$BeanPostProcessorChecker -
				Bean 'redisConfig' of type [com.max.back.common.config.RedisConfig$$EnhancerBySpringCGLIB$$8891ef60] is not eligible for getting processed by all BeanPostProcessors (for example: not eligible for auto-proxying)
2022-07-08 11:18:24.122 [restartedMain] INFO  o.s.boot.web.embedded.tomcat.TomcatWebServer -
				Tomcat initialized with port(s): 8443 (http)
2022-07-08 11:18:24.156 [restartedMain] INFO  org.apache.coyote.http11.Http11NioProtocol -
				Initializing ProtocolHandler ["http-nio-8443"]
2022-07-08 11:18:24.223 [restartedMain] INFO  org.apache.catalina.core.StandardService -
				Starting service [Tomcat]
2022-07-08 11:18:24.224 [restartedMain] INFO  org.apache.catalina.core.StandardEngine -
				Starting Servlet engine: [Apache Tomcat/9.0.24]
2022-07-08 11:18:24.812 [restartedMain] INFO  o.a.c.c.C.[Tomcat].[localhost].[/mystu] -
				Initializing Spring embedded WebApplicationContext
2022-07-08 11:18:24.812 [restartedMain] INFO  org.springframework.web.context.ContextLoader -
				Root WebApplicationContext: initialization completed in 11429 ms
2022-07-08 11:18:27.141 [restartedMain] INFO  s.d.s.w.PropertySourcedRequestMappingHandlerMapping -
				Mapped URL path [/v2/api-docs] onto method [public org.springframework.http.ResponseEntity<springfox.documentation.spring.web.json.Json> springfox.documentation.swagger2.web.Swagger2Controller.getDocumentation(java.lang.String,javax.servlet.http.HttpServletRequest)]
2022-07-08 11:18:27.431 [restartedMain] INFO  o.s.scheduling.concurrent.ThreadPoolTaskExecutor -
				Initializing ExecutorService 'applicationTaskExecutor'
2022-07-08 11:18:27.523 [restartedMain] INFO  o.s.b.d.autoconfigure.OptionalLiveReloadServer -
				LiveReload server is running on port 35729
2022-07-08 11:18:28.246 [restartedMain] INFO  s.d.s.web.plugins.DocumentationPluginsBootstrapper -
				Context refreshed
2022-07-08 11:18:28.283 [restartedMain] INFO  s.d.s.web.plugins.DocumentationPluginsBootstrapper -
				Found 1 custom documentation plugin(s)
2022-07-08 11:18:28.338 [restartedMain] INFO  s.d.spring.web.scanners.ApiListingReferenceScanner -
				Scanning for api listing references
2022-07-08 11:18:28.818 [restartedMain] INFO  org.apache.coyote.http11.Http11NioProtocol -
				Starting ProtocolHandler ["http-nio-8443"]
2022-07-08 11:18:28.916 [restartedMain] INFO  o.s.boot.web.embedded.tomcat.TomcatWebServer -
				Tomcat started on port(s): 8443 (http) with context path '/mystu'
2022-07-08 11:18:28.924 [restartedMain] INFO  com.max.back.BackApplication -
				Started BackApplication in 17.276 seconds (JVM running for 20.599)
2022-07-08 11:18:58.951 [http-nio-8443-exec-1] INFO  o.a.c.c.C.[Tomcat].[localhost].[/mystu] -
				Initializing Spring DispatcherServlet 'dispatcherServlet'
2022-07-08 11:18:58.953 [http-nio-8443-exec-1] INFO  org.springframework.web.servlet.DispatcherServlet -
				Initializing Servlet 'dispatcherServlet'
2022-07-08 11:18:58.978 [http-nio-8443-exec-1] INFO  org.springframework.web.servlet.DispatcherServlet -
				Completed initialization in 24 ms
2022-07-08 11:18:59.007 [http-nio-8443-exec-1] INFO  c.m.b.common.sercurity.intercept.AuthInterceptor -
				/mystu/api/authentication/loginis start
2022-07-08 11:18:59.039 [http-nio-8443-exec-2] INFO  c.m.b.common.sercurity.intercept.AuthInterceptor -
				/mystu/api/authentication/loginis start
2022-07-08 11:18:59.367 [http-nio-8443-exec-2] INFO  com.zaxxer.hikari.HikariDataSource -
				HikariPool-1 - Starting...
2022-07-08 11:18:59.902 [http-nio-8443-exec-2] INFO  com.zaxxer.hikari.HikariDataSource -
				HikariPool-1 - Start completed.
2022-07-08 11:19:00.436 [http-nio-8443-exec-2] INFO  io.lettuce.core.EpollProvider -
				Starting without optional epoll library
2022-07-08 11:19:00.439 [http-nio-8443-exec-2] INFO  io.lettuce.core.KqueueProvider -
				Starting without optional kqueue library
2022-07-08 11:19:01.295 [http-nio-8443-exec-3] INFO  c.m.b.common.sercurity.intercept.AuthInterceptor -
				/mystu/api/bcodename/getcodelistis start
2022-07-08 11:19:01.300 [http-nio-8443-exec-5] INFO  c.m.b.common.sercurity.intercept.AuthInterceptor -
				/mystu/api/bschool/getallscllistis start
2022-07-08 11:19:01.302 [http-nio-8443-exec-4] INFO  c.m.b.common.sercurity.intercept.AuthInterceptor -
				/mystu/api/bcodename/getcodelistis start
2022-07-08 11:19:11.771 [http-nio-8443-exec-8] INFO  c.m.b.common.sercurity.intercept.AuthInterceptor -
				/mystu/api/bstudent/getstudentpagerlistis start
2022-07-08 11:19:11.778 [http-nio-8443-exec-9] INFO  c.m.b.common.sercurity.intercept.AuthInterceptor -
				/mystu/api/bstudent/getstudentpagerlistis start
2022-07-08 11:19:31.953 [Thread-8] INFO  o.s.scheduling.concurrent.ThreadPoolTaskExecutor -
				Shutting down ExecutorService 'applicationTaskExecutor'
2022-07-08 11:19:31.956 [Thread-8] INFO  com.zaxxer.hikari.HikariDataSource -
				HikariPool-1 - Shutdown initiated...
2022-07-08 11:19:31.966 [Thread-8] INFO  com.zaxxer.hikari.HikariDataSource -
				HikariPool-1 - Shutdown completed.
2022-07-08 11:47:39.071 [restartedMain] INFO  com.max.back.BackApplication -
				Starting BackApplication on LAPTOP-1GNNC3O9 with PID 16752 (C:\eclipse-workspace\springbootapi\target\classes started by chenh in C:\eclipse-workspace\springbootapi)
2022-07-08 11:47:39.076 [restartedMain] INFO  com.max.back.BackApplication -
				The following profiles are active: test
2022-07-08 11:47:39.173 [restartedMain] INFO  o.s.b.d.env.DevToolsPropertyDefaultsPostProcessor -
				Devtools property defaults active! Set 'spring.devtools.add-properties' to 'false' to disable
2022-07-08 11:47:39.174 [restartedMain] INFO  o.s.b.d.env.DevToolsPropertyDefaultsPostProcessor -
				For additional web related logging consider setting the 'logging.level.web' property to 'DEBUG'
2022-07-08 11:47:42.159 [restartedMain] INFO  o.s.d.r.config.RepositoryConfigurationDelegate -
				Multiple Spring Data modules found, entering strict repository configuration mode!
2022-07-08 11:47:42.161 [restartedMain] INFO  o.s.d.r.config.RepositoryConfigurationDelegate -
				Bootstrapping Spring Data repositories in DEFAULT mode.
2022-07-08 11:47:42.299 [restartedMain] INFO  o.s.d.r.config.RepositoryConfigurationDelegate -
				Finished Spring Data repository scanning in 129ms. Found 0 repository interfaces.
2022-07-08 11:47:42.327 [restartedMain] INFO  o.s.d.r.config.RepositoryConfigurationDelegate -
				Multiple Spring Data modules found, entering strict repository configuration mode!
2022-07-08 11:47:42.330 [restartedMain] INFO  o.s.d.r.config.RepositoryConfigurationDelegate -
				Bootstrapping Spring Data repositories in DEFAULT mode.
2022-07-08 11:47:42.433 [restartedMain] INFO  o.s.d.r.config.RepositoryConfigurationDelegate -
				Finished Spring Data repository scanning in 87ms. Found 0 repository interfaces.
2022-07-08 11:47:43.183 [restartedMain] INFO  o.s.c.s.PostProcessorRegistrationDelegate$BeanPostProcessorChecker -
				Bean 'org.springframework.transaction.annotation.ProxyTransactionManagementConfiguration' of type [org.springframework.transaction.annotation.ProxyTransactionManagementConfiguration$$EnhancerBySpringCGLIB$$a6b8d12d] is not eligible for getting processed by all BeanPostProcessors (for example: not eligible for auto-proxying)
2022-07-08 11:47:43.238 [restartedMain] INFO  o.s.c.s.PostProcessorRegistrationDelegate$BeanPostProcessorChecker -
				Bean 'redisConfig' of type [com.max.back.common.config.RedisConfig$$EnhancerBySpringCGLIB$$640d48d6] is not eligible for getting processed by all BeanPostProcessors (for example: not eligible for auto-proxying)
2022-07-08 11:47:44.084 [restartedMain] INFO  o.s.boot.web.embedded.tomcat.TomcatWebServer -
				Tomcat initialized with port(s): 8443 (http)
2022-07-08 11:47:44.115 [restartedMain] INFO  org.apache.coyote.http11.Http11NioProtocol -
				Initializing ProtocolHandler ["http-nio-8443"]
2022-07-08 11:47:44.139 [restartedMain] INFO  org.apache.catalina.core.StandardService -
				Starting service [Tomcat]
2022-07-08 11:47:44.140 [restartedMain] INFO  org.apache.catalina.core.StandardEngine -
				Starting Servlet engine: [Apache Tomcat/9.0.24]
2022-07-08 11:47:44.773 [restartedMain] INFO  o.a.c.c.C.[Tomcat].[localhost].[/mystu] -
				Initializing Spring embedded WebApplicationContext
2022-07-08 11:47:44.773 [restartedMain] INFO  org.springframework.web.context.ContextLoader -
				Root WebApplicationContext: initialization completed in 5598 ms
2022-07-08 11:47:47.366 [restartedMain] INFO  s.d.s.w.PropertySourcedRequestMappingHandlerMapping -
				Mapped URL path [/v2/api-docs] onto method [public org.springframework.http.ResponseEntity<springfox.documentation.spring.web.json.Json> springfox.documentation.swagger2.web.Swagger2Controller.getDocumentation(java.lang.String,javax.servlet.http.HttpServletRequest)]
2022-07-08 11:47:47.641 [restartedMain] INFO  o.s.scheduling.concurrent.ThreadPoolTaskExecutor -
				Initializing ExecutorService 'applicationTaskExecutor'
2022-07-08 11:47:47.725 [restartedMain] INFO  o.s.b.d.autoconfigure.OptionalLiveReloadServer -
				LiveReload server is running on port 35729
2022-07-08 11:47:48.436 [restartedMain] INFO  s.d.s.web.plugins.DocumentationPluginsBootstrapper -
				Context refreshed
2022-07-08 11:47:48.473 [restartedMain] INFO  s.d.s.web.plugins.DocumentationPluginsBootstrapper -
				Found 1 custom documentation plugin(s)
2022-07-08 11:47:48.524 [restartedMain] INFO  s.d.spring.web.scanners.ApiListingReferenceScanner -
				Scanning for api listing references
2022-07-08 11:47:49.002 [restartedMain] INFO  org.apache.coyote.http11.Http11NioProtocol -
				Starting ProtocolHandler ["http-nio-8443"]
2022-07-08 11:47:49.075 [restartedMain] INFO  o.s.boot.web.embedded.tomcat.TomcatWebServer -
				Tomcat started on port(s): 8443 (http) with context path '/mystu'
2022-07-08 11:47:49.081 [restartedMain] INFO  com.max.back.BackApplication -
				Started BackApplication in 10.957 seconds (JVM running for 13.233)
2022-07-08 11:48:24.196 [http-nio-8443-exec-1] INFO  o.a.c.c.C.[Tomcat].[localhost].[/mystu] -
				Initializing Spring DispatcherServlet 'dispatcherServlet'
2022-07-08 11:48:24.197 [http-nio-8443-exec-1] INFO  org.springframework.web.servlet.DispatcherServlet -
				Initializing Servlet 'dispatcherServlet'
2022-07-08 11:48:24.212 [http-nio-8443-exec-1] INFO  org.springframework.web.servlet.DispatcherServlet -
				Completed initialization in 15 ms
2022-07-08 11:48:24.238 [http-nio-8443-exec-1] INFO  c.m.b.common.sercurity.intercept.AuthInterceptor -
				/mystu/api/authentication/loginis start
2022-07-08 11:48:24.562 [http-nio-8443-exec-1] INFO  com.zaxxer.hikari.HikariDataSource -
				HikariPool-1 - Starting...
2022-07-08 11:48:25.267 [http-nio-8443-exec-1] INFO  com.zaxxer.hikari.HikariDataSource -
				HikariPool-1 - Start completed.
2022-07-08 11:48:25.842 [http-nio-8443-exec-1] INFO  io.lettuce.core.EpollProvider -
				Starting without optional epoll library
2022-07-08 11:48:25.845 [http-nio-8443-exec-1] INFO  io.lettuce.core.KqueueProvider -
				Starting without optional kqueue library
2022-07-08 11:49:12.364 [Thread-8] INFO  o.s.scheduling.concurrent.ThreadPoolTaskExecutor -
				Shutting down ExecutorService 'applicationTaskExecutor'
2022-07-08 11:49:12.371 [Thread-8] INFO  com.zaxxer.hikari.HikariDataSource -
				HikariPool-1 - Shutdown initiated...
2022-07-08 11:49:12.395 [Thread-8] INFO  com.zaxxer.hikari.HikariDataSource -
				HikariPool-1 - Shutdown completed.
2022-07-08 11:49:21.663 [restartedMain] INFO  com.max.back.BackApplication -
				Starting BackApplication on LAPTOP-1GNNC3O9 with PID 16492 (C:\eclipse-workspace\springbootapi\target\classes started by chenh in C:\eclipse-workspace\springbootapi)
2022-07-08 11:49:21.667 [restartedMain] INFO  com.max.back.BackApplication -
				The following profiles are active: test
2022-07-08 11:49:21.748 [restartedMain] INFO  o.s.b.d.env.DevToolsPropertyDefaultsPostProcessor -
				Devtools property defaults active! Set 'spring.devtools.add-properties' to 'false' to disable
2022-07-08 11:49:21.748 [restartedMain] INFO  o.s.b.d.env.DevToolsPropertyDefaultsPostProcessor -
				For additional web related logging consider setting the 'logging.level.web' property to 'DEBUG'
2022-07-08 11:49:24.624 [restartedMain] INFO  o.s.d.r.config.RepositoryConfigurationDelegate -
				Multiple Spring Data modules found, entering strict repository configuration mode!
2022-07-08 11:49:24.625 [restartedMain] INFO  o.s.d.r.config.RepositoryConfigurationDelegate -
				Bootstrapping Spring Data repositories in DEFAULT mode.
2022-07-08 11:49:24.754 [restartedMain] INFO  o.s.d.r.config.RepositoryConfigurationDelegate -
				Finished Spring Data repository scanning in 120ms. Found 0 repository interfaces.
2022-07-08 11:49:24.777 [restartedMain] INFO  o.s.d.r.config.RepositoryConfigurationDelegate -
				Multiple Spring Data modules found, entering strict repository configuration mode!
2022-07-08 11:49:24.780 [restartedMain] INFO  o.s.d.r.config.RepositoryConfigurationDelegate -
				Bootstrapping Spring Data repositories in DEFAULT mode.
2022-07-08 11:49:24.884 [restartedMain] INFO  o.s.d.r.config.RepositoryConfigurationDelegate -
				Finished Spring Data repository scanning in 84ms. Found 0 repository interfaces.
2022-07-08 11:49:25.568 [restartedMain] INFO  o.s.c.s.PostProcessorRegistrationDelegate$BeanPostProcessorChecker -
				Bean 'org.springframework.transaction.annotation.ProxyTransactionManagementConfiguration' of type [org.springframework.transaction.annotation.ProxyTransactionManagementConfiguration$$EnhancerBySpringCGLIB$$bdca65f5] is not eligible for getting processed by all BeanPostProcessors (for example: not eligible for auto-proxying)
2022-07-08 11:49:25.625 [restartedMain] INFO  o.s.c.s.PostProcessorRegistrationDelegate$BeanPostProcessorChecker -
				Bean 'redisConfig' of type [com.max.back.common.config.RedisConfig$$EnhancerBySpringCGLIB$$7b1edd9e] is not eligible for getting processed by all BeanPostProcessors (for example: not eligible for auto-proxying)
2022-07-08 11:49:26.245 [restartedMain] INFO  o.s.boot.web.embedded.tomcat.TomcatWebServer -
				Tomcat initialized with port(s): 8000 (http)
2022-07-08 11:49:26.272 [restartedMain] INFO  org.apache.coyote.http11.Http11NioProtocol -
				Initializing ProtocolHandler ["http-nio-8000"]
2022-07-08 11:49:26.287 [restartedMain] INFO  org.apache.catalina.core.StandardService -
				Starting service [Tomcat]
2022-07-08 11:49:26.288 [restartedMain] INFO  org.apache.catalina.core.StandardEngine -
				Starting Servlet engine: [Apache Tomcat/9.0.24]
2022-07-08 11:49:26.704 [restartedMain] INFO  o.a.c.c.C.[Tomcat].[localhost].[/mystu] -
				Initializing Spring embedded WebApplicationContext
2022-07-08 11:49:26.705 [restartedMain] INFO  org.springframework.web.context.ContextLoader -
				Root WebApplicationContext: initialization completed in 4957 ms
2022-07-08 11:49:28.585 [restartedMain] INFO  s.d.s.w.PropertySourcedRequestMappingHandlerMapping -
				Mapped URL path [/v2/api-docs] onto method [public org.springframework.http.ResponseEntity<springfox.documentation.spring.web.json.Json> springfox.documentation.swagger2.web.Swagger2Controller.getDocumentation(java.lang.String,javax.servlet.http.HttpServletRequest)]
2022-07-08 11:49:28.844 [restartedMain] INFO  o.s.scheduling.concurrent.ThreadPoolTaskExecutor -
				Initializing ExecutorService 'applicationTaskExecutor'
2022-07-08 11:49:28.935 [restartedMain] INFO  o.s.b.d.autoconfigure.OptionalLiveReloadServer -
				LiveReload server is running on port 35729
2022-07-08 11:49:29.592 [restartedMain] INFO  s.d.s.web.plugins.DocumentationPluginsBootstrapper -
				Context refreshed
2022-07-08 11:49:29.625 [restartedMain] INFO  s.d.s.web.plugins.DocumentationPluginsBootstrapper -
				Found 1 custom documentation plugin(s)
2022-07-08 11:49:29.674 [restartedMain] INFO  s.d.spring.web.scanners.ApiListingReferenceScanner -
				Scanning for api listing references
2022-07-08 11:49:30.117 [restartedMain] INFO  org.apache.coyote.http11.Http11NioProtocol -
				Starting ProtocolHandler ["http-nio-8000"]
2022-07-08 11:49:30.184 [restartedMain] INFO  o.s.boot.web.embedded.tomcat.TomcatWebServer -
				Tomcat started on port(s): 8000 (http) with context path '/mystu'
2022-07-08 11:49:30.189 [restartedMain] INFO  com.max.back.BackApplication -
				Started BackApplication in 9.411 seconds (JVM running for 11.564)
2022-07-08 11:49:53.418 [http-nio-8000-exec-2] INFO  o.a.c.c.C.[Tomcat].[localhost].[/mystu] -
				Initializing Spring DispatcherServlet 'dispatcherServlet'
2022-07-08 11:49:53.419 [http-nio-8000-exec-2] INFO  org.springframework.web.servlet.DispatcherServlet -
				Initializing Servlet 'dispatcherServlet'
2022-07-08 11:49:53.434 [http-nio-8000-exec-2] INFO  org.springframework.web.servlet.DispatcherServlet -
				Completed initialization in 14 ms
2022-07-08 11:49:53.466 [http-nio-8000-exec-2] INFO  c.m.b.common.sercurity.intercept.AuthInterceptor -
				/mystu/api/bschool/getallscllistis start
2022-07-08 11:49:53.466 [http-nio-8000-exec-1] INFO  c.m.b.common.sercurity.intercept.AuthInterceptor -
				/mystu/api/bcodename/getcodelistis start
2022-07-08 11:49:53.502 [http-nio-8000-exec-1] INFO  c.m.b.common.sercurity.intercept.AuthInterceptor -
				/mystu/api/bcodename/getcodelistis start
2022-07-08 11:49:53.623 [http-nio-8000-exec-2] INFO  com.zaxxer.hikari.HikariDataSource -
				HikariPool-1 - Starting...
2022-07-08 11:49:54.186 [http-nio-8000-exec-2] INFO  com.zaxxer.hikari.HikariDataSource -
				HikariPool-1 - Start completed.
2022-07-08 11:49:59.851 [http-nio-8000-exec-5] INFO  c.m.b.common.sercurity.intercept.AuthInterceptor -
				/mystu/api/bstudent/getstudentpagerlistis start
2022-07-08 11:49:59.858 [http-nio-8000-exec-6] INFO  c.m.b.common.sercurity.intercept.AuthInterceptor -
				/mystu/api/bstudent/getstudentpagerlistis start
2022-07-08 11:50:00.222 [http-nio-8000-exec-6] INFO  io.lettuce.core.EpollProvider -
				Starting without optional epoll library
2022-07-08 11:50:00.227 [http-nio-8000-exec-6] INFO  io.lettuce.core.KqueueProvider -
				Starting without optional kqueue library
2022-07-08 11:50:06.199 [http-nio-8000-exec-7] INFO  c.m.b.common.sercurity.intercept.AuthInterceptor -
				/mystu/api/bstudent/getstudentpagerlistis start
2022-07-08 11:51:01.360 [Thread-8] INFO  o.s.scheduling.concurrent.ThreadPoolTaskExecutor -
				Shutting down ExecutorService 'applicationTaskExecutor'
2022-07-08 11:51:01.363 [Thread-8] INFO  com.zaxxer.hikari.HikariDataSource -
				HikariPool-1 - Shutdown initiated...
2022-07-08 11:51:01.374 [Thread-8] INFO  com.zaxxer.hikari.HikariDataSource -
				HikariPool-1 - Shutdown completed.
2022-07-08 11:52:56.168 [restartedMain] INFO  com.max.back.BackApplication -
				Starting BackApplication on LAPTOP-1GNNC3O9 with PID 18936 (C:\eclipse-workspace\springbootapi\target\classes started by chenh in C:\eclipse-workspace\springbootapi)
2022-07-08 11:52:56.172 [restartedMain] INFO  com.max.back.BackApplication -
				The following profiles are active: test
2022-07-08 11:52:56.269 [restartedMain] INFO  o.s.b.d.env.DevToolsPropertyDefaultsPostProcessor -
				Devtools property defaults active! Set 'spring.devtools.add-properties' to 'false' to disable
2022-07-08 11:52:56.270 [restartedMain] INFO  o.s.b.d.env.DevToolsPropertyDefaultsPostProcessor -
				For additional web related logging consider setting the 'logging.level.web' property to 'DEBUG'
2022-07-08 11:52:59.445 [restartedMain] INFO  o.s.d.r.config.RepositoryConfigurationDelegate -
				Multiple Spring Data modules found, entering strict repository configuration mode!
2022-07-08 11:52:59.447 [restartedMain] INFO  o.s.d.r.config.RepositoryConfigurationDelegate -
				Bootstrapping Spring Data repositories in DEFAULT mode.
2022-07-08 11:52:59.615 [restartedMain] INFO  o.s.d.r.config.RepositoryConfigurationDelegate -
				Finished Spring Data repository scanning in 157ms. Found 0 repository interfaces.
2022-07-08 11:52:59.654 [restartedMain] INFO  o.s.d.r.config.RepositoryConfigurationDelegate -
				Multiple Spring Data modules found, entering strict repository configuration mode!
2022-07-08 11:52:59.656 [restartedMain] INFO  o.s.d.r.config.RepositoryConfigurationDelegate -
				Bootstrapping Spring Data repositories in DEFAULT mode.
2022-07-08 11:52:59.753 [restartedMain] INFO  o.s.d.r.config.RepositoryConfigurationDelegate -
				Finished Spring Data repository scanning in 83ms. Found 0 repository interfaces.
2022-07-08 11:53:00.455 [restartedMain] INFO  o.s.c.s.PostProcessorRegistrationDelegate$BeanPostProcessorChecker -
				Bean 'org.springframework.transaction.annotation.ProxyTransactionManagementConfiguration' of type [org.springframework.transaction.annotation.ProxyTransactionManagementConfiguration$$EnhancerBySpringCGLIB$$343443b6] is not eligible for getting processed by all BeanPostProcessors (for example: not eligible for auto-proxying)
2022-07-08 11:53:00.509 [restartedMain] INFO  o.s.c.s.PostProcessorRegistrationDelegate$BeanPostProcessorChecker -
				Bean 'redisConfig' of type [com.max.back.common.config.RedisConfig$$EnhancerBySpringCGLIB$$f188bb5f] is not eligible for getting processed by all BeanPostProcessors (for example: not eligible for auto-proxying)
2022-07-08 11:53:01.152 [restartedMain] INFO  o.s.boot.web.embedded.tomcat.TomcatWebServer -
				Tomcat initialized with port(s): 8000 (http)
2022-07-08 11:53:01.179 [restartedMain] INFO  org.apache.coyote.http11.Http11NioProtocol -
				Initializing ProtocolHandler ["http-nio-8000"]
2022-07-08 11:53:01.196 [restartedMain] INFO  org.apache.catalina.core.StandardService -
				Starting service [Tomcat]
2022-07-08 11:53:01.196 [restartedMain] INFO  org.apache.catalina.core.StandardEngine -
				Starting Servlet engine: [Apache Tomcat/9.0.24]
2022-07-08 11:53:01.607 [restartedMain] INFO  o.a.c.c.C.[Tomcat].[localhost].[/mystu] -
				Initializing Spring embedded WebApplicationContext
2022-07-08 11:53:01.607 [restartedMain] INFO  org.springframework.web.context.ContextLoader -
				Root WebApplicationContext: initialization completed in 5337 ms
2022-07-08 11:53:03.571 [restartedMain] INFO  s.d.s.w.PropertySourcedRequestMappingHandlerMapping -
				Mapped URL path [/v2/api-docs] onto method [public org.springframework.http.ResponseEntity<springfox.documentation.spring.web.json.Json> springfox.documentation.swagger2.web.Swagger2Controller.getDocumentation(java.lang.String,javax.servlet.http.HttpServletRequest)]
2022-07-08 11:53:03.882 [restartedMain] INFO  o.s.scheduling.concurrent.ThreadPoolTaskExecutor -
				Initializing ExecutorService 'applicationTaskExecutor'
2022-07-08 11:53:03.996 [restartedMain] INFO  o.s.b.d.autoconfigure.OptionalLiveReloadServer -
				LiveReload server is running on port 35729
2022-07-08 11:53:04.837 [restartedMain] INFO  s.d.s.web.plugins.DocumentationPluginsBootstrapper -
				Context refreshed
2022-07-08 11:53:04.888 [restartedMain] INFO  s.d.s.web.plugins.DocumentationPluginsBootstrapper -
				Found 1 custom documentation plugin(s)
2022-07-08 11:53:04.951 [restartedMain] INFO  s.d.spring.web.scanners.ApiListingReferenceScanner -
				Scanning for api listing references
2022-07-08 11:53:05.723 [restartedMain] INFO  org.apache.coyote.http11.Http11NioProtocol -
				Starting ProtocolHandler ["http-nio-8000"]
2022-07-08 11:53:05.845 [restartedMain] INFO  o.s.boot.web.embedded.tomcat.TomcatWebServer -
				Tomcat started on port(s): 8000 (http) with context path '/mystu'
2022-07-08 11:53:05.865 [restartedMain] INFO  com.max.back.BackApplication -
				Started BackApplication in 10.667 seconds (JVM running for 13.049)
2022-07-08 11:57:00.130 [http-nio-8000-exec-1] INFO  o.a.c.c.C.[Tomcat].[localhost].[/mystu] -
				Initializing Spring DispatcherServlet 'dispatcherServlet'
2022-07-08 11:57:00.131 [http-nio-8000-exec-1] INFO  org.springframework.web.servlet.DispatcherServlet -
				Initializing Servlet 'dispatcherServlet'
2022-07-08 11:57:00.148 [http-nio-8000-exec-1] INFO  org.springframework.web.servlet.DispatcherServlet -
				Completed initialization in 17 ms
2022-07-08 11:57:00.179 [http-nio-8000-exec-1] INFO  c.m.b.common.sercurity.intercept.AuthInterceptor -
				/mystu/api/authentication/loginis start
2022-07-08 11:57:00.568 [http-nio-8000-exec-1] INFO  com.zaxxer.hikari.HikariDataSource -
				HikariPool-1 - Starting...
2022-07-08 11:57:01.242 [http-nio-8000-exec-1] INFO  com.zaxxer.hikari.HikariDataSource -
				HikariPool-1 - Start completed.
2022-07-08 11:57:01.759 [http-nio-8000-exec-1] INFO  io.lettuce.core.EpollProvider -
				Starting without optional epoll library
2022-07-08 11:57:01.762 [http-nio-8000-exec-1] INFO  io.lettuce.core.KqueueProvider -
				Starting without optional kqueue library
2022-07-08 11:57:02.516 [http-nio-8000-exec-4] INFO  c.m.b.common.sercurity.intercept.AuthInterceptor -
				/mystu/api/bschool/getallscllistis start
2022-07-08 11:57:02.518 [http-nio-8000-exec-2] INFO  c.m.b.common.sercurity.intercept.AuthInterceptor -
				/mystu/api/bcodename/getcodelistis start
2022-07-08 11:57:02.531 [http-nio-8000-exec-3] INFO  c.m.b.common.sercurity.intercept.AuthInterceptor -
				/mystu/api/bcodename/getcodelistis start
2022-07-08 11:57:04.653 [http-nio-8000-exec-5] INFO  c.m.b.common.sercurity.intercept.AuthInterceptor -
				/mystu/api/bstudent/getstudentpagerlistis start
2022-07-08 11:57:04.662 [http-nio-8000-exec-8] INFO  c.m.b.common.sercurity.intercept.AuthInterceptor -
				/mystu/api/bstudent/getstudentpagerlistis start
2022-07-08 11:57:10.688 [http-nio-8000-exec-9] INFO  c.m.b.common.sercurity.intercept.AuthInterceptor -
				/mystu/api/bstudent/getstudentpagerlistis start
2022-07-08 11:57:23.992 [Thread-8] INFO  o.s.scheduling.concurrent.ThreadPoolTaskExecutor -
				Shutting down ExecutorService 'applicationTaskExecutor'
2022-07-08 11:57:23.996 [Thread-8] INFO  com.zaxxer.hikari.HikariDataSource -
				HikariPool-1 - Shutdown initiated...
2022-07-08 11:57:24.014 [Thread-8] INFO  com.zaxxer.hikari.HikariDataSource -
				HikariPool-1 - Shutdown completed.
