2022-07-12 11:10:04.029 [main] WARN  o.s.w.context.support.GenericWebApplicationContext -
				Exception encountered during context initialization - cancelling refresh attempt: org.springframework.beans.factory.UnsatisfiedDependencyException: Error creating bean with name 'departclassificationServiceImpl': Unsatisfied dependency expressed through field 'baseMapper'; nested exception is org.springframework.beans.factory.NoSuchBeanDefinitionException: No qualifying bean of type 'com.max.back.neusoft.mapper.DepartclassificationMapper' available: expected at least 1 bean which qualifies as autowire candidate. Dependency annotations: {@org.springframework.beans.factory.annotation.Autowired(required=true)}
2022-07-12 11:11:31.947 [main] WARN  o.s.w.context.support.GenericWebApplicationContext -
				Exception encountered during context initialization - cancelling refresh attempt: org.springframework.beans.factory.UnsatisfiedDependencyException: Error creating bean with name 'departclassificationServiceImpl': Unsatisfied dependency expressed through field 'baseMapper'; nested exception is org.springframework.beans.factory.NoSuchBeanDefinitionException: No qualifying bean of type 'com.max.back.neusoft.mapper.DepartclassificationMapper' available: expected at least 1 bean which qualifies as autowire candidate. Dependency annotations: {@org.springframework.beans.factory.annotation.Autowired(required=true)}
2022-07-12 11:12:15.383 [main] WARN  o.s.w.context.support.GenericWebApplicationContext -
				Exception encountered during context initialization - cancelling refresh attempt: org.springframework.beans.factory.UnsatisfiedDependencyException: Error creating bean with name 'departclassificationServiceImpl': Unsatisfied dependency expressed through field 'baseMapper'; nested exception is org.springframework.beans.factory.NoSuchBeanDefinitionException: No qualifying bean of type 'com.max.back.neusoft.mapper.DepartclassificationMapper' available: expected at least 1 bean which qualifies as autowire candidate. Dependency annotations: {@org.springframework.beans.factory.annotation.Autowired(required=true)}
2022-07-12 11:15:44.268 [main] WARN  o.s.w.context.support.GenericWebApplicationContext -
				Exception encountered during context initialization - cancelling refresh attempt: org.springframework.beans.factory.UnsatisfiedDependencyException: Error creating bean with name 'departclassificationServiceImpl': Unsatisfied dependency expressed through field 'baseMapper'; nested exception is org.springframework.beans.factory.NoSuchBeanDefinitionException: No qualifying bean of type 'com.max.back.neusoft.mapper.DepartclassificationMapper' available: expected at least 1 bean which qualifies as autowire candidate. Dependency annotations: {@org.springframework.beans.factory.annotation.Autowired(required=true)}
2022-07-12 11:19:38.598 [main] WARN  o.s.w.context.support.GenericWebApplicationContext -
				Exception encountered during context initialization - cancelling refresh attempt: org.springframework.beans.factory.UnsatisfiedDependencyException: Error creating bean with name 'departclassificationServiceImpl': Unsatisfied dependency expressed through field 'baseMapper'; nested exception is org.springframework.beans.factory.NoSuchBeanDefinitionException: No qualifying bean of type 'com.max.back.neusoft.mapper.DepartclassificationMapper' available: expected at least 1 bean which qualifies as autowire candidate. Dependency annotations: {@org.springframework.beans.factory.annotation.Autowired(required=true)}
2022-07-12 11:20:13.925 [main] WARN  o.s.w.context.support.GenericWebApplicationContext -
				Exception encountered during context initialization - cancelling refresh attempt: org.springframework.beans.factory.UnsatisfiedDependencyException: Error creating bean with name 'bcodenameCtl': Unsatisfied dependency expressed through field 'ser'; nested exception is org.springframework.beans.factory.UnsatisfiedDependencyException: Error creating bean with name 'bcodenameSerImpl': Unsatisfied dependency expressed through field 'baseMapper'; nested exception is org.springframework.beans.factory.NoSuchBeanDefinitionException: No qualifying bean of type 'com.max.back.demo.dao.BcodenameDao' available: expected at least 1 bean which qualifies as autowire candidate. Dependency annotations: {@org.springframework.beans.factory.annotation.Autowired(required=true)}
2022-07-12 11:22:48.267 [main] WARN  o.s.w.context.support.GenericWebApplicationContext -
				Exception encountered during context initialization - cancelling refresh attempt: org.springframework.beans.factory.UnsatisfiedDependencyException: Error creating bean with name 'departclassificationServiceImpl': Unsatisfied dependency expressed through field 'baseMapper'; nested exception is org.springframework.beans.factory.NoSuchBeanDefinitionException: No qualifying bean of type 'com.max.back.neusoft.mapper.DepartclassificationMapper' available: expected at least 1 bean which qualifies as autowire candidate. Dependency annotations: {@org.springframework.beans.factory.annotation.Autowired(required=true)}
2022-07-12 11:27:36.517 [main] WARN  o.s.w.context.support.GenericWebApplicationContext -
				Exception encountered during context initialization - cancelling refresh attempt: org.springframework.beans.factory.UnsatisfiedDependencyException: Error creating bean with name 'departclassificationServiceImpl': Unsatisfied dependency expressed through field 'baseMapper'; nested exception is org.springframework.beans.factory.NoSuchBeanDefinitionException: No qualifying bean of type 'com.max.back.neusoft.mapper.DepartclassificationMapper' available: expected at least 1 bean which qualifies as autowire candidate. Dependency annotations: {@org.springframework.beans.factory.annotation.Autowired(required=true)}
2022-07-12 11:28:01.603 [main] WARN  o.s.w.context.support.GenericWebApplicationContext -
				Exception encountered during context initialization - cancelling refresh attempt: org.springframework.beans.factory.UnsatisfiedDependencyException: Error creating bean with name 'bcodenameCtl': Unsatisfied dependency expressed through field 'ser'; nested exception is org.springframework.beans.factory.UnsatisfiedDependencyException: Error creating bean with name 'bcodenameSerImpl': Unsatisfied dependency expressed through field 'baseMapper'; nested exception is org.springframework.beans.factory.NoSuchBeanDefinitionException: No qualifying bean of type 'com.max.back.demo.dao.BcodenameDao' available: expected at least 1 bean which qualifies as autowire candidate. Dependency annotations: {@org.springframework.beans.factory.annotation.Autowired(required=true)}
2022-07-12 15:19:56.450 [http-nio-8000-exec-1] WARN  c.m.b.n.s.impl.DepartclassificationServiceImpl -
				Warn: execute Method There are  7 results.
2022-07-12 21:33:58.057 [http-nio-8000-exec-3] WARN  com.zaxxer.hikari.pool.PoolBase -
				HikariPool-1 - Failed to validate connection com.mysql.cj.jdbc.ConnectionImpl@514bcfa1 (No operations allowed after connection closed.). Possibly consider using a shorter maxLifetime value.
2022-07-12 21:34:02.740 [HikariPool-1 housekeeper] WARN  com.zaxxer.hikari.pool.HikariPool -
				HikariPool-1 - Thread starvation or clock leap detected (housekeeper delta=59m3s968ms21µs900ns).
2022-07-12 21:34:03.083 [http-nio-8000-exec-3] WARN  com.zaxxer.hikari.pool.PoolBase -
				HikariPool-1 - Failed to validate connection com.mysql.cj.jdbc.ConnectionImpl@3283854e (No operations allowed after connection closed.). Possibly consider using a shorter maxLifetime value.
