2022-07-23 15:07:21.388 [restartedMain] WARN  org.mybatis.spring.mapper.ClassPathMapperScanner -
				Skipping MapperFactoryBean with name 'departclassificationMapper' and 'com.max.back.neusoft.dao.DepartclassificationMapper' mapperInterface. Bean already defined with the same name!
2022-07-23 15:07:21.389 [restartedMain] WARN  org.mybatis.spring.mapper.ClassPathMapperScanner -
				Skipping MapperFactoryBean with name 'departmentMapper' and 'com.max.back.neusoft.dao.DepartmentMapper' mapperInterface. Bean already defined with the same name!
2022-07-23 15:07:21.389 [restartedMain] WARN  org.mybatis.spring.mapper.ClassPathMapperScanner -
				Skipping MapperFactoryBean with name 'doctorMapper' and 'com.max.back.neusoft.dao.DoctorMapper' mapperInterface. Bean already defined with the same name!
2022-07-23 15:07:21.390 [restartedMain] WARN  org.mybatis.spring.mapper.ClassPathMapperScanner -
				Skipping MapperFactoryBean with name 'drugspecificationMapper' and 'com.max.back.neusoft.dao.DrugspecificationMapper' mapperInterface. Bean already defined with the same name!
2022-07-23 15:07:21.390 [restartedMain] WARN  org.mybatis.spring.mapper.ClassPathMapperScanner -
				Skipping MapperFactoryBean with name 'generalitemMapper' and 'com.max.back.neusoft.dao.GeneralitemMapper' mapperInterface. Bean already defined with the same name!
2022-07-23 15:07:21.390 [restartedMain] WARN  org.mybatis.spring.mapper.ClassPathMapperScanner -
				Skipping MapperFactoryBean with name 'loginMapper' and 'com.max.back.neusoft.dao.LoginMapper' mapperInterface. Bean already defined with the same name!
2022-07-23 15:07:21.391 [restartedMain] WARN  org.mybatis.spring.mapper.ClassPathMapperScanner -
				Skipping MapperFactoryBean with name 'nondrugMapper' and 'com.max.back.neusoft.dao.NondrugMapper' mapperInterface. Bean already defined with the same name!
2022-07-23 15:07:21.391 [restartedMain] WARN  org.mybatis.spring.mapper.ClassPathMapperScanner -
				Skipping MapperFactoryBean with name 'orderdrugMapper' and 'com.max.back.neusoft.dao.OrderdrugMapper' mapperInterface. Bean already defined with the same name!
2022-07-23 15:07:21.391 [restartedMain] WARN  org.mybatis.spring.mapper.ClassPathMapperScanner -
				Skipping MapperFactoryBean with name 'patientmedicineMapper' and 'com.max.back.neusoft.dao.PatientmedicineMapper' mapperInterface. Bean already defined with the same name!
2022-07-23 15:07:21.391 [restartedMain] WARN  org.mybatis.spring.mapper.ClassPathMapperScanner -
				Skipping MapperFactoryBean with name 'permissionMapper' and 'com.max.back.neusoft.dao.PermissionMapper' mapperInterface. Bean already defined with the same name!
2022-07-23 15:07:21.391 [restartedMain] WARN  org.mybatis.spring.mapper.ClassPathMapperScanner -
				Skipping MapperFactoryBean with name 'registeredMapper' and 'com.max.back.neusoft.dao.RegisteredMapper' mapperInterface. Bean already defined with the same name!
2022-07-23 15:07:21.391 [restartedMain] WARN  org.mybatis.spring.mapper.ClassPathMapperScanner -
				Skipping MapperFactoryBean with name 'scheduleMapper' and 'com.max.back.neusoft.dao.ScheduleMapper' mapperInterface. Bean already defined with the same name!
2022-07-23 15:07:21.391 [restartedMain] WARN  org.mybatis.spring.mapper.ClassPathMapperScanner -
				Skipping MapperFactoryBean with name 'userMapper' and 'com.max.back.neusoft.dao.UserMapper' mapperInterface. Bean already defined with the same name!
2022-07-23 15:07:23.607 [restartedMain] WARN  c.b.mybatisplus.core.metadata.TableInfoHelper -
				Warn: Could not find @TableId in Class: com.max.back.neusoft.pojo.Generalitem.
2022-07-23 15:50:59.597 [restartedMain] WARN  org.mybatis.spring.mapper.ClassPathMapperScanner -
				Skipping MapperFactoryBean with name 'departclassificationMapper' and 'com.max.back.neusoft.dao.DepartclassificationMapper' mapperInterface. Bean already defined with the same name!
2022-07-23 15:50:59.597 [restartedMain] WARN  org.mybatis.spring.mapper.ClassPathMapperScanner -
				Skipping MapperFactoryBean with name 'departmentMapper' and 'com.max.back.neusoft.dao.DepartmentMapper' mapperInterface. Bean already defined with the same name!
2022-07-23 15:50:59.597 [restartedMain] WARN  org.mybatis.spring.mapper.ClassPathMapperScanner -
				Skipping MapperFactoryBean with name 'doctorMapper' and 'com.max.back.neusoft.dao.DoctorMapper' mapperInterface. Bean already defined with the same name!
2022-07-23 15:50:59.598 [restartedMain] WARN  org.mybatis.spring.mapper.ClassPathMapperScanner -
				Skipping MapperFactoryBean with name 'drugspecificationMapper' and 'com.max.back.neusoft.dao.DrugspecificationMapper' mapperInterface. Bean already defined with the same name!
2022-07-23 15:50:59.598 [restartedMain] WARN  org.mybatis.spring.mapper.ClassPathMapperScanner -
				Skipping MapperFactoryBean with name 'generalitemMapper' and 'com.max.back.neusoft.dao.GeneralitemMapper' mapperInterface. Bean already defined with the same name!
2022-07-23 15:50:59.598 [restartedMain] WARN  org.mybatis.spring.mapper.ClassPathMapperScanner -
				Skipping MapperFactoryBean with name 'loginMapper' and 'com.max.back.neusoft.dao.LoginMapper' mapperInterface. Bean already defined with the same name!
2022-07-23 15:50:59.598 [restartedMain] WARN  org.mybatis.spring.mapper.ClassPathMapperScanner -
				Skipping MapperFactoryBean with name 'nondrugMapper' and 'com.max.back.neusoft.dao.NondrugMapper' mapperInterface. Bean already defined with the same name!
2022-07-23 15:50:59.598 [restartedMain] WARN  org.mybatis.spring.mapper.ClassPathMapperScanner -
				Skipping MapperFactoryBean with name 'orderdrugMapper' and 'com.max.back.neusoft.dao.OrderdrugMapper' mapperInterface. Bean already defined with the same name!
2022-07-23 15:50:59.598 [restartedMain] WARN  org.mybatis.spring.mapper.ClassPathMapperScanner -
				Skipping MapperFactoryBean with name 'patientmedicineMapper' and 'com.max.back.neusoft.dao.PatientmedicineMapper' mapperInterface. Bean already defined with the same name!
2022-07-23 15:50:59.598 [restartedMain] WARN  org.mybatis.spring.mapper.ClassPathMapperScanner -
				Skipping MapperFactoryBean with name 'permissionMapper' and 'com.max.back.neusoft.dao.PermissionMapper' mapperInterface. Bean already defined with the same name!
2022-07-23 15:50:59.598 [restartedMain] WARN  org.mybatis.spring.mapper.ClassPathMapperScanner -
				Skipping MapperFactoryBean with name 'registeredMapper' and 'com.max.back.neusoft.dao.RegisteredMapper' mapperInterface. Bean already defined with the same name!
2022-07-23 15:50:59.598 [restartedMain] WARN  org.mybatis.spring.mapper.ClassPathMapperScanner -
				Skipping MapperFactoryBean with name 'scheduleMapper' and 'com.max.back.neusoft.dao.ScheduleMapper' mapperInterface. Bean already defined with the same name!
2022-07-23 15:50:59.599 [restartedMain] WARN  org.mybatis.spring.mapper.ClassPathMapperScanner -
				Skipping MapperFactoryBean with name 'userMapper' and 'com.max.back.neusoft.dao.UserMapper' mapperInterface. Bean already defined with the same name!
2022-07-23 15:51:01.317 [restartedMain] WARN  c.b.mybatisplus.core.metadata.TableInfoHelper -
				Warn: Could not find @TableId in Class: com.max.back.neusoft.pojo.Generalitem.
2022-07-23 15:56:13.566 [restartedMain] WARN  org.mybatis.spring.mapper.ClassPathMapperScanner -
				Skipping MapperFactoryBean with name 'departclassificationMapper' and 'com.max.back.neusoft.dao.DepartclassificationMapper' mapperInterface. Bean already defined with the same name!
2022-07-23 15:56:13.566 [restartedMain] WARN  org.mybatis.spring.mapper.ClassPathMapperScanner -
				Skipping MapperFactoryBean with name 'departmentMapper' and 'com.max.back.neusoft.dao.DepartmentMapper' mapperInterface. Bean already defined with the same name!
2022-07-23 15:56:13.566 [restartedMain] WARN  org.mybatis.spring.mapper.ClassPathMapperScanner -
				Skipping MapperFactoryBean with name 'doctorMapper' and 'com.max.back.neusoft.dao.DoctorMapper' mapperInterface. Bean already defined with the same name!
2022-07-23 15:56:13.566 [restartedMain] WARN  org.mybatis.spring.mapper.ClassPathMapperScanner -
				Skipping MapperFactoryBean with name 'drugspecificationMapper' and 'com.max.back.neusoft.dao.DrugspecificationMapper' mapperInterface. Bean already defined with the same name!
2022-07-23 15:56:13.566 [restartedMain] WARN  org.mybatis.spring.mapper.ClassPathMapperScanner -
				Skipping MapperFactoryBean with name 'generalitemMapper' and 'com.max.back.neusoft.dao.GeneralitemMapper' mapperInterface. Bean already defined with the same name!
2022-07-23 15:56:13.566 [restartedMain] WARN  org.mybatis.spring.mapper.ClassPathMapperScanner -
				Skipping MapperFactoryBean with name 'loginMapper' and 'com.max.back.neusoft.dao.LoginMapper' mapperInterface. Bean already defined with the same name!
2022-07-23 15:56:13.567 [restartedMain] WARN  org.mybatis.spring.mapper.ClassPathMapperScanner -
				Skipping MapperFactoryBean with name 'nondrugMapper' and 'com.max.back.neusoft.dao.NondrugMapper' mapperInterface. Bean already defined with the same name!
2022-07-23 15:56:13.567 [restartedMain] WARN  org.mybatis.spring.mapper.ClassPathMapperScanner -
				Skipping MapperFactoryBean with name 'orderdrugMapper' and 'com.max.back.neusoft.dao.OrderdrugMapper' mapperInterface. Bean already defined with the same name!
2022-07-23 15:56:13.567 [restartedMain] WARN  org.mybatis.spring.mapper.ClassPathMapperScanner -
				Skipping MapperFactoryBean with name 'patientmedicineMapper' and 'com.max.back.neusoft.dao.PatientmedicineMapper' mapperInterface. Bean already defined with the same name!
2022-07-23 15:56:13.567 [restartedMain] WARN  org.mybatis.spring.mapper.ClassPathMapperScanner -
				Skipping MapperFactoryBean with name 'permissionMapper' and 'com.max.back.neusoft.dao.PermissionMapper' mapperInterface. Bean already defined with the same name!
2022-07-23 15:56:13.567 [restartedMain] WARN  org.mybatis.spring.mapper.ClassPathMapperScanner -
				Skipping MapperFactoryBean with name 'registeredMapper' and 'com.max.back.neusoft.dao.RegisteredMapper' mapperInterface. Bean already defined with the same name!
2022-07-23 15:56:13.567 [restartedMain] WARN  org.mybatis.spring.mapper.ClassPathMapperScanner -
				Skipping MapperFactoryBean with name 'scheduleMapper' and 'com.max.back.neusoft.dao.ScheduleMapper' mapperInterface. Bean already defined with the same name!
2022-07-23 15:56:13.567 [restartedMain] WARN  org.mybatis.spring.mapper.ClassPathMapperScanner -
				Skipping MapperFactoryBean with name 'userMapper' and 'com.max.back.neusoft.dao.UserMapper' mapperInterface. Bean already defined with the same name!
2022-07-23 15:56:15.781 [restartedMain] WARN  c.b.mybatisplus.core.metadata.TableInfoHelper -
				Warn: Could not find @TableId in Class: com.max.back.neusoft.pojo.Generalitem.
2022-07-23 16:07:24.233 [restartedMain] WARN  org.mybatis.spring.mapper.ClassPathMapperScanner -
				Skipping MapperFactoryBean with name 'departclassificationMapper' and 'com.max.back.neusoft.dao.DepartclassificationMapper' mapperInterface. Bean already defined with the same name!
2022-07-23 16:07:24.233 [restartedMain] WARN  org.mybatis.spring.mapper.ClassPathMapperScanner -
				Skipping MapperFactoryBean with name 'departmentMapper' and 'com.max.back.neusoft.dao.DepartmentMapper' mapperInterface. Bean already defined with the same name!
2022-07-23 16:07:24.233 [restartedMain] WARN  org.mybatis.spring.mapper.ClassPathMapperScanner -
				Skipping MapperFactoryBean with name 'doctorMapper' and 'com.max.back.neusoft.dao.DoctorMapper' mapperInterface. Bean already defined with the same name!
2022-07-23 16:07:24.233 [restartedMain] WARN  org.mybatis.spring.mapper.ClassPathMapperScanner -
				Skipping MapperFactoryBean with name 'drugspecificationMapper' and 'com.max.back.neusoft.dao.DrugspecificationMapper' mapperInterface. Bean already defined with the same name!
2022-07-23 16:07:24.233 [restartedMain] WARN  org.mybatis.spring.mapper.ClassPathMapperScanner -
				Skipping MapperFactoryBean with name 'generalitemMapper' and 'com.max.back.neusoft.dao.GeneralitemMapper' mapperInterface. Bean already defined with the same name!
2022-07-23 16:07:24.233 [restartedMain] WARN  org.mybatis.spring.mapper.ClassPathMapperScanner -
				Skipping MapperFactoryBean with name 'loginMapper' and 'com.max.back.neusoft.dao.LoginMapper' mapperInterface. Bean already defined with the same name!
2022-07-23 16:07:24.233 [restartedMain] WARN  org.mybatis.spring.mapper.ClassPathMapperScanner -
				Skipping MapperFactoryBean with name 'nondrugMapper' and 'com.max.back.neusoft.dao.NondrugMapper' mapperInterface. Bean already defined with the same name!
2022-07-23 16:07:24.233 [restartedMain] WARN  org.mybatis.spring.mapper.ClassPathMapperScanner -
				Skipping MapperFactoryBean with name 'orderdrugMapper' and 'com.max.back.neusoft.dao.OrderdrugMapper' mapperInterface. Bean already defined with the same name!
2022-07-23 16:07:24.233 [restartedMain] WARN  org.mybatis.spring.mapper.ClassPathMapperScanner -
				Skipping MapperFactoryBean with name 'patientmedicineMapper' and 'com.max.back.neusoft.dao.PatientmedicineMapper' mapperInterface. Bean already defined with the same name!
2022-07-23 16:07:24.234 [restartedMain] WARN  org.mybatis.spring.mapper.ClassPathMapperScanner -
				Skipping MapperFactoryBean with name 'permissionMapper' and 'com.max.back.neusoft.dao.PermissionMapper' mapperInterface. Bean already defined with the same name!
2022-07-23 16:07:24.234 [restartedMain] WARN  org.mybatis.spring.mapper.ClassPathMapperScanner -
				Skipping MapperFactoryBean with name 'registeredMapper' and 'com.max.back.neusoft.dao.RegisteredMapper' mapperInterface. Bean already defined with the same name!
2022-07-23 16:07:24.234 [restartedMain] WARN  org.mybatis.spring.mapper.ClassPathMapperScanner -
				Skipping MapperFactoryBean with name 'scheduleMapper' and 'com.max.back.neusoft.dao.ScheduleMapper' mapperInterface. Bean already defined with the same name!
2022-07-23 16:07:24.234 [restartedMain] WARN  org.mybatis.spring.mapper.ClassPathMapperScanner -
				Skipping MapperFactoryBean with name 'userMapper' and 'com.max.back.neusoft.dao.UserMapper' mapperInterface. Bean already defined with the same name!
2022-07-23 16:07:24.626 [restartedMain] WARN  c.b.mybatisplus.core.metadata.TableInfoHelper -
				Warn: Could not find @TableId in Class: com.max.back.neusoft.pojo.Generalitem.
2022-07-23 16:07:25.139 [restartedMain] WARN  o.s.b.w.s.c.AnnotationConfigServletWebServerApplicationContext -
				Exception encountered during context initialization - cancelling refresh attempt: org.springframework.beans.factory.BeanCreationException: Error creating bean with name 'keyGenerator' defined in class path resource [com/max/back/common/config/RedisConfig.class]: Bean instantiation via factory method failed; nested exception is org.springframework.beans.BeanInstantiationException: Failed to instantiate [org.springframework.cache.interceptor.KeyGenerator]: Factory method 'keyGenerator' threw exception; nested exception is java.lang.NoClassDefFoundError: com/max/back/common/config/RedisConfig$1
2022-07-23 16:07:40.384 [restartedMain] WARN  org.mybatis.spring.mapper.ClassPathMapperScanner -
				Skipping MapperFactoryBean with name 'departclassificationMapper' and 'com.max.back.neusoft.dao.DepartclassificationMapper' mapperInterface. Bean already defined with the same name!
2022-07-23 16:07:40.384 [restartedMain] WARN  org.mybatis.spring.mapper.ClassPathMapperScanner -
				Skipping MapperFactoryBean with name 'departmentMapper' and 'com.max.back.neusoft.dao.DepartmentMapper' mapperInterface. Bean already defined with the same name!
2022-07-23 16:07:40.384 [restartedMain] WARN  org.mybatis.spring.mapper.ClassPathMapperScanner -
				Skipping MapperFactoryBean with name 'doctorMapper' and 'com.max.back.neusoft.dao.DoctorMapper' mapperInterface. Bean already defined with the same name!
2022-07-23 16:07:40.384 [restartedMain] WARN  org.mybatis.spring.mapper.ClassPathMapperScanner -
				Skipping MapperFactoryBean with name 'drugspecificationMapper' and 'com.max.back.neusoft.dao.DrugspecificationMapper' mapperInterface. Bean already defined with the same name!
2022-07-23 16:07:40.394 [restartedMain] WARN  org.mybatis.spring.mapper.ClassPathMapperScanner -
				Skipping MapperFactoryBean with name 'generalitemMapper' and 'com.max.back.neusoft.dao.GeneralitemMapper' mapperInterface. Bean already defined with the same name!
2022-07-23 16:07:40.401 [restartedMain] WARN  org.mybatis.spring.mapper.ClassPathMapperScanner -
				Skipping MapperFactoryBean with name 'loginMapper' and 'com.max.back.neusoft.dao.LoginMapper' mapperInterface. Bean already defined with the same name!
2022-07-23 16:07:40.401 [restartedMain] WARN  org.mybatis.spring.mapper.ClassPathMapperScanner -
				Skipping MapperFactoryBean with name 'nondrugMapper' and 'com.max.back.neusoft.dao.NondrugMapper' mapperInterface. Bean already defined with the same name!
2022-07-23 16:07:40.402 [restartedMain] WARN  org.mybatis.spring.mapper.ClassPathMapperScanner -
				Skipping MapperFactoryBean with name 'orderdrugMapper' and 'com.max.back.neusoft.dao.OrderdrugMapper' mapperInterface. Bean already defined with the same name!
2022-07-23 16:07:40.402 [restartedMain] WARN  org.mybatis.spring.mapper.ClassPathMapperScanner -
				Skipping MapperFactoryBean with name 'patientmedicineMapper' and 'com.max.back.neusoft.dao.PatientmedicineMapper' mapperInterface. Bean already defined with the same name!
2022-07-23 16:07:40.402 [restartedMain] WARN  org.mybatis.spring.mapper.ClassPathMapperScanner -
				Skipping MapperFactoryBean with name 'permissionMapper' and 'com.max.back.neusoft.dao.PermissionMapper' mapperInterface. Bean already defined with the same name!
2022-07-23 16:07:40.402 [restartedMain] WARN  org.mybatis.spring.mapper.ClassPathMapperScanner -
				Skipping MapperFactoryBean with name 'registeredMapper' and 'com.max.back.neusoft.dao.RegisteredMapper' mapperInterface. Bean already defined with the same name!
2022-07-23 16:07:40.402 [restartedMain] WARN  org.mybatis.spring.mapper.ClassPathMapperScanner -
				Skipping MapperFactoryBean with name 'scheduleMapper' and 'com.max.back.neusoft.dao.ScheduleMapper' mapperInterface. Bean already defined with the same name!
2022-07-23 16:07:40.402 [restartedMain] WARN  org.mybatis.spring.mapper.ClassPathMapperScanner -
				Skipping MapperFactoryBean with name 'userMapper' and 'com.max.back.neusoft.dao.UserMapper' mapperInterface. Bean already defined with the same name!
2022-07-23 16:07:41.108 [restartedMain] WARN  c.b.mybatisplus.core.metadata.TableInfoHelper -
				Warn: Could not find @TableId in Class: com.max.back.neusoft.pojo.Generalitem.
2022-07-23 16:07:56.423 [main] WARN  o.s.b.t.j.DuplicateJsonObjectContextCustomizerFactory$DuplicateJsonObjectContextCustomizer -
				

Found multiple occurrences of org.json.JSONObject on the class path:

	jar:file:/F:/Maven/repository/org/json/json/20220320/json-20220320.jar!/org/json/JSONObject.class
	jar:file:/F:/Maven/repository/com/vaadin/external/google/android-json/0.0.20131108.vaadin1/android-json-0.0.20131108.vaadin1.jar!/org/json/JSONObject.class

You may wish to exclude one of them to ensure predictable runtime behavior

2022-07-23 16:07:58.418 [main] WARN  org.mybatis.spring.mapper.ClassPathMapperScanner -
				Skipping MapperFactoryBean with name 'departclassificationMapper' and 'com.max.back.neusoft.dao.DepartclassificationMapper' mapperInterface. Bean already defined with the same name!
2022-07-23 16:07:58.418 [main] WARN  org.mybatis.spring.mapper.ClassPathMapperScanner -
				Skipping MapperFactoryBean with name 'departmentMapper' and 'com.max.back.neusoft.dao.DepartmentMapper' mapperInterface. Bean already defined with the same name!
2022-07-23 16:07:58.418 [main] WARN  org.mybatis.spring.mapper.ClassPathMapperScanner -
				Skipping MapperFactoryBean with name 'doctorMapper' and 'com.max.back.neusoft.dao.DoctorMapper' mapperInterface. Bean already defined with the same name!
2022-07-23 16:07:58.419 [main] WARN  org.mybatis.spring.mapper.ClassPathMapperScanner -
				Skipping MapperFactoryBean with name 'drugspecificationMapper' and 'com.max.back.neusoft.dao.DrugspecificationMapper' mapperInterface. Bean already defined with the same name!
2022-07-23 16:07:58.419 [main] WARN  org.mybatis.spring.mapper.ClassPathMapperScanner -
				Skipping MapperFactoryBean with name 'generalitemMapper' and 'com.max.back.neusoft.dao.GeneralitemMapper' mapperInterface. Bean already defined with the same name!
2022-07-23 16:07:58.420 [main] WARN  org.mybatis.spring.mapper.ClassPathMapperScanner -
				Skipping MapperFactoryBean with name 'loginMapper' and 'com.max.back.neusoft.dao.LoginMapper' mapperInterface. Bean already defined with the same name!
2022-07-23 16:07:58.421 [main] WARN  org.mybatis.spring.mapper.ClassPathMapperScanner -
				Skipping MapperFactoryBean with name 'nondrugMapper' and 'com.max.back.neusoft.dao.NondrugMapper' mapperInterface. Bean already defined with the same name!
2022-07-23 16:07:58.422 [main] WARN  org.mybatis.spring.mapper.ClassPathMapperScanner -
				Skipping MapperFactoryBean with name 'orderdrugMapper' and 'com.max.back.neusoft.dao.OrderdrugMapper' mapperInterface. Bean already defined with the same name!
2022-07-23 16:07:58.422 [main] WARN  org.mybatis.spring.mapper.ClassPathMapperScanner -
				Skipping MapperFactoryBean with name 'patientmedicineMapper' and 'com.max.back.neusoft.dao.PatientmedicineMapper' mapperInterface. Bean already defined with the same name!
2022-07-23 16:07:58.422 [main] WARN  org.mybatis.spring.mapper.ClassPathMapperScanner -
				Skipping MapperFactoryBean with name 'permissionMapper' and 'com.max.back.neusoft.dao.PermissionMapper' mapperInterface. Bean already defined with the same name!
2022-07-23 16:07:58.422 [main] WARN  org.mybatis.spring.mapper.ClassPathMapperScanner -
				Skipping MapperFactoryBean with name 'registeredMapper' and 'com.max.back.neusoft.dao.RegisteredMapper' mapperInterface. Bean already defined with the same name!
2022-07-23 16:07:58.422 [main] WARN  org.mybatis.spring.mapper.ClassPathMapperScanner -
				Skipping MapperFactoryBean with name 'scheduleMapper' and 'com.max.back.neusoft.dao.ScheduleMapper' mapperInterface. Bean already defined with the same name!
2022-07-23 16:07:58.422 [main] WARN  org.mybatis.spring.mapper.ClassPathMapperScanner -
				Skipping MapperFactoryBean with name 'userMapper' and 'com.max.back.neusoft.dao.UserMapper' mapperInterface. Bean already defined with the same name!
2022-07-23 16:08:00.604 [main] WARN  c.b.mybatisplus.core.metadata.TableInfoHelper -
				Warn: Could not find @TableId in Class: com.max.back.neusoft.pojo.Generalitem.
2022-07-23 16:08:53.916 [restartedMain] WARN  org.mybatis.spring.mapper.ClassPathMapperScanner -
				Skipping MapperFactoryBean with name 'departclassificationMapper' and 'com.max.back.neusoft.dao.DepartclassificationMapper' mapperInterface. Bean already defined with the same name!
2022-07-23 16:08:53.916 [restartedMain] WARN  org.mybatis.spring.mapper.ClassPathMapperScanner -
				Skipping MapperFactoryBean with name 'departmentMapper' and 'com.max.back.neusoft.dao.DepartmentMapper' mapperInterface. Bean already defined with the same name!
2022-07-23 16:08:53.917 [restartedMain] WARN  org.mybatis.spring.mapper.ClassPathMapperScanner -
				Skipping MapperFactoryBean with name 'doctorMapper' and 'com.max.back.neusoft.dao.DoctorMapper' mapperInterface. Bean already defined with the same name!
2022-07-23 16:08:53.917 [restartedMain] WARN  org.mybatis.spring.mapper.ClassPathMapperScanner -
				Skipping MapperFactoryBean with name 'drugspecificationMapper' and 'com.max.back.neusoft.dao.DrugspecificationMapper' mapperInterface. Bean already defined with the same name!
2022-07-23 16:08:53.917 [restartedMain] WARN  org.mybatis.spring.mapper.ClassPathMapperScanner -
				Skipping MapperFactoryBean with name 'generalitemMapper' and 'com.max.back.neusoft.dao.GeneralitemMapper' mapperInterface. Bean already defined with the same name!
2022-07-23 16:08:53.917 [restartedMain] WARN  org.mybatis.spring.mapper.ClassPathMapperScanner -
				Skipping MapperFactoryBean with name 'loginMapper' and 'com.max.back.neusoft.dao.LoginMapper' mapperInterface. Bean already defined with the same name!
2022-07-23 16:08:53.917 [restartedMain] WARN  org.mybatis.spring.mapper.ClassPathMapperScanner -
				Skipping MapperFactoryBean with name 'nondrugMapper' and 'com.max.back.neusoft.dao.NondrugMapper' mapperInterface. Bean already defined with the same name!
2022-07-23 16:08:53.917 [restartedMain] WARN  org.mybatis.spring.mapper.ClassPathMapperScanner -
				Skipping MapperFactoryBean with name 'orderdrugMapper' and 'com.max.back.neusoft.dao.OrderdrugMapper' mapperInterface. Bean already defined with the same name!
2022-07-23 16:08:53.917 [restartedMain] WARN  org.mybatis.spring.mapper.ClassPathMapperScanner -
				Skipping MapperFactoryBean with name 'patientmedicineMapper' and 'com.max.back.neusoft.dao.PatientmedicineMapper' mapperInterface. Bean already defined with the same name!
2022-07-23 16:08:53.917 [restartedMain] WARN  org.mybatis.spring.mapper.ClassPathMapperScanner -
				Skipping MapperFactoryBean with name 'permissionMapper' and 'com.max.back.neusoft.dao.PermissionMapper' mapperInterface. Bean already defined with the same name!
2022-07-23 16:08:53.917 [restartedMain] WARN  org.mybatis.spring.mapper.ClassPathMapperScanner -
				Skipping MapperFactoryBean with name 'registeredMapper' and 'com.max.back.neusoft.dao.RegisteredMapper' mapperInterface. Bean already defined with the same name!
2022-07-23 16:08:53.917 [restartedMain] WARN  org.mybatis.spring.mapper.ClassPathMapperScanner -
				Skipping MapperFactoryBean with name 'scheduleMapper' and 'com.max.back.neusoft.dao.ScheduleMapper' mapperInterface. Bean already defined with the same name!
2022-07-23 16:08:53.917 [restartedMain] WARN  org.mybatis.spring.mapper.ClassPathMapperScanner -
				Skipping MapperFactoryBean with name 'userMapper' and 'com.max.back.neusoft.dao.UserMapper' mapperInterface. Bean already defined with the same name!
2022-07-23 16:08:54.250 [restartedMain] WARN  c.b.mybatisplus.core.metadata.TableInfoHelper -
				Warn: Could not find @TableId in Class: com.max.back.neusoft.pojo.Generalitem.
2022-07-23 16:09:05.055 [restartedMain] WARN  org.mybatis.spring.mapper.ClassPathMapperScanner -
				Skipping MapperFactoryBean with name 'departclassificationMapper' and 'com.max.back.neusoft.dao.DepartclassificationMapper' mapperInterface. Bean already defined with the same name!
2022-07-23 16:09:05.056 [restartedMain] WARN  org.mybatis.spring.mapper.ClassPathMapperScanner -
				Skipping MapperFactoryBean with name 'departmentMapper' and 'com.max.back.neusoft.dao.DepartmentMapper' mapperInterface. Bean already defined with the same name!
2022-07-23 16:09:05.056 [restartedMain] WARN  org.mybatis.spring.mapper.ClassPathMapperScanner -
				Skipping MapperFactoryBean with name 'doctorMapper' and 'com.max.back.neusoft.dao.DoctorMapper' mapperInterface. Bean already defined with the same name!
2022-07-23 16:09:05.056 [restartedMain] WARN  org.mybatis.spring.mapper.ClassPathMapperScanner -
				Skipping MapperFactoryBean with name 'drugspecificationMapper' and 'com.max.back.neusoft.dao.DrugspecificationMapper' mapperInterface. Bean already defined with the same name!
2022-07-23 16:09:05.056 [restartedMain] WARN  org.mybatis.spring.mapper.ClassPathMapperScanner -
				Skipping MapperFactoryBean with name 'generalitemMapper' and 'com.max.back.neusoft.dao.GeneralitemMapper' mapperInterface. Bean already defined with the same name!
2022-07-23 16:09:05.056 [restartedMain] WARN  org.mybatis.spring.mapper.ClassPathMapperScanner -
				Skipping MapperFactoryBean with name 'loginMapper' and 'com.max.back.neusoft.dao.LoginMapper' mapperInterface. Bean already defined with the same name!
2022-07-23 16:09:05.056 [restartedMain] WARN  org.mybatis.spring.mapper.ClassPathMapperScanner -
				Skipping MapperFactoryBean with name 'nondrugMapper' and 'com.max.back.neusoft.dao.NondrugMapper' mapperInterface. Bean already defined with the same name!
2022-07-23 16:09:05.056 [restartedMain] WARN  org.mybatis.spring.mapper.ClassPathMapperScanner -
				Skipping MapperFactoryBean with name 'orderdrugMapper' and 'com.max.back.neusoft.dao.OrderdrugMapper' mapperInterface. Bean already defined with the same name!
2022-07-23 16:09:05.056 [restartedMain] WARN  org.mybatis.spring.mapper.ClassPathMapperScanner -
				Skipping MapperFactoryBean with name 'patientmedicineMapper' and 'com.max.back.neusoft.dao.PatientmedicineMapper' mapperInterface. Bean already defined with the same name!
2022-07-23 16:09:05.056 [restartedMain] WARN  org.mybatis.spring.mapper.ClassPathMapperScanner -
				Skipping MapperFactoryBean with name 'permissionMapper' and 'com.max.back.neusoft.dao.PermissionMapper' mapperInterface. Bean already defined with the same name!
2022-07-23 16:09:05.056 [restartedMain] WARN  org.mybatis.spring.mapper.ClassPathMapperScanner -
				Skipping MapperFactoryBean with name 'registeredMapper' and 'com.max.back.neusoft.dao.RegisteredMapper' mapperInterface. Bean already defined with the same name!
2022-07-23 16:09:05.056 [restartedMain] WARN  org.mybatis.spring.mapper.ClassPathMapperScanner -
				Skipping MapperFactoryBean with name 'scheduleMapper' and 'com.max.back.neusoft.dao.ScheduleMapper' mapperInterface. Bean already defined with the same name!
2022-07-23 16:09:05.056 [restartedMain] WARN  org.mybatis.spring.mapper.ClassPathMapperScanner -
				Skipping MapperFactoryBean with name 'userMapper' and 'com.max.back.neusoft.dao.UserMapper' mapperInterface. Bean already defined with the same name!
2022-07-23 16:09:05.374 [restartedMain] WARN  c.b.mybatisplus.core.metadata.TableInfoHelper -
				Warn: Could not find @TableId in Class: com.max.back.neusoft.pojo.Generalitem.
2022-07-23 16:09:08.221 [main] WARN  o.s.b.t.j.DuplicateJsonObjectContextCustomizerFactory$DuplicateJsonObjectContextCustomizer -
				

Found multiple occurrences of org.json.JSONObject on the class path:

	jar:file:/F:/Maven/repository/org/json/json/20220320/json-20220320.jar!/org/json/JSONObject.class
	jar:file:/F:/Maven/repository/com/vaadin/external/google/android-json/0.0.20131108.vaadin1/android-json-0.0.20131108.vaadin1.jar!/org/json/JSONObject.class

You may wish to exclude one of them to ensure predictable runtime behavior

2022-07-23 16:09:09.743 [main] WARN  org.mybatis.spring.mapper.ClassPathMapperScanner -
				Skipping MapperFactoryBean with name 'departclassificationMapper' and 'com.max.back.neusoft.dao.DepartclassificationMapper' mapperInterface. Bean already defined with the same name!
2022-07-23 16:09:09.743 [main] WARN  org.mybatis.spring.mapper.ClassPathMapperScanner -
				Skipping MapperFactoryBean with name 'departmentMapper' and 'com.max.back.neusoft.dao.DepartmentMapper' mapperInterface. Bean already defined with the same name!
2022-07-23 16:09:09.743 [main] WARN  org.mybatis.spring.mapper.ClassPathMapperScanner -
				Skipping MapperFactoryBean with name 'doctorMapper' and 'com.max.back.neusoft.dao.DoctorMapper' mapperInterface. Bean already defined with the same name!
2022-07-23 16:09:09.743 [main] WARN  org.mybatis.spring.mapper.ClassPathMapperScanner -
				Skipping MapperFactoryBean with name 'drugspecificationMapper' and 'com.max.back.neusoft.dao.DrugspecificationMapper' mapperInterface. Bean already defined with the same name!
2022-07-23 16:09:09.744 [main] WARN  org.mybatis.spring.mapper.ClassPathMapperScanner -
				Skipping MapperFactoryBean with name 'generalitemMapper' and 'com.max.back.neusoft.dao.GeneralitemMapper' mapperInterface. Bean already defined with the same name!
2022-07-23 16:09:09.744 [main] WARN  org.mybatis.spring.mapper.ClassPathMapperScanner -
				Skipping MapperFactoryBean with name 'loginMapper' and 'com.max.back.neusoft.dao.LoginMapper' mapperInterface. Bean already defined with the same name!
2022-07-23 16:09:09.745 [main] WARN  org.mybatis.spring.mapper.ClassPathMapperScanner -
				Skipping MapperFactoryBean with name 'nondrugMapper' and 'com.max.back.neusoft.dao.NondrugMapper' mapperInterface. Bean already defined with the same name!
2022-07-23 16:09:09.745 [main] WARN  org.mybatis.spring.mapper.ClassPathMapperScanner -
				Skipping MapperFactoryBean with name 'orderdrugMapper' and 'com.max.back.neusoft.dao.OrderdrugMapper' mapperInterface. Bean already defined with the same name!
2022-07-23 16:09:09.746 [main] WARN  org.mybatis.spring.mapper.ClassPathMapperScanner -
				Skipping MapperFactoryBean with name 'patientmedicineMapper' and 'com.max.back.neusoft.dao.PatientmedicineMapper' mapperInterface. Bean already defined with the same name!
2022-07-23 16:09:09.746 [main] WARN  org.mybatis.spring.mapper.ClassPathMapperScanner -
				Skipping MapperFactoryBean with name 'permissionMapper' and 'com.max.back.neusoft.dao.PermissionMapper' mapperInterface. Bean already defined with the same name!
2022-07-23 16:09:09.748 [main] WARN  org.mybatis.spring.mapper.ClassPathMapperScanner -
				Skipping MapperFactoryBean with name 'registeredMapper' and 'com.max.back.neusoft.dao.RegisteredMapper' mapperInterface. Bean already defined with the same name!
2022-07-23 16:09:09.748 [main] WARN  org.mybatis.spring.mapper.ClassPathMapperScanner -
				Skipping MapperFactoryBean with name 'scheduleMapper' and 'com.max.back.neusoft.dao.ScheduleMapper' mapperInterface. Bean already defined with the same name!
2022-07-23 16:09:09.748 [main] WARN  org.mybatis.spring.mapper.ClassPathMapperScanner -
				Skipping MapperFactoryBean with name 'userMapper' and 'com.max.back.neusoft.dao.UserMapper' mapperInterface. Bean already defined with the same name!
2022-07-23 16:09:11.277 [main] WARN  c.b.mybatisplus.core.metadata.TableInfoHelper -
				Warn: Could not find @TableId in Class: com.max.back.neusoft.pojo.Generalitem.
2022-07-23 16:10:03.833 [restartedMain] WARN  org.mybatis.spring.mapper.ClassPathMapperScanner -
				Skipping MapperFactoryBean with name 'departclassificationMapper' and 'com.max.back.neusoft.dao.DepartclassificationMapper' mapperInterface. Bean already defined with the same name!
2022-07-23 16:10:03.833 [restartedMain] WARN  org.mybatis.spring.mapper.ClassPathMapperScanner -
				Skipping MapperFactoryBean with name 'departmentMapper' and 'com.max.back.neusoft.dao.DepartmentMapper' mapperInterface. Bean already defined with the same name!
2022-07-23 16:10:03.833 [restartedMain] WARN  org.mybatis.spring.mapper.ClassPathMapperScanner -
				Skipping MapperFactoryBean with name 'doctorMapper' and 'com.max.back.neusoft.dao.DoctorMapper' mapperInterface. Bean already defined with the same name!
2022-07-23 16:10:03.836 [restartedMain] WARN  org.mybatis.spring.mapper.ClassPathMapperScanner -
				Skipping MapperFactoryBean with name 'drugspecificationMapper' and 'com.max.back.neusoft.dao.DrugspecificationMapper' mapperInterface. Bean already defined with the same name!
2022-07-23 16:10:03.836 [restartedMain] WARN  org.mybatis.spring.mapper.ClassPathMapperScanner -
				Skipping MapperFactoryBean with name 'generalitemMapper' and 'com.max.back.neusoft.dao.GeneralitemMapper' mapperInterface. Bean already defined with the same name!
2022-07-23 16:10:03.836 [restartedMain] WARN  org.mybatis.spring.mapper.ClassPathMapperScanner -
				Skipping MapperFactoryBean with name 'loginMapper' and 'com.max.back.neusoft.dao.LoginMapper' mapperInterface. Bean already defined with the same name!
2022-07-23 16:10:03.836 [restartedMain] WARN  org.mybatis.spring.mapper.ClassPathMapperScanner -
				Skipping MapperFactoryBean with name 'nondrugMapper' and 'com.max.back.neusoft.dao.NondrugMapper' mapperInterface. Bean already defined with the same name!
2022-07-23 16:10:03.836 [restartedMain] WARN  org.mybatis.spring.mapper.ClassPathMapperScanner -
				Skipping MapperFactoryBean with name 'orderdrugMapper' and 'com.max.back.neusoft.dao.OrderdrugMapper' mapperInterface. Bean already defined with the same name!
2022-07-23 16:10:03.836 [restartedMain] WARN  org.mybatis.spring.mapper.ClassPathMapperScanner -
				Skipping MapperFactoryBean with name 'patientmedicineMapper' and 'com.max.back.neusoft.dao.PatientmedicineMapper' mapperInterface. Bean already defined with the same name!
2022-07-23 16:10:03.836 [restartedMain] WARN  org.mybatis.spring.mapper.ClassPathMapperScanner -
				Skipping MapperFactoryBean with name 'permissionMapper' and 'com.max.back.neusoft.dao.PermissionMapper' mapperInterface. Bean already defined with the same name!
2022-07-23 16:10:03.836 [restartedMain] WARN  org.mybatis.spring.mapper.ClassPathMapperScanner -
				Skipping MapperFactoryBean with name 'registeredMapper' and 'com.max.back.neusoft.dao.RegisteredMapper' mapperInterface. Bean already defined with the same name!
2022-07-23 16:10:03.836 [restartedMain] WARN  org.mybatis.spring.mapper.ClassPathMapperScanner -
				Skipping MapperFactoryBean with name 'scheduleMapper' and 'com.max.back.neusoft.dao.ScheduleMapper' mapperInterface. Bean already defined with the same name!
2022-07-23 16:10:03.836 [restartedMain] WARN  org.mybatis.spring.mapper.ClassPathMapperScanner -
				Skipping MapperFactoryBean with name 'userMapper' and 'com.max.back.neusoft.dao.UserMapper' mapperInterface. Bean already defined with the same name!
2022-07-23 16:10:05.340 [restartedMain] WARN  c.b.mybatisplus.core.metadata.TableInfoHelper -
				Warn: Could not find @TableId in Class: com.max.back.neusoft.pojo.Generalitem.
