2022-07-17 06:46:43.097 [HikariPool-1 housekeeper] WARN  com.zaxxer.hikari.pool.HikariPool -
				HikariPool-1 - Thread starvation or clock leap detected (housekeeper delta=8h13m8s102ms325µs100ns).
2022-07-17 06:47:19.294 [http-nio-8000-exec-7] WARN  c.m.b.neusoft.service.impl.PermissionServiceImpl -
				Warn: execute Method There are  2 results.
2022-07-17 06:47:24.780 [http-nio-8000-exec-1] WARN  c.m.b.neusoft.service.impl.PermissionServiceImpl -
				Warn: execute Method There are  2 results.
2022-07-17 06:47:27.145 [http-nio-8000-exec-6] WARN  c.m.b.neusoft.service.impl.PermissionServiceImpl -
				Warn: execute Method There are  2 results.
2022-07-17 07:27:12.693 [http-nio-8000-exec-5] WARN  c.m.b.neusoft.service.impl.PermissionServiceImpl -
				Warn: execute Method There are  2 results.
2022-07-17 07:30:50.212 [http-nio-8000-exec-9] WARN  c.m.b.neusoft.service.impl.PermissionServiceImpl -
				Warn: execute Method There are  2 results.
2022-07-17 07:31:46.756 [restartedMain] WARN  o.s.b.d.autoconfigure.OptionalLiveReloadServer -
				Unable to start LiveReload server
2022-07-17 07:32:26.768 [restartedMain] WARN  o.s.b.d.autoconfigure.OptionalLiveReloadServer -
				Unable to start LiveReload server
2022-07-17 07:33:08.426 [http-nio-8000-exec-1] WARN  c.m.b.neusoft.service.impl.PermissionServiceImpl -
				Warn: execute Method There are  2 results.
2022-07-17 07:46:43.650 [http-nio-8000-exec-8] WARN  c.m.b.neusoft.service.impl.PermissionServiceImpl -
				Warn: execute Method There are  2 results.
2022-07-17 07:46:46.083 [http-nio-8000-exec-6] WARN  c.m.b.neusoft.service.impl.PermissionServiceImpl -
				Warn: execute Method There are  2 results.
2022-07-17 07:48:59.984 [http-nio-8000-exec-1] WARN  c.m.b.neusoft.service.impl.PermissionServiceImpl -
				Warn: execute Method There are  2 results.
2022-07-17 08:19:16.463 [http-nio-8000-exec-4] WARN  c.m.b.neusoft.service.impl.PermissionServiceImpl -
				Warn: execute Method There are  2 results.
2022-07-17 08:30:12.248 [http-nio-8000-exec-7] WARN  c.m.b.neusoft.service.impl.PermissionServiceImpl -
				Warn: execute Method There are  2 results.
2022-07-17 08:31:48.707 [http-nio-8000-exec-3] WARN  c.m.b.neusoft.service.impl.PermissionServiceImpl -
				Warn: execute Method There are  2 results.
2022-07-17 08:33:31.819 [http-nio-8000-exec-1] WARN  c.m.b.neusoft.service.impl.PermissionServiceImpl -
				Warn: execute Method There are  2 results.
2022-07-17 08:36:16.514 [http-nio-8000-exec-9] WARN  c.m.b.neusoft.service.impl.PermissionServiceImpl -
				Warn: execute Method There are  2 results.
2022-07-17 08:51:24.947 [http-nio-8000-exec-1] WARN  c.m.b.neusoft.service.impl.PermissionServiceImpl -
				Warn: execute Method There are  2 results.
2022-07-17 09:37:41.244 [http-nio-8000-exec-3] WARN  c.m.b.neusoft.service.impl.PermissionServiceImpl -
				Warn: execute Method There are  2 results.
2022-07-17 09:38:29.119 [http-nio-8000-exec-9] WARN  c.m.b.neusoft.service.impl.PermissionServiceImpl -
				Warn: execute Method There are  2 results.
2022-07-17 09:40:00.122 [http-nio-8000-exec-6] WARN  c.m.b.neusoft.service.impl.PermissionServiceImpl -
				Warn: execute Method There are  2 results.
2022-07-17 09:40:49.617 [http-nio-8000-exec-2] WARN  c.m.b.neusoft.service.impl.PermissionServiceImpl -
				Warn: execute Method There are  2 results.
2022-07-17 09:49:32.735 [http-nio-8000-exec-2] WARN  c.m.b.neusoft.service.impl.PermissionServiceImpl -
				Warn: execute Method There are  2 results.
2022-07-17 13:30:33.488 [HikariPool-1 housekeeper] WARN  com.zaxxer.hikari.pool.HikariPool -
				HikariPool-1 - Thread starvation or clock leap detected (housekeeper delta=58m35s892ms916µs600ns).
2022-07-17 13:39:23.299 [http-nio-8000-exec-4] WARN  c.m.b.neusoft.service.impl.PermissionServiceImpl -
				Warn: execute Method There are  2 results.
2022-07-17 14:03:05.850 [http-nio-8000-exec-2] WARN  c.m.b.neusoft.service.impl.PermissionServiceImpl -
				Warn: execute Method There are  2 results.
2022-07-17 15:40:18.967 [http-nio-8000-exec-5] WARN  c.m.b.neusoft.service.impl.PermissionServiceImpl -
				Warn: execute Method There are  2 results.
2022-07-17 15:53:02.219 [restartedMain] WARN  org.mybatis.spring.mapper.ClassPathMapperScanner -
				Skipping MapperFactoryBean with name 'departclassificationMapper' and 'com.max.back.neusoft.dao.DepartclassificationMapper' mapperInterface. Bean already defined with the same name!
2022-07-17 15:53:02.220 [restartedMain] WARN  org.mybatis.spring.mapper.ClassPathMapperScanner -
				Skipping MapperFactoryBean with name 'departmentMapper' and 'com.max.back.neusoft.dao.DepartmentMapper' mapperInterface. Bean already defined with the same name!
2022-07-17 15:53:02.221 [restartedMain] WARN  org.mybatis.spring.mapper.ClassPathMapperScanner -
				Skipping MapperFactoryBean with name 'doctorMapper' and 'com.max.back.neusoft.dao.DoctorMapper' mapperInterface. Bean already defined with the same name!
2022-07-17 15:53:02.221 [restartedMain] WARN  org.mybatis.spring.mapper.ClassPathMapperScanner -
				Skipping MapperFactoryBean with name 'drugspecificationMapper' and 'com.max.back.neusoft.dao.DrugspecificationMapper' mapperInterface. Bean already defined with the same name!
2022-07-17 15:53:02.221 [restartedMain] WARN  org.mybatis.spring.mapper.ClassPathMapperScanner -
				Skipping MapperFactoryBean with name 'generalitemMapper' and 'com.max.back.neusoft.dao.GeneralitemMapper' mapperInterface. Bean already defined with the same name!
2022-07-17 15:53:02.221 [restartedMain] WARN  org.mybatis.spring.mapper.ClassPathMapperScanner -
				Skipping MapperFactoryBean with name 'loginMapper' and 'com.max.back.neusoft.dao.LoginMapper' mapperInterface. Bean already defined with the same name!
2022-07-17 15:53:02.221 [restartedMain] WARN  org.mybatis.spring.mapper.ClassPathMapperScanner -
				Skipping MapperFactoryBean with name 'nondrugMapper' and 'com.max.back.neusoft.dao.NondrugMapper' mapperInterface. Bean already defined with the same name!
2022-07-17 15:53:02.221 [restartedMain] WARN  org.mybatis.spring.mapper.ClassPathMapperScanner -
				Skipping MapperFactoryBean with name 'patientmedicineMapper' and 'com.max.back.neusoft.dao.PatientmedicineMapper' mapperInterface. Bean already defined with the same name!
2022-07-17 15:53:02.222 [restartedMain] WARN  org.mybatis.spring.mapper.ClassPathMapperScanner -
				Skipping MapperFactoryBean with name 'permissionMapper' and 'com.max.back.neusoft.dao.PermissionMapper' mapperInterface. Bean already defined with the same name!
2022-07-17 15:53:02.222 [restartedMain] WARN  org.mybatis.spring.mapper.ClassPathMapperScanner -
				Skipping MapperFactoryBean with name 'registeredMapper' and 'com.max.back.neusoft.dao.RegisteredMapper' mapperInterface. Bean already defined with the same name!
2022-07-17 15:53:02.222 [restartedMain] WARN  org.mybatis.spring.mapper.ClassPathMapperScanner -
				Skipping MapperFactoryBean with name 'scheduleMapper' and 'com.max.back.neusoft.dao.ScheduleMapper' mapperInterface. Bean already defined with the same name!
2022-07-17 15:53:02.222 [restartedMain] WARN  org.mybatis.spring.mapper.ClassPathMapperScanner -
				Skipping MapperFactoryBean with name 'userMapper' and 'com.max.back.neusoft.dao.UserMapper' mapperInterface. Bean already defined with the same name!
2022-07-17 15:56:40.774 [http-nio-8000-exec-3] WARN  o.s.w.s.m.support.DefaultHandlerExceptionResolver -
				Resolved [org.springframework.web.bind.MethodArgumentNotValidException: Validation failed for argument [0] in public java.lang.String com.max.back.neusoft.api.PayServlet.dataValidation(com.max.back.neusoft.form.PayFrom): [Field error in object 'payFrom' on field 'totalPrice': rejected value [null]; codes [NotNull.payFrom.totalPrice,NotNull.totalPrice,NotNull.java.lang.Integer,NotNull]; arguments [org.springframework.context.support.DefaultMessageSourceResolvable: codes [payFrom.totalPrice,totalPrice]; arguments []; default message [totalPrice]]; default message [不能为null]] ]
2022-07-17 15:58:06.145 [restartedMain] WARN  org.mybatis.spring.mapper.ClassPathMapperScanner -
				Skipping MapperFactoryBean with name 'departclassificationMapper' and 'com.max.back.neusoft.dao.DepartclassificationMapper' mapperInterface. Bean already defined with the same name!
2022-07-17 15:58:06.145 [restartedMain] WARN  org.mybatis.spring.mapper.ClassPathMapperScanner -
				Skipping MapperFactoryBean with name 'departmentMapper' and 'com.max.back.neusoft.dao.DepartmentMapper' mapperInterface. Bean already defined with the same name!
2022-07-17 15:58:06.145 [restartedMain] WARN  org.mybatis.spring.mapper.ClassPathMapperScanner -
				Skipping MapperFactoryBean with name 'doctorMapper' and 'com.max.back.neusoft.dao.DoctorMapper' mapperInterface. Bean already defined with the same name!
2022-07-17 15:58:06.145 [restartedMain] WARN  org.mybatis.spring.mapper.ClassPathMapperScanner -
				Skipping MapperFactoryBean with name 'drugspecificationMapper' and 'com.max.back.neusoft.dao.DrugspecificationMapper' mapperInterface. Bean already defined with the same name!
2022-07-17 15:58:06.145 [restartedMain] WARN  org.mybatis.spring.mapper.ClassPathMapperScanner -
				Skipping MapperFactoryBean with name 'generalitemMapper' and 'com.max.back.neusoft.dao.GeneralitemMapper' mapperInterface. Bean already defined with the same name!
2022-07-17 15:58:06.146 [restartedMain] WARN  org.mybatis.spring.mapper.ClassPathMapperScanner -
				Skipping MapperFactoryBean with name 'loginMapper' and 'com.max.back.neusoft.dao.LoginMapper' mapperInterface. Bean already defined with the same name!
2022-07-17 15:58:06.146 [restartedMain] WARN  org.mybatis.spring.mapper.ClassPathMapperScanner -
				Skipping MapperFactoryBean with name 'nondrugMapper' and 'com.max.back.neusoft.dao.NondrugMapper' mapperInterface. Bean already defined with the same name!
2022-07-17 15:58:06.146 [restartedMain] WARN  org.mybatis.spring.mapper.ClassPathMapperScanner -
				Skipping MapperFactoryBean with name 'patientmedicineMapper' and 'com.max.back.neusoft.dao.PatientmedicineMapper' mapperInterface. Bean already defined with the same name!
2022-07-17 15:58:06.146 [restartedMain] WARN  org.mybatis.spring.mapper.ClassPathMapperScanner -
				Skipping MapperFactoryBean with name 'permissionMapper' and 'com.max.back.neusoft.dao.PermissionMapper' mapperInterface. Bean already defined with the same name!
2022-07-17 15:58:06.146 [restartedMain] WARN  org.mybatis.spring.mapper.ClassPathMapperScanner -
				Skipping MapperFactoryBean with name 'registeredMapper' and 'com.max.back.neusoft.dao.RegisteredMapper' mapperInterface. Bean already defined with the same name!
2022-07-17 15:58:06.146 [restartedMain] WARN  org.mybatis.spring.mapper.ClassPathMapperScanner -
				Skipping MapperFactoryBean with name 'scheduleMapper' and 'com.max.back.neusoft.dao.ScheduleMapper' mapperInterface. Bean already defined with the same name!
2022-07-17 15:58:06.146 [restartedMain] WARN  org.mybatis.spring.mapper.ClassPathMapperScanner -
				Skipping MapperFactoryBean with name 'userMapper' and 'com.max.back.neusoft.dao.UserMapper' mapperInterface. Bean already defined with the same name!
2022-07-17 15:59:46.013 [restartedMain] WARN  org.mybatis.spring.mapper.ClassPathMapperScanner -
				Skipping MapperFactoryBean with name 'departclassificationMapper' and 'com.max.back.neusoft.dao.DepartclassificationMapper' mapperInterface. Bean already defined with the same name!
2022-07-17 15:59:46.013 [restartedMain] WARN  org.mybatis.spring.mapper.ClassPathMapperScanner -
				Skipping MapperFactoryBean with name 'departmentMapper' and 'com.max.back.neusoft.dao.DepartmentMapper' mapperInterface. Bean already defined with the same name!
2022-07-17 15:59:46.015 [restartedMain] WARN  org.mybatis.spring.mapper.ClassPathMapperScanner -
				Skipping MapperFactoryBean with name 'doctorMapper' and 'com.max.back.neusoft.dao.DoctorMapper' mapperInterface. Bean already defined with the same name!
2022-07-17 15:59:46.015 [restartedMain] WARN  org.mybatis.spring.mapper.ClassPathMapperScanner -
				Skipping MapperFactoryBean with name 'drugspecificationMapper' and 'com.max.back.neusoft.dao.DrugspecificationMapper' mapperInterface. Bean already defined with the same name!
2022-07-17 15:59:46.015 [restartedMain] WARN  org.mybatis.spring.mapper.ClassPathMapperScanner -
				Skipping MapperFactoryBean with name 'generalitemMapper' and 'com.max.back.neusoft.dao.GeneralitemMapper' mapperInterface. Bean already defined with the same name!
2022-07-17 15:59:46.015 [restartedMain] WARN  org.mybatis.spring.mapper.ClassPathMapperScanner -
				Skipping MapperFactoryBean with name 'loginMapper' and 'com.max.back.neusoft.dao.LoginMapper' mapperInterface. Bean already defined with the same name!
2022-07-17 15:59:46.015 [restartedMain] WARN  org.mybatis.spring.mapper.ClassPathMapperScanner -
				Skipping MapperFactoryBean with name 'nondrugMapper' and 'com.max.back.neusoft.dao.NondrugMapper' mapperInterface. Bean already defined with the same name!
2022-07-17 15:59:46.015 [restartedMain] WARN  org.mybatis.spring.mapper.ClassPathMapperScanner -
				Skipping MapperFactoryBean with name 'patientmedicineMapper' and 'com.max.back.neusoft.dao.PatientmedicineMapper' mapperInterface. Bean already defined with the same name!
2022-07-17 15:59:46.016 [restartedMain] WARN  org.mybatis.spring.mapper.ClassPathMapperScanner -
				Skipping MapperFactoryBean with name 'permissionMapper' and 'com.max.back.neusoft.dao.PermissionMapper' mapperInterface. Bean already defined with the same name!
2022-07-17 15:59:46.016 [restartedMain] WARN  org.mybatis.spring.mapper.ClassPathMapperScanner -
				Skipping MapperFactoryBean with name 'registeredMapper' and 'com.max.back.neusoft.dao.RegisteredMapper' mapperInterface. Bean already defined with the same name!
2022-07-17 15:59:46.016 [restartedMain] WARN  org.mybatis.spring.mapper.ClassPathMapperScanner -
				Skipping MapperFactoryBean with name 'scheduleMapper' and 'com.max.back.neusoft.dao.ScheduleMapper' mapperInterface. Bean already defined with the same name!
2022-07-17 15:59:46.016 [restartedMain] WARN  org.mybatis.spring.mapper.ClassPathMapperScanner -
				Skipping MapperFactoryBean with name 'userMapper' and 'com.max.back.neusoft.dao.UserMapper' mapperInterface. Bean already defined with the same name!
2022-07-17 16:00:12.793 [restartedMain] WARN  org.mybatis.spring.mapper.ClassPathMapperScanner -
				Skipping MapperFactoryBean with name 'departclassificationMapper' and 'com.max.back.neusoft.dao.DepartclassificationMapper' mapperInterface. Bean already defined with the same name!
2022-07-17 16:00:12.793 [restartedMain] WARN  org.mybatis.spring.mapper.ClassPathMapperScanner -
				Skipping MapperFactoryBean with name 'departmentMapper' and 'com.max.back.neusoft.dao.DepartmentMapper' mapperInterface. Bean already defined with the same name!
2022-07-17 16:00:12.793 [restartedMain] WARN  org.mybatis.spring.mapper.ClassPathMapperScanner -
				Skipping MapperFactoryBean with name 'doctorMapper' and 'com.max.back.neusoft.dao.DoctorMapper' mapperInterface. Bean already defined with the same name!
2022-07-17 16:00:12.793 [restartedMain] WARN  org.mybatis.spring.mapper.ClassPathMapperScanner -
				Skipping MapperFactoryBean with name 'drugspecificationMapper' and 'com.max.back.neusoft.dao.DrugspecificationMapper' mapperInterface. Bean already defined with the same name!
2022-07-17 16:00:12.793 [restartedMain] WARN  org.mybatis.spring.mapper.ClassPathMapperScanner -
				Skipping MapperFactoryBean with name 'generalitemMapper' and 'com.max.back.neusoft.dao.GeneralitemMapper' mapperInterface. Bean already defined with the same name!
2022-07-17 16:00:12.793 [restartedMain] WARN  org.mybatis.spring.mapper.ClassPathMapperScanner -
				Skipping MapperFactoryBean with name 'loginMapper' and 'com.max.back.neusoft.dao.LoginMapper' mapperInterface. Bean already defined with the same name!
2022-07-17 16:00:12.794 [restartedMain] WARN  org.mybatis.spring.mapper.ClassPathMapperScanner -
				Skipping MapperFactoryBean with name 'nondrugMapper' and 'com.max.back.neusoft.dao.NondrugMapper' mapperInterface. Bean already defined with the same name!
2022-07-17 16:00:12.794 [restartedMain] WARN  org.mybatis.spring.mapper.ClassPathMapperScanner -
				Skipping MapperFactoryBean with name 'patientmedicineMapper' and 'com.max.back.neusoft.dao.PatientmedicineMapper' mapperInterface. Bean already defined with the same name!
2022-07-17 16:00:12.794 [restartedMain] WARN  org.mybatis.spring.mapper.ClassPathMapperScanner -
				Skipping MapperFactoryBean with name 'permissionMapper' and 'com.max.back.neusoft.dao.PermissionMapper' mapperInterface. Bean already defined with the same name!
2022-07-17 16:00:12.794 [restartedMain] WARN  org.mybatis.spring.mapper.ClassPathMapperScanner -
				Skipping MapperFactoryBean with name 'registeredMapper' and 'com.max.back.neusoft.dao.RegisteredMapper' mapperInterface. Bean already defined with the same name!
2022-07-17 16:00:12.794 [restartedMain] WARN  org.mybatis.spring.mapper.ClassPathMapperScanner -
				Skipping MapperFactoryBean with name 'scheduleMapper' and 'com.max.back.neusoft.dao.ScheduleMapper' mapperInterface. Bean already defined with the same name!
2022-07-17 16:00:12.794 [restartedMain] WARN  org.mybatis.spring.mapper.ClassPathMapperScanner -
				Skipping MapperFactoryBean with name 'userMapper' and 'com.max.back.neusoft.dao.UserMapper' mapperInterface. Bean already defined with the same name!
2022-07-17 16:05:05.380 [http-nio-8000-exec-5] WARN  c.m.b.neusoft.service.impl.PermissionServiceImpl -
				Warn: execute Method There are  2 results.
2022-07-17 16:05:13.854 [http-nio-8000-exec-4] WARN  c.m.b.neusoft.service.impl.PermissionServiceImpl -
				Warn: execute Method There are  2 results.
2022-07-17 16:08:07.938 [http-nio-8000-exec-2] WARN  c.m.b.neusoft.service.impl.PermissionServiceImpl -
				Warn: execute Method There are  2 results.
2022-07-17 16:13:41.457 [http-nio-8000-exec-10] WARN  c.m.b.neusoft.service.impl.PermissionServiceImpl -
				Warn: execute Method There are  2 results.
2022-07-17 17:19:51.903 [restartedMain] WARN  org.mybatis.spring.mapper.ClassPathMapperScanner -
				Skipping MapperFactoryBean with name 'departclassificationMapper' and 'com.max.back.neusoft.dao.DepartclassificationMapper' mapperInterface. Bean already defined with the same name!
2022-07-17 17:19:51.903 [restartedMain] WARN  org.mybatis.spring.mapper.ClassPathMapperScanner -
				Skipping MapperFactoryBean with name 'departmentMapper' and 'com.max.back.neusoft.dao.DepartmentMapper' mapperInterface. Bean already defined with the same name!
2022-07-17 17:19:51.904 [restartedMain] WARN  org.mybatis.spring.mapper.ClassPathMapperScanner -
				Skipping MapperFactoryBean with name 'doctorMapper' and 'com.max.back.neusoft.dao.DoctorMapper' mapperInterface. Bean already defined with the same name!
2022-07-17 17:19:51.904 [restartedMain] WARN  org.mybatis.spring.mapper.ClassPathMapperScanner -
				Skipping MapperFactoryBean with name 'drugspecificationMapper' and 'com.max.back.neusoft.dao.DrugspecificationMapper' mapperInterface. Bean already defined with the same name!
2022-07-17 17:19:51.904 [restartedMain] WARN  org.mybatis.spring.mapper.ClassPathMapperScanner -
				Skipping MapperFactoryBean with name 'generalitemMapper' and 'com.max.back.neusoft.dao.GeneralitemMapper' mapperInterface. Bean already defined with the same name!
2022-07-17 17:19:51.904 [restartedMain] WARN  org.mybatis.spring.mapper.ClassPathMapperScanner -
				Skipping MapperFactoryBean with name 'loginMapper' and 'com.max.back.neusoft.dao.LoginMapper' mapperInterface. Bean already defined with the same name!
2022-07-17 17:19:51.904 [restartedMain] WARN  org.mybatis.spring.mapper.ClassPathMapperScanner -
				Skipping MapperFactoryBean with name 'nondrugMapper' and 'com.max.back.neusoft.dao.NondrugMapper' mapperInterface. Bean already defined with the same name!
2022-07-17 17:19:51.904 [restartedMain] WARN  org.mybatis.spring.mapper.ClassPathMapperScanner -
				Skipping MapperFactoryBean with name 'patientmedicineMapper' and 'com.max.back.neusoft.dao.PatientmedicineMapper' mapperInterface. Bean already defined with the same name!
2022-07-17 17:19:51.904 [restartedMain] WARN  org.mybatis.spring.mapper.ClassPathMapperScanner -
				Skipping MapperFactoryBean with name 'permissionMapper' and 'com.max.back.neusoft.dao.PermissionMapper' mapperInterface. Bean already defined with the same name!
2022-07-17 17:19:51.905 [restartedMain] WARN  org.mybatis.spring.mapper.ClassPathMapperScanner -
				Skipping MapperFactoryBean with name 'registeredMapper' and 'com.max.back.neusoft.dao.RegisteredMapper' mapperInterface. Bean already defined with the same name!
2022-07-17 17:19:51.905 [restartedMain] WARN  org.mybatis.spring.mapper.ClassPathMapperScanner -
				Skipping MapperFactoryBean with name 'scheduleMapper' and 'com.max.back.neusoft.dao.ScheduleMapper' mapperInterface. Bean already defined with the same name!
2022-07-17 17:19:51.905 [restartedMain] WARN  org.mybatis.spring.mapper.ClassPathMapperScanner -
				Skipping MapperFactoryBean with name 'userMapper' and 'com.max.back.neusoft.dao.UserMapper' mapperInterface. Bean already defined with the same name!
2022-07-17 17:20:29.639 [http-nio-8000-exec-6] WARN  c.m.b.neusoft.service.impl.PermissionServiceImpl -
				Warn: execute Method There are  2 results.
2022-07-17 17:20:43.162 [http-nio-8000-exec-4] WARN  o.s.w.s.m.support.DefaultHandlerExceptionResolver -
				Resolved [org.springframework.http.converter.HttpMessageNotReadableException: Required request body is missing: public java.lang.String com.max.back.neusoft.api.PayServlet.paymentStatement(java.lang.String)]
2022-07-17 17:21:19.609 [http-nio-8000-exec-7] WARN  c.m.b.neusoft.service.impl.PermissionServiceImpl -
				Warn: execute Method There are  2 results.
2022-07-17 17:21:29.072 [http-nio-8000-exec-6] WARN  c.m.b.neusoft.service.impl.PermissionServiceImpl -
				Warn: execute Method There are  2 results.
2022-07-17 17:21:31.889 [http-nio-8000-exec-6] WARN  c.m.b.neusoft.service.impl.PermissionServiceImpl -
				Warn: execute Method There are  2 results.
2022-07-17 17:21:44.133 [http-nio-8000-exec-3] WARN  o.s.w.s.m.support.DefaultHandlerExceptionResolver -
				Resolved [org.springframework.http.converter.HttpMessageNotReadableException: Required request body is missing: public java.lang.String com.max.back.neusoft.api.PayServlet.paymentStatement(java.lang.String)]
2022-07-17 17:23:45.334 [http-nio-8000-exec-7] WARN  c.m.b.neusoft.service.impl.PermissionServiceImpl -
				Warn: execute Method There are  2 results.
2022-07-17 17:24:06.288 [http-nio-8000-exec-6] WARN  o.s.w.s.m.support.DefaultHandlerExceptionResolver -
				Resolved [org.springframework.http.converter.HttpMessageNotReadableException: Required request body is missing: public java.lang.String com.max.back.neusoft.api.PayServlet.paymentStatement(java.lang.String)]
2022-07-17 17:24:23.550 [http-nio-8000-exec-1] WARN  o.s.w.s.m.support.DefaultHandlerExceptionResolver -
				Resolved [org.springframework.http.converter.HttpMessageNotReadableException: Required request body is missing: public java.lang.String com.max.back.neusoft.api.PayServlet.paymentStatement(java.lang.String)]
2022-07-17 17:36:02.198 [http-nio-8000-exec-8] WARN  c.m.b.neusoft.service.impl.PermissionServiceImpl -
				Warn: execute Method There are  2 results.
2022-07-17 17:37:31.926 [restartedMain] WARN  org.mybatis.spring.mapper.ClassPathMapperScanner -
				Skipping MapperFactoryBean with name 'departclassificationMapper' and 'com.max.back.neusoft.dao.DepartclassificationMapper' mapperInterface. Bean already defined with the same name!
2022-07-17 17:37:31.926 [restartedMain] WARN  org.mybatis.spring.mapper.ClassPathMapperScanner -
				Skipping MapperFactoryBean with name 'departmentMapper' and 'com.max.back.neusoft.dao.DepartmentMapper' mapperInterface. Bean already defined with the same name!
2022-07-17 17:37:31.927 [restartedMain] WARN  org.mybatis.spring.mapper.ClassPathMapperScanner -
				Skipping MapperFactoryBean with name 'doctorMapper' and 'com.max.back.neusoft.dao.DoctorMapper' mapperInterface. Bean already defined with the same name!
2022-07-17 17:37:31.927 [restartedMain] WARN  org.mybatis.spring.mapper.ClassPathMapperScanner -
				Skipping MapperFactoryBean with name 'drugspecificationMapper' and 'com.max.back.neusoft.dao.DrugspecificationMapper' mapperInterface. Bean already defined with the same name!
2022-07-17 17:37:31.927 [restartedMain] WARN  org.mybatis.spring.mapper.ClassPathMapperScanner -
				Skipping MapperFactoryBean with name 'generalitemMapper' and 'com.max.back.neusoft.dao.GeneralitemMapper' mapperInterface. Bean already defined with the same name!
2022-07-17 17:37:31.927 [restartedMain] WARN  org.mybatis.spring.mapper.ClassPathMapperScanner -
				Skipping MapperFactoryBean with name 'loginMapper' and 'com.max.back.neusoft.dao.LoginMapper' mapperInterface. Bean already defined with the same name!
2022-07-17 17:37:31.927 [restartedMain] WARN  org.mybatis.spring.mapper.ClassPathMapperScanner -
				Skipping MapperFactoryBean with name 'nondrugMapper' and 'com.max.back.neusoft.dao.NondrugMapper' mapperInterface. Bean already defined with the same name!
2022-07-17 17:37:31.927 [restartedMain] WARN  org.mybatis.spring.mapper.ClassPathMapperScanner -
				Skipping MapperFactoryBean with name 'patientmedicineMapper' and 'com.max.back.neusoft.dao.PatientmedicineMapper' mapperInterface. Bean already defined with the same name!
2022-07-17 17:37:31.928 [restartedMain] WARN  org.mybatis.spring.mapper.ClassPathMapperScanner -
				Skipping MapperFactoryBean with name 'permissionMapper' and 'com.max.back.neusoft.dao.PermissionMapper' mapperInterface. Bean already defined with the same name!
2022-07-17 17:37:31.928 [restartedMain] WARN  org.mybatis.spring.mapper.ClassPathMapperScanner -
				Skipping MapperFactoryBean with name 'registeredMapper' and 'com.max.back.neusoft.dao.RegisteredMapper' mapperInterface. Bean already defined with the same name!
2022-07-17 17:37:31.928 [restartedMain] WARN  org.mybatis.spring.mapper.ClassPathMapperScanner -
				Skipping MapperFactoryBean with name 'scheduleMapper' and 'com.max.back.neusoft.dao.ScheduleMapper' mapperInterface. Bean already defined with the same name!
2022-07-17 17:37:31.928 [restartedMain] WARN  org.mybatis.spring.mapper.ClassPathMapperScanner -
				Skipping MapperFactoryBean with name 'userMapper' and 'com.max.back.neusoft.dao.UserMapper' mapperInterface. Bean already defined with the same name!
2022-07-17 17:40:32.110 [restartedMain] WARN  org.mybatis.spring.mapper.ClassPathMapperScanner -
				Skipping MapperFactoryBean with name 'departclassificationMapper' and 'com.max.back.neusoft.dao.DepartclassificationMapper' mapperInterface. Bean already defined with the same name!
2022-07-17 17:40:32.110 [restartedMain] WARN  org.mybatis.spring.mapper.ClassPathMapperScanner -
				Skipping MapperFactoryBean with name 'departmentMapper' and 'com.max.back.neusoft.dao.DepartmentMapper' mapperInterface. Bean already defined with the same name!
2022-07-17 17:40:32.110 [restartedMain] WARN  org.mybatis.spring.mapper.ClassPathMapperScanner -
				Skipping MapperFactoryBean with name 'doctorMapper' and 'com.max.back.neusoft.dao.DoctorMapper' mapperInterface. Bean already defined with the same name!
2022-07-17 17:40:32.111 [restartedMain] WARN  org.mybatis.spring.mapper.ClassPathMapperScanner -
				Skipping MapperFactoryBean with name 'drugspecificationMapper' and 'com.max.back.neusoft.dao.DrugspecificationMapper' mapperInterface. Bean already defined with the same name!
2022-07-17 17:40:32.111 [restartedMain] WARN  org.mybatis.spring.mapper.ClassPathMapperScanner -
				Skipping MapperFactoryBean with name 'generalitemMapper' and 'com.max.back.neusoft.dao.GeneralitemMapper' mapperInterface. Bean already defined with the same name!
2022-07-17 17:40:32.111 [restartedMain] WARN  org.mybatis.spring.mapper.ClassPathMapperScanner -
				Skipping MapperFactoryBean with name 'loginMapper' and 'com.max.back.neusoft.dao.LoginMapper' mapperInterface. Bean already defined with the same name!
2022-07-17 17:40:32.111 [restartedMain] WARN  org.mybatis.spring.mapper.ClassPathMapperScanner -
				Skipping MapperFactoryBean with name 'nondrugMapper' and 'com.max.back.neusoft.dao.NondrugMapper' mapperInterface. Bean already defined with the same name!
2022-07-17 17:40:32.111 [restartedMain] WARN  org.mybatis.spring.mapper.ClassPathMapperScanner -
				Skipping MapperFactoryBean with name 'patientmedicineMapper' and 'com.max.back.neusoft.dao.PatientmedicineMapper' mapperInterface. Bean already defined with the same name!
2022-07-17 17:40:32.111 [restartedMain] WARN  org.mybatis.spring.mapper.ClassPathMapperScanner -
				Skipping MapperFactoryBean with name 'permissionMapper' and 'com.max.back.neusoft.dao.PermissionMapper' mapperInterface. Bean already defined with the same name!
2022-07-17 17:40:32.111 [restartedMain] WARN  org.mybatis.spring.mapper.ClassPathMapperScanner -
				Skipping MapperFactoryBean with name 'registeredMapper' and 'com.max.back.neusoft.dao.RegisteredMapper' mapperInterface. Bean already defined with the same name!
2022-07-17 17:40:32.112 [restartedMain] WARN  org.mybatis.spring.mapper.ClassPathMapperScanner -
				Skipping MapperFactoryBean with name 'scheduleMapper' and 'com.max.back.neusoft.dao.ScheduleMapper' mapperInterface. Bean already defined with the same name!
2022-07-17 17:40:32.112 [restartedMain] WARN  org.mybatis.spring.mapper.ClassPathMapperScanner -
				Skipping MapperFactoryBean with name 'userMapper' and 'com.max.back.neusoft.dao.UserMapper' mapperInterface. Bean already defined with the same name!
2022-07-17 17:42:06.408 [http-nio-8000-exec-7] WARN  c.m.b.neusoft.service.impl.PermissionServiceImpl -
				Warn: execute Method There are  2 results.
2022-07-17 17:47:02.315 [restartedMain] WARN  org.mybatis.spring.mapper.ClassPathMapperScanner -
				Skipping MapperFactoryBean with name 'departclassificationMapper' and 'com.max.back.neusoft.dao.DepartclassificationMapper' mapperInterface. Bean already defined with the same name!
2022-07-17 17:47:02.315 [restartedMain] WARN  org.mybatis.spring.mapper.ClassPathMapperScanner -
				Skipping MapperFactoryBean with name 'departmentMapper' and 'com.max.back.neusoft.dao.DepartmentMapper' mapperInterface. Bean already defined with the same name!
2022-07-17 17:47:02.316 [restartedMain] WARN  org.mybatis.spring.mapper.ClassPathMapperScanner -
				Skipping MapperFactoryBean with name 'doctorMapper' and 'com.max.back.neusoft.dao.DoctorMapper' mapperInterface. Bean already defined with the same name!
2022-07-17 17:47:02.316 [restartedMain] WARN  org.mybatis.spring.mapper.ClassPathMapperScanner -
				Skipping MapperFactoryBean with name 'drugspecificationMapper' and 'com.max.back.neusoft.dao.DrugspecificationMapper' mapperInterface. Bean already defined with the same name!
2022-07-17 17:47:02.316 [restartedMain] WARN  org.mybatis.spring.mapper.ClassPathMapperScanner -
				Skipping MapperFactoryBean with name 'generalitemMapper' and 'com.max.back.neusoft.dao.GeneralitemMapper' mapperInterface. Bean already defined with the same name!
2022-07-17 17:47:02.316 [restartedMain] WARN  org.mybatis.spring.mapper.ClassPathMapperScanner -
				Skipping MapperFactoryBean with name 'loginMapper' and 'com.max.back.neusoft.dao.LoginMapper' mapperInterface. Bean already defined with the same name!
2022-07-17 17:47:02.316 [restartedMain] WARN  org.mybatis.spring.mapper.ClassPathMapperScanner -
				Skipping MapperFactoryBean with name 'nondrugMapper' and 'com.max.back.neusoft.dao.NondrugMapper' mapperInterface. Bean already defined with the same name!
2022-07-17 17:47:02.316 [restartedMain] WARN  org.mybatis.spring.mapper.ClassPathMapperScanner -
				Skipping MapperFactoryBean with name 'patientmedicineMapper' and 'com.max.back.neusoft.dao.PatientmedicineMapper' mapperInterface. Bean already defined with the same name!
2022-07-17 17:47:02.317 [restartedMain] WARN  org.mybatis.spring.mapper.ClassPathMapperScanner -
				Skipping MapperFactoryBean with name 'permissionMapper' and 'com.max.back.neusoft.dao.PermissionMapper' mapperInterface. Bean already defined with the same name!
2022-07-17 17:47:02.317 [restartedMain] WARN  org.mybatis.spring.mapper.ClassPathMapperScanner -
				Skipping MapperFactoryBean with name 'registeredMapper' and 'com.max.back.neusoft.dao.RegisteredMapper' mapperInterface. Bean already defined with the same name!
2022-07-17 17:47:02.317 [restartedMain] WARN  org.mybatis.spring.mapper.ClassPathMapperScanner -
				Skipping MapperFactoryBean with name 'scheduleMapper' and 'com.max.back.neusoft.dao.ScheduleMapper' mapperInterface. Bean already defined with the same name!
2022-07-17 17:47:02.317 [restartedMain] WARN  org.mybatis.spring.mapper.ClassPathMapperScanner -
				Skipping MapperFactoryBean with name 'userMapper' and 'com.max.back.neusoft.dao.UserMapper' mapperInterface. Bean already defined with the same name!
2022-07-17 17:47:33.711 [http-nio-8000-exec-3] WARN  c.m.b.neusoft.service.impl.PermissionServiceImpl -
				Warn: execute Method There are  2 results.
2022-07-17 17:49:32.881 [restartedMain] WARN  org.mybatis.spring.mapper.ClassPathMapperScanner -
				Skipping MapperFactoryBean with name 'departclassificationMapper' and 'com.max.back.neusoft.dao.DepartclassificationMapper' mapperInterface. Bean already defined with the same name!
2022-07-17 17:49:32.882 [restartedMain] WARN  org.mybatis.spring.mapper.ClassPathMapperScanner -
				Skipping MapperFactoryBean with name 'departmentMapper' and 'com.max.back.neusoft.dao.DepartmentMapper' mapperInterface. Bean already defined with the same name!
2022-07-17 17:49:32.882 [restartedMain] WARN  org.mybatis.spring.mapper.ClassPathMapperScanner -
				Skipping MapperFactoryBean with name 'doctorMapper' and 'com.max.back.neusoft.dao.DoctorMapper' mapperInterface. Bean already defined with the same name!
2022-07-17 17:49:32.882 [restartedMain] WARN  org.mybatis.spring.mapper.ClassPathMapperScanner -
				Skipping MapperFactoryBean with name 'drugspecificationMapper' and 'com.max.back.neusoft.dao.DrugspecificationMapper' mapperInterface. Bean already defined with the same name!
2022-07-17 17:49:32.883 [restartedMain] WARN  org.mybatis.spring.mapper.ClassPathMapperScanner -
				Skipping MapperFactoryBean with name 'generalitemMapper' and 'com.max.back.neusoft.dao.GeneralitemMapper' mapperInterface. Bean already defined with the same name!
2022-07-17 17:49:32.883 [restartedMain] WARN  org.mybatis.spring.mapper.ClassPathMapperScanner -
				Skipping MapperFactoryBean with name 'loginMapper' and 'com.max.back.neusoft.dao.LoginMapper' mapperInterface. Bean already defined with the same name!
2022-07-17 17:49:32.883 [restartedMain] WARN  org.mybatis.spring.mapper.ClassPathMapperScanner -
				Skipping MapperFactoryBean with name 'nondrugMapper' and 'com.max.back.neusoft.dao.NondrugMapper' mapperInterface. Bean already defined with the same name!
2022-07-17 17:49:32.883 [restartedMain] WARN  org.mybatis.spring.mapper.ClassPathMapperScanner -
				Skipping MapperFactoryBean with name 'patientmedicineMapper' and 'com.max.back.neusoft.dao.PatientmedicineMapper' mapperInterface. Bean already defined with the same name!
2022-07-17 17:49:32.883 [restartedMain] WARN  org.mybatis.spring.mapper.ClassPathMapperScanner -
				Skipping MapperFactoryBean with name 'permissionMapper' and 'com.max.back.neusoft.dao.PermissionMapper' mapperInterface. Bean already defined with the same name!
2022-07-17 17:49:32.883 [restartedMain] WARN  org.mybatis.spring.mapper.ClassPathMapperScanner -
				Skipping MapperFactoryBean with name 'registeredMapper' and 'com.max.back.neusoft.dao.RegisteredMapper' mapperInterface. Bean already defined with the same name!
2022-07-17 17:49:32.883 [restartedMain] WARN  org.mybatis.spring.mapper.ClassPathMapperScanner -
				Skipping MapperFactoryBean with name 'scheduleMapper' and 'com.max.back.neusoft.dao.ScheduleMapper' mapperInterface. Bean already defined with the same name!
2022-07-17 17:49:32.883 [restartedMain] WARN  org.mybatis.spring.mapper.ClassPathMapperScanner -
				Skipping MapperFactoryBean with name 'userMapper' and 'com.max.back.neusoft.dao.UserMapper' mapperInterface. Bean already defined with the same name!
2022-07-17 17:53:45.461 [http-nio-8000-exec-8] WARN  c.m.b.neusoft.service.impl.PermissionServiceImpl -
				Warn: execute Method There are  2 results.
2022-07-17 18:26:45.721 [restartedMain] WARN  org.mybatis.spring.mapper.ClassPathMapperScanner -
				Skipping MapperFactoryBean with name 'departclassificationMapper' and 'com.max.back.neusoft.dao.DepartclassificationMapper' mapperInterface. Bean already defined with the same name!
2022-07-17 18:26:45.722 [restartedMain] WARN  org.mybatis.spring.mapper.ClassPathMapperScanner -
				Skipping MapperFactoryBean with name 'departmentMapper' and 'com.max.back.neusoft.dao.DepartmentMapper' mapperInterface. Bean already defined with the same name!
2022-07-17 18:26:45.722 [restartedMain] WARN  org.mybatis.spring.mapper.ClassPathMapperScanner -
				Skipping MapperFactoryBean with name 'doctorMapper' and 'com.max.back.neusoft.dao.DoctorMapper' mapperInterface. Bean already defined with the same name!
2022-07-17 18:26:45.722 [restartedMain] WARN  org.mybatis.spring.mapper.ClassPathMapperScanner -
				Skipping MapperFactoryBean with name 'drugspecificationMapper' and 'com.max.back.neusoft.dao.DrugspecificationMapper' mapperInterface. Bean already defined with the same name!
2022-07-17 18:26:45.722 [restartedMain] WARN  org.mybatis.spring.mapper.ClassPathMapperScanner -
				Skipping MapperFactoryBean with name 'generalitemMapper' and 'com.max.back.neusoft.dao.GeneralitemMapper' mapperInterface. Bean already defined with the same name!
2022-07-17 18:26:45.722 [restartedMain] WARN  org.mybatis.spring.mapper.ClassPathMapperScanner -
				Skipping MapperFactoryBean with name 'loginMapper' and 'com.max.back.neusoft.dao.LoginMapper' mapperInterface. Bean already defined with the same name!
2022-07-17 18:26:45.722 [restartedMain] WARN  org.mybatis.spring.mapper.ClassPathMapperScanner -
				Skipping MapperFactoryBean with name 'nondrugMapper' and 'com.max.back.neusoft.dao.NondrugMapper' mapperInterface. Bean already defined with the same name!
2022-07-17 18:26:45.723 [restartedMain] WARN  org.mybatis.spring.mapper.ClassPathMapperScanner -
				Skipping MapperFactoryBean with name 'patientmedicineMapper' and 'com.max.back.neusoft.dao.PatientmedicineMapper' mapperInterface. Bean already defined with the same name!
2022-07-17 18:26:45.723 [restartedMain] WARN  org.mybatis.spring.mapper.ClassPathMapperScanner -
				Skipping MapperFactoryBean with name 'permissionMapper' and 'com.max.back.neusoft.dao.PermissionMapper' mapperInterface. Bean already defined with the same name!
2022-07-17 18:26:45.723 [restartedMain] WARN  org.mybatis.spring.mapper.ClassPathMapperScanner -
				Skipping MapperFactoryBean with name 'registeredMapper' and 'com.max.back.neusoft.dao.RegisteredMapper' mapperInterface. Bean already defined with the same name!
2022-07-17 18:26:45.723 [restartedMain] WARN  org.mybatis.spring.mapper.ClassPathMapperScanner -
				Skipping MapperFactoryBean with name 'scheduleMapper' and 'com.max.back.neusoft.dao.ScheduleMapper' mapperInterface. Bean already defined with the same name!
2022-07-17 18:26:45.723 [restartedMain] WARN  org.mybatis.spring.mapper.ClassPathMapperScanner -
				Skipping MapperFactoryBean with name 'userMapper' and 'com.max.back.neusoft.dao.UserMapper' mapperInterface. Bean already defined with the same name!
2022-07-17 18:27:40.799 [restartedMain] WARN  org.mybatis.spring.mapper.ClassPathMapperScanner -
				Skipping MapperFactoryBean with name 'departclassificationMapper' and 'com.max.back.neusoft.dao.DepartclassificationMapper' mapperInterface. Bean already defined with the same name!
2022-07-17 18:27:40.799 [restartedMain] WARN  org.mybatis.spring.mapper.ClassPathMapperScanner -
				Skipping MapperFactoryBean with name 'departmentMapper' and 'com.max.back.neusoft.dao.DepartmentMapper' mapperInterface. Bean already defined with the same name!
2022-07-17 18:27:40.799 [restartedMain] WARN  org.mybatis.spring.mapper.ClassPathMapperScanner -
				Skipping MapperFactoryBean with name 'doctorMapper' and 'com.max.back.neusoft.dao.DoctorMapper' mapperInterface. Bean already defined with the same name!
2022-07-17 18:27:40.799 [restartedMain] WARN  org.mybatis.spring.mapper.ClassPathMapperScanner -
				Skipping MapperFactoryBean with name 'drugspecificationMapper' and 'com.max.back.neusoft.dao.DrugspecificationMapper' mapperInterface. Bean already defined with the same name!
2022-07-17 18:27:40.799 [restartedMain] WARN  org.mybatis.spring.mapper.ClassPathMapperScanner -
				Skipping MapperFactoryBean with name 'generalitemMapper' and 'com.max.back.neusoft.dao.GeneralitemMapper' mapperInterface. Bean already defined with the same name!
2022-07-17 18:27:40.800 [restartedMain] WARN  org.mybatis.spring.mapper.ClassPathMapperScanner -
				Skipping MapperFactoryBean with name 'loginMapper' and 'com.max.back.neusoft.dao.LoginMapper' mapperInterface. Bean already defined with the same name!
2022-07-17 18:27:40.800 [restartedMain] WARN  org.mybatis.spring.mapper.ClassPathMapperScanner -
				Skipping MapperFactoryBean with name 'nondrugMapper' and 'com.max.back.neusoft.dao.NondrugMapper' mapperInterface. Bean already defined with the same name!
2022-07-17 18:27:40.800 [restartedMain] WARN  org.mybatis.spring.mapper.ClassPathMapperScanner -
				Skipping MapperFactoryBean with name 'patientmedicineMapper' and 'com.max.back.neusoft.dao.PatientmedicineMapper' mapperInterface. Bean already defined with the same name!
2022-07-17 18:27:40.800 [restartedMain] WARN  org.mybatis.spring.mapper.ClassPathMapperScanner -
				Skipping MapperFactoryBean with name 'permissionMapper' and 'com.max.back.neusoft.dao.PermissionMapper' mapperInterface. Bean already defined with the same name!
2022-07-17 18:27:40.800 [restartedMain] WARN  org.mybatis.spring.mapper.ClassPathMapperScanner -
				Skipping MapperFactoryBean with name 'registeredMapper' and 'com.max.back.neusoft.dao.RegisteredMapper' mapperInterface. Bean already defined with the same name!
2022-07-17 18:27:40.801 [restartedMain] WARN  org.mybatis.spring.mapper.ClassPathMapperScanner -
				Skipping MapperFactoryBean with name 'scheduleMapper' and 'com.max.back.neusoft.dao.ScheduleMapper' mapperInterface. Bean already defined with the same name!
2022-07-17 18:27:40.801 [restartedMain] WARN  org.mybatis.spring.mapper.ClassPathMapperScanner -
				Skipping MapperFactoryBean with name 'userMapper' and 'com.max.back.neusoft.dao.UserMapper' mapperInterface. Bean already defined with the same name!
2022-07-17 18:29:57.921 [http-nio-8000-exec-2] WARN  c.m.b.neusoft.service.impl.PermissionServiceImpl -
				Warn: execute Method There are  2 results.
2022-07-17 18:30:55.358 [restartedMain] WARN  org.mybatis.spring.mapper.ClassPathMapperScanner -
				Skipping MapperFactoryBean with name 'departclassificationMapper' and 'com.max.back.neusoft.dao.DepartclassificationMapper' mapperInterface. Bean already defined with the same name!
2022-07-17 18:30:55.360 [restartedMain] WARN  org.mybatis.spring.mapper.ClassPathMapperScanner -
				Skipping MapperFactoryBean with name 'departmentMapper' and 'com.max.back.neusoft.dao.DepartmentMapper' mapperInterface. Bean already defined with the same name!
2022-07-17 18:30:55.361 [restartedMain] WARN  org.mybatis.spring.mapper.ClassPathMapperScanner -
				Skipping MapperFactoryBean with name 'doctorMapper' and 'com.max.back.neusoft.dao.DoctorMapper' mapperInterface. Bean already defined with the same name!
2022-07-17 18:30:55.361 [restartedMain] WARN  org.mybatis.spring.mapper.ClassPathMapperScanner -
				Skipping MapperFactoryBean with name 'drugspecificationMapper' and 'com.max.back.neusoft.dao.DrugspecificationMapper' mapperInterface. Bean already defined with the same name!
2022-07-17 18:30:55.361 [restartedMain] WARN  org.mybatis.spring.mapper.ClassPathMapperScanner -
				Skipping MapperFactoryBean with name 'generalitemMapper' and 'com.max.back.neusoft.dao.GeneralitemMapper' mapperInterface. Bean already defined with the same name!
2022-07-17 18:30:55.361 [restartedMain] WARN  org.mybatis.spring.mapper.ClassPathMapperScanner -
				Skipping MapperFactoryBean with name 'loginMapper' and 'com.max.back.neusoft.dao.LoginMapper' mapperInterface. Bean already defined with the same name!
2022-07-17 18:30:55.361 [restartedMain] WARN  org.mybatis.spring.mapper.ClassPathMapperScanner -
				Skipping MapperFactoryBean with name 'nondrugMapper' and 'com.max.back.neusoft.dao.NondrugMapper' mapperInterface. Bean already defined with the same name!
2022-07-17 18:30:55.361 [restartedMain] WARN  org.mybatis.spring.mapper.ClassPathMapperScanner -
				Skipping MapperFactoryBean with name 'patientmedicineMapper' and 'com.max.back.neusoft.dao.PatientmedicineMapper' mapperInterface. Bean already defined with the same name!
2022-07-17 18:30:55.362 [restartedMain] WARN  org.mybatis.spring.mapper.ClassPathMapperScanner -
				Skipping MapperFactoryBean with name 'permissionMapper' and 'com.max.back.neusoft.dao.PermissionMapper' mapperInterface. Bean already defined with the same name!
2022-07-17 18:30:55.362 [restartedMain] WARN  org.mybatis.spring.mapper.ClassPathMapperScanner -
				Skipping MapperFactoryBean with name 'registeredMapper' and 'com.max.back.neusoft.dao.RegisteredMapper' mapperInterface. Bean already defined with the same name!
2022-07-17 18:30:55.362 [restartedMain] WARN  org.mybatis.spring.mapper.ClassPathMapperScanner -
				Skipping MapperFactoryBean with name 'scheduleMapper' and 'com.max.back.neusoft.dao.ScheduleMapper' mapperInterface. Bean already defined with the same name!
2022-07-17 18:30:55.362 [restartedMain] WARN  org.mybatis.spring.mapper.ClassPathMapperScanner -
				Skipping MapperFactoryBean with name 'userMapper' and 'com.max.back.neusoft.dao.UserMapper' mapperInterface. Bean already defined with the same name!
2022-07-17 18:31:40.692 [restartedMain] WARN  org.mybatis.spring.mapper.ClassPathMapperScanner -
				Skipping MapperFactoryBean with name 'departclassificationMapper' and 'com.max.back.neusoft.dao.DepartclassificationMapper' mapperInterface. Bean already defined with the same name!
2022-07-17 18:31:40.692 [restartedMain] WARN  org.mybatis.spring.mapper.ClassPathMapperScanner -
				Skipping MapperFactoryBean with name 'departmentMapper' and 'com.max.back.neusoft.dao.DepartmentMapper' mapperInterface. Bean already defined with the same name!
2022-07-17 18:31:40.693 [restartedMain] WARN  org.mybatis.spring.mapper.ClassPathMapperScanner -
				Skipping MapperFactoryBean with name 'doctorMapper' and 'com.max.back.neusoft.dao.DoctorMapper' mapperInterface. Bean already defined with the same name!
2022-07-17 18:31:40.693 [restartedMain] WARN  org.mybatis.spring.mapper.ClassPathMapperScanner -
				Skipping MapperFactoryBean with name 'drugspecificationMapper' and 'com.max.back.neusoft.dao.DrugspecificationMapper' mapperInterface. Bean already defined with the same name!
2022-07-17 18:31:40.693 [restartedMain] WARN  org.mybatis.spring.mapper.ClassPathMapperScanner -
				Skipping MapperFactoryBean with name 'generalitemMapper' and 'com.max.back.neusoft.dao.GeneralitemMapper' mapperInterface. Bean already defined with the same name!
2022-07-17 18:31:40.693 [restartedMain] WARN  org.mybatis.spring.mapper.ClassPathMapperScanner -
				Skipping MapperFactoryBean with name 'loginMapper' and 'com.max.back.neusoft.dao.LoginMapper' mapperInterface. Bean already defined with the same name!
2022-07-17 18:31:40.693 [restartedMain] WARN  org.mybatis.spring.mapper.ClassPathMapperScanner -
				Skipping MapperFactoryBean with name 'nondrugMapper' and 'com.max.back.neusoft.dao.NondrugMapper' mapperInterface. Bean already defined with the same name!
2022-07-17 18:31:40.693 [restartedMain] WARN  org.mybatis.spring.mapper.ClassPathMapperScanner -
				Skipping MapperFactoryBean with name 'patientmedicineMapper' and 'com.max.back.neusoft.dao.PatientmedicineMapper' mapperInterface. Bean already defined with the same name!
2022-07-17 18:31:40.693 [restartedMain] WARN  org.mybatis.spring.mapper.ClassPathMapperScanner -
				Skipping MapperFactoryBean with name 'permissionMapper' and 'com.max.back.neusoft.dao.PermissionMapper' mapperInterface. Bean already defined with the same name!
2022-07-17 18:31:40.693 [restartedMain] WARN  org.mybatis.spring.mapper.ClassPathMapperScanner -
				Skipping MapperFactoryBean with name 'registeredMapper' and 'com.max.back.neusoft.dao.RegisteredMapper' mapperInterface. Bean already defined with the same name!
2022-07-17 18:31:40.693 [restartedMain] WARN  org.mybatis.spring.mapper.ClassPathMapperScanner -
				Skipping MapperFactoryBean with name 'scheduleMapper' and 'com.max.back.neusoft.dao.ScheduleMapper' mapperInterface. Bean already defined with the same name!
2022-07-17 18:31:40.694 [restartedMain] WARN  org.mybatis.spring.mapper.ClassPathMapperScanner -
				Skipping MapperFactoryBean with name 'userMapper' and 'com.max.back.neusoft.dao.UserMapper' mapperInterface. Bean already defined with the same name!
2022-07-17 18:32:53.066 [restartedMain] WARN  org.mybatis.spring.mapper.ClassPathMapperScanner -
				Skipping MapperFactoryBean with name 'departclassificationMapper' and 'com.max.back.neusoft.dao.DepartclassificationMapper' mapperInterface. Bean already defined with the same name!
2022-07-17 18:32:53.068 [restartedMain] WARN  org.mybatis.spring.mapper.ClassPathMapperScanner -
				Skipping MapperFactoryBean with name 'departmentMapper' and 'com.max.back.neusoft.dao.DepartmentMapper' mapperInterface. Bean already defined with the same name!
2022-07-17 18:32:53.068 [restartedMain] WARN  org.mybatis.spring.mapper.ClassPathMapperScanner -
				Skipping MapperFactoryBean with name 'doctorMapper' and 'com.max.back.neusoft.dao.DoctorMapper' mapperInterface. Bean already defined with the same name!
2022-07-17 18:32:53.068 [restartedMain] WARN  org.mybatis.spring.mapper.ClassPathMapperScanner -
				Skipping MapperFactoryBean with name 'drugspecificationMapper' and 'com.max.back.neusoft.dao.DrugspecificationMapper' mapperInterface. Bean already defined with the same name!
2022-07-17 18:32:53.068 [restartedMain] WARN  org.mybatis.spring.mapper.ClassPathMapperScanner -
				Skipping MapperFactoryBean with name 'generalitemMapper' and 'com.max.back.neusoft.dao.GeneralitemMapper' mapperInterface. Bean already defined with the same name!
2022-07-17 18:32:53.068 [restartedMain] WARN  org.mybatis.spring.mapper.ClassPathMapperScanner -
				Skipping MapperFactoryBean with name 'loginMapper' and 'com.max.back.neusoft.dao.LoginMapper' mapperInterface. Bean already defined with the same name!
2022-07-17 18:32:53.068 [restartedMain] WARN  org.mybatis.spring.mapper.ClassPathMapperScanner -
				Skipping MapperFactoryBean with name 'nondrugMapper' and 'com.max.back.neusoft.dao.NondrugMapper' mapperInterface. Bean already defined with the same name!
2022-07-17 18:32:53.069 [restartedMain] WARN  org.mybatis.spring.mapper.ClassPathMapperScanner -
				Skipping MapperFactoryBean with name 'patientmedicineMapper' and 'com.max.back.neusoft.dao.PatientmedicineMapper' mapperInterface. Bean already defined with the same name!
2022-07-17 18:32:53.069 [restartedMain] WARN  org.mybatis.spring.mapper.ClassPathMapperScanner -
				Skipping MapperFactoryBean with name 'permissionMapper' and 'com.max.back.neusoft.dao.PermissionMapper' mapperInterface. Bean already defined with the same name!
2022-07-17 18:32:53.069 [restartedMain] WARN  org.mybatis.spring.mapper.ClassPathMapperScanner -
				Skipping MapperFactoryBean with name 'registeredMapper' and 'com.max.back.neusoft.dao.RegisteredMapper' mapperInterface. Bean already defined with the same name!
2022-07-17 18:32:53.069 [restartedMain] WARN  org.mybatis.spring.mapper.ClassPathMapperScanner -
				Skipping MapperFactoryBean with name 'scheduleMapper' and 'com.max.back.neusoft.dao.ScheduleMapper' mapperInterface. Bean already defined with the same name!
2022-07-17 18:32:53.069 [restartedMain] WARN  org.mybatis.spring.mapper.ClassPathMapperScanner -
				Skipping MapperFactoryBean with name 'userMapper' and 'com.max.back.neusoft.dao.UserMapper' mapperInterface. Bean already defined with the same name!
2022-07-17 18:33:06.349 [http-nio-8000-exec-5] WARN  c.m.b.neusoft.service.impl.PermissionServiceImpl -
				Warn: execute Method There are  2 results.
2022-07-17 18:35:38.845 [restartedMain] WARN  org.mybatis.spring.mapper.ClassPathMapperScanner -
				Skipping MapperFactoryBean with name 'departclassificationMapper' and 'com.max.back.neusoft.dao.DepartclassificationMapper' mapperInterface. Bean already defined with the same name!
2022-07-17 18:35:38.845 [restartedMain] WARN  org.mybatis.spring.mapper.ClassPathMapperScanner -
				Skipping MapperFactoryBean with name 'departmentMapper' and 'com.max.back.neusoft.dao.DepartmentMapper' mapperInterface. Bean already defined with the same name!
2022-07-17 18:35:38.845 [restartedMain] WARN  org.mybatis.spring.mapper.ClassPathMapperScanner -
				Skipping MapperFactoryBean with name 'doctorMapper' and 'com.max.back.neusoft.dao.DoctorMapper' mapperInterface. Bean already defined with the same name!
2022-07-17 18:35:38.846 [restartedMain] WARN  org.mybatis.spring.mapper.ClassPathMapperScanner -
				Skipping MapperFactoryBean with name 'drugspecificationMapper' and 'com.max.back.neusoft.dao.DrugspecificationMapper' mapperInterface. Bean already defined with the same name!
2022-07-17 18:35:38.846 [restartedMain] WARN  org.mybatis.spring.mapper.ClassPathMapperScanner -
				Skipping MapperFactoryBean with name 'generalitemMapper' and 'com.max.back.neusoft.dao.GeneralitemMapper' mapperInterface. Bean already defined with the same name!
2022-07-17 18:35:38.846 [restartedMain] WARN  org.mybatis.spring.mapper.ClassPathMapperScanner -
				Skipping MapperFactoryBean with name 'loginMapper' and 'com.max.back.neusoft.dao.LoginMapper' mapperInterface. Bean already defined with the same name!
2022-07-17 18:35:38.846 [restartedMain] WARN  org.mybatis.spring.mapper.ClassPathMapperScanner -
				Skipping MapperFactoryBean with name 'nondrugMapper' and 'com.max.back.neusoft.dao.NondrugMapper' mapperInterface. Bean already defined with the same name!
2022-07-17 18:35:38.846 [restartedMain] WARN  org.mybatis.spring.mapper.ClassPathMapperScanner -
				Skipping MapperFactoryBean with name 'patientmedicineMapper' and 'com.max.back.neusoft.dao.PatientmedicineMapper' mapperInterface. Bean already defined with the same name!
2022-07-17 18:35:38.846 [restartedMain] WARN  org.mybatis.spring.mapper.ClassPathMapperScanner -
				Skipping MapperFactoryBean with name 'permissionMapper' and 'com.max.back.neusoft.dao.PermissionMapper' mapperInterface. Bean already defined with the same name!
2022-07-17 18:35:38.847 [restartedMain] WARN  org.mybatis.spring.mapper.ClassPathMapperScanner -
				Skipping MapperFactoryBean with name 'registeredMapper' and 'com.max.back.neusoft.dao.RegisteredMapper' mapperInterface. Bean already defined with the same name!
2022-07-17 18:35:38.847 [restartedMain] WARN  org.mybatis.spring.mapper.ClassPathMapperScanner -
				Skipping MapperFactoryBean with name 'scheduleMapper' and 'com.max.back.neusoft.dao.ScheduleMapper' mapperInterface. Bean already defined with the same name!
2022-07-17 18:35:38.847 [restartedMain] WARN  org.mybatis.spring.mapper.ClassPathMapperScanner -
				Skipping MapperFactoryBean with name 'userMapper' and 'com.max.back.neusoft.dao.UserMapper' mapperInterface. Bean already defined with the same name!
2022-07-17 18:37:12.397 [restartedMain] WARN  org.mybatis.spring.mapper.ClassPathMapperScanner -
				Skipping MapperFactoryBean with name 'departclassificationMapper' and 'com.max.back.neusoft.dao.DepartclassificationMapper' mapperInterface. Bean already defined with the same name!
2022-07-17 18:37:12.397 [restartedMain] WARN  org.mybatis.spring.mapper.ClassPathMapperScanner -
				Skipping MapperFactoryBean with name 'departmentMapper' and 'com.max.back.neusoft.dao.DepartmentMapper' mapperInterface. Bean already defined with the same name!
2022-07-17 18:37:12.397 [restartedMain] WARN  org.mybatis.spring.mapper.ClassPathMapperScanner -
				Skipping MapperFactoryBean with name 'doctorMapper' and 'com.max.back.neusoft.dao.DoctorMapper' mapperInterface. Bean already defined with the same name!
2022-07-17 18:37:12.398 [restartedMain] WARN  org.mybatis.spring.mapper.ClassPathMapperScanner -
				Skipping MapperFactoryBean with name 'drugspecificationMapper' and 'com.max.back.neusoft.dao.DrugspecificationMapper' mapperInterface. Bean already defined with the same name!
2022-07-17 18:37:12.398 [restartedMain] WARN  org.mybatis.spring.mapper.ClassPathMapperScanner -
				Skipping MapperFactoryBean with name 'generalitemMapper' and 'com.max.back.neusoft.dao.GeneralitemMapper' mapperInterface. Bean already defined with the same name!
2022-07-17 18:37:12.398 [restartedMain] WARN  org.mybatis.spring.mapper.ClassPathMapperScanner -
				Skipping MapperFactoryBean with name 'loginMapper' and 'com.max.back.neusoft.dao.LoginMapper' mapperInterface. Bean already defined with the same name!
2022-07-17 18:37:12.399 [restartedMain] WARN  org.mybatis.spring.mapper.ClassPathMapperScanner -
				Skipping MapperFactoryBean with name 'nondrugMapper' and 'com.max.back.neusoft.dao.NondrugMapper' mapperInterface. Bean already defined with the same name!
2022-07-17 18:37:12.399 [restartedMain] WARN  org.mybatis.spring.mapper.ClassPathMapperScanner -
				Skipping MapperFactoryBean with name 'patientmedicineMapper' and 'com.max.back.neusoft.dao.PatientmedicineMapper' mapperInterface. Bean already defined with the same name!
2022-07-17 18:37:12.399 [restartedMain] WARN  org.mybatis.spring.mapper.ClassPathMapperScanner -
				Skipping MapperFactoryBean with name 'permissionMapper' and 'com.max.back.neusoft.dao.PermissionMapper' mapperInterface. Bean already defined with the same name!
2022-07-17 18:37:12.399 [restartedMain] WARN  org.mybatis.spring.mapper.ClassPathMapperScanner -
				Skipping MapperFactoryBean with name 'registeredMapper' and 'com.max.back.neusoft.dao.RegisteredMapper' mapperInterface. Bean already defined with the same name!
2022-07-17 18:37:12.400 [restartedMain] WARN  org.mybatis.spring.mapper.ClassPathMapperScanner -
				Skipping MapperFactoryBean with name 'scheduleMapper' and 'com.max.back.neusoft.dao.ScheduleMapper' mapperInterface. Bean already defined with the same name!
2022-07-17 18:37:12.400 [restartedMain] WARN  org.mybatis.spring.mapper.ClassPathMapperScanner -
				Skipping MapperFactoryBean with name 'userMapper' and 'com.max.back.neusoft.dao.UserMapper' mapperInterface. Bean already defined with the same name!
2022-07-17 18:37:43.481 [restartedMain] WARN  org.mybatis.spring.mapper.ClassPathMapperScanner -
				Skipping MapperFactoryBean with name 'departclassificationMapper' and 'com.max.back.neusoft.dao.DepartclassificationMapper' mapperInterface. Bean already defined with the same name!
2022-07-17 18:37:43.482 [restartedMain] WARN  org.mybatis.spring.mapper.ClassPathMapperScanner -
				Skipping MapperFactoryBean with name 'departmentMapper' and 'com.max.back.neusoft.dao.DepartmentMapper' mapperInterface. Bean already defined with the same name!
2022-07-17 18:37:43.482 [restartedMain] WARN  org.mybatis.spring.mapper.ClassPathMapperScanner -
				Skipping MapperFactoryBean with name 'doctorMapper' and 'com.max.back.neusoft.dao.DoctorMapper' mapperInterface. Bean already defined with the same name!
2022-07-17 18:37:43.482 [restartedMain] WARN  org.mybatis.spring.mapper.ClassPathMapperScanner -
				Skipping MapperFactoryBean with name 'drugspecificationMapper' and 'com.max.back.neusoft.dao.DrugspecificationMapper' mapperInterface. Bean already defined with the same name!
2022-07-17 18:37:43.482 [restartedMain] WARN  org.mybatis.spring.mapper.ClassPathMapperScanner -
				Skipping MapperFactoryBean with name 'generalitemMapper' and 'com.max.back.neusoft.dao.GeneralitemMapper' mapperInterface. Bean already defined with the same name!
2022-07-17 18:37:43.482 [restartedMain] WARN  org.mybatis.spring.mapper.ClassPathMapperScanner -
				Skipping MapperFactoryBean with name 'loginMapper' and 'com.max.back.neusoft.dao.LoginMapper' mapperInterface. Bean already defined with the same name!
2022-07-17 18:37:43.482 [restartedMain] WARN  org.mybatis.spring.mapper.ClassPathMapperScanner -
				Skipping MapperFactoryBean with name 'nondrugMapper' and 'com.max.back.neusoft.dao.NondrugMapper' mapperInterface. Bean already defined with the same name!
2022-07-17 18:37:43.483 [restartedMain] WARN  org.mybatis.spring.mapper.ClassPathMapperScanner -
				Skipping MapperFactoryBean with name 'patientmedicineMapper' and 'com.max.back.neusoft.dao.PatientmedicineMapper' mapperInterface. Bean already defined with the same name!
2022-07-17 18:37:43.483 [restartedMain] WARN  org.mybatis.spring.mapper.ClassPathMapperScanner -
				Skipping MapperFactoryBean with name 'permissionMapper' and 'com.max.back.neusoft.dao.PermissionMapper' mapperInterface. Bean already defined with the same name!
2022-07-17 18:37:43.484 [restartedMain] WARN  org.mybatis.spring.mapper.ClassPathMapperScanner -
				Skipping MapperFactoryBean with name 'registeredMapper' and 'com.max.back.neusoft.dao.RegisteredMapper' mapperInterface. Bean already defined with the same name!
2022-07-17 18:37:43.484 [restartedMain] WARN  org.mybatis.spring.mapper.ClassPathMapperScanner -
				Skipping MapperFactoryBean with name 'scheduleMapper' and 'com.max.back.neusoft.dao.ScheduleMapper' mapperInterface. Bean already defined with the same name!
2022-07-17 18:37:43.484 [restartedMain] WARN  org.mybatis.spring.mapper.ClassPathMapperScanner -
				Skipping MapperFactoryBean with name 'userMapper' and 'com.max.back.neusoft.dao.UserMapper' mapperInterface. Bean already defined with the same name!
2022-07-17 18:38:10.162 [http-nio-8000-exec-5] WARN  c.m.b.neusoft.service.impl.PermissionServiceImpl -
				Warn: execute Method There are  2 results.
2022-07-17 18:39:04.861 [http-nio-8000-exec-10] WARN  c.m.b.neusoft.service.impl.PermissionServiceImpl -
				Warn: execute Method There are  2 results.
2022-07-17 18:49:42.268 [http-nio-8000-exec-9] WARN  c.m.b.neusoft.service.impl.PermissionServiceImpl -
				Warn: execute Method There are  2 results.
2022-07-17 18:49:43.447 [http-nio-8000-exec-4] WARN  c.m.b.neusoft.service.impl.PermissionServiceImpl -
				Warn: execute Method There are  2 results.
2022-07-17 20:03:38.603 [http-nio-8000-exec-7] WARN  c.m.b.neusoft.service.impl.PermissionServiceImpl -
				Warn: execute Method There are  2 results.
2022-07-17 21:16:19.220 [HikariPool-1 housekeeper] WARN  com.zaxxer.hikari.pool.HikariPool -
				HikariPool-1 - Thread starvation or clock leap detected (housekeeper delta=42m25s762ms3µs300ns).
2022-07-17 21:16:44.930 [http-nio-8000-exec-5] WARN  c.m.b.neusoft.service.impl.PermissionServiceImpl -
				Warn: execute Method There are  2 results.
2022-07-17 21:17:22.122 [http-nio-8000-exec-9] WARN  c.m.b.neusoft.service.impl.PermissionServiceImpl -
				Warn: execute Method There are  2 results.
2022-07-17 21:33:10.624 [restartedMain] WARN  org.mybatis.spring.mapper.ClassPathMapperScanner -
				Skipping MapperFactoryBean with name 'departclassificationMapper' and 'com.max.back.neusoft.dao.DepartclassificationMapper' mapperInterface. Bean already defined with the same name!
2022-07-17 21:33:10.625 [restartedMain] WARN  org.mybatis.spring.mapper.ClassPathMapperScanner -
				Skipping MapperFactoryBean with name 'departmentMapper' and 'com.max.back.neusoft.dao.DepartmentMapper' mapperInterface. Bean already defined with the same name!
2022-07-17 21:33:10.625 [restartedMain] WARN  org.mybatis.spring.mapper.ClassPathMapperScanner -
				Skipping MapperFactoryBean with name 'doctorMapper' and 'com.max.back.neusoft.dao.DoctorMapper' mapperInterface. Bean already defined with the same name!
2022-07-17 21:33:10.625 [restartedMain] WARN  org.mybatis.spring.mapper.ClassPathMapperScanner -
				Skipping MapperFactoryBean with name 'drugspecificationMapper' and 'com.max.back.neusoft.dao.DrugspecificationMapper' mapperInterface. Bean already defined with the same name!
2022-07-17 21:33:10.626 [restartedMain] WARN  org.mybatis.spring.mapper.ClassPathMapperScanner -
				Skipping MapperFactoryBean with name 'generalitemMapper' and 'com.max.back.neusoft.dao.GeneralitemMapper' mapperInterface. Bean already defined with the same name!
2022-07-17 21:33:10.626 [restartedMain] WARN  org.mybatis.spring.mapper.ClassPathMapperScanner -
				Skipping MapperFactoryBean with name 'loginMapper' and 'com.max.back.neusoft.dao.LoginMapper' mapperInterface. Bean already defined with the same name!
2022-07-17 21:33:10.627 [restartedMain] WARN  org.mybatis.spring.mapper.ClassPathMapperScanner -
				Skipping MapperFactoryBean with name 'nondrugMapper' and 'com.max.back.neusoft.dao.NondrugMapper' mapperInterface. Bean already defined with the same name!
2022-07-17 21:33:10.627 [restartedMain] WARN  org.mybatis.spring.mapper.ClassPathMapperScanner -
				Skipping MapperFactoryBean with name 'patientmedicineMapper' and 'com.max.back.neusoft.dao.PatientmedicineMapper' mapperInterface. Bean already defined with the same name!
2022-07-17 21:33:10.627 [restartedMain] WARN  org.mybatis.spring.mapper.ClassPathMapperScanner -
				Skipping MapperFactoryBean with name 'permissionMapper' and 'com.max.back.neusoft.dao.PermissionMapper' mapperInterface. Bean already defined with the same name!
2022-07-17 21:33:10.627 [restartedMain] WARN  org.mybatis.spring.mapper.ClassPathMapperScanner -
				Skipping MapperFactoryBean with name 'registeredMapper' and 'com.max.back.neusoft.dao.RegisteredMapper' mapperInterface. Bean already defined with the same name!
2022-07-17 21:33:10.627 [restartedMain] WARN  org.mybatis.spring.mapper.ClassPathMapperScanner -
				Skipping MapperFactoryBean with name 'scheduleMapper' and 'com.max.back.neusoft.dao.ScheduleMapper' mapperInterface. Bean already defined with the same name!
2022-07-17 21:33:10.627 [restartedMain] WARN  org.mybatis.spring.mapper.ClassPathMapperScanner -
				Skipping MapperFactoryBean with name 'userMapper' and 'com.max.back.neusoft.dao.UserMapper' mapperInterface. Bean already defined with the same name!
2022-07-17 21:39:13.519 [restartedMain] WARN  org.mybatis.spring.mapper.ClassPathMapperScanner -
				Skipping MapperFactoryBean with name 'departclassificationMapper' and 'com.max.back.neusoft.dao.DepartclassificationMapper' mapperInterface. Bean already defined with the same name!
2022-07-17 21:39:13.520 [restartedMain] WARN  org.mybatis.spring.mapper.ClassPathMapperScanner -
				Skipping MapperFactoryBean with name 'departmentMapper' and 'com.max.back.neusoft.dao.DepartmentMapper' mapperInterface. Bean already defined with the same name!
2022-07-17 21:39:13.520 [restartedMain] WARN  org.mybatis.spring.mapper.ClassPathMapperScanner -
				Skipping MapperFactoryBean with name 'doctorMapper' and 'com.max.back.neusoft.dao.DoctorMapper' mapperInterface. Bean already defined with the same name!
2022-07-17 21:39:13.520 [restartedMain] WARN  org.mybatis.spring.mapper.ClassPathMapperScanner -
				Skipping MapperFactoryBean with name 'drugspecificationMapper' and 'com.max.back.neusoft.dao.DrugspecificationMapper' mapperInterface. Bean already defined with the same name!
2022-07-17 21:39:13.520 [restartedMain] WARN  org.mybatis.spring.mapper.ClassPathMapperScanner -
				Skipping MapperFactoryBean with name 'generalitemMapper' and 'com.max.back.neusoft.dao.GeneralitemMapper' mapperInterface. Bean already defined with the same name!
2022-07-17 21:39:13.520 [restartedMain] WARN  org.mybatis.spring.mapper.ClassPathMapperScanner -
				Skipping MapperFactoryBean with name 'loginMapper' and 'com.max.back.neusoft.dao.LoginMapper' mapperInterface. Bean already defined with the same name!
2022-07-17 21:39:13.520 [restartedMain] WARN  org.mybatis.spring.mapper.ClassPathMapperScanner -
				Skipping MapperFactoryBean with name 'nondrugMapper' and 'com.max.back.neusoft.dao.NondrugMapper' mapperInterface. Bean already defined with the same name!
2022-07-17 21:39:13.520 [restartedMain] WARN  org.mybatis.spring.mapper.ClassPathMapperScanner -
				Skipping MapperFactoryBean with name 'patientmedicineMapper' and 'com.max.back.neusoft.dao.PatientmedicineMapper' mapperInterface. Bean already defined with the same name!
2022-07-17 21:39:13.520 [restartedMain] WARN  org.mybatis.spring.mapper.ClassPathMapperScanner -
				Skipping MapperFactoryBean with name 'permissionMapper' and 'com.max.back.neusoft.dao.PermissionMapper' mapperInterface. Bean already defined with the same name!
2022-07-17 21:39:13.520 [restartedMain] WARN  org.mybatis.spring.mapper.ClassPathMapperScanner -
				Skipping MapperFactoryBean with name 'registeredMapper' and 'com.max.back.neusoft.dao.RegisteredMapper' mapperInterface. Bean already defined with the same name!
2022-07-17 21:39:13.521 [restartedMain] WARN  org.mybatis.spring.mapper.ClassPathMapperScanner -
				Skipping MapperFactoryBean with name 'scheduleMapper' and 'com.max.back.neusoft.dao.ScheduleMapper' mapperInterface. Bean already defined with the same name!
2022-07-17 21:39:13.521 [restartedMain] WARN  org.mybatis.spring.mapper.ClassPathMapperScanner -
				Skipping MapperFactoryBean with name 'userMapper' and 'com.max.back.neusoft.dao.UserMapper' mapperInterface. Bean already defined with the same name!
2022-07-17 21:40:54.761 [restartedMain] WARN  org.mybatis.spring.mapper.ClassPathMapperScanner -
				Skipping MapperFactoryBean with name 'departclassificationMapper' and 'com.max.back.neusoft.dao.DepartclassificationMapper' mapperInterface. Bean already defined with the same name!
2022-07-17 21:40:54.761 [restartedMain] WARN  org.mybatis.spring.mapper.ClassPathMapperScanner -
				Skipping MapperFactoryBean with name 'departmentMapper' and 'com.max.back.neusoft.dao.DepartmentMapper' mapperInterface. Bean already defined with the same name!
2022-07-17 21:40:54.763 [restartedMain] WARN  org.mybatis.spring.mapper.ClassPathMapperScanner -
				Skipping MapperFactoryBean with name 'doctorMapper' and 'com.max.back.neusoft.dao.DoctorMapper' mapperInterface. Bean already defined with the same name!
2022-07-17 21:40:54.763 [restartedMain] WARN  org.mybatis.spring.mapper.ClassPathMapperScanner -
				Skipping MapperFactoryBean with name 'drugspecificationMapper' and 'com.max.back.neusoft.dao.DrugspecificationMapper' mapperInterface. Bean already defined with the same name!
2022-07-17 21:40:54.763 [restartedMain] WARN  org.mybatis.spring.mapper.ClassPathMapperScanner -
				Skipping MapperFactoryBean with name 'generalitemMapper' and 'com.max.back.neusoft.dao.GeneralitemMapper' mapperInterface. Bean already defined with the same name!
2022-07-17 21:40:54.763 [restartedMain] WARN  org.mybatis.spring.mapper.ClassPathMapperScanner -
				Skipping MapperFactoryBean with name 'loginMapper' and 'com.max.back.neusoft.dao.LoginMapper' mapperInterface. Bean already defined with the same name!
2022-07-17 21:40:54.763 [restartedMain] WARN  org.mybatis.spring.mapper.ClassPathMapperScanner -
				Skipping MapperFactoryBean with name 'nondrugMapper' and 'com.max.back.neusoft.dao.NondrugMapper' mapperInterface. Bean already defined with the same name!
2022-07-17 21:40:54.763 [restartedMain] WARN  org.mybatis.spring.mapper.ClassPathMapperScanner -
				Skipping MapperFactoryBean with name 'patientmedicineMapper' and 'com.max.back.neusoft.dao.PatientmedicineMapper' mapperInterface. Bean already defined with the same name!
2022-07-17 21:40:54.764 [restartedMain] WARN  org.mybatis.spring.mapper.ClassPathMapperScanner -
				Skipping MapperFactoryBean with name 'permissionMapper' and 'com.max.back.neusoft.dao.PermissionMapper' mapperInterface. Bean already defined with the same name!
2022-07-17 21:40:54.764 [restartedMain] WARN  org.mybatis.spring.mapper.ClassPathMapperScanner -
				Skipping MapperFactoryBean with name 'registeredMapper' and 'com.max.back.neusoft.dao.RegisteredMapper' mapperInterface. Bean already defined with the same name!
2022-07-17 21:40:54.764 [restartedMain] WARN  org.mybatis.spring.mapper.ClassPathMapperScanner -
				Skipping MapperFactoryBean with name 'scheduleMapper' and 'com.max.back.neusoft.dao.ScheduleMapper' mapperInterface. Bean already defined with the same name!
2022-07-17 21:40:54.764 [restartedMain] WARN  org.mybatis.spring.mapper.ClassPathMapperScanner -
				Skipping MapperFactoryBean with name 'userMapper' and 'com.max.back.neusoft.dao.UserMapper' mapperInterface. Bean already defined with the same name!
2022-07-17 21:43:08.134 [restartedMain] WARN  org.mybatis.spring.mapper.ClassPathMapperScanner -
				Skipping MapperFactoryBean with name 'departclassificationMapper' and 'com.max.back.neusoft.dao.DepartclassificationMapper' mapperInterface. Bean already defined with the same name!
2022-07-17 21:43:08.134 [restartedMain] WARN  org.mybatis.spring.mapper.ClassPathMapperScanner -
				Skipping MapperFactoryBean with name 'departmentMapper' and 'com.max.back.neusoft.dao.DepartmentMapper' mapperInterface. Bean already defined with the same name!
2022-07-17 21:43:08.135 [restartedMain] WARN  org.mybatis.spring.mapper.ClassPathMapperScanner -
				Skipping MapperFactoryBean with name 'doctorMapper' and 'com.max.back.neusoft.dao.DoctorMapper' mapperInterface. Bean already defined with the same name!
2022-07-17 21:43:08.135 [restartedMain] WARN  org.mybatis.spring.mapper.ClassPathMapperScanner -
				Skipping MapperFactoryBean with name 'drugspecificationMapper' and 'com.max.back.neusoft.dao.DrugspecificationMapper' mapperInterface. Bean already defined with the same name!
2022-07-17 21:43:08.135 [restartedMain] WARN  org.mybatis.spring.mapper.ClassPathMapperScanner -
				Skipping MapperFactoryBean with name 'generalitemMapper' and 'com.max.back.neusoft.dao.GeneralitemMapper' mapperInterface. Bean already defined with the same name!
2022-07-17 21:43:08.135 [restartedMain] WARN  org.mybatis.spring.mapper.ClassPathMapperScanner -
				Skipping MapperFactoryBean with name 'loginMapper' and 'com.max.back.neusoft.dao.LoginMapper' mapperInterface. Bean already defined with the same name!
2022-07-17 21:43:08.135 [restartedMain] WARN  org.mybatis.spring.mapper.ClassPathMapperScanner -
				Skipping MapperFactoryBean with name 'nondrugMapper' and 'com.max.back.neusoft.dao.NondrugMapper' mapperInterface. Bean already defined with the same name!
2022-07-17 21:43:08.135 [restartedMain] WARN  org.mybatis.spring.mapper.ClassPathMapperScanner -
				Skipping MapperFactoryBean with name 'patientmedicineMapper' and 'com.max.back.neusoft.dao.PatientmedicineMapper' mapperInterface. Bean already defined with the same name!
2022-07-17 21:43:08.136 [restartedMain] WARN  org.mybatis.spring.mapper.ClassPathMapperScanner -
				Skipping MapperFactoryBean with name 'permissionMapper' and 'com.max.back.neusoft.dao.PermissionMapper' mapperInterface. Bean already defined with the same name!
2022-07-17 21:43:08.136 [restartedMain] WARN  org.mybatis.spring.mapper.ClassPathMapperScanner -
				Skipping MapperFactoryBean with name 'registeredMapper' and 'com.max.back.neusoft.dao.RegisteredMapper' mapperInterface. Bean already defined with the same name!
2022-07-17 21:43:08.136 [restartedMain] WARN  org.mybatis.spring.mapper.ClassPathMapperScanner -
				Skipping MapperFactoryBean with name 'scheduleMapper' and 'com.max.back.neusoft.dao.ScheduleMapper' mapperInterface. Bean already defined with the same name!
2022-07-17 21:43:08.136 [restartedMain] WARN  org.mybatis.spring.mapper.ClassPathMapperScanner -
				Skipping MapperFactoryBean with name 'userMapper' and 'com.max.back.neusoft.dao.UserMapper' mapperInterface. Bean already defined with the same name!
2022-07-17 21:45:46.398 [restartedMain] WARN  org.mybatis.spring.mapper.ClassPathMapperScanner -
				Skipping MapperFactoryBean with name 'departclassificationMapper' and 'com.max.back.neusoft.dao.DepartclassificationMapper' mapperInterface. Bean already defined with the same name!
2022-07-17 21:45:46.398 [restartedMain] WARN  org.mybatis.spring.mapper.ClassPathMapperScanner -
				Skipping MapperFactoryBean with name 'departmentMapper' and 'com.max.back.neusoft.dao.DepartmentMapper' mapperInterface. Bean already defined with the same name!
2022-07-17 21:45:46.398 [restartedMain] WARN  org.mybatis.spring.mapper.ClassPathMapperScanner -
				Skipping MapperFactoryBean with name 'doctorMapper' and 'com.max.back.neusoft.dao.DoctorMapper' mapperInterface. Bean already defined with the same name!
2022-07-17 21:45:46.398 [restartedMain] WARN  org.mybatis.spring.mapper.ClassPathMapperScanner -
				Skipping MapperFactoryBean with name 'drugspecificationMapper' and 'com.max.back.neusoft.dao.DrugspecificationMapper' mapperInterface. Bean already defined with the same name!
2022-07-17 21:45:46.399 [restartedMain] WARN  org.mybatis.spring.mapper.ClassPathMapperScanner -
				Skipping MapperFactoryBean with name 'generalitemMapper' and 'com.max.back.neusoft.dao.GeneralitemMapper' mapperInterface. Bean already defined with the same name!
2022-07-17 21:45:46.399 [restartedMain] WARN  org.mybatis.spring.mapper.ClassPathMapperScanner -
				Skipping MapperFactoryBean with name 'loginMapper' and 'com.max.back.neusoft.dao.LoginMapper' mapperInterface. Bean already defined with the same name!
2022-07-17 21:45:46.399 [restartedMain] WARN  org.mybatis.spring.mapper.ClassPathMapperScanner -
				Skipping MapperFactoryBean with name 'nondrugMapper' and 'com.max.back.neusoft.dao.NondrugMapper' mapperInterface. Bean already defined with the same name!
2022-07-17 21:45:46.399 [restartedMain] WARN  org.mybatis.spring.mapper.ClassPathMapperScanner -
				Skipping MapperFactoryBean with name 'patientmedicineMapper' and 'com.max.back.neusoft.dao.PatientmedicineMapper' mapperInterface. Bean already defined with the same name!
2022-07-17 21:45:46.399 [restartedMain] WARN  org.mybatis.spring.mapper.ClassPathMapperScanner -
				Skipping MapperFactoryBean with name 'permissionMapper' and 'com.max.back.neusoft.dao.PermissionMapper' mapperInterface. Bean already defined with the same name!
2022-07-17 21:45:46.399 [restartedMain] WARN  org.mybatis.spring.mapper.ClassPathMapperScanner -
				Skipping MapperFactoryBean with name 'registeredMapper' and 'com.max.back.neusoft.dao.RegisteredMapper' mapperInterface. Bean already defined with the same name!
2022-07-17 21:45:46.399 [restartedMain] WARN  org.mybatis.spring.mapper.ClassPathMapperScanner -
				Skipping MapperFactoryBean with name 'scheduleMapper' and 'com.max.back.neusoft.dao.ScheduleMapper' mapperInterface. Bean already defined with the same name!
2022-07-17 21:45:46.399 [restartedMain] WARN  org.mybatis.spring.mapper.ClassPathMapperScanner -
				Skipping MapperFactoryBean with name 'userMapper' and 'com.max.back.neusoft.dao.UserMapper' mapperInterface. Bean already defined with the same name!
2022-07-17 21:48:32.742 [restartedMain] WARN  org.mybatis.spring.mapper.ClassPathMapperScanner -
				Skipping MapperFactoryBean with name 'departclassificationMapper' and 'com.max.back.neusoft.dao.DepartclassificationMapper' mapperInterface. Bean already defined with the same name!
2022-07-17 21:48:32.743 [restartedMain] WARN  org.mybatis.spring.mapper.ClassPathMapperScanner -
				Skipping MapperFactoryBean with name 'departmentMapper' and 'com.max.back.neusoft.dao.DepartmentMapper' mapperInterface. Bean already defined with the same name!
2022-07-17 21:48:32.743 [restartedMain] WARN  org.mybatis.spring.mapper.ClassPathMapperScanner -
				Skipping MapperFactoryBean with name 'doctorMapper' and 'com.max.back.neusoft.dao.DoctorMapper' mapperInterface. Bean already defined with the same name!
2022-07-17 21:48:32.743 [restartedMain] WARN  org.mybatis.spring.mapper.ClassPathMapperScanner -
				Skipping MapperFactoryBean with name 'drugspecificationMapper' and 'com.max.back.neusoft.dao.DrugspecificationMapper' mapperInterface. Bean already defined with the same name!
2022-07-17 21:48:32.744 [restartedMain] WARN  org.mybatis.spring.mapper.ClassPathMapperScanner -
				Skipping MapperFactoryBean with name 'generalitemMapper' and 'com.max.back.neusoft.dao.GeneralitemMapper' mapperInterface. Bean already defined with the same name!
2022-07-17 21:48:32.744 [restartedMain] WARN  org.mybatis.spring.mapper.ClassPathMapperScanner -
				Skipping MapperFactoryBean with name 'loginMapper' and 'com.max.back.neusoft.dao.LoginMapper' mapperInterface. Bean already defined with the same name!
2022-07-17 21:48:32.744 [restartedMain] WARN  org.mybatis.spring.mapper.ClassPathMapperScanner -
				Skipping MapperFactoryBean with name 'nondrugMapper' and 'com.max.back.neusoft.dao.NondrugMapper' mapperInterface. Bean already defined with the same name!
2022-07-17 21:48:32.744 [restartedMain] WARN  org.mybatis.spring.mapper.ClassPathMapperScanner -
				Skipping MapperFactoryBean with name 'patientmedicineMapper' and 'com.max.back.neusoft.dao.PatientmedicineMapper' mapperInterface. Bean already defined with the same name!
2022-07-17 21:48:32.744 [restartedMain] WARN  org.mybatis.spring.mapper.ClassPathMapperScanner -
				Skipping MapperFactoryBean with name 'permissionMapper' and 'com.max.back.neusoft.dao.PermissionMapper' mapperInterface. Bean already defined with the same name!
2022-07-17 21:48:32.744 [restartedMain] WARN  org.mybatis.spring.mapper.ClassPathMapperScanner -
				Skipping MapperFactoryBean with name 'registeredMapper' and 'com.max.back.neusoft.dao.RegisteredMapper' mapperInterface. Bean already defined with the same name!
2022-07-17 21:48:32.745 [restartedMain] WARN  org.mybatis.spring.mapper.ClassPathMapperScanner -
				Skipping MapperFactoryBean with name 'scheduleMapper' and 'com.max.back.neusoft.dao.ScheduleMapper' mapperInterface. Bean already defined with the same name!
2022-07-17 21:48:32.745 [restartedMain] WARN  org.mybatis.spring.mapper.ClassPathMapperScanner -
				Skipping MapperFactoryBean with name 'userMapper' and 'com.max.back.neusoft.dao.UserMapper' mapperInterface. Bean already defined with the same name!
2022-07-17 21:50:14.305 [restartedMain] WARN  org.mybatis.spring.mapper.ClassPathMapperScanner -
				Skipping MapperFactoryBean with name 'departclassificationMapper' and 'com.max.back.neusoft.dao.DepartclassificationMapper' mapperInterface. Bean already defined with the same name!
2022-07-17 21:50:14.305 [restartedMain] WARN  org.mybatis.spring.mapper.ClassPathMapperScanner -
				Skipping MapperFactoryBean with name 'departmentMapper' and 'com.max.back.neusoft.dao.DepartmentMapper' mapperInterface. Bean already defined with the same name!
2022-07-17 21:50:14.308 [restartedMain] WARN  org.mybatis.spring.mapper.ClassPathMapperScanner -
				Skipping MapperFactoryBean with name 'doctorMapper' and 'com.max.back.neusoft.dao.DoctorMapper' mapperInterface. Bean already defined with the same name!
2022-07-17 21:50:14.308 [restartedMain] WARN  org.mybatis.spring.mapper.ClassPathMapperScanner -
				Skipping MapperFactoryBean with name 'drugspecificationMapper' and 'com.max.back.neusoft.dao.DrugspecificationMapper' mapperInterface. Bean already defined with the same name!
2022-07-17 21:50:14.308 [restartedMain] WARN  org.mybatis.spring.mapper.ClassPathMapperScanner -
				Skipping MapperFactoryBean with name 'generalitemMapper' and 'com.max.back.neusoft.dao.GeneralitemMapper' mapperInterface. Bean already defined with the same name!
2022-07-17 21:50:14.308 [restartedMain] WARN  org.mybatis.spring.mapper.ClassPathMapperScanner -
				Skipping MapperFactoryBean with name 'loginMapper' and 'com.max.back.neusoft.dao.LoginMapper' mapperInterface. Bean already defined with the same name!
2022-07-17 21:50:14.308 [restartedMain] WARN  org.mybatis.spring.mapper.ClassPathMapperScanner -
				Skipping MapperFactoryBean with name 'nondrugMapper' and 'com.max.back.neusoft.dao.NondrugMapper' mapperInterface. Bean already defined with the same name!
2022-07-17 21:50:14.308 [restartedMain] WARN  org.mybatis.spring.mapper.ClassPathMapperScanner -
				Skipping MapperFactoryBean with name 'patientmedicineMapper' and 'com.max.back.neusoft.dao.PatientmedicineMapper' mapperInterface. Bean already defined with the same name!
2022-07-17 21:50:14.308 [restartedMain] WARN  org.mybatis.spring.mapper.ClassPathMapperScanner -
				Skipping MapperFactoryBean with name 'permissionMapper' and 'com.max.back.neusoft.dao.PermissionMapper' mapperInterface. Bean already defined with the same name!
2022-07-17 21:50:14.309 [restartedMain] WARN  org.mybatis.spring.mapper.ClassPathMapperScanner -
				Skipping MapperFactoryBean with name 'registeredMapper' and 'com.max.back.neusoft.dao.RegisteredMapper' mapperInterface. Bean already defined with the same name!
2022-07-17 21:50:14.309 [restartedMain] WARN  org.mybatis.spring.mapper.ClassPathMapperScanner -
				Skipping MapperFactoryBean with name 'scheduleMapper' and 'com.max.back.neusoft.dao.ScheduleMapper' mapperInterface. Bean already defined with the same name!
2022-07-17 21:50:14.309 [restartedMain] WARN  org.mybatis.spring.mapper.ClassPathMapperScanner -
				Skipping MapperFactoryBean with name 'userMapper' and 'com.max.back.neusoft.dao.UserMapper' mapperInterface. Bean already defined with the same name!
2022-07-17 21:50:43.846 [restartedMain] WARN  org.mybatis.spring.mapper.ClassPathMapperScanner -
				Skipping MapperFactoryBean with name 'departclassificationMapper' and 'com.max.back.neusoft.dao.DepartclassificationMapper' mapperInterface. Bean already defined with the same name!
2022-07-17 21:50:43.846 [restartedMain] WARN  org.mybatis.spring.mapper.ClassPathMapperScanner -
				Skipping MapperFactoryBean with name 'departmentMapper' and 'com.max.back.neusoft.dao.DepartmentMapper' mapperInterface. Bean already defined with the same name!
2022-07-17 21:50:43.846 [restartedMain] WARN  org.mybatis.spring.mapper.ClassPathMapperScanner -
				Skipping MapperFactoryBean with name 'doctorMapper' and 'com.max.back.neusoft.dao.DoctorMapper' mapperInterface. Bean already defined with the same name!
2022-07-17 21:50:43.846 [restartedMain] WARN  org.mybatis.spring.mapper.ClassPathMapperScanner -
				Skipping MapperFactoryBean with name 'drugspecificationMapper' and 'com.max.back.neusoft.dao.DrugspecificationMapper' mapperInterface. Bean already defined with the same name!
2022-07-17 21:50:43.847 [restartedMain] WARN  org.mybatis.spring.mapper.ClassPathMapperScanner -
				Skipping MapperFactoryBean with name 'generalitemMapper' and 'com.max.back.neusoft.dao.GeneralitemMapper' mapperInterface. Bean already defined with the same name!
2022-07-17 21:50:43.847 [restartedMain] WARN  org.mybatis.spring.mapper.ClassPathMapperScanner -
				Skipping MapperFactoryBean with name 'loginMapper' and 'com.max.back.neusoft.dao.LoginMapper' mapperInterface. Bean already defined with the same name!
2022-07-17 21:50:43.847 [restartedMain] WARN  org.mybatis.spring.mapper.ClassPathMapperScanner -
				Skipping MapperFactoryBean with name 'nondrugMapper' and 'com.max.back.neusoft.dao.NondrugMapper' mapperInterface. Bean already defined with the same name!
2022-07-17 21:50:43.847 [restartedMain] WARN  org.mybatis.spring.mapper.ClassPathMapperScanner -
				Skipping MapperFactoryBean with name 'patientmedicineMapper' and 'com.max.back.neusoft.dao.PatientmedicineMapper' mapperInterface. Bean already defined with the same name!
2022-07-17 21:50:43.847 [restartedMain] WARN  org.mybatis.spring.mapper.ClassPathMapperScanner -
				Skipping MapperFactoryBean with name 'permissionMapper' and 'com.max.back.neusoft.dao.PermissionMapper' mapperInterface. Bean already defined with the same name!
2022-07-17 21:50:43.847 [restartedMain] WARN  org.mybatis.spring.mapper.ClassPathMapperScanner -
				Skipping MapperFactoryBean with name 'registeredMapper' and 'com.max.back.neusoft.dao.RegisteredMapper' mapperInterface. Bean already defined with the same name!
2022-07-17 21:50:43.847 [restartedMain] WARN  org.mybatis.spring.mapper.ClassPathMapperScanner -
				Skipping MapperFactoryBean with name 'scheduleMapper' and 'com.max.back.neusoft.dao.ScheduleMapper' mapperInterface. Bean already defined with the same name!
2022-07-17 21:50:43.847 [restartedMain] WARN  org.mybatis.spring.mapper.ClassPathMapperScanner -
				Skipping MapperFactoryBean with name 'userMapper' and 'com.max.back.neusoft.dao.UserMapper' mapperInterface. Bean already defined with the same name!
2022-07-17 21:51:53.053 [http-nio-8000-exec-4] WARN  c.m.b.neusoft.service.impl.PermissionServiceImpl -
				Warn: execute Method There are  2 results.
2022-07-17 22:03:51.516 [http-nio-8000-exec-7] WARN  c.m.b.neusoft.service.impl.PermissionServiceImpl -
				Warn: execute Method There are  2 results.
2022-07-17 22:04:15.829 [http-nio-8000-exec-2] WARN  c.m.b.neusoft.service.impl.PermissionServiceImpl -
				Warn: execute Method There are  2 results.
2022-07-17 22:14:41.959 [http-nio-8000-exec-10] WARN  c.m.b.neusoft.service.impl.PermissionServiceImpl -
				Warn: execute Method There are  2 results.
2022-07-17 22:15:08.624 [http-nio-8000-exec-9] WARN  c.m.b.neusoft.service.impl.PermissionServiceImpl -
				Warn: execute Method There are  2 results.
2022-07-17 22:16:42.372 [restartedMain] WARN  org.mybatis.spring.mapper.ClassPathMapperScanner -
				Skipping MapperFactoryBean with name 'departclassificationMapper' and 'com.max.back.neusoft.dao.DepartclassificationMapper' mapperInterface. Bean already defined with the same name!
2022-07-17 22:16:42.374 [restartedMain] WARN  org.mybatis.spring.mapper.ClassPathMapperScanner -
				Skipping MapperFactoryBean with name 'departmentMapper' and 'com.max.back.neusoft.dao.DepartmentMapper' mapperInterface. Bean already defined with the same name!
2022-07-17 22:16:42.374 [restartedMain] WARN  org.mybatis.spring.mapper.ClassPathMapperScanner -
				Skipping MapperFactoryBean with name 'doctorMapper' and 'com.max.back.neusoft.dao.DoctorMapper' mapperInterface. Bean already defined with the same name!
2022-07-17 22:16:42.375 [restartedMain] WARN  org.mybatis.spring.mapper.ClassPathMapperScanner -
				Skipping MapperFactoryBean with name 'drugspecificationMapper' and 'com.max.back.neusoft.dao.DrugspecificationMapper' mapperInterface. Bean already defined with the same name!
2022-07-17 22:16:42.375 [restartedMain] WARN  org.mybatis.spring.mapper.ClassPathMapperScanner -
				Skipping MapperFactoryBean with name 'generalitemMapper' and 'com.max.back.neusoft.dao.GeneralitemMapper' mapperInterface. Bean already defined with the same name!
2022-07-17 22:16:42.375 [restartedMain] WARN  org.mybatis.spring.mapper.ClassPathMapperScanner -
				Skipping MapperFactoryBean with name 'loginMapper' and 'com.max.back.neusoft.dao.LoginMapper' mapperInterface. Bean already defined with the same name!
2022-07-17 22:16:42.375 [restartedMain] WARN  org.mybatis.spring.mapper.ClassPathMapperScanner -
				Skipping MapperFactoryBean with name 'nondrugMapper' and 'com.max.back.neusoft.dao.NondrugMapper' mapperInterface. Bean already defined with the same name!
2022-07-17 22:16:42.375 [restartedMain] WARN  org.mybatis.spring.mapper.ClassPathMapperScanner -
				Skipping MapperFactoryBean with name 'patientmedicineMapper' and 'com.max.back.neusoft.dao.PatientmedicineMapper' mapperInterface. Bean already defined with the same name!
2022-07-17 22:16:42.375 [restartedMain] WARN  org.mybatis.spring.mapper.ClassPathMapperScanner -
				Skipping MapperFactoryBean with name 'permissionMapper' and 'com.max.back.neusoft.dao.PermissionMapper' mapperInterface. Bean already defined with the same name!
2022-07-17 22:16:42.376 [restartedMain] WARN  org.mybatis.spring.mapper.ClassPathMapperScanner -
				Skipping MapperFactoryBean with name 'registeredMapper' and 'com.max.back.neusoft.dao.RegisteredMapper' mapperInterface. Bean already defined with the same name!
2022-07-17 22:16:42.376 [restartedMain] WARN  org.mybatis.spring.mapper.ClassPathMapperScanner -
				Skipping MapperFactoryBean with name 'scheduleMapper' and 'com.max.back.neusoft.dao.ScheduleMapper' mapperInterface. Bean already defined with the same name!
2022-07-17 22:16:42.376 [restartedMain] WARN  org.mybatis.spring.mapper.ClassPathMapperScanner -
				Skipping MapperFactoryBean with name 'userMapper' and 'com.max.back.neusoft.dao.UserMapper' mapperInterface. Bean already defined with the same name!
