2022-07-10 15:35:50.795 [http-nio-8000-exec-7] WARN  o.s.w.s.m.support.DefaultHandlerExceptionResolver -
				Resolved [org.springframework.web.HttpRequestMethodNotSupportedException: Request method 'GET' not supported]
2022-07-10 16:25:25.557 [http-nio-8000-exec-1] WARN  o.s.w.s.m.support.DefaultHandlerExceptionResolver -
				Resolved [org.springframework.web.HttpRequestMethodNotSupportedException: Request method 'GET' not supported]
2022-07-10 16:40:10.515 [http-nio-8000-exec-4] WARN  o.s.w.s.m.support.DefaultHandlerExceptionResolver -
				Resolved [org.springframework.web.HttpRequestMethodNotSupportedException: Request method 'GET' not supported]
2022-07-10 17:12:27.230 [http-nio-8000-exec-8] WARN  o.s.w.s.m.support.DefaultHandlerExceptionResolver -
				Resolved [org.springframework.web.bind.MethodArgumentNotValidException: Validation failed for argument [0] in public com.max.back.common.http.ResponseResult<java.lang.Boolean> com.max.back.demo.api.BstudentCtl.delete(com.max.back.demo.form.StudentDeleteForm): [Field error in object 'studentDeleteForm' on field 'ids': rejected value [null]; codes [NotNull.studentDeleteForm.ids,NotNull.ids,NotNull.java.util.List,NotNull]; arguments [org.springframework.context.support.DefaultMessageSourceResolvable: codes [studentDeleteForm.ids,ids]; arguments []; default message [ids]]; default message [不能为null]] ]
2022-07-10 17:14:36.051 [http-nio-8000-exec-5] WARN  o.s.w.s.m.support.DefaultHandlerExceptionResolver -
				Resolved [org.springframework.web.bind.MethodArgumentNotValidException: Validation failed for argument [0] in public com.max.back.common.http.ResponseResult<java.lang.Boolean> com.max.back.demo.api.BstudentCtl.delete(com.max.back.demo.form.StudentDeleteForm): [Field error in object 'studentDeleteForm' on field 'ids': rejected value [null]; codes [NotNull.studentDeleteForm.ids,NotNull.ids,NotNull.java.util.List,NotNull]; arguments [org.springframework.context.support.DefaultMessageSourceResolvable: codes [studentDeleteForm.ids,ids]; arguments []; default message [ids]]; default message [不能为null]] ]
2022-07-10 17:15:15.927 [http-nio-8000-exec-1] WARN  o.s.w.s.m.support.DefaultHandlerExceptionResolver -
				Resolved [org.springframework.http.converter.HttpMessageNotReadableException: JSON parse error: Cannot deserialize instance of `java.util.ArrayList` out of VALUE_STRING token; nested exception is com.fasterxml.jackson.databind.exc.MismatchedInputException: Cannot deserialize instance of `java.util.ArrayList` out of VALUE_STRING token
 at [Source: (PushbackInputStream); line: 1, column: 8] (through reference chain: com.max.back.demo.form.StudentDeleteForm["ids"])]
2022-07-10 17:17:02.922 [http-nio-8000-exec-3] WARN  o.s.w.s.m.support.DefaultHandlerExceptionResolver -
				Resolved [org.springframework.web.HttpMediaTypeNotSupportedException: Content type 'application/x-www-form-urlencoded;charset=UTF-8' not supported]
2022-07-10 17:19:02.549 [http-nio-8000-exec-2] WARN  o.s.w.s.m.support.DefaultHandlerExceptionResolver -
				Resolved [org.springframework.web.HttpMediaTypeNotSupportedException: Content type 'application/x-www-form-urlencoded;charset=UTF-8' not supported]
2022-07-10 17:20:10.147 [http-nio-8000-exec-2] WARN  o.s.w.s.m.support.DefaultHandlerExceptionResolver -
				Resolved [org.springframework.web.bind.MethodArgumentNotValidException: Validation failed for argument [0] in public com.max.back.common.http.ResponseResult<java.lang.Boolean> com.max.back.demo.api.BstudentCtl.delete(com.max.back.demo.form.StudentDeleteForm): [Field error in object 'studentDeleteForm' on field 'ids': rejected value [null]; codes [NotNull.studentDeleteForm.ids,NotNull.ids,NotNull.java.util.List,NotNull]; arguments [org.springframework.context.support.DefaultMessageSourceResolvable: codes [studentDeleteForm.ids,ids]; arguments []; default message [ids]]; default message [不能为null]] ]
2022-07-10 17:20:31.180 [http-nio-8000-exec-4] WARN  o.s.w.s.m.support.DefaultHandlerExceptionResolver -
				Resolved [org.springframework.http.converter.HttpMessageNotReadableException: JSON parse error: Cannot deserialize instance of `java.util.ArrayList` out of VALUE_STRING token; nested exception is com.fasterxml.jackson.databind.exc.MismatchedInputException: Cannot deserialize instance of `java.util.ArrayList` out of VALUE_STRING token
 at [Source: (PushbackInputStream); line: 1, column: 8] (through reference chain: com.max.back.demo.form.StudentDeleteForm["ids"])]
2022-07-10 20:06:16.571 [http-nio-8000-exec-8] WARN  com.zaxxer.hikari.pool.PoolBase -
				HikariPool-1 - Failed to validate connection com.mysql.cj.jdbc.ConnectionImpl@4596725d (No operations allowed after connection closed.). Possibly consider using a shorter maxLifetime value.
2022-07-10 20:06:16.571 [http-nio-8000-exec-2] WARN  com.zaxxer.hikari.pool.PoolBase -
				HikariPool-1 - Failed to validate connection com.mysql.cj.jdbc.ConnectionImpl@60c32a62 (No operations allowed after connection closed.). Possibly consider using a shorter maxLifetime value.
2022-07-10 20:06:16.572 [http-nio-8000-exec-2] WARN  com.zaxxer.hikari.pool.PoolBase -
				HikariPool-1 - Failed to validate connection com.mysql.cj.jdbc.ConnectionImpl@623d5678 (No operations allowed after connection closed.). Possibly consider using a shorter maxLifetime value.
2022-07-10 20:06:16.573 [http-nio-8000-exec-8] WARN  com.zaxxer.hikari.pool.PoolBase -
				HikariPool-1 - Failed to validate connection com.mysql.cj.jdbc.ConnectionImpl@58da2383 (No operations allowed after connection closed.). Possibly consider using a shorter maxLifetime value.
2022-07-10 20:06:16.574 [http-nio-8000-exec-8] WARN  com.zaxxer.hikari.pool.PoolBase -
				HikariPool-1 - Failed to validate connection com.mysql.cj.jdbc.ConnectionImpl@7b6f56a5 (No operations allowed after connection closed.). Possibly consider using a shorter maxLifetime value.
2022-07-10 20:06:16.574 [http-nio-8000-exec-2] WARN  com.zaxxer.hikari.pool.PoolBase -
				HikariPool-1 - Failed to validate connection com.mysql.cj.jdbc.ConnectionImpl@be3c543 (No operations allowed after connection closed.). Possibly consider using a shorter maxLifetime value.
2022-07-10 20:06:16.575 [http-nio-8000-exec-2] WARN  com.zaxxer.hikari.pool.PoolBase -
				HikariPool-1 - Failed to validate connection com.mysql.cj.jdbc.ConnectionImpl@6042c0bb (No operations allowed after connection closed.). Possibly consider using a shorter maxLifetime value.
2022-07-10 20:06:16.575 [http-nio-8000-exec-8] WARN  com.zaxxer.hikari.pool.PoolBase -
				HikariPool-1 - Failed to validate connection com.mysql.cj.jdbc.ConnectionImpl@d9dd70f (No operations allowed after connection closed.). Possibly consider using a shorter maxLifetime value.
2022-07-10 20:06:16.576 [http-nio-8000-exec-8] WARN  com.zaxxer.hikari.pool.PoolBase -
				HikariPool-1 - Failed to validate connection com.mysql.cj.jdbc.ConnectionImpl@53bf6313 (No operations allowed after connection closed.). Possibly consider using a shorter maxLifetime value.
2022-07-10 20:06:16.576 [http-nio-8000-exec-2] WARN  com.zaxxer.hikari.pool.PoolBase -
				HikariPool-1 - Failed to validate connection com.mysql.cj.jdbc.ConnectionImpl@19ab76eb (No operations allowed after connection closed.). Possibly consider using a shorter maxLifetime value.
2022-07-10 20:06:38.326 [HikariPool-1 housekeeper] WARN  com.zaxxer.hikari.pool.HikariPool -
				HikariPool-1 - Thread starvation or clock leap detected (housekeeper delta=2h14m22s820ms76µs600ns).
2022-07-10 20:38:18.231 [http-nio-8000-exec-5] WARN  o.s.w.s.m.support.DefaultHandlerExceptionResolver -
				Resolved [org.springframework.http.converter.HttpMessageNotReadableException: JSON parse error: Cannot deserialize instance of `java.lang.String` out of START_OBJECT token; nested exception is com.fasterxml.jackson.databind.exc.MismatchedInputException: Cannot deserialize instance of `java.lang.String` out of START_OBJECT token
 at [Source: (PushbackInputStream); line: 1, column: 9] (through reference chain: com.max.back.demo.form.StudentDeleteForm["ids"]->java.util.ArrayList[0])]
2022-07-10 20:39:20.695 [http-nio-8000-exec-10] WARN  o.s.w.s.m.support.DefaultHandlerExceptionResolver -
				Resolved [org.springframework.http.converter.HttpMessageNotReadableException: JSON parse error: Cannot deserialize instance of `java.lang.String` out of START_OBJECT token; nested exception is com.fasterxml.jackson.databind.exc.MismatchedInputException: Cannot deserialize instance of `java.lang.String` out of START_OBJECT token
 at [Source: (PushbackInputStream); line: 1, column: 9] (through reference chain: com.max.back.demo.form.StudentDeleteForm["ids"]->java.util.ArrayList[0])]
2022-07-10 20:39:52.229 [http-nio-8000-exec-5] WARN  o.s.w.s.m.support.DefaultHandlerExceptionResolver -
				Resolved [org.springframework.http.converter.HttpMessageNotReadableException: JSON parse error: Cannot deserialize instance of `java.util.ArrayList` out of VALUE_STRING token; nested exception is com.fasterxml.jackson.databind.exc.MismatchedInputException: Cannot deserialize instance of `java.util.ArrayList` out of VALUE_STRING token
 at [Source: (PushbackInputStream); line: 1, column: 8] (through reference chain: com.max.back.demo.form.StudentDeleteForm["ids"])]
2022-07-10 20:40:12.606 [http-nio-8000-exec-2] WARN  o.s.w.s.m.support.DefaultHandlerExceptionResolver -
				Resolved [org.springframework.http.converter.HttpMessageNotReadableException: JSON parse error: Cannot deserialize instance of `java.util.ArrayList` out of VALUE_STRING token; nested exception is com.fasterxml.jackson.databind.exc.MismatchedInputException: Cannot deserialize instance of `java.util.ArrayList` out of VALUE_STRING token
 at [Source: (PushbackInputStream); line: 1, column: 8] (through reference chain: com.max.back.demo.form.StudentDeleteForm["ids"])]
2022-07-10 20:40:22.279 [http-nio-8000-exec-9] WARN  o.s.w.s.m.support.DefaultHandlerExceptionResolver -
				Resolved [org.springframework.http.converter.HttpMessageNotReadableException: JSON parse error: Cannot deserialize instance of `java.util.ArrayList` out of VALUE_STRING token; nested exception is com.fasterxml.jackson.databind.exc.MismatchedInputException: Cannot deserialize instance of `java.util.ArrayList` out of VALUE_STRING token
 at [Source: (PushbackInputStream); line: 1, column: 8] (through reference chain: com.max.back.demo.form.StudentDeleteForm["ids"])]
2022-07-10 20:41:19.919 [http-nio-8000-exec-5] WARN  o.s.w.s.m.support.DefaultHandlerExceptionResolver -
				Resolved [org.springframework.http.converter.HttpMessageNotReadableException: JSON parse error: Cannot deserialize instance of `java.util.ArrayList` out of VALUE_STRING token; nested exception is com.fasterxml.jackson.databind.exc.MismatchedInputException: Cannot deserialize instance of `java.util.ArrayList` out of VALUE_STRING token
 at [Source: (PushbackInputStream); line: 1, column: 8] (through reference chain: com.max.back.demo.form.StudentDeleteForm["ids"])]
2022-07-10 20:42:34.527 [http-nio-8000-exec-1] WARN  o.s.w.s.m.support.DefaultHandlerExceptionResolver -
				Resolved [org.springframework.http.converter.HttpMessageNotReadableException: JSON parse error: Cannot deserialize instance of `java.util.ArrayList` out of VALUE_STRING token; nested exception is com.fasterxml.jackson.databind.exc.MismatchedInputException: Cannot deserialize instance of `java.util.ArrayList` out of VALUE_STRING token
 at [Source: (PushbackInputStream); line: 1, column: 8] (through reference chain: com.max.back.demo.form.StudentDeleteForm["ids"])]
2022-07-10 20:43:23.726 [http-nio-8000-exec-2] WARN  o.s.w.s.m.support.DefaultHandlerExceptionResolver -
				Resolved [org.springframework.http.converter.HttpMessageNotReadableException: JSON parse error: Cannot deserialize instance of `java.util.ArrayList` out of VALUE_STRING token; nested exception is com.fasterxml.jackson.databind.exc.MismatchedInputException: Cannot deserialize instance of `java.util.ArrayList` out of VALUE_STRING token
 at [Source: (PushbackInputStream); line: 1, column: 8] (through reference chain: com.max.back.demo.form.StudentDeleteForm["ids"])]
2022-07-10 20:44:29.915 [http-nio-8000-exec-10] WARN  o.s.w.s.m.support.DefaultHandlerExceptionResolver -
				Resolved [org.springframework.http.converter.HttpMessageNotReadableException: JSON parse error: Cannot deserialize instance of `java.util.ArrayList` out of VALUE_STRING token; nested exception is com.fasterxml.jackson.databind.exc.MismatchedInputException: Cannot deserialize instance of `java.util.ArrayList` out of VALUE_STRING token
 at [Source: (PushbackInputStream); line: 1, column: 8] (through reference chain: com.max.back.demo.form.StudentDeleteForm["ids"])]
2022-07-10 20:44:39.603 [http-nio-8000-exec-4] WARN  o.s.w.s.m.support.DefaultHandlerExceptionResolver -
				Resolved [org.springframework.http.converter.HttpMessageNotReadableException: JSON parse error: Cannot deserialize instance of `java.util.ArrayList` out of VALUE_STRING token; nested exception is com.fasterxml.jackson.databind.exc.MismatchedInputException: Cannot deserialize instance of `java.util.ArrayList` out of VALUE_STRING token
 at [Source: (PushbackInputStream); line: 1, column: 8] (through reference chain: com.max.back.demo.form.StudentDeleteForm["ids"])]
2022-07-10 20:50:43.357 [http-nio-8000-exec-4] WARN  o.s.w.s.m.support.DefaultHandlerExceptionResolver -
				Resolved [org.springframework.http.converter.HttpMessageNotReadableException: JSON parse error: Cannot deserialize instance of `java.util.ArrayList` out of VALUE_STRING token; nested exception is com.fasterxml.jackson.databind.exc.MismatchedInputException: Cannot deserialize instance of `java.util.ArrayList` out of VALUE_STRING token
 at [Source: (PushbackInputStream); line: 1, column: 8] (through reference chain: com.max.back.demo.form.StudentDeleteForm["ids"])]
2022-07-10 20:50:50.116 [http-nio-8000-exec-7] WARN  o.s.w.s.m.support.DefaultHandlerExceptionResolver -
				Resolved [org.springframework.http.converter.HttpMessageNotReadableException: JSON parse error: Cannot deserialize instance of `java.util.ArrayList` out of VALUE_STRING token; nested exception is com.fasterxml.jackson.databind.exc.MismatchedInputException: Cannot deserialize instance of `java.util.ArrayList` out of VALUE_STRING token
 at [Source: (PushbackInputStream); line: 1, column: 8] (through reference chain: com.max.back.demo.form.StudentDeleteForm["ids"])]
