2022-07-16 07:58:35.134 [http-nio-8000-exec-3] WARN  o.s.w.s.m.support.DefaultHandlerExceptionResolver -
				Resolved [org.springframework.http.converter.HttpMessageNotReadableException: Required request body is missing: public java.lang.String com.max.back.neusoft.api.LoginServlet.getAdminImgUrl(java.lang.String)]
2022-07-16 07:59:56.055 [http-nio-8000-exec-5] WARN  c.m.b.neusoft.service.impl.PermissionServiceImpl -
				Warn: execute Method There are  2 results.
2022-07-16 08:00:03.917 [http-nio-8000-exec-3] WARN  c.m.b.neusoft.service.impl.PermissionServiceImpl -
				Warn: execute Method There are  2 results.
2022-07-16 08:00:06.575 [http-nio-8000-exec-5] WARN  c.m.b.neusoft.service.impl.PermissionServiceImpl -
				Warn: execute Method There are  2 results.
2022-07-16 08:05:28.279 [http-nio-8000-exec-6] WARN  c.m.b.neusoft.service.impl.PermissionServiceImpl -
				Warn: execute Method There are  2 results.
2022-07-16 08:05:31.448 [http-nio-8000-exec-9] WARN  c.m.b.neusoft.service.impl.PermissionServiceImpl -
				Warn: execute Method There are  2 results.
2022-07-16 08:05:35.533 [http-nio-8000-exec-8] WARN  c.m.b.neusoft.service.impl.PermissionServiceImpl -
				Warn: execute Method There are  2 results.
2022-07-16 08:05:45.948 [http-nio-8000-exec-3] WARN  c.m.b.neusoft.service.impl.PermissionServiceImpl -
				Warn: execute Method There are  2 results.
2022-07-16 09:45:06.026 [HikariPool-1 housekeeper] WARN  com.zaxxer.hikari.pool.HikariPool -
				HikariPool-1 - Thread starvation or clock leap detected (housekeeper delta=1m57s470ms273µs699ns).
2022-07-16 10:55:17.801 [HikariPool-1 housekeeper] WARN  com.zaxxer.hikari.pool.HikariPool -
				HikariPool-1 - Thread starvation or clock leap detected (housekeeper delta=40m11s210ms688µs201ns).
2022-07-16 10:55:43.249 [http-nio-8000-exec-9] WARN  c.m.b.neusoft.service.impl.PermissionServiceImpl -
				Warn: execute Method There are  2 results.
2022-07-16 11:06:03.629 [http-nio-8000-exec-1] WARN  o.s.w.s.m.support.DefaultHandlerExceptionResolver -
				Resolved [org.springframework.http.converter.HttpMessageNotReadableException: Required request body is missing: public java.lang.String com.max.back.neusoft.api.LoginServlet.getAdminImgUrl(java.lang.String)]
2022-07-16 13:38:19.051 [http-nio-8000-exec-10] WARN  o.s.w.s.m.support.DefaultHandlerExceptionResolver -
				Resolved [org.springframework.http.converter.HttpMessageNotReadableException: Required request body is missing: public java.lang.String com.max.back.neusoft.api.LoginServlet.getAdminImgUrl(java.lang.String)]
2022-07-16 13:38:21.323 [HikariPool-1 housekeeper] WARN  com.zaxxer.hikari.pool.HikariPool -
				HikariPool-1 - Thread starvation or clock leap detected (housekeeper delta=2h12m32s981ms84µs500ns).
2022-07-16 13:38:22.022 [http-nio-8000-exec-8] WARN  o.s.w.s.m.support.DefaultHandlerExceptionResolver -
				Resolved [org.springframework.http.converter.HttpMessageNotReadableException: Required request body is missing: public java.lang.String com.max.back.neusoft.api.LoginServlet.getAdminImgUrl(java.lang.String)]
2022-07-16 13:48:26.657 [http-nio-8000-exec-9] WARN  o.s.w.s.m.support.DefaultHandlerExceptionResolver -
				Resolved [org.springframework.http.converter.HttpMessageNotReadableException: Required request body is missing: public java.lang.String com.max.back.neusoft.api.LoginServlet.getAdminImgUrl(java.lang.String)]
2022-07-16 14:08:57.520 [http-nio-8000-exec-2] WARN  c.m.b.neusoft.service.impl.PermissionServiceImpl -
				Warn: execute Method There are  2 results.
2022-07-16 14:09:00.710 [http-nio-8000-exec-1] WARN  c.m.b.neusoft.service.impl.PermissionServiceImpl -
				Warn: execute Method There are  2 results.
2022-07-16 14:09:09.595 [http-nio-8000-exec-4] WARN  c.m.b.neusoft.service.impl.PermissionServiceImpl -
				Warn: execute Method There are  2 results.
2022-07-16 14:55:14.101 [http-nio-8000-exec-3] WARN  c.m.b.neusoft.service.impl.PermissionServiceImpl -
				Warn: execute Method There are  2 results.
2022-07-16 14:55:14.370 [HikariPool-1 housekeeper] WARN  com.zaxxer.hikari.pool.HikariPool -
				HikariPool-1 - Thread starvation or clock leap detected (housekeeper delta=15m52s95ms355µs800ns).
2022-07-16 14:55:18.973 [http-nio-8000-exec-8] WARN  c.m.b.neusoft.service.impl.PermissionServiceImpl -
				Warn: execute Method There are  2 results.
2022-07-16 14:59:21.874 [http-nio-8000-exec-3] WARN  c.m.b.neusoft.service.impl.PermissionServiceImpl -
				Warn: execute Method There are  2 results.
2022-07-16 14:59:57.970 [http-nio-8000-exec-2] WARN  c.m.b.neusoft.service.impl.PermissionServiceImpl -
				Warn: execute Method There are  2 results.
2022-07-16 15:00:06.333 [http-nio-8000-exec-5] WARN  c.m.b.neusoft.service.impl.PermissionServiceImpl -
				Warn: execute Method There are  2 results.
2022-07-16 15:03:01.617 [http-nio-8000-exec-10] WARN  c.m.b.neusoft.service.impl.PermissionServiceImpl -
				Warn: execute Method There are  2 results.
2022-07-16 15:03:17.715 [http-nio-8000-exec-8] WARN  c.m.b.neusoft.service.impl.PermissionServiceImpl -
				Warn: execute Method There are  2 results.
2022-07-16 15:03:19.603 [http-nio-8000-exec-10] WARN  c.m.b.neusoft.service.impl.PermissionServiceImpl -
				Warn: execute Method There are  2 results.
2022-07-16 15:08:17.071 [http-nio-8000-exec-10] WARN  c.m.b.neusoft.service.impl.PermissionServiceImpl -
				Warn: execute Method There are  2 results.
2022-07-16 15:08:17.875 [http-nio-8000-exec-6] WARN  c.m.b.neusoft.service.impl.PermissionServiceImpl -
				Warn: execute Method There are  2 results.
2022-07-16 15:08:20.615 [http-nio-8000-exec-2] WARN  c.m.b.neusoft.service.impl.PermissionServiceImpl -
				Warn: execute Method There are  2 results.
2022-07-16 15:08:29.874 [http-nio-8000-exec-5] WARN  c.m.b.neusoft.service.impl.PermissionServiceImpl -
				Warn: execute Method There are  2 results.
2022-07-16 15:08:33.625 [http-nio-8000-exec-4] WARN  c.m.b.neusoft.service.impl.PermissionServiceImpl -
				Warn: execute Method There are  2 results.
2022-07-16 15:08:34.882 [http-nio-8000-exec-7] WARN  c.m.b.neusoft.service.impl.PermissionServiceImpl -
				Warn: execute Method There are  2 results.
2022-07-16 15:08:38.345 [http-nio-8000-exec-10] WARN  c.m.b.neusoft.service.impl.PermissionServiceImpl -
				Warn: execute Method There are  2 results.
2022-07-16 15:10:28.411 [http-nio-8000-exec-4] WARN  c.m.b.neusoft.service.impl.PermissionServiceImpl -
				Warn: execute Method There are  2 results.
2022-07-16 15:10:33.630 [http-nio-8000-exec-2] WARN  c.m.b.neusoft.service.impl.PermissionServiceImpl -
				Warn: execute Method There are  2 results.
2022-07-16 15:10:59.215 [http-nio-8000-exec-5] WARN  c.m.b.neusoft.service.impl.PermissionServiceImpl -
				Warn: execute Method There are  2 results.
2022-07-16 15:11:01.495 [http-nio-8000-exec-2] WARN  c.m.b.neusoft.service.impl.PermissionServiceImpl -
				Warn: execute Method There are  2 results.
2022-07-16 15:31:20.272 [http-nio-8000-exec-2] WARN  o.s.w.s.m.support.DefaultHandlerExceptionResolver -
				Resolved [org.springframework.http.converter.HttpMessageNotReadableException: Required request body is missing: public java.lang.String com.max.back.neusoft.api.LoginServlet.getAdminImgUrl(java.lang.String)]
2022-07-16 15:31:29.272 [http-nio-8000-exec-5] WARN  o.s.w.s.m.support.DefaultHandlerExceptionResolver -
				Resolved [org.springframework.http.converter.HttpMessageNotReadableException: Required request body is missing: public java.lang.String com.max.back.neusoft.api.LoginServlet.getAdminImgUrl(java.lang.String)]
2022-07-16 15:31:36.064 [http-nio-8000-exec-4] WARN  c.m.b.neusoft.service.impl.PermissionServiceImpl -
				Warn: execute Method There are  2 results.
2022-07-16 15:31:41.471 [http-nio-8000-exec-6] WARN  c.m.b.neusoft.service.impl.PermissionServiceImpl -
				Warn: execute Method There are  2 results.
2022-07-16 15:51:39.245 [http-nio-8000-exec-3] WARN  c.m.b.neusoft.service.impl.PermissionServiceImpl -
				Warn: execute Method There are  2 results.
2022-07-16 15:53:27.366 [http-nio-8000-exec-4] WARN  c.m.b.neusoft.service.impl.PermissionServiceImpl -
				Warn: execute Method There are  2 results.
2022-07-16 15:53:27.641 [http-nio-8000-exec-9] WARN  c.m.b.neusoft.service.impl.PermissionServiceImpl -
				Warn: execute Method There are  2 results.
2022-07-16 16:17:19.968 [http-nio-8000-exec-2] WARN  c.m.b.neusoft.service.impl.PermissionServiceImpl -
				Warn: execute Method There are  2 results.
2022-07-16 16:17:40.351 [http-nio-8000-exec-8] WARN  c.m.b.neusoft.service.impl.PermissionServiceImpl -
				Warn: execute Method There are  2 results.
2022-07-16 16:17:52.478 [http-nio-8000-exec-7] WARN  c.m.b.neusoft.service.impl.PermissionServiceImpl -
				Warn: execute Method There are  2 results.
2022-07-16 16:19:22.908 [http-nio-8000-exec-3] WARN  c.m.b.neusoft.service.impl.PermissionServiceImpl -
				Warn: execute Method There are  2 results.
2022-07-16 16:19:35.203 [http-nio-8000-exec-4] WARN  c.m.b.neusoft.service.impl.PermissionServiceImpl -
				Warn: execute Method There are  2 results.
2022-07-16 16:20:23.630 [http-nio-8000-exec-8] WARN  c.m.b.neusoft.service.impl.PermissionServiceImpl -
				Warn: execute Method There are  2 results.
2022-07-16 16:20:42.837 [http-nio-8000-exec-2] WARN  c.m.b.neusoft.service.impl.PermissionServiceImpl -
				Warn: execute Method There are  2 results.
2022-07-16 21:14:21.878 [HikariPool-1 housekeeper] WARN  com.zaxxer.hikari.pool.HikariPool -
				HikariPool-1 - Thread starvation or clock leap detected (housekeeper delta=1h26m32s875ms797µs200ns).
2022-07-16 21:14:59.977 [http-nio-8000-exec-9] WARN  c.m.b.neusoft.service.impl.PermissionServiceImpl -
				Warn: execute Method There are  2 results.
2022-07-16 21:15:06.498 [http-nio-8000-exec-4] WARN  c.m.b.neusoft.service.impl.PermissionServiceImpl -
				Warn: execute Method There are  2 results.
2022-07-16 21:19:24.220 [http-nio-8000-exec-1] WARN  c.m.b.neusoft.service.impl.PermissionServiceImpl -
				Warn: execute Method There are  2 results.
2022-07-16 21:28:02.887 [http-nio-8000-exec-10] WARN  c.m.b.neusoft.service.impl.PermissionServiceImpl -
				Warn: execute Method There are  2 results.
2022-07-16 21:28:04.060 [http-nio-8000-exec-8] WARN  c.m.b.neusoft.service.impl.PermissionServiceImpl -
				Warn: execute Method There are  2 results.
2022-07-16 21:28:04.958 [http-nio-8000-exec-9] WARN  c.m.b.neusoft.service.impl.PermissionServiceImpl -
				Warn: execute Method There are  2 results.
2022-07-16 21:28:06.069 [http-nio-8000-exec-4] WARN  c.m.b.neusoft.service.impl.PermissionServiceImpl -
				Warn: execute Method There are  2 results.
2022-07-16 21:28:08.828 [http-nio-8000-exec-8] WARN  c.m.b.neusoft.service.impl.PermissionServiceImpl -
				Warn: execute Method There are  2 results.
2022-07-16 21:28:09.397 [http-nio-8000-exec-2] WARN  c.m.b.neusoft.service.impl.PermissionServiceImpl -
				Warn: execute Method There are  2 results.
2022-07-16 21:28:13.054 [http-nio-8000-exec-2] WARN  c.m.b.neusoft.service.impl.PermissionServiceImpl -
				Warn: execute Method There are  2 results.
2022-07-16 21:28:15.421 [http-nio-8000-exec-7] WARN  c.m.b.neusoft.service.impl.PermissionServiceImpl -
				Warn: execute Method There are  2 results.
2022-07-16 21:28:16.295 [http-nio-8000-exec-8] WARN  c.m.b.neusoft.service.impl.PermissionServiceImpl -
				Warn: execute Method There are  2 results.
2022-07-16 22:03:40.861 [HikariPool-1 housekeeper] WARN  com.zaxxer.hikari.pool.HikariPool -
				HikariPool-1 - Thread starvation or clock leap detected (housekeeper delta=4m18s242ms7µs800ns).
