2022-07-22 05:19:44.809 [HikariPool-1 housekeeper] WARN  com.zaxxer.hikari.pool.HikariPool -
				HikariPool-1 - Thread starvation or clock leap detected (housekeeper delta=9h8m30s261ms960µs900ns).
2022-07-22 08:18:41.967 [HikariPool-1 housekeeper] WARN  com.zaxxer.hikari.pool.HikariPool -
				HikariPool-1 - Thread starvation or clock leap detected (housekeeper delta=1h7m56s633ms834µs500ns).
2022-07-22 08:48:33.430 [http-nio-8000-exec-7] WARN  c.m.b.neusoft.service.impl.PermissionServiceImpl -
				Warn: execute Method There are  2 results.
2022-07-22 09:01:24.675 [http-nio-8000-exec-3] WARN  c.m.b.neusoft.service.impl.PermissionServiceImpl -
				Warn: execute Method There are  2 results.
2022-07-22 09:03:45.448 [http-nio-8000-exec-7] WARN  c.m.b.neusoft.service.impl.PermissionServiceImpl -
				Warn: execute Method There are  2 results.
2022-07-22 09:03:49.443 [http-nio-8000-exec-5] WARN  c.m.b.neusoft.service.impl.PermissionServiceImpl -
				Warn: execute Method There are  2 results.
2022-07-22 09:05:31.575 [http-nio-8000-exec-2] WARN  c.m.b.neusoft.service.impl.PermissionServiceImpl -
				Warn: execute Method There are  2 results.
2022-07-22 09:06:18.114 [http-nio-8000-exec-8] WARN  c.m.b.neusoft.service.impl.PermissionServiceImpl -
				Warn: execute Method There are  2 results.
2022-07-22 09:06:20.164 [http-nio-8000-exec-6] WARN  c.m.b.neusoft.service.impl.PermissionServiceImpl -
				Warn: execute Method There are  2 results.
2022-07-22 09:09:03.991 [http-nio-8000-exec-2] WARN  c.m.b.neusoft.service.impl.PermissionServiceImpl -
				Warn: execute Method There are  2 results.
2022-07-22 09:11:42.258 [http-nio-8000-exec-4] WARN  c.m.b.neusoft.service.impl.PermissionServiceImpl -
				Warn: execute Method There are  2 results.
2022-07-22 09:11:56.701 [http-nio-8000-exec-8] WARN  c.m.b.neusoft.service.impl.PermissionServiceImpl -
				Warn: execute Method There are  2 results.
2022-07-22 09:51:42.858 [http-nio-8000-exec-9] WARN  o.s.w.s.m.support.DefaultHandlerExceptionResolver -
				Resolved [org.springframework.http.converter.HttpMessageNotReadableException: Required request body is missing: public java.lang.String com.max.back.neusoft.api.LoginServlet.getAdminImgUrl(java.lang.String)]
2022-07-22 09:54:54.159 [http-nio-8000-exec-8] WARN  c.m.b.neusoft.service.impl.PermissionServiceImpl -
				Warn: execute Method There are  2 results.
2022-07-22 10:04:31.831 [http-nio-8000-exec-1] WARN  c.m.b.neusoft.service.impl.PermissionServiceImpl -
				Warn: execute Method There are  2 results.
2022-07-22 10:07:25.636 [http-nio-8000-exec-5] WARN  c.m.b.neusoft.service.impl.PermissionServiceImpl -
				Warn: execute Method There are  2 results.
2022-07-22 10:08:18.383 [http-nio-8000-exec-2] WARN  c.m.b.neusoft.service.impl.PermissionServiceImpl -
				Warn: execute Method There are  2 results.
2022-07-22 10:22:28.397 [http-nio-8000-exec-6] WARN  c.m.b.neusoft.service.impl.PermissionServiceImpl -
				Warn: execute Method There are  2 results.
2022-07-22 10:22:32.189 [http-nio-8000-exec-2] WARN  c.m.b.neusoft.service.impl.PermissionServiceImpl -
				Warn: execute Method There are  2 results.
2022-07-22 10:22:43.268 [http-nio-8000-exec-2] WARN  c.m.b.neusoft.service.impl.PermissionServiceImpl -
				Warn: execute Method There are  2 results.
2022-07-22 10:22:50.525 [http-nio-8000-exec-6] WARN  c.m.b.neusoft.service.impl.PermissionServiceImpl -
				Warn: execute Method There are  2 results.
2022-07-22 10:22:53.826 [http-nio-8000-exec-2] WARN  c.m.b.neusoft.service.impl.PermissionServiceImpl -
				Warn: execute Method There are  2 results.
2022-07-22 10:23:01.663 [http-nio-8000-exec-2] WARN  c.m.b.neusoft.service.impl.PermissionServiceImpl -
				Warn: execute Method There are  2 results.
2022-07-22 10:23:28.351 [http-nio-8000-exec-1] WARN  c.m.b.neusoft.service.impl.PermissionServiceImpl -
				Warn: execute Method There are  2 results.
2022-07-22 10:23:29.601 [http-nio-8000-exec-4] WARN  c.m.b.neusoft.service.impl.PermissionServiceImpl -
				Warn: execute Method There are  2 results.
2022-07-22 13:53:29.087 [HikariPool-1 housekeeper] WARN  com.zaxxer.hikari.pool.HikariPool -
				HikariPool-1 - Thread starvation or clock leap detected (housekeeper delta=1h57m13s499ms278µs400ns).
2022-07-22 14:14:37.637 [restartedMain] WARN  org.mybatis.spring.mapper.ClassPathMapperScanner -
				Skipping MapperFactoryBean with name 'departclassificationMapper' and 'com.max.back.neusoft.dao.DepartclassificationMapper' mapperInterface. Bean already defined with the same name!
2022-07-22 14:14:37.638 [restartedMain] WARN  org.mybatis.spring.mapper.ClassPathMapperScanner -
				Skipping MapperFactoryBean with name 'departmentMapper' and 'com.max.back.neusoft.dao.DepartmentMapper' mapperInterface. Bean already defined with the same name!
2022-07-22 14:14:37.638 [restartedMain] WARN  org.mybatis.spring.mapper.ClassPathMapperScanner -
				Skipping MapperFactoryBean with name 'doctorMapper' and 'com.max.back.neusoft.dao.DoctorMapper' mapperInterface. Bean already defined with the same name!
2022-07-22 14:14:37.638 [restartedMain] WARN  org.mybatis.spring.mapper.ClassPathMapperScanner -
				Skipping MapperFactoryBean with name 'drugspecificationMapper' and 'com.max.back.neusoft.dao.DrugspecificationMapper' mapperInterface. Bean already defined with the same name!
2022-07-22 14:14:37.638 [restartedMain] WARN  org.mybatis.spring.mapper.ClassPathMapperScanner -
				Skipping MapperFactoryBean with name 'generalitemMapper' and 'com.max.back.neusoft.dao.GeneralitemMapper' mapperInterface. Bean already defined with the same name!
2022-07-22 14:14:37.638 [restartedMain] WARN  org.mybatis.spring.mapper.ClassPathMapperScanner -
				Skipping MapperFactoryBean with name 'loginMapper' and 'com.max.back.neusoft.dao.LoginMapper' mapperInterface. Bean already defined with the same name!
2022-07-22 14:14:37.638 [restartedMain] WARN  org.mybatis.spring.mapper.ClassPathMapperScanner -
				Skipping MapperFactoryBean with name 'nondrugMapper' and 'com.max.back.neusoft.dao.NondrugMapper' mapperInterface. Bean already defined with the same name!
2022-07-22 14:14:37.638 [restartedMain] WARN  org.mybatis.spring.mapper.ClassPathMapperScanner -
				Skipping MapperFactoryBean with name 'orderdrugMapper' and 'com.max.back.neusoft.dao.OrderdrugMapper' mapperInterface. Bean already defined with the same name!
2022-07-22 14:14:37.638 [restartedMain] WARN  org.mybatis.spring.mapper.ClassPathMapperScanner -
				Skipping MapperFactoryBean with name 'patientmedicineMapper' and 'com.max.back.neusoft.dao.PatientmedicineMapper' mapperInterface. Bean already defined with the same name!
2022-07-22 14:14:37.638 [restartedMain] WARN  org.mybatis.spring.mapper.ClassPathMapperScanner -
				Skipping MapperFactoryBean with name 'permissionMapper' and 'com.max.back.neusoft.dao.PermissionMapper' mapperInterface. Bean already defined with the same name!
2022-07-22 14:14:37.639 [restartedMain] WARN  org.mybatis.spring.mapper.ClassPathMapperScanner -
				Skipping MapperFactoryBean with name 'registeredMapper' and 'com.max.back.neusoft.dao.RegisteredMapper' mapperInterface. Bean already defined with the same name!
2022-07-22 14:14:37.639 [restartedMain] WARN  org.mybatis.spring.mapper.ClassPathMapperScanner -
				Skipping MapperFactoryBean with name 'scheduleMapper' and 'com.max.back.neusoft.dao.ScheduleMapper' mapperInterface. Bean already defined with the same name!
2022-07-22 14:14:37.639 [restartedMain] WARN  org.mybatis.spring.mapper.ClassPathMapperScanner -
				Skipping MapperFactoryBean with name 'userMapper' and 'com.max.back.neusoft.dao.UserMapper' mapperInterface. Bean already defined with the same name!
2022-07-22 14:17:06.833 [http-nio-8000-exec-4] WARN  c.m.b.neusoft.service.impl.PermissionServiceImpl -
				Warn: execute Method There are  2 results.
2022-07-22 14:24:48.555 [http-nio-8000-exec-7] WARN  c.m.b.neusoft.service.impl.PermissionServiceImpl -
				Warn: execute Method There are  2 results.
2022-07-22 14:25:05.986 [http-nio-8000-exec-2] WARN  c.m.b.neusoft.service.impl.PermissionServiceImpl -
				Warn: execute Method There are  2 results.
2022-07-22 14:25:17.508 [http-nio-8000-exec-7] WARN  c.m.b.neusoft.service.impl.PermissionServiceImpl -
				Warn: execute Method There are  2 results.
2022-07-22 14:50:02.848 [restartedMain] WARN  org.mybatis.spring.mapper.ClassPathMapperScanner -
				Skipping MapperFactoryBean with name 'departclassificationMapper' and 'com.max.back.neusoft.dao.DepartclassificationMapper' mapperInterface. Bean already defined with the same name!
2022-07-22 14:50:02.849 [restartedMain] WARN  org.mybatis.spring.mapper.ClassPathMapperScanner -
				Skipping MapperFactoryBean with name 'departmentMapper' and 'com.max.back.neusoft.dao.DepartmentMapper' mapperInterface. Bean already defined with the same name!
2022-07-22 14:50:02.849 [restartedMain] WARN  org.mybatis.spring.mapper.ClassPathMapperScanner -
				Skipping MapperFactoryBean with name 'doctorMapper' and 'com.max.back.neusoft.dao.DoctorMapper' mapperInterface. Bean already defined with the same name!
2022-07-22 14:50:02.849 [restartedMain] WARN  org.mybatis.spring.mapper.ClassPathMapperScanner -
				Skipping MapperFactoryBean with name 'drugspecificationMapper' and 'com.max.back.neusoft.dao.DrugspecificationMapper' mapperInterface. Bean already defined with the same name!
2022-07-22 14:50:02.850 [restartedMain] WARN  org.mybatis.spring.mapper.ClassPathMapperScanner -
				Skipping MapperFactoryBean with name 'generalitemMapper' and 'com.max.back.neusoft.dao.GeneralitemMapper' mapperInterface. Bean already defined with the same name!
2022-07-22 14:50:02.850 [restartedMain] WARN  org.mybatis.spring.mapper.ClassPathMapperScanner -
				Skipping MapperFactoryBean with name 'loginMapper' and 'com.max.back.neusoft.dao.LoginMapper' mapperInterface. Bean already defined with the same name!
2022-07-22 14:50:02.850 [restartedMain] WARN  org.mybatis.spring.mapper.ClassPathMapperScanner -
				Skipping MapperFactoryBean with name 'nondrugMapper' and 'com.max.back.neusoft.dao.NondrugMapper' mapperInterface. Bean already defined with the same name!
2022-07-22 14:50:02.850 [restartedMain] WARN  org.mybatis.spring.mapper.ClassPathMapperScanner -
				Skipping MapperFactoryBean with name 'orderdrugMapper' and 'com.max.back.neusoft.dao.OrderdrugMapper' mapperInterface. Bean already defined with the same name!
2022-07-22 14:50:02.850 [restartedMain] WARN  org.mybatis.spring.mapper.ClassPathMapperScanner -
				Skipping MapperFactoryBean with name 'patientmedicineMapper' and 'com.max.back.neusoft.dao.PatientmedicineMapper' mapperInterface. Bean already defined with the same name!
2022-07-22 14:50:02.850 [restartedMain] WARN  org.mybatis.spring.mapper.ClassPathMapperScanner -
				Skipping MapperFactoryBean with name 'permissionMapper' and 'com.max.back.neusoft.dao.PermissionMapper' mapperInterface. Bean already defined with the same name!
2022-07-22 14:50:02.851 [restartedMain] WARN  org.mybatis.spring.mapper.ClassPathMapperScanner -
				Skipping MapperFactoryBean with name 'registeredMapper' and 'com.max.back.neusoft.dao.RegisteredMapper' mapperInterface. Bean already defined with the same name!
2022-07-22 14:50:02.851 [restartedMain] WARN  org.mybatis.spring.mapper.ClassPathMapperScanner -
				Skipping MapperFactoryBean with name 'scheduleMapper' and 'com.max.back.neusoft.dao.ScheduleMapper' mapperInterface. Bean already defined with the same name!
2022-07-22 14:50:02.851 [restartedMain] WARN  org.mybatis.spring.mapper.ClassPathMapperScanner -
				Skipping MapperFactoryBean with name 'userMapper' and 'com.max.back.neusoft.dao.UserMapper' mapperInterface. Bean already defined with the same name!
2022-07-22 14:51:46.124 [restartedMain] WARN  org.mybatis.spring.mapper.ClassPathMapperScanner -
				Skipping MapperFactoryBean with name 'departclassificationMapper' and 'com.max.back.neusoft.dao.DepartclassificationMapper' mapperInterface. Bean already defined with the same name!
2022-07-22 14:51:46.125 [restartedMain] WARN  org.mybatis.spring.mapper.ClassPathMapperScanner -
				Skipping MapperFactoryBean with name 'departmentMapper' and 'com.max.back.neusoft.dao.DepartmentMapper' mapperInterface. Bean already defined with the same name!
2022-07-22 14:51:46.125 [restartedMain] WARN  org.mybatis.spring.mapper.ClassPathMapperScanner -
				Skipping MapperFactoryBean with name 'doctorMapper' and 'com.max.back.neusoft.dao.DoctorMapper' mapperInterface. Bean already defined with the same name!
2022-07-22 14:51:46.125 [restartedMain] WARN  org.mybatis.spring.mapper.ClassPathMapperScanner -
				Skipping MapperFactoryBean with name 'drugspecificationMapper' and 'com.max.back.neusoft.dao.DrugspecificationMapper' mapperInterface. Bean already defined with the same name!
2022-07-22 14:51:46.125 [restartedMain] WARN  org.mybatis.spring.mapper.ClassPathMapperScanner -
				Skipping MapperFactoryBean with name 'generalitemMapper' and 'com.max.back.neusoft.dao.GeneralitemMapper' mapperInterface. Bean already defined with the same name!
2022-07-22 14:51:46.125 [restartedMain] WARN  org.mybatis.spring.mapper.ClassPathMapperScanner -
				Skipping MapperFactoryBean with name 'loginMapper' and 'com.max.back.neusoft.dao.LoginMapper' mapperInterface. Bean already defined with the same name!
2022-07-22 14:51:46.125 [restartedMain] WARN  org.mybatis.spring.mapper.ClassPathMapperScanner -
				Skipping MapperFactoryBean with name 'nondrugMapper' and 'com.max.back.neusoft.dao.NondrugMapper' mapperInterface. Bean already defined with the same name!
2022-07-22 14:51:46.125 [restartedMain] WARN  org.mybatis.spring.mapper.ClassPathMapperScanner -
				Skipping MapperFactoryBean with name 'orderdrugMapper' and 'com.max.back.neusoft.dao.OrderdrugMapper' mapperInterface. Bean already defined with the same name!
2022-07-22 14:51:46.125 [restartedMain] WARN  org.mybatis.spring.mapper.ClassPathMapperScanner -
				Skipping MapperFactoryBean with name 'patientmedicineMapper' and 'com.max.back.neusoft.dao.PatientmedicineMapper' mapperInterface. Bean already defined with the same name!
2022-07-22 14:51:46.125 [restartedMain] WARN  org.mybatis.spring.mapper.ClassPathMapperScanner -
				Skipping MapperFactoryBean with name 'permissionMapper' and 'com.max.back.neusoft.dao.PermissionMapper' mapperInterface. Bean already defined with the same name!
2022-07-22 14:51:46.125 [restartedMain] WARN  org.mybatis.spring.mapper.ClassPathMapperScanner -
				Skipping MapperFactoryBean with name 'registeredMapper' and 'com.max.back.neusoft.dao.RegisteredMapper' mapperInterface. Bean already defined with the same name!
2022-07-22 14:51:46.125 [restartedMain] WARN  org.mybatis.spring.mapper.ClassPathMapperScanner -
				Skipping MapperFactoryBean with name 'scheduleMapper' and 'com.max.back.neusoft.dao.ScheduleMapper' mapperInterface. Bean already defined with the same name!
2022-07-22 14:51:46.125 [restartedMain] WARN  org.mybatis.spring.mapper.ClassPathMapperScanner -
				Skipping MapperFactoryBean with name 'userMapper' and 'com.max.back.neusoft.dao.UserMapper' mapperInterface. Bean already defined with the same name!
2022-07-22 14:53:03.256 [restartedMain] WARN  org.mybatis.spring.mapper.ClassPathMapperScanner -
				Skipping MapperFactoryBean with name 'departclassificationMapper' and 'com.max.back.neusoft.dao.DepartclassificationMapper' mapperInterface. Bean already defined with the same name!
2022-07-22 14:53:03.256 [restartedMain] WARN  org.mybatis.spring.mapper.ClassPathMapperScanner -
				Skipping MapperFactoryBean with name 'departmentMapper' and 'com.max.back.neusoft.dao.DepartmentMapper' mapperInterface. Bean already defined with the same name!
2022-07-22 14:53:03.256 [restartedMain] WARN  org.mybatis.spring.mapper.ClassPathMapperScanner -
				Skipping MapperFactoryBean with name 'doctorMapper' and 'com.max.back.neusoft.dao.DoctorMapper' mapperInterface. Bean already defined with the same name!
2022-07-22 14:53:03.259 [restartedMain] WARN  org.mybatis.spring.mapper.ClassPathMapperScanner -
				Skipping MapperFactoryBean with name 'drugspecificationMapper' and 'com.max.back.neusoft.dao.DrugspecificationMapper' mapperInterface. Bean already defined with the same name!
2022-07-22 14:53:03.259 [restartedMain] WARN  org.mybatis.spring.mapper.ClassPathMapperScanner -
				Skipping MapperFactoryBean with name 'generalitemMapper' and 'com.max.back.neusoft.dao.GeneralitemMapper' mapperInterface. Bean already defined with the same name!
2022-07-22 14:53:03.259 [restartedMain] WARN  org.mybatis.spring.mapper.ClassPathMapperScanner -
				Skipping MapperFactoryBean with name 'loginMapper' and 'com.max.back.neusoft.dao.LoginMapper' mapperInterface. Bean already defined with the same name!
2022-07-22 14:53:03.259 [restartedMain] WARN  org.mybatis.spring.mapper.ClassPathMapperScanner -
				Skipping MapperFactoryBean with name 'nondrugMapper' and 'com.max.back.neusoft.dao.NondrugMapper' mapperInterface. Bean already defined with the same name!
2022-07-22 14:53:03.259 [restartedMain] WARN  org.mybatis.spring.mapper.ClassPathMapperScanner -
				Skipping MapperFactoryBean with name 'orderdrugMapper' and 'com.max.back.neusoft.dao.OrderdrugMapper' mapperInterface. Bean already defined with the same name!
2022-07-22 14:53:03.259 [restartedMain] WARN  org.mybatis.spring.mapper.ClassPathMapperScanner -
				Skipping MapperFactoryBean with name 'patientmedicineMapper' and 'com.max.back.neusoft.dao.PatientmedicineMapper' mapperInterface. Bean already defined with the same name!
2022-07-22 14:53:03.259 [restartedMain] WARN  org.mybatis.spring.mapper.ClassPathMapperScanner -
				Skipping MapperFactoryBean with name 'permissionMapper' and 'com.max.back.neusoft.dao.PermissionMapper' mapperInterface. Bean already defined with the same name!
2022-07-22 14:53:03.259 [restartedMain] WARN  org.mybatis.spring.mapper.ClassPathMapperScanner -
				Skipping MapperFactoryBean with name 'registeredMapper' and 'com.max.back.neusoft.dao.RegisteredMapper' mapperInterface. Bean already defined with the same name!
2022-07-22 14:53:03.259 [restartedMain] WARN  org.mybatis.spring.mapper.ClassPathMapperScanner -
				Skipping MapperFactoryBean with name 'scheduleMapper' and 'com.max.back.neusoft.dao.ScheduleMapper' mapperInterface. Bean already defined with the same name!
2022-07-22 14:53:03.259 [restartedMain] WARN  org.mybatis.spring.mapper.ClassPathMapperScanner -
				Skipping MapperFactoryBean with name 'userMapper' and 'com.max.back.neusoft.dao.UserMapper' mapperInterface. Bean already defined with the same name!
2022-07-22 14:53:04.709 [restartedMain] WARN  c.b.mybatisplus.core.metadata.TableInfoHelper -
				Warn: Could not find @TableId in Class: com.max.back.neusoft.pojo.Generalitem.
2022-07-22 14:56:03.313 [restartedMain] WARN  org.mybatis.spring.mapper.ClassPathMapperScanner -
				Skipping MapperFactoryBean with name 'departclassificationMapper' and 'com.max.back.neusoft.dao.DepartclassificationMapper' mapperInterface. Bean already defined with the same name!
2022-07-22 14:56:03.314 [restartedMain] WARN  org.mybatis.spring.mapper.ClassPathMapperScanner -
				Skipping MapperFactoryBean with name 'departmentMapper' and 'com.max.back.neusoft.dao.DepartmentMapper' mapperInterface. Bean already defined with the same name!
2022-07-22 14:56:03.314 [restartedMain] WARN  org.mybatis.spring.mapper.ClassPathMapperScanner -
				Skipping MapperFactoryBean with name 'doctorMapper' and 'com.max.back.neusoft.dao.DoctorMapper' mapperInterface. Bean already defined with the same name!
2022-07-22 14:56:03.314 [restartedMain] WARN  org.mybatis.spring.mapper.ClassPathMapperScanner -
				Skipping MapperFactoryBean with name 'drugspecificationMapper' and 'com.max.back.neusoft.dao.DrugspecificationMapper' mapperInterface. Bean already defined with the same name!
2022-07-22 14:56:03.314 [restartedMain] WARN  org.mybatis.spring.mapper.ClassPathMapperScanner -
				Skipping MapperFactoryBean with name 'generalitemMapper' and 'com.max.back.neusoft.dao.GeneralitemMapper' mapperInterface. Bean already defined with the same name!
2022-07-22 14:56:03.314 [restartedMain] WARN  org.mybatis.spring.mapper.ClassPathMapperScanner -
				Skipping MapperFactoryBean with name 'loginMapper' and 'com.max.back.neusoft.dao.LoginMapper' mapperInterface. Bean already defined with the same name!
2022-07-22 14:56:03.314 [restartedMain] WARN  org.mybatis.spring.mapper.ClassPathMapperScanner -
				Skipping MapperFactoryBean with name 'nondrugMapper' and 'com.max.back.neusoft.dao.NondrugMapper' mapperInterface. Bean already defined with the same name!
2022-07-22 14:56:03.314 [restartedMain] WARN  org.mybatis.spring.mapper.ClassPathMapperScanner -
				Skipping MapperFactoryBean with name 'orderdrugMapper' and 'com.max.back.neusoft.dao.OrderdrugMapper' mapperInterface. Bean already defined with the same name!
2022-07-22 14:56:03.314 [restartedMain] WARN  org.mybatis.spring.mapper.ClassPathMapperScanner -
				Skipping MapperFactoryBean with name 'patientmedicineMapper' and 'com.max.back.neusoft.dao.PatientmedicineMapper' mapperInterface. Bean already defined with the same name!
2022-07-22 14:56:03.314 [restartedMain] WARN  org.mybatis.spring.mapper.ClassPathMapperScanner -
				Skipping MapperFactoryBean with name 'permissionMapper' and 'com.max.back.neusoft.dao.PermissionMapper' mapperInterface. Bean already defined with the same name!
2022-07-22 14:56:03.315 [restartedMain] WARN  org.mybatis.spring.mapper.ClassPathMapperScanner -
				Skipping MapperFactoryBean with name 'registeredMapper' and 'com.max.back.neusoft.dao.RegisteredMapper' mapperInterface. Bean already defined with the same name!
2022-07-22 14:56:03.316 [restartedMain] WARN  org.mybatis.spring.mapper.ClassPathMapperScanner -
				Skipping MapperFactoryBean with name 'scheduleMapper' and 'com.max.back.neusoft.dao.ScheduleMapper' mapperInterface. Bean already defined with the same name!
2022-07-22 14:56:03.316 [restartedMain] WARN  org.mybatis.spring.mapper.ClassPathMapperScanner -
				Skipping MapperFactoryBean with name 'userMapper' and 'com.max.back.neusoft.dao.UserMapper' mapperInterface. Bean already defined with the same name!
2022-07-22 14:56:04.743 [restartedMain] WARN  c.b.mybatisplus.core.metadata.TableInfoHelper -
				Warn: Could not find @TableId in Class: com.max.back.neusoft.pojo.Generalitem.
2022-07-22 15:09:39.655 [http-nio-8000-exec-7] WARN  c.m.b.neusoft.service.impl.PermissionServiceImpl -
				Warn: execute Method There are  2 results.
2022-07-22 18:40:23.329 [HikariPool-1 housekeeper] WARN  com.zaxxer.hikari.pool.HikariPool -
				HikariPool-1 - Thread starvation or clock leap detected (housekeeper delta=22m7s118ms858µs100ns).
2022-07-22 19:28:55.347 [http-nio-8000-exec-6] WARN  c.m.b.neusoft.service.impl.PermissionServiceImpl -
				Warn: execute Method There are  2 results.
2022-07-22 19:47:21.700 [http-nio-8000-exec-1] WARN  c.m.b.neusoft.service.impl.PermissionServiceImpl -
				Warn: execute Method There are  2 results.
