2022-07-23 08:51:47.439 [HikariPool-1 housekeeper] WARN  com.zaxxer.hikari.pool.HikariPool -
				HikariPool-1 - Thread starvation or clock leap detected (housekeeper delta=11h50m27s819ms285µs).
2022-07-23 10:24:43.179 [HikariPool-1 housekeeper] WARN  com.zaxxer.hikari.pool.HikariPool -
				HikariPool-1 - Thread starvation or clock leap detected (housekeeper delta=1h1m56s560ms157µs300ns).
2022-07-23 10:26:44.713 [lettuce-nioEventLoop-4-2] WARN  io.lettuce.core.protocol.ConnectionWatchdog -
				Cannot reconnect: io.netty.channel.AbstractChannel$AnnotatedConnectException: Connection refused: no further information: localhost/127.0.0.1:6379
2022-07-23 10:26:50.984 [lettuce-nioEventLoop-4-5] WARN  io.lettuce.core.protocol.ConnectionWatchdog -
				Cannot reconnect: io.netty.channel.AbstractChannel$AnnotatedConnectException: Connection refused: no further information: localhost/127.0.0.1:6379
2022-07-23 10:58:23.448 [http-nio-8000-exec-2] WARN  c.m.b.neusoft.service.impl.PermissionServiceImpl -
				Warn: execute Method There are  2 results.
2022-07-23 13:20:44.647 [http-nio-8000-exec-4] WARN  com.zaxxer.hikari.pool.PoolBase -
				HikariPool-1 - Failed to validate connection com.mysql.cj.jdbc.ConnectionImpl@413ae71e (No operations allowed after connection closed.). Possibly consider using a shorter maxLifetime value.
2022-07-23 13:20:45.086 [HikariPool-1 housekeeper] WARN  com.zaxxer.hikari.pool.HikariPool -
				HikariPool-1 - Thread starvation or clock leap detected (housekeeper delta=1h18m30s352ms464µs100ns).
2022-07-23 13:20:49.665 [http-nio-8000-exec-4] WARN  com.zaxxer.hikari.pool.PoolBase -
				HikariPool-1 - Failed to validate connection com.mysql.cj.jdbc.ConnectionImpl@4fbc037f (No operations allowed after connection closed.). Possibly consider using a shorter maxLifetime value.
2022-07-23 13:23:06.227 [http-nio-8000-exec-9] WARN  c.m.b.neusoft.service.impl.PermissionServiceImpl -
				Warn: execute Method There are  2 results.
2022-07-23 13:35:40.713 [http-nio-8000-exec-8] WARN  c.m.b.neusoft.service.impl.PermissionServiceImpl -
				Warn: execute Method There are  2 results.
2022-07-23 13:50:29.718 [http-nio-8000-exec-8] WARN  c.m.b.neusoft.service.impl.PermissionServiceImpl -
				Warn: execute Method There are  2 results.
2022-07-23 13:52:11.219 [http-nio-8000-exec-3] WARN  c.m.b.neusoft.service.impl.PermissionServiceImpl -
				Warn: execute Method There are  2 results.
2022-07-23 13:56:43.694 [restartedMain] WARN  org.mybatis.spring.mapper.ClassPathMapperScanner -
				Skipping MapperFactoryBean with name 'departclassificationMapper' and 'com.max.back.neusoft.dao.DepartclassificationMapper' mapperInterface. Bean already defined with the same name!
2022-07-23 13:56:43.695 [restartedMain] WARN  org.mybatis.spring.mapper.ClassPathMapperScanner -
				Skipping MapperFactoryBean with name 'departmentMapper' and 'com.max.back.neusoft.dao.DepartmentMapper' mapperInterface. Bean already defined with the same name!
2022-07-23 13:56:43.695 [restartedMain] WARN  org.mybatis.spring.mapper.ClassPathMapperScanner -
				Skipping MapperFactoryBean with name 'doctorMapper' and 'com.max.back.neusoft.dao.DoctorMapper' mapperInterface. Bean already defined with the same name!
2022-07-23 13:56:43.695 [restartedMain] WARN  org.mybatis.spring.mapper.ClassPathMapperScanner -
				Skipping MapperFactoryBean with name 'drugspecificationMapper' and 'com.max.back.neusoft.dao.DrugspecificationMapper' mapperInterface. Bean already defined with the same name!
2022-07-23 13:56:43.695 [restartedMain] WARN  org.mybatis.spring.mapper.ClassPathMapperScanner -
				Skipping MapperFactoryBean with name 'generalitemMapper' and 'com.max.back.neusoft.dao.GeneralitemMapper' mapperInterface. Bean already defined with the same name!
2022-07-23 13:56:43.695 [restartedMain] WARN  org.mybatis.spring.mapper.ClassPathMapperScanner -
				Skipping MapperFactoryBean with name 'loginMapper' and 'com.max.back.neusoft.dao.LoginMapper' mapperInterface. Bean already defined with the same name!
2022-07-23 13:56:43.695 [restartedMain] WARN  org.mybatis.spring.mapper.ClassPathMapperScanner -
				Skipping MapperFactoryBean with name 'nondrugMapper' and 'com.max.back.neusoft.dao.NondrugMapper' mapperInterface. Bean already defined with the same name!
2022-07-23 13:56:43.696 [restartedMain] WARN  org.mybatis.spring.mapper.ClassPathMapperScanner -
				Skipping MapperFactoryBean with name 'orderdrugMapper' and 'com.max.back.neusoft.dao.OrderdrugMapper' mapperInterface. Bean already defined with the same name!
2022-07-23 13:56:43.696 [restartedMain] WARN  org.mybatis.spring.mapper.ClassPathMapperScanner -
				Skipping MapperFactoryBean with name 'patientmedicineMapper' and 'com.max.back.neusoft.dao.PatientmedicineMapper' mapperInterface. Bean already defined with the same name!
2022-07-23 13:56:43.696 [restartedMain] WARN  org.mybatis.spring.mapper.ClassPathMapperScanner -
				Skipping MapperFactoryBean with name 'permissionMapper' and 'com.max.back.neusoft.dao.PermissionMapper' mapperInterface. Bean already defined with the same name!
2022-07-23 13:56:43.696 [restartedMain] WARN  org.mybatis.spring.mapper.ClassPathMapperScanner -
				Skipping MapperFactoryBean with name 'registeredMapper' and 'com.max.back.neusoft.dao.RegisteredMapper' mapperInterface. Bean already defined with the same name!
2022-07-23 13:56:43.696 [restartedMain] WARN  org.mybatis.spring.mapper.ClassPathMapperScanner -
				Skipping MapperFactoryBean with name 'scheduleMapper' and 'com.max.back.neusoft.dao.ScheduleMapper' mapperInterface. Bean already defined with the same name!
2022-07-23 13:56:43.696 [restartedMain] WARN  org.mybatis.spring.mapper.ClassPathMapperScanner -
				Skipping MapperFactoryBean with name 'userMapper' and 'com.max.back.neusoft.dao.UserMapper' mapperInterface. Bean already defined with the same name!
2022-07-23 13:56:45.380 [restartedMain] WARN  c.b.mybatisplus.core.metadata.TableInfoHelper -
				Warn: Could not find @TableId in Class: com.max.back.neusoft.pojo.Generalitem.
2022-07-23 13:56:56.893 [http-nio-8000-exec-2] WARN  c.m.b.neusoft.service.impl.PermissionServiceImpl -
				Warn: execute Method There are  2 results.
2022-07-23 13:59:00.135 [restartedMain] WARN  org.mybatis.spring.mapper.ClassPathMapperScanner -
				Skipping MapperFactoryBean with name 'departclassificationMapper' and 'com.max.back.neusoft.dao.DepartclassificationMapper' mapperInterface. Bean already defined with the same name!
2022-07-23 13:59:00.135 [restartedMain] WARN  org.mybatis.spring.mapper.ClassPathMapperScanner -
				Skipping MapperFactoryBean with name 'departmentMapper' and 'com.max.back.neusoft.dao.DepartmentMapper' mapperInterface. Bean already defined with the same name!
2022-07-23 13:59:00.135 [restartedMain] WARN  org.mybatis.spring.mapper.ClassPathMapperScanner -
				Skipping MapperFactoryBean with name 'doctorMapper' and 'com.max.back.neusoft.dao.DoctorMapper' mapperInterface. Bean already defined with the same name!
2022-07-23 13:59:00.135 [restartedMain] WARN  org.mybatis.spring.mapper.ClassPathMapperScanner -
				Skipping MapperFactoryBean with name 'drugspecificationMapper' and 'com.max.back.neusoft.dao.DrugspecificationMapper' mapperInterface. Bean already defined with the same name!
2022-07-23 13:59:00.135 [restartedMain] WARN  org.mybatis.spring.mapper.ClassPathMapperScanner -
				Skipping MapperFactoryBean with name 'generalitemMapper' and 'com.max.back.neusoft.dao.GeneralitemMapper' mapperInterface. Bean already defined with the same name!
2022-07-23 13:59:00.135 [restartedMain] WARN  org.mybatis.spring.mapper.ClassPathMapperScanner -
				Skipping MapperFactoryBean with name 'loginMapper' and 'com.max.back.neusoft.dao.LoginMapper' mapperInterface. Bean already defined with the same name!
2022-07-23 13:59:00.135 [restartedMain] WARN  org.mybatis.spring.mapper.ClassPathMapperScanner -
				Skipping MapperFactoryBean with name 'nondrugMapper' and 'com.max.back.neusoft.dao.NondrugMapper' mapperInterface. Bean already defined with the same name!
2022-07-23 13:59:00.135 [restartedMain] WARN  org.mybatis.spring.mapper.ClassPathMapperScanner -
				Skipping MapperFactoryBean with name 'orderdrugMapper' and 'com.max.back.neusoft.dao.OrderdrugMapper' mapperInterface. Bean already defined with the same name!
2022-07-23 13:59:00.136 [restartedMain] WARN  org.mybatis.spring.mapper.ClassPathMapperScanner -
				Skipping MapperFactoryBean with name 'patientmedicineMapper' and 'com.max.back.neusoft.dao.PatientmedicineMapper' mapperInterface. Bean already defined with the same name!
2022-07-23 13:59:00.136 [restartedMain] WARN  org.mybatis.spring.mapper.ClassPathMapperScanner -
				Skipping MapperFactoryBean with name 'permissionMapper' and 'com.max.back.neusoft.dao.PermissionMapper' mapperInterface. Bean already defined with the same name!
2022-07-23 13:59:00.136 [restartedMain] WARN  org.mybatis.spring.mapper.ClassPathMapperScanner -
				Skipping MapperFactoryBean with name 'registeredMapper' and 'com.max.back.neusoft.dao.RegisteredMapper' mapperInterface. Bean already defined with the same name!
2022-07-23 13:59:00.136 [restartedMain] WARN  org.mybatis.spring.mapper.ClassPathMapperScanner -
				Skipping MapperFactoryBean with name 'scheduleMapper' and 'com.max.back.neusoft.dao.ScheduleMapper' mapperInterface. Bean already defined with the same name!
2022-07-23 13:59:00.136 [restartedMain] WARN  org.mybatis.spring.mapper.ClassPathMapperScanner -
				Skipping MapperFactoryBean with name 'userMapper' and 'com.max.back.neusoft.dao.UserMapper' mapperInterface. Bean already defined with the same name!
2022-07-23 13:59:01.656 [restartedMain] WARN  c.b.mybatisplus.core.metadata.TableInfoHelper -
				Warn: Could not find @TableId in Class: com.max.back.neusoft.pojo.Generalitem.
2022-07-23 13:59:16.838 [restartedMain] WARN  org.mybatis.spring.mapper.ClassPathMapperScanner -
				Skipping MapperFactoryBean with name 'departclassificationMapper' and 'com.max.back.neusoft.dao.DepartclassificationMapper' mapperInterface. Bean already defined with the same name!
2022-07-23 13:59:16.840 [restartedMain] WARN  org.mybatis.spring.mapper.ClassPathMapperScanner -
				Skipping MapperFactoryBean with name 'departmentMapper' and 'com.max.back.neusoft.dao.DepartmentMapper' mapperInterface. Bean already defined with the same name!
2022-07-23 13:59:16.840 [restartedMain] WARN  org.mybatis.spring.mapper.ClassPathMapperScanner -
				Skipping MapperFactoryBean with name 'doctorMapper' and 'com.max.back.neusoft.dao.DoctorMapper' mapperInterface. Bean already defined with the same name!
2022-07-23 13:59:16.840 [restartedMain] WARN  org.mybatis.spring.mapper.ClassPathMapperScanner -
				Skipping MapperFactoryBean with name 'drugspecificationMapper' and 'com.max.back.neusoft.dao.DrugspecificationMapper' mapperInterface. Bean already defined with the same name!
2022-07-23 13:59:16.840 [restartedMain] WARN  org.mybatis.spring.mapper.ClassPathMapperScanner -
				Skipping MapperFactoryBean with name 'generalitemMapper' and 'com.max.back.neusoft.dao.GeneralitemMapper' mapperInterface. Bean already defined with the same name!
2022-07-23 13:59:16.840 [restartedMain] WARN  org.mybatis.spring.mapper.ClassPathMapperScanner -
				Skipping MapperFactoryBean with name 'loginMapper' and 'com.max.back.neusoft.dao.LoginMapper' mapperInterface. Bean already defined with the same name!
2022-07-23 13:59:16.840 [restartedMain] WARN  org.mybatis.spring.mapper.ClassPathMapperScanner -
				Skipping MapperFactoryBean with name 'nondrugMapper' and 'com.max.back.neusoft.dao.NondrugMapper' mapperInterface. Bean already defined with the same name!
2022-07-23 13:59:16.840 [restartedMain] WARN  org.mybatis.spring.mapper.ClassPathMapperScanner -
				Skipping MapperFactoryBean with name 'orderdrugMapper' and 'com.max.back.neusoft.dao.OrderdrugMapper' mapperInterface. Bean already defined with the same name!
2022-07-23 13:59:16.840 [restartedMain] WARN  org.mybatis.spring.mapper.ClassPathMapperScanner -
				Skipping MapperFactoryBean with name 'patientmedicineMapper' and 'com.max.back.neusoft.dao.PatientmedicineMapper' mapperInterface. Bean already defined with the same name!
2022-07-23 13:59:16.840 [restartedMain] WARN  org.mybatis.spring.mapper.ClassPathMapperScanner -
				Skipping MapperFactoryBean with name 'permissionMapper' and 'com.max.back.neusoft.dao.PermissionMapper' mapperInterface. Bean already defined with the same name!
2022-07-23 13:59:16.840 [restartedMain] WARN  org.mybatis.spring.mapper.ClassPathMapperScanner -
				Skipping MapperFactoryBean with name 'registeredMapper' and 'com.max.back.neusoft.dao.RegisteredMapper' mapperInterface. Bean already defined with the same name!
2022-07-23 13:59:16.841 [restartedMain] WARN  org.mybatis.spring.mapper.ClassPathMapperScanner -
				Skipping MapperFactoryBean with name 'scheduleMapper' and 'com.max.back.neusoft.dao.ScheduleMapper' mapperInterface. Bean already defined with the same name!
2022-07-23 13:59:16.841 [restartedMain] WARN  org.mybatis.spring.mapper.ClassPathMapperScanner -
				Skipping MapperFactoryBean with name 'userMapper' and 'com.max.back.neusoft.dao.UserMapper' mapperInterface. Bean already defined with the same name!
2022-07-23 13:59:18.310 [restartedMain] WARN  c.b.mybatisplus.core.metadata.TableInfoHelper -
				Warn: Could not find @TableId in Class: com.max.back.neusoft.pojo.Generalitem.
2022-07-23 13:59:28.381 [http-nio-8000-exec-5] WARN  c.m.b.neusoft.service.impl.PermissionServiceImpl -
				Warn: execute Method There are  2 results.
2022-07-23 14:01:48.861 [restartedMain] WARN  org.mybatis.spring.mapper.ClassPathMapperScanner -
				Skipping MapperFactoryBean with name 'departclassificationMapper' and 'com.max.back.neusoft.dao.DepartclassificationMapper' mapperInterface. Bean already defined with the same name!
2022-07-23 14:01:48.861 [restartedMain] WARN  org.mybatis.spring.mapper.ClassPathMapperScanner -
				Skipping MapperFactoryBean with name 'departmentMapper' and 'com.max.back.neusoft.dao.DepartmentMapper' mapperInterface. Bean already defined with the same name!
2022-07-23 14:01:48.861 [restartedMain] WARN  org.mybatis.spring.mapper.ClassPathMapperScanner -
				Skipping MapperFactoryBean with name 'doctorMapper' and 'com.max.back.neusoft.dao.DoctorMapper' mapperInterface. Bean already defined with the same name!
2022-07-23 14:01:48.861 [restartedMain] WARN  org.mybatis.spring.mapper.ClassPathMapperScanner -
				Skipping MapperFactoryBean with name 'drugspecificationMapper' and 'com.max.back.neusoft.dao.DrugspecificationMapper' mapperInterface. Bean already defined with the same name!
2022-07-23 14:01:48.861 [restartedMain] WARN  org.mybatis.spring.mapper.ClassPathMapperScanner -
				Skipping MapperFactoryBean with name 'generalitemMapper' and 'com.max.back.neusoft.dao.GeneralitemMapper' mapperInterface. Bean already defined with the same name!
2022-07-23 14:01:48.861 [restartedMain] WARN  org.mybatis.spring.mapper.ClassPathMapperScanner -
				Skipping MapperFactoryBean with name 'loginMapper' and 'com.max.back.neusoft.dao.LoginMapper' mapperInterface. Bean already defined with the same name!
2022-07-23 14:01:48.861 [restartedMain] WARN  org.mybatis.spring.mapper.ClassPathMapperScanner -
				Skipping MapperFactoryBean with name 'nondrugMapper' and 'com.max.back.neusoft.dao.NondrugMapper' mapperInterface. Bean already defined with the same name!
2022-07-23 14:01:48.862 [restartedMain] WARN  org.mybatis.spring.mapper.ClassPathMapperScanner -
				Skipping MapperFactoryBean with name 'orderdrugMapper' and 'com.max.back.neusoft.dao.OrderdrugMapper' mapperInterface. Bean already defined with the same name!
2022-07-23 14:01:48.862 [restartedMain] WARN  org.mybatis.spring.mapper.ClassPathMapperScanner -
				Skipping MapperFactoryBean with name 'patientmedicineMapper' and 'com.max.back.neusoft.dao.PatientmedicineMapper' mapperInterface. Bean already defined with the same name!
2022-07-23 14:01:48.862 [restartedMain] WARN  org.mybatis.spring.mapper.ClassPathMapperScanner -
				Skipping MapperFactoryBean with name 'permissionMapper' and 'com.max.back.neusoft.dao.PermissionMapper' mapperInterface. Bean already defined with the same name!
2022-07-23 14:01:48.862 [restartedMain] WARN  org.mybatis.spring.mapper.ClassPathMapperScanner -
				Skipping MapperFactoryBean with name 'registeredMapper' and 'com.max.back.neusoft.dao.RegisteredMapper' mapperInterface. Bean already defined with the same name!
2022-07-23 14:01:48.862 [restartedMain] WARN  org.mybatis.spring.mapper.ClassPathMapperScanner -
				Skipping MapperFactoryBean with name 'scheduleMapper' and 'com.max.back.neusoft.dao.ScheduleMapper' mapperInterface. Bean already defined with the same name!
2022-07-23 14:01:48.862 [restartedMain] WARN  org.mybatis.spring.mapper.ClassPathMapperScanner -
				Skipping MapperFactoryBean with name 'userMapper' and 'com.max.back.neusoft.dao.UserMapper' mapperInterface. Bean already defined with the same name!
2022-07-23 14:01:50.361 [restartedMain] WARN  c.b.mybatisplus.core.metadata.TableInfoHelper -
				Warn: Could not find @TableId in Class: com.max.back.neusoft.pojo.Generalitem.
2022-07-23 14:02:00.531 [http-nio-8000-exec-1] WARN  c.m.b.neusoft.service.impl.PermissionServiceImpl -
				Warn: execute Method There are  2 results.
2022-07-23 14:05:35.460 [http-nio-8000-exec-4] WARN  c.m.b.neusoft.service.impl.PermissionServiceImpl -
				Warn: execute Method There are  2 results.
2022-07-23 14:06:01.290 [http-nio-8000-exec-10] WARN  c.m.b.neusoft.service.impl.PermissionServiceImpl -
				Warn: execute Method There are  2 results.
2022-07-23 14:07:36.972 [restartedMain] WARN  org.mybatis.spring.mapper.ClassPathMapperScanner -
				Skipping MapperFactoryBean with name 'departclassificationMapper' and 'com.max.back.neusoft.dao.DepartclassificationMapper' mapperInterface. Bean already defined with the same name!
2022-07-23 14:07:36.973 [restartedMain] WARN  org.mybatis.spring.mapper.ClassPathMapperScanner -
				Skipping MapperFactoryBean with name 'departmentMapper' and 'com.max.back.neusoft.dao.DepartmentMapper' mapperInterface. Bean already defined with the same name!
2022-07-23 14:07:36.973 [restartedMain] WARN  org.mybatis.spring.mapper.ClassPathMapperScanner -
				Skipping MapperFactoryBean with name 'doctorMapper' and 'com.max.back.neusoft.dao.DoctorMapper' mapperInterface. Bean already defined with the same name!
2022-07-23 14:07:36.973 [restartedMain] WARN  org.mybatis.spring.mapper.ClassPathMapperScanner -
				Skipping MapperFactoryBean with name 'drugspecificationMapper' and 'com.max.back.neusoft.dao.DrugspecificationMapper' mapperInterface. Bean already defined with the same name!
2022-07-23 14:07:36.974 [restartedMain] WARN  org.mybatis.spring.mapper.ClassPathMapperScanner -
				Skipping MapperFactoryBean with name 'generalitemMapper' and 'com.max.back.neusoft.dao.GeneralitemMapper' mapperInterface. Bean already defined with the same name!
2022-07-23 14:07:36.974 [restartedMain] WARN  org.mybatis.spring.mapper.ClassPathMapperScanner -
				Skipping MapperFactoryBean with name 'loginMapper' and 'com.max.back.neusoft.dao.LoginMapper' mapperInterface. Bean already defined with the same name!
2022-07-23 14:07:36.974 [restartedMain] WARN  org.mybatis.spring.mapper.ClassPathMapperScanner -
				Skipping MapperFactoryBean with name 'nondrugMapper' and 'com.max.back.neusoft.dao.NondrugMapper' mapperInterface. Bean already defined with the same name!
2022-07-23 14:07:36.974 [restartedMain] WARN  org.mybatis.spring.mapper.ClassPathMapperScanner -
				Skipping MapperFactoryBean with name 'orderdrugMapper' and 'com.max.back.neusoft.dao.OrderdrugMapper' mapperInterface. Bean already defined with the same name!
2022-07-23 14:07:36.974 [restartedMain] WARN  org.mybatis.spring.mapper.ClassPathMapperScanner -
				Skipping MapperFactoryBean with name 'patientmedicineMapper' and 'com.max.back.neusoft.dao.PatientmedicineMapper' mapperInterface. Bean already defined with the same name!
2022-07-23 14:07:36.974 [restartedMain] WARN  org.mybatis.spring.mapper.ClassPathMapperScanner -
				Skipping MapperFactoryBean with name 'permissionMapper' and 'com.max.back.neusoft.dao.PermissionMapper' mapperInterface. Bean already defined with the same name!
2022-07-23 14:07:36.974 [restartedMain] WARN  org.mybatis.spring.mapper.ClassPathMapperScanner -
				Skipping MapperFactoryBean with name 'registeredMapper' and 'com.max.back.neusoft.dao.RegisteredMapper' mapperInterface. Bean already defined with the same name!
2022-07-23 14:07:36.975 [restartedMain] WARN  org.mybatis.spring.mapper.ClassPathMapperScanner -
				Skipping MapperFactoryBean with name 'scheduleMapper' and 'com.max.back.neusoft.dao.ScheduleMapper' mapperInterface. Bean already defined with the same name!
2022-07-23 14:07:36.975 [restartedMain] WARN  org.mybatis.spring.mapper.ClassPathMapperScanner -
				Skipping MapperFactoryBean with name 'userMapper' and 'com.max.back.neusoft.dao.UserMapper' mapperInterface. Bean already defined with the same name!
2022-07-23 14:07:38.751 [restartedMain] WARN  c.b.mybatisplus.core.metadata.TableInfoHelper -
				Warn: Could not find @TableId in Class: com.max.back.neusoft.pojo.Generalitem.
2022-07-23 14:07:45.580 [http-nio-8000-exec-5] WARN  c.m.b.neusoft.service.impl.PermissionServiceImpl -
				Warn: execute Method There are  2 results.
2022-07-23 14:10:15.516 [restartedMain] WARN  org.mybatis.spring.mapper.ClassPathMapperScanner -
				Skipping MapperFactoryBean with name 'departclassificationMapper' and 'com.max.back.neusoft.dao.DepartclassificationMapper' mapperInterface. Bean already defined with the same name!
2022-07-23 14:10:15.516 [restartedMain] WARN  org.mybatis.spring.mapper.ClassPathMapperScanner -
				Skipping MapperFactoryBean with name 'departmentMapper' and 'com.max.back.neusoft.dao.DepartmentMapper' mapperInterface. Bean already defined with the same name!
2022-07-23 14:10:15.516 [restartedMain] WARN  org.mybatis.spring.mapper.ClassPathMapperScanner -
				Skipping MapperFactoryBean with name 'doctorMapper' and 'com.max.back.neusoft.dao.DoctorMapper' mapperInterface. Bean already defined with the same name!
2022-07-23 14:10:15.516 [restartedMain] WARN  org.mybatis.spring.mapper.ClassPathMapperScanner -
				Skipping MapperFactoryBean with name 'drugspecificationMapper' and 'com.max.back.neusoft.dao.DrugspecificationMapper' mapperInterface. Bean already defined with the same name!
2022-07-23 14:10:15.516 [restartedMain] WARN  org.mybatis.spring.mapper.ClassPathMapperScanner -
				Skipping MapperFactoryBean with name 'generalitemMapper' and 'com.max.back.neusoft.dao.GeneralitemMapper' mapperInterface. Bean already defined with the same name!
2022-07-23 14:10:15.516 [restartedMain] WARN  org.mybatis.spring.mapper.ClassPathMapperScanner -
				Skipping MapperFactoryBean with name 'loginMapper' and 'com.max.back.neusoft.dao.LoginMapper' mapperInterface. Bean already defined with the same name!
2022-07-23 14:10:15.516 [restartedMain] WARN  org.mybatis.spring.mapper.ClassPathMapperScanner -
				Skipping MapperFactoryBean with name 'nondrugMapper' and 'com.max.back.neusoft.dao.NondrugMapper' mapperInterface. Bean already defined with the same name!
2022-07-23 14:10:15.516 [restartedMain] WARN  org.mybatis.spring.mapper.ClassPathMapperScanner -
				Skipping MapperFactoryBean with name 'orderdrugMapper' and 'com.max.back.neusoft.dao.OrderdrugMapper' mapperInterface. Bean already defined with the same name!
2022-07-23 14:10:15.517 [restartedMain] WARN  org.mybatis.spring.mapper.ClassPathMapperScanner -
				Skipping MapperFactoryBean with name 'patientmedicineMapper' and 'com.max.back.neusoft.dao.PatientmedicineMapper' mapperInterface. Bean already defined with the same name!
2022-07-23 14:10:15.517 [restartedMain] WARN  org.mybatis.spring.mapper.ClassPathMapperScanner -
				Skipping MapperFactoryBean with name 'permissionMapper' and 'com.max.back.neusoft.dao.PermissionMapper' mapperInterface. Bean already defined with the same name!
2022-07-23 14:10:15.517 [restartedMain] WARN  org.mybatis.spring.mapper.ClassPathMapperScanner -
				Skipping MapperFactoryBean with name 'registeredMapper' and 'com.max.back.neusoft.dao.RegisteredMapper' mapperInterface. Bean already defined with the same name!
2022-07-23 14:10:15.517 [restartedMain] WARN  org.mybatis.spring.mapper.ClassPathMapperScanner -
				Skipping MapperFactoryBean with name 'scheduleMapper' and 'com.max.back.neusoft.dao.ScheduleMapper' mapperInterface. Bean already defined with the same name!
2022-07-23 14:10:15.517 [restartedMain] WARN  org.mybatis.spring.mapper.ClassPathMapperScanner -
				Skipping MapperFactoryBean with name 'userMapper' and 'com.max.back.neusoft.dao.UserMapper' mapperInterface. Bean already defined with the same name!
2022-07-23 14:10:17.051 [restartedMain] WARN  c.b.mybatisplus.core.metadata.TableInfoHelper -
				Warn: Could not find @TableId in Class: com.max.back.neusoft.pojo.Generalitem.
2022-07-23 14:10:23.586 [http-nio-8000-exec-1] WARN  c.m.b.neusoft.service.impl.PermissionServiceImpl -
				Warn: execute Method There are  2 results.
2022-07-23 14:10:51.585 [http-nio-8000-exec-10] WARN  c.m.b.neusoft.service.impl.PermissionServiceImpl -
				Warn: execute Method There are  2 results.
2022-07-23 14:10:55.146 [http-nio-8000-exec-3] WARN  c.m.b.neusoft.service.impl.PermissionServiceImpl -
				Warn: execute Method There are  2 results.
2022-07-23 14:13:01.202 [http-nio-8000-exec-2] WARN  c.m.b.neusoft.service.impl.PermissionServiceImpl -
				Warn: execute Method There are  2 results.
2022-07-23 14:13:10.243 [http-nio-8000-exec-1] WARN  c.m.b.neusoft.service.impl.PermissionServiceImpl -
				Warn: execute Method There are  2 results.
2022-07-23 14:13:13.166 [http-nio-8000-exec-3] WARN  c.m.b.neusoft.service.impl.PermissionServiceImpl -
				Warn: execute Method There are  2 results.
2022-07-23 14:13:16.923 [http-nio-8000-exec-10] WARN  c.m.b.neusoft.service.impl.PermissionServiceImpl -
				Warn: execute Method There are  2 results.
2022-07-23 14:13:34.604 [http-nio-8000-exec-6] WARN  c.m.b.neusoft.service.impl.PermissionServiceImpl -
				Warn: execute Method There are  2 results.
